<?xml version="1.0" encoding="UTF-8"?>
<testsuite name="com.telran.qa.tests.LoginJira" tests="1" skipped="0" failures="0" errors="0" timestamp="2020-04-15T19:14:52" hostname="DESKTOP-NPA4CH3" time="11.399">
  <properties/>
  <testcase name="loginMyJira" classname="com.telran.qa.tests.LoginJira" time="11.399"/>
  <system-out><![CDATA[]]></system-out>
  <system-err><![CDATA[Starting ChromeDriver 80.0.3987.106 (f68069574609230cf9b635cd784cfb1bf81bb53a-refs/branch-heads/3987@{#882}) on port 26248
Only local connections are allowed.
Please protect ports used by ChromeDriver and related test frameworks to prevent access by malicious code.
[1586978058.859][WARNING]: This version of ChromeDriver has not been tested with Chrome version 81.
[1586978060.941][WARNING]: Timed out connecting to Chrome, retrying...
апр 15, 2020 10:14:23 PM org.openqa.selenium.remote.ProtocolHandshake createSession
INFO: Detected dialect: W3C
[1586978064.610][SEVERE]: Timed out receiving message from renderer: 0.100
[1586978064.716][SEVERE]: Timed out receiving message from renderer: 0.100
[1586978064.818][SEVERE]: Timed out receiving message from renderer: 0.100
[1586978064.921][SEVERE]: Timed out receiving message from renderer: 0.100
[1586978065.029][SEVERE]: Timed out receiving message from renderer: 0.100
[1586978065.143][SEVERE]: Timed out receiving message from renderer: 0.100
[1586978065.246][SEVERE]: Timed out receiving message from renderer: 0.100
[1586978065.352][SEVERE]: Timed out receiving message from renderer: 0.100
[1586978065.454][SEVERE]: Timed out receiving message from renderer: 0.100
[1586978065.558][SEVERE]: Timed out receiving message from renderer: 0.100
[1586978065.659][SEVERE]: Timed out receiving message from renderer: 0.100
[1586978065.762][SEVERE]: Timed out receiving message from renderer: 0.100
[1586978065.866][SEVERE]: Timed out receiving message from renderer: 0.100
[1586978065.971][SEVERE]: Timed out receiving message from renderer: 0.100
[1586978066.074][SEVERE]: Timed out receiving message from renderer: 0.100
[1586978066.179][SEVERE]: Timed out receiving message from renderer: 0.100
[1586978066.285][SEVERE]: Timed out receiving message from renderer: 0.100
[1586978066.389][SEVERE]: Timed out receiving message from renderer: 0.100
[1586978066.491][SEVERE]: Timed out receiving message from renderer: 0.100
[1586978066.594][SEVERE]: Timed out receiving message from renderer: 0.100
[1586978066.697][SEVERE]: Timed out receiving message from renderer: 0.100
[1586978066.802][SEVERE]: Timed out receiving message from renderer: 0.100
[1586978066.904][SEVERE]: Timed out receiving message from renderer: 0.100
[1586978067.007][SEVERE]: Timed out receiving message from renderer: 0.100
[1586978067.125][SEVERE]: Timed out receiving message from renderer: 0.100
[1586978067.230][SEVERE]: Timed out receiving message from renderer: 0.100
[1586978067.334][SEVERE]: Timed out receiving message from renderer: 0.100
[1586978067.438][SEVERE]: Timed out receiving message from renderer: 0.100
[1586978067.541][SEVERE]: Timed out receiving message from renderer: 0.100
[1586978067.645][SEVERE]: Timed out receiving message from renderer: 0.100
[1586978067.752][SEVERE]: Timed out receiving message from renderer: 0.100
[1586978067.858][SEVERE]: Timed out receiving message from renderer: 0.100
[1586978067.961][SEVERE]: Timed out receiving message from renderer: 0.100
[1586978068.064][SEVERE]: Timed out receiving message from renderer: 0.100
[1586978068.169][SEVERE]: Timed out receiving message from renderer: 0.100
[1586978068.272][SEVERE]: Timed out receiving message from renderer: 0.100
[1586978068.375][SEVERE]: Timed out receiving message from renderer: 0.100
[1586978068.479][SEVERE]: Timed out receiving message from renderer: 0.100
[1586978068.583][SEVERE]: Timed out receiving message from renderer: 0.100
[1586978068.685][SEVERE]: Timed out receiving message from renderer: 0.100
[1586978068.789][SEVERE]: Timed out receiving message from renderer: 0.100
[1586978068.891][SEVERE]: Timed out receiving message from renderer: 0.100
[1586978068.994][SEVERE]: Timed out receiving message from renderer: 0.100
[1586978069.101][SEVERE]: Timed out receiving message from renderer: 0.100
[1586978069.204][SEVERE]: Timed out receiving message from renderer: 0.100
[1586978069.311][SEVERE]: Timed out receiving message from renderer: 0.100
[1586978069.414][SEVERE]: Timed out receiving message from renderer: 0.100
[1586978069.517][SEVERE]: Timed out receiving message from renderer: 0.100
[1586978069.621][SEVERE]: Timed out receiving message from renderer: 0.100
[1586978069.732][SEVERE]: Timed out receiving message from renderer: 0.100
[1586978069.834][SEVERE]: Timed out receiving message from renderer: 0.100
[1586978069.940][SEVERE]: Timed out receiving message from renderer: 0.100
[1586978070.044][SEVERE]: Timed out receiving message from renderer: 0.100
[1586978070.145][SEVERE]: Timed out receiving message from renderer: 0.100
[1586978070.247][SEVERE]: Timed out receiving message from renderer: 0.100
[1586978070.351][SEVERE]: Timed out receiving message from renderer: 0.100
[1586978070.453][SEVERE]: Timed out receiving message from renderer: 0.100
[1586978070.555][SEVERE]: Timed out receiving message from renderer: 0.100
[1586978070.659][SEVERE]: Timed out receiving message from renderer: 0.100
[1586978070.761][SEVERE]: Timed out receiving message from renderer: 0.100
[1586978070.863][SEVERE]: Timed out receiving message from renderer: 0.100
[1586978070.965][SEVERE]: Timed out receiving message from renderer: 0.100
[1586978071.066][SEVERE]: Timed out receiving message from renderer: 0.100
[1586978071.167][SEVERE]: Timed out receiving message from renderer: 0.100
[1586978071.274][SEVERE]: Timed out receiving message from renderer: 0.100
[1586978071.384][SEVERE]: Timed out receiving message from renderer: 0.100
[1586978071.489][SEVERE]: Timed out receiving message from renderer: 0.100
[1586978071.597][SEVERE]: Timed out receiving message from renderer: 0.100
[1586978071.704][SEVERE]: Timed out receiving message from renderer: 0.100
[1586978071.810][SEVERE]: Timed out receiving message from renderer: 0.100
[1586978071.919][SEVERE]: Timed out receiving message from renderer: 0.100
[1586978072.024][SEVERE]: Timed out receiving message from renderer: 0.100
[1586978072.137][SEVERE]: Timed out receiving message from renderer: 0.100
[1586978072.250][SEVERE]: Timed out receiving message from renderer: 0.100
[1586978072.358][SEVERE]: Timed out receiving message from renderer: 0.100
[1586978072.468][SEVERE]: Timed out receiving message from renderer: 0.100
[1586978072.574][SEVERE]: Timed out receiving message from renderer: 0.100
[1586978072.679][SEVERE]: Timed out receiving message from renderer: 0.100
[1586978072.784][SEVERE]: Timed out receiving message from renderer: 0.100
[1586978072.892][SEVERE]: Timed out receiving message from renderer: 0.100
[1586978073.002][SEVERE]: Timed out receiving message from renderer: 0.100
[1586978073.110][SEVERE]: Timed out receiving message from renderer: 0.100
[1586978073.215][SEVERE]: Timed out receiving message from renderer: 0.100
[1586978073.322][SEVERE]: Timed out receiving message from renderer: 0.100
[1586978073.446][SEVERE]: Timed out receiving message from renderer: 0.100
[1586978073.551][SEVERE]: Timed out receiving message from renderer: 0.100
[1586978073.655][SEVERE]: Timed out receiving message from renderer: 0.100
[1586978073.792][SEVERE]: Timed out receiving message from renderer: 0.100
[1586978073.904][SEVERE]: Timed out receiving message from renderer: 0.100
[1586978074.013][SEVERE]: Timed out receiving message from renderer: 0.100
[1586978074.121][SEVERE]: Timed out receiving message from renderer: 0.100
[1586978074.228][SEVERE]: Timed out receiving message from renderer: 0.100
[1586978074.340][SEVERE]: Timed out receiving message from renderer: 0.100
[1586978074.450][SEVERE]: Timed out receiving message from renderer: 0.100
[1586978074.558][SEVERE]: Timed out receiving message from renderer: 0.100
[1586978074.669][SEVERE]: Timed out receiving message from renderer: 0.100
[1586978074.796][SEVERE]: Timed out receiving message from renderer: 0.100
[1586978074.905][SEVERE]: Timed out receiving message from renderer: 0.100
[1586978075.019][SEVERE]: Timed out receiving message from renderer: 0.100
[1586978075.131][SEVERE]: Timed out receiving message from renderer: 0.100
[1586978075.237][SEVERE]: Timed out receiving message from renderer: 0.100
[1586978075.347][SEVERE]: Timed out receiving message from renderer: 0.100
[1586978075.458][SEVERE]: Timed out receiving message from renderer: 0.100
[1586978075.572][SEVERE]: Timed out receiving message from renderer: 0.100
[1586978075.684][SEVERE]: Timed out receiving message from renderer: 0.100
[1586978075.815][SEVERE]: Timed out receiving message from renderer: 0.100
[1586978075.919][SEVERE]: Timed out receiving message from renderer: 0.100
[1586978076.027][SEVERE]: Timed out receiving message from renderer: 0.100
[1586978076.133][SEVERE]: Timed out receiving message from renderer: 0.100
[1586978076.244][SEVERE]: Timed out receiving message from renderer: 0.100
[1586978076.350][SEVERE]: Timed out receiving message from renderer: 0.100
[1586978076.452][SEVERE]: Timed out receiving message from renderer: 0.100
[1586978076.561][SEVERE]: Timed out receiving message from renderer: 0.100
[1586978076.669][SEVERE]: Timed out receiving message from renderer: 0.100
[1586978076.787][SEVERE]: Timed out receiving message from renderer: 0.100
[1586978076.895][SEVERE]: Timed out receiving message from renderer: 0.100
[1586978077.003][SEVERE]: Timed out receiving message from renderer: 0.100
[1586978077.109][SEVERE]: Timed out receiving message from renderer: 0.100
[1586978077.218][SEVERE]: Timed out receiving message from renderer: 0.100
[1586978077.337][SEVERE]: Timed out receiving message from renderer: 0.100
[1586978077.444][SEVERE]: Timed out receiving message from renderer: 0.100
[1586978077.550][SEVERE]: Timed out receiving message from renderer: 0.100
[1586978077.660][SEVERE]: Timed out receiving message from renderer: 0.100
[1586978077.783][SEVERE]: Timed out receiving message from renderer: 0.100
[1586978077.891][SEVERE]: Timed out receiving message from renderer: 0.100
[1586978078.000][SEVERE]: Timed out receiving message from renderer: 0.100
[1586978078.106][SEVERE]: Timed out receiving message from renderer: 0.100
[1586978078.212][SEVERE]: Timed out receiving message from renderer: 0.100
[1586978078.320][SEVERE]: Timed out receiving message from renderer: 0.100
[1586978078.434][SEVERE]: Timed out receiving message from renderer: 0.100
[1586978078.543][SEVERE]: Timed out receiving message from renderer: 0.100
[1586978078.888][SEVERE]: Timed out receiving message from renderer: 0.100
[1586978078.999][SEVERE]: Timed out receiving message from renderer: 0.100
[1586978079.103][SEVERE]: Timed out receiving message from renderer: 0.100
[1586978079.211][SEVERE]: Timed out receiving message from renderer: 0.100
[1586978079.316][SEVERE]: Timed out receiving message from renderer: 0.100
[1586978079.485][SEVERE]: Timed out receiving message from renderer: 0.100
[1586978079.594][SEVERE]: Timed out receiving message from renderer: 0.100
[1586978079.700][SEVERE]: Timed out receiving message from renderer: 0.100
[1586978079.810][SEVERE]: Timed out receiving message from renderer: 0.100
[1586978079.918][SEVERE]: Timed out receiving message from renderer: 0.100
[1586978080.029][SEVERE]: Timed out receiving message from renderer: 0.100
[1586978080.137][SEVERE]: Timed out receiving message from renderer: 0.100
[1586978080.242][SEVERE]: Timed out receiving message from renderer: 0.100
[1586978080.347][SEVERE]: Timed out receiving message from renderer: 0.100
[1586978080.458][SEVERE]: Timed out receiving message from renderer: 0.100
[1586978080.564][SEVERE]: Timed out receiving message from renderer: 0.100
[1586978080.674][SEVERE]: Timed out receiving message from renderer: 0.100
[1586978080.781][SEVERE]: Timed out receiving message from renderer: 0.100
[1586978080.885][SEVERE]: Timed out receiving message from renderer: 0.100
[1586978080.995][SEVERE]: Timed out receiving message from renderer: 0.100
[1586978081.102][SEVERE]: Timed out receiving message from renderer: 0.100
[1586978081.209][SEVERE]: Timed out receiving message from renderer: 0.100
[1586978081.314][SEVERE]: Timed out receiving message from renderer: 0.100
[1586978081.422][SEVERE]: Timed out receiving message from renderer: 0.100
[1586978081.529][SEVERE]: Timed out receiving message from renderer: 0.100
[1586978081.638][SEVERE]: Timed out receiving message from renderer: 0.100
[1586978081.749][SEVERE]: Timed out receiving message from renderer: 0.100
[1586978081.861][SEVERE]: Timed out receiving message from renderer: 0.100
[1586978081.968][SEVERE]: Timed out receiving message from renderer: 0.100
[1586978082.076][SEVERE]: Timed out receiving message from renderer: 0.100
[1586978082.185][SEVERE]: Timed out receiving message from renderer: 0.100
[1586978082.291][SEVERE]: Timed out receiving message from renderer: 0.100
[1586978082.401][SEVERE]: Timed out receiving message from renderer: 0.100
[1586978082.511][SEVERE]: Timed out receiving message from renderer: 0.100
[1586978082.618][SEVERE]: Timed out receiving message from renderer: 0.100
[1586978082.726][SEVERE]: Timed out receiving message from renderer: 0.100
[1586978082.834][SEVERE]: Timed out receiving message from renderer: 0.100
[1586978082.937][SEVERE]: Timed out receiving message from renderer: 0.100
[1586978083.043][SEVERE]: Timed out receiving message from renderer: 0.100
[1586978083.151][SEVERE]: Timed out receiving message from renderer: 0.100
[1586978083.261][SEVERE]: Timed out receiving message from renderer: 0.100
[1586978083.368][SEVERE]: Timed out receiving message from renderer: 0.100
[1586978083.474][SEVERE]: Timed out receiving message from renderer: 0.100
[1586978083.580][SEVERE]: Timed out receiving message from renderer: 0.100
[1586978083.693][SEVERE]: Timed out receiving message from renderer: 0.100
[1586978083.814][SEVERE]: Timed out receiving message from renderer: 0.100
[1586978083.946][SEVERE]: Timed out receiving message from renderer: 0.100
[1586978084.055][SEVERE]: Timed out receiving message from renderer: 0.100
[1586978084.162][SEVERE]: Timed out receiving message from renderer: 0.100
[1586978084.277][SEVERE]: Timed out receiving message from renderer: 0.100
[1586978084.383][SEVERE]: Timed out receiving message from renderer: 0.100
[1586978084.489][SEVERE]: Timed out receiving message from renderer: 0.100
[1586978084.596][SEVERE]: Timed out receiving message from renderer: 0.100
[1586978084.703][SEVERE]: Timed out receiving message from renderer: 0.100
[1586978084.813][SEVERE]: Timed out receiving message from renderer: 0.100
[1586978084.932][SEVERE]: Timed out receiving message from renderer: 0.100
[1586978085.044][SEVERE]: Timed out receiving message from renderer: 0.100
[1586978085.153][SEVERE]: Timed out receiving message from renderer: 0.100
[1586978085.261][SEVERE]: Timed out receiving message from renderer: 0.100
[1586978085.364][SEVERE]: Timed out receiving message from renderer: 0.100
[1586978085.469][SEVERE]: Timed out receiving message from renderer: 0.100
[1586978085.579][SEVERE]: Timed out receiving message from renderer: 0.100
[1586978085.690][SEVERE]: Timed out receiving message from renderer: 0.100
[1586978085.800][SEVERE]: Timed out receiving message from renderer: 0.100
[1586978085.913][SEVERE]: Timed out receiving message from renderer: 0.100
[1586978086.024][SEVERE]: Timed out receiving message from renderer: 0.100
[1586978086.131][SEVERE]: Timed out receiving message from renderer: 0.100
[1586978086.249][SEVERE]: Timed out receiving message from renderer: 0.100
[1586978086.360][SEVERE]: Timed out receiving message from renderer: 0.100
[1586978086.471][SEVERE]: Timed out receiving message from renderer: 0.100
[1586978086.575][SEVERE]: Timed out receiving message from renderer: 0.100
[1586978086.689][SEVERE]: Timed out receiving message from renderer: 0.100
[1586978086.796][SEVERE]: Timed out receiving message from renderer: 0.100
[1586978086.908][SEVERE]: Timed out receiving message from renderer: 0.100
[1586978087.012][SEVERE]: Timed out receiving message from renderer: 0.100
[1586978087.122][SEVERE]: Timed out receiving message from renderer: 0.100
[1586978087.229][SEVERE]: Timed out receiving message from renderer: 0.100
[1586978087.348][SEVERE]: Timed out receiving message from renderer: 0.100
[1586978087.456][SEVERE]: Timed out receiving message from renderer: 0.100
[1586978087.561][SEVERE]: Timed out receiving message from renderer: 0.100
[1586978087.670][SEVERE]: Timed out receiving message from renderer: 0.100
[1586978087.781][SEVERE]: Timed out receiving message from renderer: 0.100
[1586978087.891][SEVERE]: Timed out receiving message from renderer: 0.100
[1586978088.000][SEVERE]: Timed out receiving message from renderer: 0.100
[1586978088.109][SEVERE]: Timed out receiving message from renderer: 0.100
[1586978088.220][SEVERE]: Timed out receiving message from renderer: 0.100
[1586978088.325][SEVERE]: Timed out receiving message from renderer: 0.100
[1586978088.432][SEVERE]: Timed out receiving message from renderer: 0.100
[1586978088.539][SEVERE]: Timed out receiving message from renderer: 0.100
[1586978088.653][SEVERE]: Timed out receiving message from renderer: 0.100
[1586978088.761][SEVERE]: Timed out receiving message from renderer: 0.100
[1586978088.873][SEVERE]: Timed out receiving message from renderer: 0.100
[1586978088.980][SEVERE]: Timed out receiving message from renderer: 0.100
[1586978089.093][SEVERE]: Timed out receiving message from renderer: 0.100
[1586978089.204][SEVERE]: Timed out receiving message from renderer: 0.100
[1586978089.309][SEVERE]: Timed out receiving message from renderer: 0.100
[1586978089.419][SEVERE]: Timed out receiving message from renderer: 0.100
[1586978089.526][SEVERE]: Timed out receiving message from renderer: 0.100
[1586978089.636][SEVERE]: Timed out receiving message from renderer: 0.100
[1586978089.748][SEVERE]: Timed out receiving message from renderer: 0.100
[1586978089.859][SEVERE]: Timed out receiving message from renderer: 0.100
[1586978089.969][SEVERE]: Timed out receiving message from renderer: 0.100
[1586978090.075][SEVERE]: Timed out receiving message from renderer: 0.100
[1586978090.185][SEVERE]: Timed out receiving message from renderer: 0.100
[1586978090.296][SEVERE]: Timed out receiving message from renderer: 0.100
[1586978091.080][SEVERE]: Timed out receiving message from renderer: 0.100
[1586978091.281][SEVERE]: Timed out receiving message from renderer: 0.100
[1586978091.384][SEVERE]: Timed out receiving message from renderer: 0.100
[1586978091.521][SEVERE]: Timed out receiving message from renderer: 0.100
[1586978091.627][SEVERE]: Timed out receiving message from renderer: 0.100
[1586978091.734][SEVERE]: Timed out receiving message from renderer: 0.100
[1586978091.846][SEVERE]: Timed out receiving message from renderer: 0.100
[1586978091.955][SEVERE]: Timed out receiving message from renderer: 0.100
[1586978092.072][SEVERE]: Timed out receiving message from renderer: 0.100
[1586978092.191][SEVERE]: Timed out receiving message from renderer: 0.100
[1586978092.302][SEVERE]: Timed out receiving message from renderer: 0.100
]]></system-err>
</testsuite>
