<?xml version="1.0" encoding="UTF-8"?>
<testsuite name="com.telran.qa.tests.LoginJira" tests="1" skipped="0" failures="0" errors="0" timestamp="2020-04-17T10:45:30" hostname="DESKTOP-NPA4CH3" time="11.747">
  <properties/>
  <testcase name="loginMyJira" classname="com.telran.qa.tests.LoginJira" time="11.747"/>
  <system-out><![CDATA[]]></system-out>
  <system-err><![CDATA[Starting ChromeDriver 81.0.4044.69 (6813546031a4bc83f717a2ef7cd4ac6ec1199132-refs/branch-heads/4044@{#776}) on port 30118
Only local connections are allowed.
Please protect ports used by ChromeDriver and related test frameworks to prevent access by malicious code.
апр 17, 2020 1:45:24 PM org.openqa.selenium.remote.ProtocolHandshake createSession
INFO: Detected dialect: W3C
[1587120325.232][SEVERE]: Timed out receiving message from renderer: 0.100
[1587120325.335][SEVERE]: Timed out receiving message from renderer: 0.100
[1587120325.440][SEVERE]: Timed out receiving message from renderer: 0.100
[1587120325.542][SEVERE]: Timed out receiving message from renderer: 0.100
[1587120325.644][SEVERE]: Timed out receiving message from renderer: 0.100
[1587120325.746][SEVERE]: Timed out receiving message from renderer: 0.100
[1587120325.850][SEVERE]: Timed out receiving message from renderer: 0.100
[1587120325.951][SEVERE]: Timed out receiving message from renderer: 0.100
[1587120326.055][SEVERE]: Timed out receiving message from renderer: 0.100
[1587120326.157][SEVERE]: Timed out receiving message from renderer: 0.100
[1587120326.262][SEVERE]: Timed out receiving message from renderer: 0.100
[1587120326.364][SEVERE]: Timed out receiving message from renderer: 0.100
[1587120326.466][SEVERE]: Timed out receiving message from renderer: 0.100
[1587120326.569][SEVERE]: Timed out receiving message from renderer: 0.100
[1587120326.672][SEVERE]: Timed out receiving message from renderer: 0.100
[1587120326.774][SEVERE]: Timed out receiving message from renderer: 0.100
[1587120326.877][SEVERE]: Timed out receiving message from renderer: 0.100
[1587120326.978][SEVERE]: Timed out receiving message from renderer: 0.100
[1587120327.080][SEVERE]: Timed out receiving message from renderer: 0.100
[1587120327.182][SEVERE]: Timed out receiving message from renderer: 0.100
[1587120327.286][SEVERE]: Timed out receiving message from renderer: 0.100
[1587120327.390][SEVERE]: Timed out receiving message from renderer: 0.100
[1587120327.498][SEVERE]: Timed out receiving message from renderer: 0.100
[1587120327.600][SEVERE]: Timed out receiving message from renderer: 0.100
[1587120327.704][SEVERE]: Timed out receiving message from renderer: 0.100
[1587120327.807][SEVERE]: Timed out receiving message from renderer: 0.100
[1587120327.909][SEVERE]: Timed out receiving message from renderer: 0.100
[1587120328.010][SEVERE]: Timed out receiving message from renderer: 0.100
[1587120328.112][SEVERE]: Timed out receiving message from renderer: 0.100
[1587120328.214][SEVERE]: Timed out receiving message from renderer: 0.100
[1587120328.317][SEVERE]: Timed out receiving message from renderer: 0.100
[1587120328.422][SEVERE]: Timed out receiving message from renderer: 0.100
[1587120328.525][SEVERE]: Timed out receiving message from renderer: 0.100
[1587120328.626][SEVERE]: Timed out receiving message from renderer: 0.100
[1587120328.728][SEVERE]: Timed out receiving message from renderer: 0.100
[1587120329.103][SEVERE]: Timed out receiving message from renderer: 0.100
[1587120330.179][SEVERE]: Timed out receiving message from renderer: 0.100
]]></system-err>
</testsuite>
