<?xml version="1.0" encoding="UTF-8"?>
<testsuite name="com.telran.qa.tests.LoginJira" tests="1" skipped="0" failures="0" errors="0" timestamp="2020-04-14T22:07:27" hostname="DESKTOP-NPA4CH3" time="11.838">
  <properties/>
  <testcase name="openJira" classname="com.telran.qa.tests.LoginJira" time="11.838"/>
  <system-out><![CDATA[]]></system-out>
  <system-err><![CDATA[Starting ChromeDriver 80.0.3987.106 (f68069574609230cf9b635cd784cfb1bf81bb53a-refs/branch-heads/3987@{#882}) on port 39692
Only local connections are allowed.
Please protect ports used by ChromeDriver and related test frameworks to prevent access by malicious code.
[1586902037.638][WARNING]: This version of ChromeDriver has not been tested with Chrome version 81.
[1586902039.747][WARNING]: Timed out connecting to Chrome, retrying...
апр 15, 2020 1:07:21 AM org.openqa.selenium.remote.ProtocolHandshake createSession
INFO: Detected dialect: W3C
[1586902042.573][SEVERE]: Timed out receiving message from renderer: 0.100
[1586902042.677][SEVERE]: Timed out receiving message from renderer: 0.100
[1586902042.780][SEVERE]: Timed out receiving message from renderer: 0.100
[1586902042.895][SEVERE]: Timed out receiving message from renderer: 0.100
[1586902042.999][SEVERE]: Timed out receiving message from renderer: 0.100
[1586902043.120][SEVERE]: Timed out receiving message from renderer: 0.100
[1586902043.227][SEVERE]: Timed out receiving message from renderer: 0.100
[1586902043.331][SEVERE]: Timed out receiving message from renderer: 0.100
[1586902043.441][SEVERE]: Timed out receiving message from renderer: 0.100
[1586902043.559][SEVERE]: Timed out receiving message from renderer: 0.100
[1586902043.662][SEVERE]: Timed out receiving message from renderer: 0.100
[1586902043.765][SEVERE]: Timed out receiving message from renderer: 0.100
[1586902043.872][SEVERE]: Timed out receiving message from renderer: 0.100
[1586902044.002][SEVERE]: Timed out receiving message from renderer: 0.100
[1586902044.106][SEVERE]: Timed out receiving message from renderer: 0.100
[1586902044.209][SEVERE]: Timed out receiving message from renderer: 0.100
[1586902044.312][SEVERE]: Timed out receiving message from renderer: 0.100
[1586902044.414][SEVERE]: Timed out receiving message from renderer: 0.100
[1586902044.519][SEVERE]: Timed out receiving message from renderer: 0.100
[1586902044.621][SEVERE]: Timed out receiving message from renderer: 0.100
[1586902044.726][SEVERE]: Timed out receiving message from renderer: 0.100
[1586902044.828][SEVERE]: Timed out receiving message from renderer: 0.100
[1586902044.930][SEVERE]: Timed out receiving message from renderer: 0.100
[1586902045.031][SEVERE]: Timed out receiving message from renderer: 0.100
[1586902045.136][SEVERE]: Timed out receiving message from renderer: 0.100
[1586902045.240][SEVERE]: Timed out receiving message from renderer: 0.100
[1586902045.342][SEVERE]: Timed out receiving message from renderer: 0.100
[1586902045.444][SEVERE]: Timed out receiving message from renderer: 0.100
[1586902045.546][SEVERE]: Timed out receiving message from renderer: 0.100
[1586902045.660][SEVERE]: Timed out receiving message from renderer: 0.100
[1586902046.108][SEVERE]: Timed out receiving message from renderer: 0.100
]]></system-err>
</testsuite>
