<?xml version="1.0" encoding="UTF-8"?>
<testsuite name="com.qa.trello.tests.tests.BoardDeletionTests" tests="1" skipped="0" failures="0" errors="0" timestamp="2020-05-17T21:39:29" hostname="DESKTOP-NPA4CH3" time="20.414">
  <properties/>
  <testcase name="testBoardDeletion" classname="com.qa.trello.tests.tests.BoardDeletionTests" time="20.414"/>
  <system-out><![CDATA[00:39:04.293 [Test worker] INFO  com.qa.trello.tests.tests.TestBase - Start test testBoardDeletion
22
was: 22now: 21
00:39:50.089 [Test worker] INFO  com.qa.trello.tests.tests.TestBase - Stop test testBoardDeletion
]]></system-out>
  <system-err><![CDATA[[1589751559.444][SEVERE]: Timed out receiving message from renderer: 0.100
[1589751559.548][SEVERE]: Timed out receiving message from renderer: 0.100
[1589751559.650][SEVERE]: Timed out receiving message from renderer: 0.100
[1589751559.755][SEVERE]: Timed out receiving message from renderer: 0.100
[1589751559.857][SEVERE]: Timed out receiving message from renderer: 0.100
[1589751559.959][SEVERE]: Timed out receiving message from renderer: 0.100
[1589751560.060][SEVERE]: Timed out receiving message from renderer: 0.100
[1589751560.162][SEVERE]: Timed out receiving message from renderer: 0.100
[1589751560.264][SEVERE]: Timed out receiving message from renderer: 0.100
[1589751560.365][SEVERE]: Timed out receiving message from renderer: 0.100
[1589751560.467][SEVERE]: Timed out receiving message from renderer: 0.100
[1589751560.569][SEVERE]: Timed out receiving message from renderer: 0.100
[1589751560.671][SEVERE]: Timed out receiving message from renderer: 0.100
[1589751560.772][SEVERE]: Timed out receiving message from renderer: 0.100
[1589751560.874][SEVERE]: Timed out receiving message from renderer: 0.100
[1589751560.976][SEVERE]: Timed out receiving message from renderer: 0.100
[1589751561.077][SEVERE]: Timed out receiving message from renderer: 0.100
[1589751561.179][SEVERE]: Timed out receiving message from renderer: 0.100
[1589751561.281][SEVERE]: Timed out receiving message from renderer: 0.100
[1589751561.383][SEVERE]: Timed out receiving message from renderer: 0.100
[1589751561.485][SEVERE]: Timed out receiving message from renderer: 0.100
[1589751561.587][SEVERE]: Timed out receiving message from renderer: 0.100
[1589751561.689][SEVERE]: Timed out receiving message from renderer: 0.100
[1589751561.790][SEVERE]: Timed out receiving message from renderer: 0.100
[1589751561.892][SEVERE]: Timed out receiving message from renderer: 0.100
[1589751561.994][SEVERE]: Timed out receiving message from renderer: 0.100
[1589751562.095][SEVERE]: Timed out receiving message from renderer: 0.100
[1589751562.197][SEVERE]: Timed out receiving message from renderer: 0.100
[1589751562.299][SEVERE]: Timed out receiving message from renderer: 0.100
[1589751562.402][SEVERE]: Timed out receiving message from renderer: 0.100
[1589751562.503][SEVERE]: Timed out receiving message from renderer: 0.100
[1589751562.605][SEVERE]: Timed out receiving message from renderer: 0.100
[1589751562.784][SEVERE]: Timed out receiving message from renderer: 0.100
[1589751562.887][SEVERE]: Timed out receiving message from renderer: 0.100
[1589751562.989][SEVERE]: Timed out receiving message from renderer: 0.100
[1589751563.090][SEVERE]: Timed out receiving message from renderer: 0.100
[1589751563.221][SEVERE]: Timed out receiving message from renderer: 0.100
[1589751563.323][SEVERE]: Timed out receiving message from renderer: 0.100
[1589751563.428][SEVERE]: Timed out receiving message from renderer: 0.100
[1589751563.530][SEVERE]: Timed out receiving message from renderer: 0.100
[1589751563.632][SEVERE]: Timed out receiving message from renderer: 0.100
[1589751563.738][SEVERE]: Timed out receiving message from renderer: 0.100
[1589751563.840][SEVERE]: Timed out receiving message from renderer: 0.100
[1589751563.941][SEVERE]: Timed out receiving message from renderer: 0.100
[1589751564.043][SEVERE]: Timed out receiving message from renderer: 0.100
[1589751564.145][SEVERE]: Timed out receiving message from renderer: 0.100
[1589751564.246][SEVERE]: Timed out receiving message from renderer: 0.100
[1589751564.348][SEVERE]: Timed out receiving message from renderer: 0.100
[1589751564.451][SEVERE]: Timed out receiving message from renderer: 0.100
[1589751564.552][SEVERE]: Timed out receiving message from renderer: 0.100
[1589751564.654][SEVERE]: Timed out receiving message from renderer: 0.100
[1589751564.756][SEVERE]: Timed out receiving message from renderer: 0.100
[1589751564.858][SEVERE]: Timed out receiving message from renderer: 0.100
[1589751564.960][SEVERE]: Timed out receiving message from renderer: 0.100
]]></system-err>
</testsuite>
