<?xml version="1.0" encoding="UTF-8"?>
<testsuite name="com.qa.trello.tests.BoardDeletionTests" tests="1" skipped="0" failures="1" errors="0" timestamp="2020-04-24T17:05:57" hostname="DESKTOP-NPA4CH3" time="49.363">
  <properties/>
  <testcase name="testBoardDeletion" classname="com.qa.trello.tests.BoardDeletionTests" time="49.363">
    <failure message="java.lang.AssertionError: expected [-2] but found [4]" type="java.lang.AssertionError">java.lang.AssertionError: expected [-2] but found [4]
	at org.testng.Assert.fail(Assert.java:97)
	at org.testng.Assert.assertEqualsImpl(Assert.java:136)
	at org.testng.Assert.assertEquals(Assert.java:118)
	at org.testng.Assert.assertEquals(Assert.java:839)
	at org.testng.Assert.assertEquals(Assert.java:849)
	at com.qa.trello.tests.BoardDeletionTests.testBoardDeletion(BoardDeletionTests.java:23)
	at sun.reflect.NativeMethodAccessorImpl.invoke0(Native Method)
	at sun.reflect.NativeMethodAccessorImpl.invoke(NativeMethodAccessorImpl.java:62)
	at sun.reflect.DelegatingMethodAccessorImpl.invoke(DelegatingMethodAccessorImpl.java:43)
	at java.lang.reflect.Method.invoke(Method.java:498)
	at org.testng.internal.MethodInvocationHelper.invokeMethod(MethodInvocationHelper.java:134)
	at org.testng.internal.TestInvoker.invokeMethod(TestInvoker.java:597)
	at org.testng.internal.TestInvoker.invokeTestMethod(TestInvoker.java:173)
	at org.testng.internal.MethodRunner.runInSequence(MethodRunner.java:46)
	at org.testng.internal.TestInvoker$MethodInvocationAgent.invoke(TestInvoker.java:816)
	at org.testng.internal.TestInvoker.invokeTestMethods(TestInvoker.java:146)
	at org.testng.internal.TestMethodWorker.invokeTestMethods(TestMethodWorker.java:146)
	at org.testng.internal.TestMethodWorker.run(TestMethodWorker.java:128)
	at java.util.ArrayList.forEach(ArrayList.java:1257)
	at org.testng.TestRunner.privateRun(TestRunner.java:766)
	at org.testng.TestRunner.run(TestRunner.java:587)
	at org.testng.SuiteRunner.runTest(SuiteRunner.java:384)
	at org.testng.SuiteRunner.runSequentially(SuiteRunner.java:378)
	at org.testng.SuiteRunner.privateRun(SuiteRunner.java:337)
	at org.testng.SuiteRunner.run(SuiteRunner.java:286)
	at org.testng.SuiteRunnerWorker.runSuite(SuiteRunnerWorker.java:53)
	at org.testng.SuiteRunnerWorker.run(SuiteRunnerWorker.java:96)
	at org.testng.TestNG.runSuitesSequentially(TestNG.java:1187)
	at org.testng.TestNG.runSuitesLocally(TestNG.java:1109)
	at org.testng.TestNG.runSuites(TestNG.java:1039)
	at org.testng.TestNG.run(TestNG.java:1007)
	at org.gradle.api.internal.tasks.testing.testng.TestNGTestClassProcessor.runTests(TestNGTestClassProcessor.java:141)
	at org.gradle.api.internal.tasks.testing.testng.TestNGTestClassProcessor.stop(TestNGTestClassProcessor.java:90)
	at org.gradle.api.internal.tasks.testing.SuiteTestClassProcessor.stop(SuiteTestClassProcessor.java:61)
	at sun.reflect.NativeMethodAccessorImpl.invoke0(Native Method)
	at sun.reflect.NativeMethodAccessorImpl.invoke(NativeMethodAccessorImpl.java:62)
	at sun.reflect.DelegatingMethodAccessorImpl.invoke(DelegatingMethodAccessorImpl.java:43)
	at java.lang.reflect.Method.invoke(Method.java:498)
	at org.gradle.internal.dispatch.ReflectionDispatch.dispatch(ReflectionDispatch.java:35)
	at org.gradle.internal.dispatch.ReflectionDispatch.dispatch(ReflectionDispatch.java:24)
	at org.gradle.internal.dispatch.ContextClassLoaderDispatch.dispatch(ContextClassLoaderDispatch.java:32)
	at org.gradle.internal.dispatch.ProxyDispatchAdapter$DispatchingInvocationHandler.invoke(ProxyDispatchAdapter.java:93)
	at com.sun.proxy.$Proxy2.stop(Unknown Source)
	at org.gradle.api.internal.tasks.testing.worker.TestWorker.stop(TestWorker.java:132)
	at sun.reflect.NativeMethodAccessorImpl.invoke0(Native Method)
	at sun.reflect.NativeMethodAccessorImpl.invoke(NativeMethodAccessorImpl.java:62)
	at sun.reflect.DelegatingMethodAccessorImpl.invoke(DelegatingMethodAccessorImpl.java:43)
	at java.lang.reflect.Method.invoke(Method.java:498)
	at org.gradle.internal.dispatch.ReflectionDispatch.dispatch(ReflectionDispatch.java:35)
	at org.gradle.internal.dispatch.ReflectionDispatch.dispatch(ReflectionDispatch.java:24)
	at org.gradle.internal.remote.internal.hub.MessageHubBackedObjectConnection$DispatchWrapper.dispatch(MessageHubBackedObjectConnection.java:175)
	at org.gradle.internal.remote.internal.hub.MessageHubBackedObjectConnection$DispatchWrapper.dispatch(MessageHubBackedObjectConnection.java:157)
	at org.gradle.internal.remote.internal.hub.MessageHub$Handler.run(MessageHub.java:404)
	at org.gradle.internal.concurrent.ExecutorPolicy$CatchAndRecordFailures.onExecute(ExecutorPolicy.java:63)
	at org.gradle.internal.concurrent.ManagedExecutorImpl$1.run(ManagedExecutorImpl.java:46)
	at java.util.concurrent.ThreadPoolExecutor.runWorker(ThreadPoolExecutor.java:1149)
	at java.util.concurrent.ThreadPoolExecutor$Worker.run(ThreadPoolExecutor.java:624)
	at org.gradle.internal.concurrent.ThreadFactoryImpl$ManagedThreadRunnable.run(ThreadFactoryImpl.java:55)
	at java.lang.Thread.run(Thread.java:748)
</failure>
  </testcase>
  <system-out><![CDATA[was: -1now: 4
]]></system-out>
  <system-err><![CDATA[Starting ChromeDriver 81.0.4044.69 (6813546031a4bc83f717a2ef7cd4ac6ec1199132-refs/branch-heads/4044@{#776}) on port 36600
Only local connections are allowed.
Please protect ports used by ChromeDriver and related test frameworks to prevent access by malicious code.
апр 24, 2020 8:05:04 PM org.openqa.selenium.remote.ProtocolHandshake createSession
INFO: Detected dialect: W3C
[1587747907.247][SEVERE]: Timed out receiving message from renderer: 0.100
[1587747907.351][SEVERE]: Timed out receiving message from renderer: 0.100
[1587747907.461][SEVERE]: Timed out receiving message from renderer: 0.100
[1587747907.565][SEVERE]: Timed out receiving message from renderer: 0.100
[1587747907.672][SEVERE]: Timed out receiving message from renderer: 0.100
[1587747907.778][SEVERE]: Timed out receiving message from renderer: 0.100
[1587747907.882][SEVERE]: Timed out receiving message from renderer: 0.100
[1587747907.987][SEVERE]: Timed out receiving message from renderer: 0.100
[1587747908.092][SEVERE]: Timed out receiving message from renderer: 0.100
[1587747908.204][SEVERE]: Timed out receiving message from renderer: 0.100
[1587747908.314][SEVERE]: Timed out receiving message from renderer: 0.100
[1587747908.418][SEVERE]: Timed out receiving message from renderer: 0.100
[1587747908.524][SEVERE]: Timed out receiving message from renderer: 0.100
[1587747908.633][SEVERE]: Timed out receiving message from renderer: 0.100
[1587747908.735][SEVERE]: Timed out receiving message from renderer: 0.100
[1587747908.837][SEVERE]: Timed out receiving message from renderer: 0.100
[1587747908.947][SEVERE]: Timed out receiving message from renderer: 0.100
[1587747909.049][SEVERE]: Timed out receiving message from renderer: 0.100
[1587747909.154][SEVERE]: Timed out receiving message from renderer: 0.100
[1587747909.256][SEVERE]: Timed out receiving message from renderer: 0.100
[1587747909.361][SEVERE]: Timed out receiving message from renderer: 0.100
[1587747909.463][SEVERE]: Timed out receiving message from renderer: 0.100
[1587747909.568][SEVERE]: Timed out receiving message from renderer: 0.100
[1587747909.680][SEVERE]: Timed out receiving message from renderer: 0.100
[1587747910.193][SEVERE]: Timed out receiving message from renderer: 0.100
[1587747910.295][SEVERE]: Timed out receiving message from renderer: 0.100
[1587747910.402][SEVERE]: Timed out receiving message from renderer: 0.100
[1587747910.783][SEVERE]: Timed out receiving message from renderer: 0.100
[1587747910.957][SEVERE]: Timed out receiving message from renderer: 0.100
[1587747911.104][SEVERE]: Timed out receiving message from renderer: 0.100
[1587747911.205][SEVERE]: Timed out receiving message from renderer: 0.100
[1587747911.307][SEVERE]: Timed out receiving message from renderer: 0.100
[1587747911.414][SEVERE]: Timed out receiving message from renderer: 0.100
[1587747911.517][SEVERE]: Timed out receiving message from renderer: 0.100
[1587747911.619][SEVERE]: Timed out receiving message from renderer: 0.100
[1587747911.722][SEVERE]: Timed out receiving message from renderer: 0.100
[1587747911.823][SEVERE]: Timed out receiving message from renderer: 0.100
[1587747911.925][SEVERE]: Timed out receiving message from renderer: 0.100
[1587747912.026][SEVERE]: Timed out receiving message from renderer: 0.100
[1587747912.128][SEVERE]: Timed out receiving message from renderer: 0.100
[1587747912.230][SEVERE]: Timed out receiving message from renderer: 0.100
[1587747912.331][SEVERE]: Timed out receiving message from renderer: 0.100
[1587747912.433][SEVERE]: Timed out receiving message from renderer: 0.100
[1587747912.535][SEVERE]: Timed out receiving message from renderer: 0.100
[1587747912.637][SEVERE]: Timed out receiving message from renderer: 0.100
[1587747912.740][SEVERE]: Timed out receiving message from renderer: 0.100
[1587747912.841][SEVERE]: Timed out receiving message from renderer: 0.100
[1587747912.943][SEVERE]: Timed out receiving message from renderer: 0.100
[1587747913.045][SEVERE]: Timed out receiving message from renderer: 0.100
[1587747913.146][SEVERE]: Timed out receiving message from renderer: 0.100
[1587747913.249][SEVERE]: Timed out receiving message from renderer: 0.100
[1587747913.350][SEVERE]: Timed out receiving message from renderer: 0.100
[1587747913.452][SEVERE]: Timed out receiving message from renderer: 0.100
[1587747913.554][SEVERE]: Timed out receiving message from renderer: 0.100
[1587747913.656][SEVERE]: Timed out receiving message from renderer: 0.100
[1587747913.758][SEVERE]: Timed out receiving message from renderer: 0.100
[1587747913.861][SEVERE]: Timed out receiving message from renderer: 0.100
[1587747913.965][SEVERE]: Timed out receiving message from renderer: 0.100
[1587747914.069][SEVERE]: Timed out receiving message from renderer: 0.100
[1587747914.171][SEVERE]: Timed out receiving message from renderer: 0.100
[1587747914.273][SEVERE]: Timed out receiving message from renderer: 0.100
[1587747914.507][SEVERE]: Timed out receiving message from renderer: 0.100
[1587747914.609][SEVERE]: Timed out receiving message from renderer: 0.100
[1587747914.710][SEVERE]: Timed out receiving message from renderer: 0.100
[1587747914.812][SEVERE]: Timed out receiving message from renderer: 0.100
[1587747914.922][SEVERE]: Timed out receiving message from renderer: 0.100
[1587747915.024][SEVERE]: Timed out receiving message from renderer: 0.100
[1587747915.132][SEVERE]: Timed out receiving message from renderer: 0.100
[1587747915.237][SEVERE]: Timed out receiving message from renderer: 0.100
[1587747915.340][SEVERE]: Timed out receiving message from renderer: 0.100
[1587747915.446][SEVERE]: Timed out receiving message from renderer: 0.100
[1587747915.548][SEVERE]: Timed out receiving message from renderer: 0.100
[1587747915.649][SEVERE]: Timed out receiving message from renderer: 0.100
[1587747915.752][SEVERE]: Timed out receiving message from renderer: 0.100
[1587747915.854][SEVERE]: Timed out receiving message from renderer: 0.100
[1587747915.956][SEVERE]: Timed out receiving message from renderer: 0.100
[1587747916.086][SEVERE]: Timed out receiving message from renderer: 0.100
[1587747916.188][SEVERE]: Timed out receiving message from renderer: 0.100
[1587747916.290][SEVERE]: Timed out receiving message from renderer: 0.100
[1587747916.392][SEVERE]: Timed out receiving message from renderer: 0.100
[1587747916.495][SEVERE]: Timed out receiving message from renderer: 0.100
[1587747916.601][SEVERE]: Timed out receiving message from renderer: 0.100
[1587747916.703][SEVERE]: Timed out receiving message from renderer: 0.100
[1587747916.805][SEVERE]: Timed out receiving message from renderer: 0.100
[1587747916.907][SEVERE]: Timed out receiving message from renderer: 0.100
[1587747917.016][SEVERE]: Timed out receiving message from renderer: 0.100
[1587747917.118][SEVERE]: Timed out receiving message from renderer: 0.100
[1587747917.220][SEVERE]: Timed out receiving message from renderer: 0.100
[1587747917.321][SEVERE]: Timed out receiving message from renderer: 0.100
[1587747917.423][SEVERE]: Timed out receiving message from renderer: 0.100
[1587747917.525][SEVERE]: Timed out receiving message from renderer: 0.100
[1587747917.628][SEVERE]: Timed out receiving message from renderer: 0.100
[1587747917.730][SEVERE]: Timed out receiving message from renderer: 0.100
[1587747917.832][SEVERE]: Timed out receiving message from renderer: 0.100
[1587747917.936][SEVERE]: Timed out receiving message from renderer: 0.100
[1587747918.037][SEVERE]: Timed out receiving message from renderer: 0.100
[1587747918.139][SEVERE]: Timed out receiving message from renderer: 0.100
[1587747918.241][SEVERE]: Timed out receiving message from renderer: 0.100
[1587747918.342][SEVERE]: Timed out receiving message from renderer: 0.100
[1587747918.445][SEVERE]: Timed out receiving message from renderer: 0.100
[1587747918.547][SEVERE]: Timed out receiving message from renderer: 0.100
[1587747918.650][SEVERE]: Timed out receiving message from renderer: 0.100
[1587747918.752][SEVERE]: Timed out receiving message from renderer: 0.100
[1587747918.924][SEVERE]: Timed out receiving message from renderer: 0.100
[1587747919.025][SEVERE]: Timed out receiving message from renderer: 0.100
[1587747919.127][SEVERE]: Timed out receiving message from renderer: 0.100
[1587747919.231][SEVERE]: Timed out receiving message from renderer: 0.100
[1587747919.335][SEVERE]: Timed out receiving message from renderer: 0.100
[1587747919.439][SEVERE]: Timed out receiving message from renderer: 0.100
[1587747919.542][SEVERE]: Timed out receiving message from renderer: 0.100
[1587747919.643][SEVERE]: Timed out receiving message from renderer: 0.100
[1587747919.745][SEVERE]: Timed out receiving message from renderer: 0.100
[1587747919.850][SEVERE]: Timed out receiving message from renderer: 0.100
[1587747919.954][SEVERE]: Timed out receiving message from renderer: 0.100
[1587747920.056][SEVERE]: Timed out receiving message from renderer: 0.100
[1587747920.160][SEVERE]: Timed out receiving message from renderer: 0.100
[1587747920.263][SEVERE]: Timed out receiving message from renderer: 0.100
[1587747920.366][SEVERE]: Timed out receiving message from renderer: 0.100
[1587747920.468][SEVERE]: Timed out receiving message from renderer: 0.100
[1587747920.571][SEVERE]: Timed out receiving message from renderer: 0.100
[1587747920.673][SEVERE]: Timed out receiving message from renderer: 0.100
[1587747920.776][SEVERE]: Timed out receiving message from renderer: 0.100
[1587747920.879][SEVERE]: Timed out receiving message from renderer: 0.100
[1587747920.981][SEVERE]: Timed out receiving message from renderer: 0.100
[1587747921.085][SEVERE]: Timed out receiving message from renderer: 0.100
[1587747921.187][SEVERE]: Timed out receiving message from renderer: 0.100
[1587747921.292][SEVERE]: Timed out receiving message from renderer: 0.100
[1587747921.397][SEVERE]: Timed out receiving message from renderer: 0.100
[1587747921.502][SEVERE]: Timed out receiving message from renderer: 0.100
[1587747921.609][SEVERE]: Timed out receiving message from renderer: 0.100
[1587747921.715][SEVERE]: Timed out receiving message from renderer: 0.100
[1587747921.820][SEVERE]: Timed out receiving message from renderer: 0.100
[1587747921.924][SEVERE]: Timed out receiving message from renderer: 0.100
[1587747922.029][SEVERE]: Timed out receiving message from renderer: 0.100
[1587747922.132][SEVERE]: Timed out receiving message from renderer: 0.100
[1587747922.235][SEVERE]: Timed out receiving message from renderer: 0.100
[1587747922.454][SEVERE]: Timed out receiving message from renderer: 0.100
[1587747922.556][SEVERE]: Timed out receiving message from renderer: 0.100
[1587747922.658][SEVERE]: Timed out receiving message from renderer: 0.100
[1587747922.761][SEVERE]: Timed out receiving message from renderer: 0.100
[1587747922.863][SEVERE]: Timed out receiving message from renderer: 0.100
[1587747922.966][SEVERE]: Timed out receiving message from renderer: 0.100
[1587747923.068][SEVERE]: Timed out receiving message from renderer: 0.100
[1587747923.174][SEVERE]: Timed out receiving message from renderer: 0.100
[1587747923.279][SEVERE]: Timed out receiving message from renderer: 0.100
[1587747923.384][SEVERE]: Timed out receiving message from renderer: 0.100
[1587747923.490][SEVERE]: Timed out receiving message from renderer: 0.100
[1587747923.597][SEVERE]: Timed out receiving message from renderer: 0.100
[1587747923.701][SEVERE]: Timed out receiving message from renderer: 0.100
[1587747923.808][SEVERE]: Timed out receiving message from renderer: 0.100
[1587747923.912][SEVERE]: Timed out receiving message from renderer: 0.100
[1587747924.015][SEVERE]: Timed out receiving message from renderer: 0.100
[1587747924.119][SEVERE]: Timed out receiving message from renderer: 0.100
[1587747924.222][SEVERE]: Timed out receiving message from renderer: 0.100
[1587747924.325][SEVERE]: Timed out receiving message from renderer: 0.100
[1587747924.431][SEVERE]: Timed out receiving message from renderer: 0.100
[1587747924.533][SEVERE]: Timed out receiving message from renderer: 0.100
[1587747924.635][SEVERE]: Timed out receiving message from renderer: 0.100
[1587747924.737][SEVERE]: Timed out receiving message from renderer: 0.100
[1587747924.840][SEVERE]: Timed out receiving message from renderer: 0.100
[1587747924.943][SEVERE]: Timed out receiving message from renderer: 0.100
[1587747925.045][SEVERE]: Timed out receiving message from renderer: 0.100
[1587747925.149][SEVERE]: Timed out receiving message from renderer: 0.100
[1587747925.255][SEVERE]: Timed out receiving message from renderer: 0.100
[1587747925.360][SEVERE]: Timed out receiving message from renderer: 0.100
[1587747925.465][SEVERE]: Timed out receiving message from renderer: 0.100
[1587747925.569][SEVERE]: Timed out receiving message from renderer: 0.100
[1587747925.675][SEVERE]: Timed out receiving message from renderer: 0.100
[1587747925.777][SEVERE]: Timed out receiving message from renderer: 0.100
[1587747925.883][SEVERE]: Timed out receiving message from renderer: 0.100
[1587747925.988][SEVERE]: Timed out receiving message from renderer: 0.100
[1587747926.100][SEVERE]: Timed out receiving message from renderer: 0.100
[1587747926.210][SEVERE]: Timed out receiving message from renderer: 0.100
[1587747926.312][SEVERE]: Timed out receiving message from renderer: 0.100
[1587747926.416][SEVERE]: Timed out receiving message from renderer: 0.100
[1587747926.520][SEVERE]: Timed out receiving message from renderer: 0.100
[1587747926.621][SEVERE]: Timed out receiving message from renderer: 0.100
[1587747926.877][SEVERE]: Timed out receiving message from renderer: 0.100
[1587747927.018][SEVERE]: Timed out receiving message from renderer: 0.100
[1587747927.123][SEVERE]: Timed out receiving message from renderer: 0.100
[1587747927.226][SEVERE]: Timed out receiving message from renderer: 0.100
[1587747927.330][SEVERE]: Timed out receiving message from renderer: 0.100
[1587747927.432][SEVERE]: Timed out receiving message from renderer: 0.100
[1587747927.535][SEVERE]: Timed out receiving message from renderer: 0.100
[1587747927.639][SEVERE]: Timed out receiving message from renderer: 0.100
[1587747927.742][SEVERE]: Timed out receiving message from renderer: 0.100
[1587747927.845][SEVERE]: Timed out receiving message from renderer: 0.100
[1587747927.949][SEVERE]: Timed out receiving message from renderer: 0.100
[1587747928.051][SEVERE]: Timed out receiving message from renderer: 0.100
[1587747928.155][SEVERE]: Timed out receiving message from renderer: 0.100
[1587747928.257][SEVERE]: Timed out receiving message from renderer: 0.100
[1587747928.360][SEVERE]: Timed out receiving message from renderer: 0.100
[1587747928.462][SEVERE]: Timed out receiving message from renderer: 0.100
[1587747928.566][SEVERE]: Timed out receiving message from renderer: 0.100
[1587747928.671][SEVERE]: Timed out receiving message from renderer: 0.100
[1587747928.773][SEVERE]: Timed out receiving message from renderer: 0.100
[1587747928.883][SEVERE]: Timed out receiving message from renderer: 0.100
[1587747928.985][SEVERE]: Timed out receiving message from renderer: 0.100
[1587747929.089][SEVERE]: Timed out receiving message from renderer: 0.100
[1587747929.193][SEVERE]: Timed out receiving message from renderer: 0.100
[1587747929.296][SEVERE]: Timed out receiving message from renderer: 0.100
[1587747943.585][SEVERE]: Timed out receiving message from renderer: 0.100
[1587747943.689][SEVERE]: Timed out receiving message from renderer: 0.100
[1587747943.792][SEVERE]: Timed out receiving message from renderer: 0.100
[1587747943.896][SEVERE]: Timed out receiving message from renderer: 0.100
[1587747944.000][SEVERE]: Timed out receiving message from renderer: 0.100
[1587747944.103][SEVERE]: Timed out receiving message from renderer: 0.100
[1587747944.205][SEVERE]: Timed out receiving message from renderer: 0.100
[1587747944.311][SEVERE]: Timed out receiving message from renderer: 0.100
[1587747944.414][SEVERE]: Timed out receiving message from renderer: 0.100
[1587747944.517][SEVERE]: Timed out receiving message from renderer: 0.100
[1587747944.619][SEVERE]: Timed out receiving message from renderer: 0.100
[1587747944.721][SEVERE]: Timed out receiving message from renderer: 0.100
[1587747944.825][SEVERE]: Timed out receiving message from renderer: 0.100
[1587747944.928][SEVERE]: Timed out receiving message from renderer: 0.100
[1587747945.030][SEVERE]: Timed out receiving message from renderer: 0.100
[1587747945.204][SEVERE]: Timed out receiving message from renderer: 0.100
[1587747945.309][SEVERE]: Timed out receiving message from renderer: 0.100
[1587747945.413][SEVERE]: Timed out receiving message from renderer: 0.100
[1587747945.517][SEVERE]: Timed out receiving message from renderer: 0.100
[1587747945.619][SEVERE]: Timed out receiving message from renderer: 0.100
[1587747945.723][SEVERE]: Timed out receiving message from renderer: 0.100
[1587747945.826][SEVERE]: Timed out receiving message from renderer: 0.100
[1587747945.928][SEVERE]: Timed out receiving message from renderer: 0.100
[1587747946.030][SEVERE]: Timed out receiving message from renderer: 0.100
[1587747946.132][SEVERE]: Timed out receiving message from renderer: 0.100
[1587747946.234][SEVERE]: Timed out receiving message from renderer: 0.100
[1587747946.336][SEVERE]: Timed out receiving message from renderer: 0.100
[1587747946.439][SEVERE]: Timed out receiving message from renderer: 0.100
[1587747946.542][SEVERE]: Timed out receiving message from renderer: 0.100
[1587747946.645][SEVERE]: Timed out receiving message from renderer: 0.100
[1587747946.747][SEVERE]: Timed out receiving message from renderer: 0.100
[1587747946.856][SEVERE]: Timed out receiving message from renderer: 0.100
[1587747946.963][SEVERE]: Timed out receiving message from renderer: 0.100
[1587747947.065][SEVERE]: Timed out receiving message from renderer: 0.100
[1587747947.167][SEVERE]: Timed out receiving message from renderer: 0.100
[1587747947.269][SEVERE]: Timed out receiving message from renderer: 0.100
[1587747947.371][SEVERE]: Timed out receiving message from renderer: 0.100
[1587747947.474][SEVERE]: Timed out receiving message from renderer: 0.100
[1587747947.576][SEVERE]: Timed out receiving message from renderer: 0.100
[1587747947.678][SEVERE]: Timed out receiving message from renderer: 0.100
[1587747947.781][SEVERE]: Timed out receiving message from renderer: 0.100
[1587747947.886][SEVERE]: Timed out receiving message from renderer: 0.100
[1587747947.989][SEVERE]: Timed out receiving message from renderer: 0.100
[1587747948.092][SEVERE]: Timed out receiving message from renderer: 0.100
[1587747948.195][SEVERE]: Timed out receiving message from renderer: 0.100
[1587747948.308][SEVERE]: Timed out receiving message from renderer: 0.100
[1587747948.410][SEVERE]: Timed out receiving message from renderer: 0.100
[1587747948.517][SEVERE]: Timed out receiving message from renderer: 0.100
[1587747948.622][SEVERE]: Timed out receiving message from renderer: 0.100
[1587747948.723][SEVERE]: Timed out receiving message from renderer: 0.100
[1587747948.825][SEVERE]: Timed out receiving message from renderer: 0.100
[1587747948.930][SEVERE]: Timed out receiving message from renderer: 0.100
[1587747949.032][SEVERE]: Timed out receiving message from renderer: 0.100
[1587747949.137][SEVERE]: Timed out receiving message from renderer: 0.100
[1587747949.243][SEVERE]: Timed out receiving message from renderer: 0.100
[1587747949.349][SEVERE]: Timed out receiving message from renderer: 0.100
[1587747949.460][SEVERE]: Timed out receiving message from renderer: 0.100
[1587747949.565][SEVERE]: Timed out receiving message from renderer: 0.100
[1587747949.674][SEVERE]: Timed out receiving message from renderer: 0.100
[1587747949.779][SEVERE]: Timed out receiving message from renderer: 0.100
[1587747949.885][SEVERE]: Timed out receiving message from renderer: 0.100
[1587747949.991][SEVERE]: Timed out receiving message from renderer: 0.100
[1587747950.109][SEVERE]: Timed out receiving message from renderer: 0.100
[1587747950.217][SEVERE]: Timed out receiving message from renderer: 0.100
[1587747950.320][SEVERE]: Timed out receiving message from renderer: 0.100
[1587747950.426][SEVERE]: Timed out receiving message from renderer: 0.100
[1587747950.533][SEVERE]: Timed out receiving message from renderer: 0.100
[1587747950.634][SEVERE]: Timed out receiving message from renderer: 0.100
[1587747950.738][SEVERE]: Timed out receiving message from renderer: 0.100
[1587747950.841][SEVERE]: Timed out receiving message from renderer: 0.100
[1587747950.944][SEVERE]: Timed out receiving message from renderer: 0.100
[1587747951.047][SEVERE]: Timed out receiving message from renderer: 0.100
[1587747951.151][SEVERE]: Timed out receiving message from renderer: 0.100
[1587747951.254][SEVERE]: Timed out receiving message from renderer: 0.100
[1587747951.358][SEVERE]: Timed out receiving message from renderer: 0.100
[1587747951.460][SEVERE]: Timed out receiving message from renderer: 0.100
[1587747951.799][SEVERE]: Timed out receiving message from renderer: 0.100
[1587747951.901][SEVERE]: Timed out receiving message from renderer: 0.100
[1587747952.003][SEVERE]: Timed out receiving message from renderer: 0.100
[1587747952.106][SEVERE]: Timed out receiving message from renderer: 0.100
[1587747952.208][SEVERE]: Timed out receiving message from renderer: 0.100
[1587747952.309][SEVERE]: Timed out receiving message from renderer: 0.100
[1587747952.411][SEVERE]: Timed out receiving message from renderer: 0.100
[1587747952.514][SEVERE]: Timed out receiving message from renderer: 0.100
[1587747952.618][SEVERE]: Timed out receiving message from renderer: 0.100
[1587747952.720][SEVERE]: Timed out receiving message from renderer: 0.100
[1587747952.833][SEVERE]: Timed out receiving message from renderer: 0.100
[1587747952.945][SEVERE]: Timed out receiving message from renderer: 0.100
[1587747953.048][SEVERE]: Timed out receiving message from renderer: 0.100
[1587747953.152][SEVERE]: Timed out receiving message from renderer: 0.100
[1587747953.256][SEVERE]: Timed out receiving message from renderer: 0.100
[1587747953.358][SEVERE]: Timed out receiving message from renderer: 0.100
[1587747953.463][SEVERE]: Timed out receiving message from renderer: 0.100
[1587747953.569][SEVERE]: Timed out receiving message from renderer: 0.100
[1587747953.673][SEVERE]: Timed out receiving message from renderer: 0.100
[1587747953.774][SEVERE]: Timed out receiving message from renderer: 0.100
[1587747953.898][SEVERE]: Timed out receiving message from renderer: 0.100
[1587747954.000][SEVERE]: Timed out receiving message from renderer: 0.100
[1587747954.101][SEVERE]: Timed out receiving message from renderer: 0.100
[1587747954.203][SEVERE]: Timed out receiving message from renderer: 0.100
[1587747954.305][SEVERE]: Timed out receiving message from renderer: 0.100
[1587747954.408][SEVERE]: Timed out receiving message from renderer: 0.100
[1587747954.509][SEVERE]: Timed out receiving message from renderer: 0.100
[1587747954.706][SEVERE]: Timed out receiving message from renderer: 0.100
[1587747955.065][SEVERE]: Timed out receiving message from renderer: 0.100
[1587747955.182][SEVERE]: Timed out receiving message from renderer: 0.100
[1587747955.289][SEVERE]: Timed out receiving message from renderer: 0.100
[1587747955.394][SEVERE]: Timed out receiving message from renderer: 0.100
[1587747955.498][SEVERE]: Timed out receiving message from renderer: 0.100
[1587747955.605][SEVERE]: Timed out receiving message from renderer: 0.100
[1587747955.707][SEVERE]: Timed out receiving message from renderer: 0.100
[1587747955.815][SEVERE]: Timed out receiving message from renderer: 0.100
[1587747955.924][SEVERE]: Timed out receiving message from renderer: 0.100
[1587747956.025][SEVERE]: Timed out receiving message from renderer: 0.100
[1587747972.497][SEVERE]: Timed out receiving message from renderer: 0.100
[1587747972.602][SEVERE]: Timed out receiving message from renderer: 0.100
[1587747972.704][SEVERE]: Timed out receiving message from renderer: 0.100
[1587747972.806][SEVERE]: Timed out receiving message from renderer: 0.100
[1587747972.908][SEVERE]: Timed out receiving message from renderer: 0.100
[1587747973.044][SEVERE]: Timed out receiving message from renderer: 0.100
[1587747973.146][SEVERE]: Timed out receiving message from renderer: 0.100
[1587747973.248][SEVERE]: Timed out receiving message from renderer: 0.100
[1587747973.351][SEVERE]: Timed out receiving message from renderer: 0.100
[1587747973.453][SEVERE]: Timed out receiving message from renderer: 0.100
[1587747973.555][SEVERE]: Timed out receiving message from renderer: 0.100
[1587747973.657][SEVERE]: Timed out receiving message from renderer: 0.100
[1587747973.758][SEVERE]: Timed out receiving message from renderer: 0.100
[1587747973.861][SEVERE]: Timed out receiving message from renderer: 0.100
[1587747973.964][SEVERE]: Timed out receiving message from renderer: 0.100
[1587747974.066][SEVERE]: Timed out receiving message from renderer: 0.100
[1587747974.168][SEVERE]: Timed out receiving message from renderer: 0.100
[1587747974.271][SEVERE]: Timed out receiving message from renderer: 0.100
[1587747974.373][SEVERE]: Timed out receiving message from renderer: 0.100
[1587747974.474][SEVERE]: Timed out receiving message from renderer: 0.100
[1587747974.576][SEVERE]: Timed out receiving message from renderer: 0.100
[1587747974.678][SEVERE]: Timed out receiving message from renderer: 0.100
[1587747974.780][SEVERE]: Timed out receiving message from renderer: 0.100
[1587747974.883][SEVERE]: Timed out receiving message from renderer: 0.100
[1587747974.985][SEVERE]: Timed out receiving message from renderer: 0.100
[1587747975.087][SEVERE]: Timed out receiving message from renderer: 0.100
[1587747975.189][SEVERE]: Timed out receiving message from renderer: 0.100
[1587747975.292][SEVERE]: Timed out receiving message from renderer: 0.100
[1587747975.395][SEVERE]: Timed out receiving message from renderer: 0.100
[1587747975.497][SEVERE]: Timed out receiving message from renderer: 0.100
[1587747975.600][SEVERE]: Timed out receiving message from renderer: 0.100
[1587747975.702][SEVERE]: Timed out receiving message from renderer: 0.100
[1587747975.804][SEVERE]: Timed out receiving message from renderer: 0.100
[1587747975.906][SEVERE]: Timed out receiving message from renderer: 0.100
[1587747976.008][SEVERE]: Timed out receiving message from renderer: 0.100
[1587747976.113][SEVERE]: Timed out receiving message from renderer: 0.100
[1587747976.217][SEVERE]: Timed out receiving message from renderer: 0.100
[1587747976.319][SEVERE]: Timed out receiving message from renderer: 0.100
[1587747976.421][SEVERE]: Timed out receiving message from renderer: 0.100
[1587747976.523][SEVERE]: Timed out receiving message from renderer: 0.100
[1587747976.625][SEVERE]: Timed out receiving message from renderer: 0.100
[1587747976.728][SEVERE]: Timed out receiving message from renderer: 0.100
[1587747976.830][SEVERE]: Timed out receiving message from renderer: 0.100
[1587747976.932][SEVERE]: Timed out receiving message from renderer: 0.100
[1587747977.034][SEVERE]: Timed out receiving message from renderer: 0.100
[1587747977.136][SEVERE]: Timed out receiving message from renderer: 0.100
[1587747977.238][SEVERE]: Timed out receiving message from renderer: 0.100
[1587747977.340][SEVERE]: Timed out receiving message from renderer: 0.100
[1587747977.443][SEVERE]: Timed out receiving message from renderer: 0.100
[1587747977.546][SEVERE]: Timed out receiving message from renderer: 0.100
[1587747977.686][SEVERE]: Timed out receiving message from renderer: 0.100
[1587747977.787][SEVERE]: Timed out receiving message from renderer: 0.100
[1587747977.889][SEVERE]: Timed out receiving message from renderer: 0.100
[1587747977.991][SEVERE]: Timed out receiving message from renderer: 0.100
[1587747978.092][SEVERE]: Timed out receiving message from renderer: 0.100
[1587747978.197][SEVERE]: Timed out receiving message from renderer: 0.100
[1587747978.299][SEVERE]: Timed out receiving message from renderer: 0.100
[1587747978.402][SEVERE]: Timed out receiving message from renderer: 0.100
[1587747978.505][SEVERE]: Timed out receiving message from renderer: 0.100
[1587747978.607][SEVERE]: Timed out receiving message from renderer: 0.100
[1587747978.709][SEVERE]: Timed out receiving message from renderer: 0.100
[1587747978.811][SEVERE]: Timed out receiving message from renderer: 0.100
[1587747978.913][SEVERE]: Timed out receiving message from renderer: 0.100
[1587747979.015][SEVERE]: Timed out receiving message from renderer: 0.100
[1587747979.117][SEVERE]: Timed out receiving message from renderer: 0.100
[1587747979.220][SEVERE]: Timed out receiving message from renderer: 0.100
[1587747979.323][SEVERE]: Timed out receiving message from renderer: 0.100
[1587747979.425][SEVERE]: Timed out receiving message from renderer: 0.100
[1587747979.527][SEVERE]: Timed out receiving message from renderer: 0.100
[1587747979.630][SEVERE]: Timed out receiving message from renderer: 0.100
[1587747979.732][SEVERE]: Timed out receiving message from renderer: 0.100
[1587747979.835][SEVERE]: Timed out receiving message from renderer: 0.100
[1587747979.937][SEVERE]: Timed out receiving message from renderer: 0.100
[1587747980.040][SEVERE]: Timed out receiving message from renderer: 0.100
[1587747980.142][SEVERE]: Timed out receiving message from renderer: 0.100
[1587747980.245][SEVERE]: Timed out receiving message from renderer: 0.100
[1587747980.347][SEVERE]: Timed out receiving message from renderer: 0.100
[1587747980.450][SEVERE]: Timed out receiving message from renderer: 0.100
[1587747980.552][SEVERE]: Timed out receiving message from renderer: 0.100
[1587747980.654][SEVERE]: Timed out receiving message from renderer: 0.100
[1587747980.755][SEVERE]: Timed out receiving message from renderer: 0.100
[1587747980.858][SEVERE]: Timed out receiving message from renderer: 0.100
[1587747980.964][SEVERE]: Timed out receiving message from renderer: 0.100
[1587747981.066][SEVERE]: Timed out receiving message from renderer: 0.100
[1587747981.168][SEVERE]: Timed out receiving message from renderer: 0.100
[1587747981.270][SEVERE]: Timed out receiving message from renderer: 0.100
[1587747981.371][SEVERE]: Timed out receiving message from renderer: 0.100
[1587747981.473][SEVERE]: Timed out receiving message from renderer: 0.100
[1587747981.576][SEVERE]: Timed out receiving message from renderer: 0.100
[1587747981.678][SEVERE]: Timed out receiving message from renderer: 0.100
[1587747981.780][SEVERE]: Timed out receiving message from renderer: 0.100
[1587747981.882][SEVERE]: Timed out receiving message from renderer: 0.100
[1587747981.984][SEVERE]: Timed out receiving message from renderer: 0.100
[1587747982.086][SEVERE]: Timed out receiving message from renderer: 0.100
[1587747982.187][SEVERE]: Timed out receiving message from renderer: 0.100
[1587747982.290][SEVERE]: Timed out receiving message from renderer: 0.100
[1587747982.392][SEVERE]: Timed out receiving message from renderer: 0.100
[1587747982.495][SEVERE]: Timed out receiving message from renderer: 0.100
[1587747982.597][SEVERE]: Timed out receiving message from renderer: 0.100
[1587747982.700][SEVERE]: Timed out receiving message from renderer: 0.100
[1587747982.804][SEVERE]: Timed out receiving message from renderer: 0.100
[1587747982.905][SEVERE]: Timed out receiving message from renderer: 0.100
[1587747983.008][SEVERE]: Timed out receiving message from renderer: 0.100
[1587747983.110][SEVERE]: Timed out receiving message from renderer: 0.100
[1587747983.212][SEVERE]: Timed out receiving message from renderer: 0.100
[1587747983.314][SEVERE]: Timed out receiving message from renderer: 0.100
[1587747983.416][SEVERE]: Timed out receiving message from renderer: 0.100
[1587747983.517][SEVERE]: Timed out receiving message from renderer: 0.100
[1587747983.619][SEVERE]: Timed out receiving message from renderer: 0.100
[1587747983.721][SEVERE]: Timed out receiving message from renderer: 0.100
[1587747983.824][SEVERE]: Timed out receiving message from renderer: 0.100
[1587747983.926][SEVERE]: Timed out receiving message from renderer: 0.100
[1587747984.028][SEVERE]: Timed out receiving message from renderer: 0.100
[1587747984.133][SEVERE]: Timed out receiving message from renderer: 0.100
[1587747984.235][SEVERE]: Timed out receiving message from renderer: 0.100
[1587747984.338][SEVERE]: Timed out receiving message from renderer: 0.100
[1587747984.441][SEVERE]: Timed out receiving message from renderer: 0.100
[1587747984.545][SEVERE]: Timed out receiving message from renderer: 0.100
[1587747984.650][SEVERE]: Timed out receiving message from renderer: 0.100
[1587747984.757][SEVERE]: Timed out receiving message from renderer: 0.100
[1587747984.858][SEVERE]: Timed out receiving message from renderer: 0.100
[1587747984.967][SEVERE]: Timed out receiving message from renderer: 0.100
[1587747985.069][SEVERE]: Timed out receiving message from renderer: 0.100
[1587747985.173][SEVERE]: Timed out receiving message from renderer: 0.100
[1587747985.276][SEVERE]: Timed out receiving message from renderer: 0.100
[1587747985.378][SEVERE]: Timed out receiving message from renderer: 0.100
[1587747985.481][SEVERE]: Timed out receiving message from renderer: 0.100
[1587747985.584][SEVERE]: Timed out receiving message from renderer: 0.100
[1587747985.688][SEVERE]: Timed out receiving message from renderer: 0.100
[1587747985.792][SEVERE]: Timed out receiving message from renderer: 0.100
[1587747985.894][SEVERE]: Timed out receiving message from renderer: 0.100
[1587747985.995][SEVERE]: Timed out receiving message from renderer: 0.100
[1587747986.098][SEVERE]: Timed out receiving message from renderer: 0.100
[1587747986.200][SEVERE]: Timed out receiving message from renderer: 0.100
[1587747986.302][SEVERE]: Timed out receiving message from renderer: 0.100
[1587747986.405][SEVERE]: Timed out receiving message from renderer: 0.100
[1587747986.508][SEVERE]: Timed out receiving message from renderer: 0.100
[1587747986.611][SEVERE]: Timed out receiving message from renderer: 0.100
[1587747986.713][SEVERE]: Timed out receiving message from renderer: 0.100
[1587747986.815][SEVERE]: Timed out receiving message from renderer: 0.100
[1587747986.917][SEVERE]: Timed out receiving message from renderer: 0.100
[1587747987.019][SEVERE]: Timed out receiving message from renderer: 0.100
[1587747987.121][SEVERE]: Timed out receiving message from renderer: 0.100
[1587747987.224][SEVERE]: Timed out receiving message from renderer: 0.100
[1587747987.326][SEVERE]: Timed out receiving message from renderer: 0.100
[1587747987.428][SEVERE]: Timed out receiving message from renderer: 0.100
[1587747987.530][SEVERE]: Timed out receiving message from renderer: 0.100
[1587747987.633][SEVERE]: Timed out receiving message from renderer: 0.100
[1587747987.735][SEVERE]: Timed out receiving message from renderer: 0.100
[1587747987.837][SEVERE]: Timed out receiving message from renderer: 0.100
[1587747987.940][SEVERE]: Timed out receiving message from renderer: 0.100
[1587747988.042][SEVERE]: Timed out receiving message from renderer: 0.100
[1587747988.143][SEVERE]: Timed out receiving message from renderer: 0.100
[1587747988.245][SEVERE]: Timed out receiving message from renderer: 0.100
[1587747988.347][SEVERE]: Timed out receiving message from renderer: 0.100
[1587747988.449][SEVERE]: Timed out receiving message from renderer: 0.100
[1587747988.551][SEVERE]: Timed out receiving message from renderer: 0.100
[1587747988.655][SEVERE]: Timed out receiving message from renderer: 0.100
[1587747988.757][SEVERE]: Timed out receiving message from renderer: 0.100
[1587747988.858][SEVERE]: Timed out receiving message from renderer: 0.100
[1587747988.960][SEVERE]: Timed out receiving message from renderer: 0.100
[1587747989.061][SEVERE]: Timed out receiving message from renderer: 0.100
[1587747989.164][SEVERE]: Timed out receiving message from renderer: 0.100
[1587747989.266][SEVERE]: Timed out receiving message from renderer: 0.100
[1587747989.369][SEVERE]: Timed out receiving message from renderer: 0.100
[1587747989.471][SEVERE]: Timed out receiving message from renderer: 0.100
[1587747989.572][SEVERE]: Timed out receiving message from renderer: 0.100
[1587747989.674][SEVERE]: Timed out receiving message from renderer: 0.100
[1587747989.775][SEVERE]: Timed out receiving message from renderer: 0.100
[1587747989.878][SEVERE]: Timed out receiving message from renderer: 0.100
[1587747989.979][SEVERE]: Timed out receiving message from renderer: 0.100
[1587747990.081][SEVERE]: Timed out receiving message from renderer: 0.100
[1587747990.183][SEVERE]: Timed out receiving message from renderer: 0.100
[1587747990.284][SEVERE]: Timed out receiving message from renderer: 0.100
[1587747990.386][SEVERE]: Timed out receiving message from renderer: 0.100
[1587747990.488][SEVERE]: Timed out receiving message from renderer: 0.100
[1587747990.590][SEVERE]: Timed out receiving message from renderer: 0.100
[1587747990.691][SEVERE]: Timed out receiving message from renderer: 0.100
[1587747990.793][SEVERE]: Timed out receiving message from renderer: 0.100
[1587747990.897][SEVERE]: Timed out receiving message from renderer: 0.100
[1587747991.004][SEVERE]: Timed out receiving message from renderer: 0.100
[1587747991.116][SEVERE]: Timed out receiving message from renderer: 0.100
[1587747991.221][SEVERE]: Timed out receiving message from renderer: 0.100
[1587747991.325][SEVERE]: Timed out receiving message from renderer: 0.100
[1587747991.428][SEVERE]: Timed out receiving message from renderer: 0.100
[1587747991.531][SEVERE]: Timed out receiving message from renderer: 0.100
[1587747991.634][SEVERE]: Timed out receiving message from renderer: 0.100
[1587747991.739][SEVERE]: Timed out receiving message from renderer: 0.100
[1587747991.842][SEVERE]: Timed out receiving message from renderer: 0.100
[1587747991.944][SEVERE]: Timed out receiving message from renderer: 0.100
[1587747992.048][SEVERE]: Timed out receiving message from renderer: 0.100
[1587747992.152][SEVERE]: Timed out receiving message from renderer: 0.100
[1587747992.255][SEVERE]: Timed out receiving message from renderer: 0.100
[1587747992.358][SEVERE]: Timed out receiving message from renderer: 0.100
[1587747992.461][SEVERE]: Timed out receiving message from renderer: 0.100
[1587747992.563][SEVERE]: Timed out receiving message from renderer: 0.100
[1587747992.665][SEVERE]: Timed out receiving message from renderer: 0.100
[1587747992.768][SEVERE]: Timed out receiving message from renderer: 0.100
[1587747992.870][SEVERE]: Timed out receiving message from renderer: 0.100
[1587747992.972][SEVERE]: Timed out receiving message from renderer: 0.100
[1587747993.074][SEVERE]: Timed out receiving message from renderer: 0.100
[1587747993.177][SEVERE]: Timed out receiving message from renderer: 0.100
[1587747993.279][SEVERE]: Timed out receiving message from renderer: 0.100
[1587747993.382][SEVERE]: Timed out receiving message from renderer: 0.100
[1587747993.484][SEVERE]: Timed out receiving message from renderer: 0.100
[1587747993.586][SEVERE]: Timed out receiving message from renderer: 0.100
[1587747993.687][SEVERE]: Timed out receiving message from renderer: 0.100
[1587747993.790][SEVERE]: Timed out receiving message from renderer: 0.100
[1587747993.892][SEVERE]: Timed out receiving message from renderer: 0.100
[1587747993.994][SEVERE]: Timed out receiving message from renderer: 0.100
[1587747994.096][SEVERE]: Timed out receiving message from renderer: 0.100
[1587747994.199][SEVERE]: Timed out receiving message from renderer: 0.100
[1587747994.301][SEVERE]: Timed out receiving message from renderer: 0.100
[1587747994.404][SEVERE]: Timed out receiving message from renderer: 0.100
[1587747994.507][SEVERE]: Timed out receiving message from renderer: 0.100
[1587747994.610][SEVERE]: Timed out receiving message from renderer: 0.100
[1587747994.712][SEVERE]: Timed out receiving message from renderer: 0.100
[1587747994.814][SEVERE]: Timed out receiving message from renderer: 0.100
[1587747994.916][SEVERE]: Timed out receiving message from renderer: 0.100
[1587747995.019][SEVERE]: Timed out receiving message from renderer: 0.100
[1587747996.455][SEVERE]: Timed out receiving message from renderer: 0.100
[1587747996.699][SEVERE]: Timed out receiving message from renderer: 0.100
[1587747996.826][SEVERE]: Timed out receiving message from renderer: 0.100
[1587747997.076][SEVERE]: Timed out receiving message from renderer: 0.100
[1587747997.182][SEVERE]: Timed out receiving message from renderer: 0.100
[1587747997.389][SEVERE]: Timed out receiving message from renderer: 0.100
]]></system-err>
</testsuite>
