<?xml version="1.0" encoding="UTF-8"?>
<testsuite name="com.qa.trello.tests.TeamChangeTests" tests="1" skipped="0" failures="0" errors="0" timestamp="2020-04-26T16:36:38" hostname="DESKTOP-NPA4CH3" time="38.015">
  <properties/>
  <testcase name="changeTeamTests" classname="com.qa.trello.tests.TeamChangeTests" time="38.015"/>
  <system-out><![CDATA[]]></system-out>
  <system-err><![CDATA[Starting ChromeDriver 81.0.4044.69 (6813546031a4bc83f717a2ef7cd4ac6ec1199132-refs/branch-heads/4044@{#776}) on port 21869
Only local connections are allowed.
Please protect ports used by ChromeDriver and related test frameworks to prevent access by malicious code.
апр 26, 2020 7:34:48 PM org.openqa.selenium.remote.ProtocolHandshake createSession
INFO: Detected dialect: W3C
[1587918892.653][SEVERE]: Timed out receiving message from renderer: 0.100
[1587918892.757][SEVERE]: Timed out receiving message from renderer: 0.100
[1587918892.869][SEVERE]: Timed out receiving message from renderer: 0.100
[1587918892.974][SEVERE]: Timed out receiving message from renderer: 0.100
[1587918893.090][SEVERE]: Timed out receiving message from renderer: 0.100
[1587918893.199][SEVERE]: Timed out receiving message from renderer: 0.100
[1587918893.305][SEVERE]: Timed out receiving message from renderer: 0.100
[1587918893.415][SEVERE]: Timed out receiving message from renderer: 0.100
[1587918893.524][SEVERE]: Timed out receiving message from renderer: 0.100
[1587918893.635][SEVERE]: Timed out receiving message from renderer: 0.100
[1587918893.740][SEVERE]: Timed out receiving message from renderer: 0.100
[1587918893.849][SEVERE]: Timed out receiving message from renderer: 0.100
[1587918893.954][SEVERE]: Timed out receiving message from renderer: 0.100
[1587918894.061][SEVERE]: Timed out receiving message from renderer: 0.100
[1587918894.170][SEVERE]: Timed out receiving message from renderer: 0.100
[1587918894.285][SEVERE]: Timed out receiving message from renderer: 0.100
[1587918894.391][SEVERE]: Timed out receiving message from renderer: 0.100
[1587918894.497][SEVERE]: Timed out receiving message from renderer: 0.100
[1587918894.599][SEVERE]: Timed out receiving message from renderer: 0.100
[1587918894.705][SEVERE]: Timed out receiving message from renderer: 0.100
[1587918894.807][SEVERE]: Timed out receiving message from renderer: 0.100
[1587918894.913][SEVERE]: Timed out receiving message from renderer: 0.100
[1587918895.014][SEVERE]: Timed out receiving message from renderer: 0.100
[1587918895.116][SEVERE]: Timed out receiving message from renderer: 0.100
[1587918895.219][SEVERE]: Timed out receiving message from renderer: 0.100
[1587918895.322][SEVERE]: Timed out receiving message from renderer: 0.100
[1587918895.424][SEVERE]: Timed out receiving message from renderer: 0.100
[1587918895.528][SEVERE]: Timed out receiving message from renderer: 0.100
[1587918895.631][SEVERE]: Timed out receiving message from renderer: 0.100
[1587918895.733][SEVERE]: Timed out receiving message from renderer: 0.100
[1587918895.837][SEVERE]: Timed out receiving message from renderer: 0.100
[1587918895.945][SEVERE]: Timed out receiving message from renderer: 0.100
[1587918896.047][SEVERE]: Timed out receiving message from renderer: 0.100
[1587918896.153][SEVERE]: Timed out receiving message from renderer: 0.100
[1587918896.256][SEVERE]: Timed out receiving message from renderer: 0.100
[1587918896.360][SEVERE]: Timed out receiving message from renderer: 0.100
[1587918896.462][SEVERE]: Timed out receiving message from renderer: 0.100
[1587918896.566][SEVERE]: Timed out receiving message from renderer: 0.100
[1587918896.670][SEVERE]: Timed out receiving message from renderer: 0.100
[1587918896.773][SEVERE]: Timed out receiving message from renderer: 0.100
[1587918896.877][SEVERE]: Timed out receiving message from renderer: 0.100
[1587918896.979][SEVERE]: Timed out receiving message from renderer: 0.100
[1587918897.085][SEVERE]: Timed out receiving message from renderer: 0.100
[1587918897.193][SEVERE]: Timed out receiving message from renderer: 0.100
[1587918897.295][SEVERE]: Timed out receiving message from renderer: 0.100
[1587918897.399][SEVERE]: Timed out receiving message from renderer: 0.100
[1587918897.501][SEVERE]: Timed out receiving message from renderer: 0.100
[1587918897.602][SEVERE]: Timed out receiving message from renderer: 0.100
[1587918897.709][SEVERE]: Timed out receiving message from renderer: 0.100
[1587918897.811][SEVERE]: Timed out receiving message from renderer: 0.100
[1587918897.914][SEVERE]: Timed out receiving message from renderer: 0.100
[1587918898.018][SEVERE]: Timed out receiving message from renderer: 0.100
[1587918898.121][SEVERE]: Timed out receiving message from renderer: 0.100
[1587918898.224][SEVERE]: Timed out receiving message from renderer: 0.100
[1587918898.328][SEVERE]: Timed out receiving message from renderer: 0.100
[1587918898.433][SEVERE]: Timed out receiving message from renderer: 0.100
[1587918898.537][SEVERE]: Timed out receiving message from renderer: 0.100
[1587918898.641][SEVERE]: Timed out receiving message from renderer: 0.100
[1587918898.743][SEVERE]: Timed out receiving message from renderer: 0.100
[1587918898.849][SEVERE]: Timed out receiving message from renderer: 0.100
[1587918898.953][SEVERE]: Timed out receiving message from renderer: 0.100
[1587918899.058][SEVERE]: Timed out receiving message from renderer: 0.100
[1587918899.165][SEVERE]: Timed out receiving message from renderer: 0.100
[1587918899.266][SEVERE]: Timed out receiving message from renderer: 0.100
[1587918899.373][SEVERE]: Timed out receiving message from renderer: 0.100
[1587918899.475][SEVERE]: Timed out receiving message from renderer: 0.100
[1587918899.581][SEVERE]: Timed out receiving message from renderer: 0.100
[1587918899.686][SEVERE]: Timed out receiving message from renderer: 0.100
[1587918899.794][SEVERE]: Timed out receiving message from renderer: 0.100
[1587918899.899][SEVERE]: Timed out receiving message from renderer: 0.100
[1587918900.001][SEVERE]: Timed out receiving message from renderer: 0.100
[1587918900.109][SEVERE]: Timed out receiving message from renderer: 0.100
[1587918900.213][SEVERE]: Timed out receiving message from renderer: 0.100
[1587918900.319][SEVERE]: Timed out receiving message from renderer: 0.100
[1587918900.422][SEVERE]: Timed out receiving message from renderer: 0.100
[1587918900.528][SEVERE]: Timed out receiving message from renderer: 0.100
[1587918900.631][SEVERE]: Timed out receiving message from renderer: 0.100
[1587918900.733][SEVERE]: Timed out receiving message from renderer: 0.100
[1587918900.836][SEVERE]: Timed out receiving message from renderer: 0.100
[1587918900.939][SEVERE]: Timed out receiving message from renderer: 0.100
[1587918901.043][SEVERE]: Timed out receiving message from renderer: 0.100
[1587918901.145][SEVERE]: Timed out receiving message from renderer: 0.100
[1587918901.249][SEVERE]: Timed out receiving message from renderer: 0.100
[1587918901.351][SEVERE]: Timed out receiving message from renderer: 0.100
[1587918901.453][SEVERE]: Timed out receiving message from renderer: 0.100
[1587918901.558][SEVERE]: Timed out receiving message from renderer: 0.100
[1587918901.660][SEVERE]: Timed out receiving message from renderer: 0.100
[1587918901.763][SEVERE]: Timed out receiving message from renderer: 0.100
[1587918901.865][SEVERE]: Timed out receiving message from renderer: 0.100
[1587918901.967][SEVERE]: Timed out receiving message from renderer: 0.100
[1587918902.074][SEVERE]: Timed out receiving message from renderer: 0.100
[1587918902.180][SEVERE]: Timed out receiving message from renderer: 0.100
[1587918902.290][SEVERE]: Timed out receiving message from renderer: 0.100
[1587918902.401][SEVERE]: Timed out receiving message from renderer: 0.100
[1587918902.509][SEVERE]: Timed out receiving message from renderer: 0.100
[1587918902.624][SEVERE]: Timed out receiving message from renderer: 0.100
[1587918902.732][SEVERE]: Timed out receiving message from renderer: 0.100
[1587918902.844][SEVERE]: Timed out receiving message from renderer: 0.100
[1587918902.953][SEVERE]: Timed out receiving message from renderer: 0.100
[1587918903.064][SEVERE]: Timed out receiving message from renderer: 0.100
[1587918903.175][SEVERE]: Timed out receiving message from renderer: 0.100
[1587918903.288][SEVERE]: Timed out receiving message from renderer: 0.100
[1587918903.400][SEVERE]: Timed out receiving message from renderer: 0.100
[1587918903.507][SEVERE]: Timed out receiving message from renderer: 0.100
[1587918903.617][SEVERE]: Timed out receiving message from renderer: 0.100
[1587918903.726][SEVERE]: Timed out receiving message from renderer: 0.100
[1587918903.835][SEVERE]: Timed out receiving message from renderer: 0.100
[1587918903.950][SEVERE]: Timed out receiving message from renderer: 0.100
[1587918904.062][SEVERE]: Timed out receiving message from renderer: 0.100
[1587918904.170][SEVERE]: Timed out receiving message from renderer: 0.100
[1587918904.281][SEVERE]: Timed out receiving message from renderer: 0.100
[1587918904.390][SEVERE]: Timed out receiving message from renderer: 0.100
[1587918904.497][SEVERE]: Timed out receiving message from renderer: 0.100
[1587918905.208][SEVERE]: Timed out receiving message from renderer: 0.100
[1587918905.322][SEVERE]: Timed out receiving message from renderer: 0.100
[1587918905.429][SEVERE]: Timed out receiving message from renderer: 0.100
[1587918905.532][SEVERE]: Timed out receiving message from renderer: 0.100
[1587918905.642][SEVERE]: Timed out receiving message from renderer: 0.100
[1587918905.748][SEVERE]: Timed out receiving message from renderer: 0.100
[1587918905.860][SEVERE]: Timed out receiving message from renderer: 0.100
[1587918905.971][SEVERE]: Timed out receiving message from renderer: 0.100
[1587918906.395][SEVERE]: Timed out receiving message from renderer: 0.100
[1587918906.503][SEVERE]: Timed out receiving message from renderer: 0.100
[1587918906.611][SEVERE]: Timed out receiving message from renderer: 0.100
[1587918906.725][SEVERE]: Timed out receiving message from renderer: 0.100
[1587918906.834][SEVERE]: Timed out receiving message from renderer: 0.100
[1587918906.946][SEVERE]: Timed out receiving message from renderer: 0.100
[1587918907.081][SEVERE]: Timed out receiving message from renderer: 0.100
[1587918907.188][SEVERE]: Timed out receiving message from renderer: 0.100
[1587918907.308][SEVERE]: Timed out receiving message from renderer: 0.100
[1587918907.414][SEVERE]: Timed out receiving message from renderer: 0.100
[1587918907.523][SEVERE]: Timed out receiving message from renderer: 0.100
[1587918907.631][SEVERE]: Timed out receiving message from renderer: 0.100
[1587918907.740][SEVERE]: Timed out receiving message from renderer: 0.100
[1587918907.852][SEVERE]: Timed out receiving message from renderer: 0.100
[1587918907.962][SEVERE]: Timed out receiving message from renderer: 0.100
[1587918908.071][SEVERE]: Timed out receiving message from renderer: 0.100
[1587918908.180][SEVERE]: Timed out receiving message from renderer: 0.100
[1587918908.294][SEVERE]: Timed out receiving message from renderer: 0.100
[1587918908.404][SEVERE]: Timed out receiving message from renderer: 0.100
[1587918908.513][SEVERE]: Timed out receiving message from renderer: 0.100
[1587918908.615][SEVERE]: Timed out receiving message from renderer: 0.100
[1587918908.730][SEVERE]: Timed out receiving message from renderer: 0.100
[1587918908.837][SEVERE]: Timed out receiving message from renderer: 0.100
[1587918908.972][SEVERE]: Timed out receiving message from renderer: 0.100
[1587918909.084][SEVERE]: Timed out receiving message from renderer: 0.100
[1587918909.192][SEVERE]: Timed out receiving message from renderer: 0.100
[1587918909.309][SEVERE]: Timed out receiving message from renderer: 0.100
[1587918909.418][SEVERE]: Timed out receiving message from renderer: 0.100
[1587918909.525][SEVERE]: Timed out receiving message from renderer: 0.100
[1587918909.638][SEVERE]: Timed out receiving message from renderer: 0.100
[1587918909.756][SEVERE]: Timed out receiving message from renderer: 0.100
[1587918909.863][SEVERE]: Timed out receiving message from renderer: 0.100
[1587918909.969][SEVERE]: Timed out receiving message from renderer: 0.100
[1587918910.077][SEVERE]: Timed out receiving message from renderer: 0.100
[1587918910.187][SEVERE]: Timed out receiving message from renderer: 0.100
[1587918910.294][SEVERE]: Timed out receiving message from renderer: 0.100
[1587918910.401][SEVERE]: Timed out receiving message from renderer: 0.100
[1587918910.508][SEVERE]: Timed out receiving message from renderer: 0.100
[1587918910.616][SEVERE]: Timed out receiving message from renderer: 0.100
[1587918910.722][SEVERE]: Timed out receiving message from renderer: 0.100
[1587918910.829][SEVERE]: Timed out receiving message from renderer: 0.100
[1587918910.935][SEVERE]: Timed out receiving message from renderer: 0.100
[1587918911.042][SEVERE]: Timed out receiving message from renderer: 0.100
[1587918911.203][SEVERE]: Timed out receiving message from renderer: 0.100
[1587918911.311][SEVERE]: Timed out receiving message from renderer: 0.100
[1587918911.413][SEVERE]: Timed out receiving message from renderer: 0.100
[1587918911.515][SEVERE]: Timed out receiving message from renderer: 0.100
[1587918911.621][SEVERE]: Timed out receiving message from renderer: 0.100
[1587918911.736][SEVERE]: Timed out receiving message from renderer: 0.100
[1587918911.845][SEVERE]: Timed out receiving message from renderer: 0.100
[1587918911.959][SEVERE]: Timed out receiving message from renderer: 0.100
[1587918912.068][SEVERE]: Timed out receiving message from renderer: 0.100
[1587918912.177][SEVERE]: Timed out receiving message from renderer: 0.100
[1587918912.288][SEVERE]: Timed out receiving message from renderer: 0.100
[1587918912.394][SEVERE]: Timed out receiving message from renderer: 0.100
[1587918912.510][SEVERE]: Timed out receiving message from renderer: 0.100
[1587918912.623][SEVERE]: Timed out receiving message from renderer: 0.100
[1587918912.731][SEVERE]: Timed out receiving message from renderer: 0.100
[1587918912.839][SEVERE]: Timed out receiving message from renderer: 0.100
[1587918912.951][SEVERE]: Timed out receiving message from renderer: 0.100
[1587918913.057][SEVERE]: Timed out receiving message from renderer: 0.100
[1587918913.171][SEVERE]: Timed out receiving message from renderer: 0.100
[1587918913.281][SEVERE]: Timed out receiving message from renderer: 0.100
[1587918913.390][SEVERE]: Timed out receiving message from renderer: 0.100
[1587918913.501][SEVERE]: Timed out receiving message from renderer: 0.100
[1587918913.609][SEVERE]: Timed out receiving message from renderer: 0.100
[1587918913.716][SEVERE]: Timed out receiving message from renderer: 0.100
[1587918913.826][SEVERE]: Timed out receiving message from renderer: 0.100
[1587918913.938][SEVERE]: Timed out receiving message from renderer: 0.100
[1587918914.045][SEVERE]: Timed out receiving message from renderer: 0.100
[1587918914.153][SEVERE]: Timed out receiving message from renderer: 0.100
[1587918914.265][SEVERE]: Timed out receiving message from renderer: 0.100
[1587918914.372][SEVERE]: Timed out receiving message from renderer: 0.100
[1587918914.481][SEVERE]: Timed out receiving message from renderer: 0.100
[1587918914.588][SEVERE]: Timed out receiving message from renderer: 0.100
[1587918914.700][SEVERE]: Timed out receiving message from renderer: 0.100
[1587918914.808][SEVERE]: Timed out receiving message from renderer: 0.100
[1587918914.922][SEVERE]: Timed out receiving message from renderer: 0.100
[1587918915.031][SEVERE]: Timed out receiving message from renderer: 0.100
[1587918915.142][SEVERE]: Timed out receiving message from renderer: 0.100
[1587918915.347][SEVERE]: Timed out receiving message from renderer: 0.100
[1587918915.454][SEVERE]: Timed out receiving message from renderer: 0.100
[1587918915.558][SEVERE]: Timed out receiving message from renderer: 0.100
[1587918915.664][SEVERE]: Timed out receiving message from renderer: 0.100
[1587918915.770][SEVERE]: Timed out receiving message from renderer: 0.100
[1587918915.875][SEVERE]: Timed out receiving message from renderer: 0.100
[1587918915.979][SEVERE]: Timed out receiving message from renderer: 0.100
[1587918916.083][SEVERE]: Timed out receiving message from renderer: 0.100
[1587918916.192][SEVERE]: Timed out receiving message from renderer: 0.100
[1587918916.303][SEVERE]: Timed out receiving message from renderer: 0.100
[1587918916.406][SEVERE]: Timed out receiving message from renderer: 0.100
[1587918916.513][SEVERE]: Timed out receiving message from renderer: 0.100
[1587918916.639][SEVERE]: Timed out receiving message from renderer: 0.100
[1587918916.742][SEVERE]: Timed out receiving message from renderer: 0.100
[1587918916.846][SEVERE]: Timed out receiving message from renderer: 0.100
[1587918916.950][SEVERE]: Timed out receiving message from renderer: 0.100
[1587918917.053][SEVERE]: Timed out receiving message from renderer: 0.100
[1587918917.164][SEVERE]: Timed out receiving message from renderer: 0.100
[1587918917.270][SEVERE]: Timed out receiving message from renderer: 0.100
[1587918917.382][SEVERE]: Timed out receiving message from renderer: 0.100
[1587918917.492][SEVERE]: Timed out receiving message from renderer: 0.100
[1587918917.603][SEVERE]: Timed out receiving message from renderer: 0.100
[1587918917.712][SEVERE]: Timed out receiving message from renderer: 0.100
[1587918917.821][SEVERE]: Timed out receiving message from renderer: 0.100
[1587918917.930][SEVERE]: Timed out receiving message from renderer: 0.100
[1587918918.039][SEVERE]: Timed out receiving message from renderer: 0.100
[1587918918.147][SEVERE]: Timed out receiving message from renderer: 0.100
[1587918918.254][SEVERE]: Timed out receiving message from renderer: 0.100
[1587918918.364][SEVERE]: Timed out receiving message from renderer: 0.100
[1587918918.471][SEVERE]: Timed out receiving message from renderer: 0.100
[1587918918.579][SEVERE]: Timed out receiving message from renderer: 0.100
[1587918918.689][SEVERE]: Timed out receiving message from renderer: 0.100
[1587918918.795][SEVERE]: Timed out receiving message from renderer: 0.100
[1587918918.915][SEVERE]: Timed out receiving message from renderer: 0.100
[1587918919.031][SEVERE]: Timed out receiving message from renderer: 0.100
[1587918919.140][SEVERE]: Timed out receiving message from renderer: 0.100
[1587918919.259][SEVERE]: Timed out receiving message from renderer: 0.100
[1587918919.369][SEVERE]: Timed out receiving message from renderer: 0.100
[1587918919.474][SEVERE]: Timed out receiving message from renderer: 0.100
[1587918919.580][SEVERE]: Timed out receiving message from renderer: 0.100
[1587918919.688][SEVERE]: Timed out receiving message from renderer: 0.100
[1587918919.793][SEVERE]: Timed out receiving message from renderer: 0.100
[1587918919.899][SEVERE]: Timed out receiving message from renderer: 0.100
[1587918920.008][SEVERE]: Timed out receiving message from renderer: 0.100
[1587918920.115][SEVERE]: Timed out receiving message from renderer: 0.100
[1587918920.223][SEVERE]: Timed out receiving message from renderer: 0.100
[1587918920.332][SEVERE]: Timed out receiving message from renderer: 0.100
[1587918920.446][SEVERE]: Timed out receiving message from renderer: 0.100
[1587918920.553][SEVERE]: Timed out receiving message from renderer: 0.100
[1587918920.659][SEVERE]: Timed out receiving message from renderer: 0.100
[1587918920.765][SEVERE]: Timed out receiving message from renderer: 0.100
[1587918920.871][SEVERE]: Timed out receiving message from renderer: 0.100
[1587918920.979][SEVERE]: Timed out receiving message from renderer: 0.100
[1587918921.103][SEVERE]: Timed out receiving message from renderer: 0.100
[1587918921.211][SEVERE]: Timed out receiving message from renderer: 0.100
[1587918921.319][SEVERE]: Timed out receiving message from renderer: 0.100
[1587918921.427][SEVERE]: Timed out receiving message from renderer: 0.100
[1587918921.537][SEVERE]: Timed out receiving message from renderer: 0.100
[1587918921.647][SEVERE]: Timed out receiving message from renderer: 0.100
[1587918921.753][SEVERE]: Timed out receiving message from renderer: 0.100
[1587918921.861][SEVERE]: Timed out receiving message from renderer: 0.100
[1587918921.971][SEVERE]: Timed out receiving message from renderer: 0.100
[1587918922.079][SEVERE]: Timed out receiving message from renderer: 0.100
[1587918922.186][SEVERE]: Timed out receiving message from renderer: 0.100
[1587918922.289][SEVERE]: Timed out receiving message from renderer: 0.100
[1587918922.394][SEVERE]: Timed out receiving message from renderer: 0.100
[1587918922.508][SEVERE]: Timed out receiving message from renderer: 0.100
[1587918922.614][SEVERE]: Timed out receiving message from renderer: 0.100
[1587918922.725][SEVERE]: Timed out receiving message from renderer: 0.100
[1587918922.832][SEVERE]: Timed out receiving message from renderer: 0.100
[1587918922.941][SEVERE]: Timed out receiving message from renderer: 0.100
[1587918923.047][SEVERE]: Timed out receiving message from renderer: 0.100
[1587918923.164][SEVERE]: Timed out receiving message from renderer: 0.100
[1587918923.397][SEVERE]: Timed out receiving message from renderer: 0.100
[1587918923.499][SEVERE]: Timed out receiving message from renderer: 0.100
[1587918923.604][SEVERE]: Timed out receiving message from renderer: 0.100
[1587918923.711][SEVERE]: Timed out receiving message from renderer: 0.100
[1587918923.817][SEVERE]: Timed out receiving message from renderer: 0.100
[1587918923.925][SEVERE]: Timed out receiving message from renderer: 0.100
[1587918924.033][SEVERE]: Timed out receiving message from renderer: 0.100
[1587918924.139][SEVERE]: Timed out receiving message from renderer: 0.100
[1587918924.251][SEVERE]: Timed out receiving message from renderer: 0.100
[1587918924.356][SEVERE]: Timed out receiving message from renderer: 0.100
[1587918924.477][SEVERE]: Timed out receiving message from renderer: 0.100
[1587918924.585][SEVERE]: Timed out receiving message from renderer: 0.100
[1587918924.691][SEVERE]: Timed out receiving message from renderer: 0.100
[1587918924.797][SEVERE]: Timed out receiving message from renderer: 0.100
[1587918924.906][SEVERE]: Timed out receiving message from renderer: 0.100
[1587918925.015][SEVERE]: Timed out receiving message from renderer: 0.100
[1587918925.119][SEVERE]: Timed out receiving message from renderer: 0.100
[1587918925.225][SEVERE]: Timed out receiving message from renderer: 0.100
[1587918925.332][SEVERE]: Timed out receiving message from renderer: 0.100
[1587918925.438][SEVERE]: Timed out receiving message from renderer: 0.100
[1587918925.544][SEVERE]: Timed out receiving message from renderer: 0.100
[1587918925.660][SEVERE]: Timed out receiving message from renderer: 0.100
[1587918925.768][SEVERE]: Timed out receiving message from renderer: 0.100
[1587918925.876][SEVERE]: Timed out receiving message from renderer: 0.100
[1587918925.989][SEVERE]: Timed out receiving message from renderer: 0.100
[1587918926.096][SEVERE]: Timed out receiving message from renderer: 0.100
[1587918926.212][SEVERE]: Timed out receiving message from renderer: 0.100
[1587918926.319][SEVERE]: Timed out receiving message from renderer: 0.100
[1587918926.421][SEVERE]: Timed out receiving message from renderer: 0.100
[1587918926.524][SEVERE]: Timed out receiving message from renderer: 0.100
[1587918926.631][SEVERE]: Timed out receiving message from renderer: 0.100
[1587918926.743][SEVERE]: Timed out receiving message from renderer: 0.100
[1587918926.851][SEVERE]: Timed out receiving message from renderer: 0.100
[1587918926.958][SEVERE]: Timed out receiving message from renderer: 0.100
[1587918927.066][SEVERE]: Timed out receiving message from renderer: 0.100
[1587918927.180][SEVERE]: Timed out receiving message from renderer: 0.100
[1587918927.292][SEVERE]: Timed out receiving message from renderer: 0.100
[1587918927.409][SEVERE]: Timed out receiving message from renderer: 0.100
[1587918927.518][SEVERE]: Timed out receiving message from renderer: 0.100
[1587918927.629][SEVERE]: Timed out receiving message from renderer: 0.100
[1587918927.741][SEVERE]: Timed out receiving message from renderer: 0.100
[1587918927.850][SEVERE]: Timed out receiving message from renderer: 0.100
[1587918927.959][SEVERE]: Timed out receiving message from renderer: 0.100
[1587918928.070][SEVERE]: Timed out receiving message from renderer: 0.100
[1587918928.180][SEVERE]: Timed out receiving message from renderer: 0.100
[1587918928.287][SEVERE]: Timed out receiving message from renderer: 0.100
[1587918928.396][SEVERE]: Timed out receiving message from renderer: 0.100
[1587918928.510][SEVERE]: Timed out receiving message from renderer: 0.100
[1587918928.619][SEVERE]: Timed out receiving message from renderer: 0.100
[1587918928.726][SEVERE]: Timed out receiving message from renderer: 0.100
[1587918928.833][SEVERE]: Timed out receiving message from renderer: 0.100
[1587918928.936][SEVERE]: Timed out receiving message from renderer: 0.100
[1587918929.040][SEVERE]: Timed out receiving message from renderer: 0.100
[1587918929.141][SEVERE]: Timed out receiving message from renderer: 0.100
[1587918929.246][SEVERE]: Timed out receiving message from renderer: 0.100
[1587918929.353][SEVERE]: Timed out receiving message from renderer: 0.100
[1587918929.458][SEVERE]: Timed out receiving message from renderer: 0.100
[1587918929.562][SEVERE]: Timed out receiving message from renderer: 0.100
[1587918929.668][SEVERE]: Timed out receiving message from renderer: 0.100
[1587918929.774][SEVERE]: Timed out receiving message from renderer: 0.100
[1587918929.881][SEVERE]: Timed out receiving message from renderer: 0.100
[1587918929.992][SEVERE]: Timed out receiving message from renderer: 0.100
[1587918930.098][SEVERE]: Timed out receiving message from renderer: 0.100
[1587918930.208][SEVERE]: Timed out receiving message from renderer: 0.100
[1587918930.318][SEVERE]: Timed out receiving message from renderer: 0.100
[1587918930.422][SEVERE]: Timed out receiving message from renderer: 0.100
[1587918930.525][SEVERE]: Timed out receiving message from renderer: 0.100
[1587918930.628][SEVERE]: Timed out receiving message from renderer: 0.100
[1587918930.736][SEVERE]: Timed out receiving message from renderer: 0.100
[1587918930.841][SEVERE]: Timed out receiving message from renderer: 0.100
[1587918930.954][SEVERE]: Timed out receiving message from renderer: 0.100
[1587918931.061][SEVERE]: Timed out receiving message from renderer: 0.100
[1587918931.172][SEVERE]: Timed out receiving message from renderer: 0.100
[1587918931.278][SEVERE]: Timed out receiving message from renderer: 0.100
[1587918931.385][SEVERE]: Timed out receiving message from renderer: 0.100
[1587918931.487][SEVERE]: Timed out receiving message from renderer: 0.100
[1587918931.590][SEVERE]: Timed out receiving message from renderer: 0.100
[1587918931.705][SEVERE]: Timed out receiving message from renderer: 0.100
[1587918931.808][SEVERE]: Timed out receiving message from renderer: 0.100
[1587918931.910][SEVERE]: Timed out receiving message from renderer: 0.100
[1587918932.014][SEVERE]: Timed out receiving message from renderer: 0.100
[1587918932.121][SEVERE]: Timed out receiving message from renderer: 0.100
[1587918932.229][SEVERE]: Timed out receiving message from renderer: 0.100
[1587918932.334][SEVERE]: Timed out receiving message from renderer: 0.100
[1587918932.436][SEVERE]: Timed out receiving message from renderer: 0.100
[1587918932.545][SEVERE]: Timed out receiving message from renderer: 0.100
[1587918932.654][SEVERE]: Timed out receiving message from renderer: 0.100
[1587918932.760][SEVERE]: Timed out receiving message from renderer: 0.100
[1587918932.873][SEVERE]: Timed out receiving message from renderer: 0.100
[1587918932.984][SEVERE]: Timed out receiving message from renderer: 0.100
[1587918933.091][SEVERE]: Timed out receiving message from renderer: 0.100
[1587918933.205][SEVERE]: Timed out receiving message from renderer: 0.100
[1587918933.313][SEVERE]: Timed out receiving message from renderer: 0.100
[1587918933.420][SEVERE]: Timed out receiving message from renderer: 0.100
[1587918933.525][SEVERE]: Timed out receiving message from renderer: 0.100
[1587918933.633][SEVERE]: Timed out receiving message from renderer: 0.100
[1587918933.739][SEVERE]: Timed out receiving message from renderer: 0.100
[1587918933.849][SEVERE]: Timed out receiving message from renderer: 0.100
[1587918933.955][SEVERE]: Timed out receiving message from renderer: 0.100
[1587918934.064][SEVERE]: Timed out receiving message from renderer: 0.100
[1587918934.171][SEVERE]: Timed out receiving message from renderer: 0.100
[1587918934.279][SEVERE]: Timed out receiving message from renderer: 0.100
[1587918934.384][SEVERE]: Timed out receiving message from renderer: 0.100
[1587918934.491][SEVERE]: Timed out receiving message from renderer: 0.100
[1587918934.599][SEVERE]: Timed out receiving message from renderer: 0.100
[1587918934.709][SEVERE]: Timed out receiving message from renderer: 0.100
[1587918934.816][SEVERE]: Timed out receiving message from renderer: 0.100
[1587918934.924][SEVERE]: Timed out receiving message from renderer: 0.100
[1587918935.031][SEVERE]: Timed out receiving message from renderer: 0.100
[1587918935.136][SEVERE]: Timed out receiving message from renderer: 0.100
[1587918935.243][SEVERE]: Timed out receiving message from renderer: 0.100
[1587918935.353][SEVERE]: Timed out receiving message from renderer: 0.100
[1587918935.461][SEVERE]: Timed out receiving message from renderer: 0.100
[1587918935.574][SEVERE]: Timed out receiving message from renderer: 0.100
[1587918935.686][SEVERE]: Timed out receiving message from renderer: 0.100
[1587918935.798][SEVERE]: Timed out receiving message from renderer: 0.100
[1587918935.903][SEVERE]: Timed out receiving message from renderer: 0.100
[1587918936.006][SEVERE]: Timed out receiving message from renderer: 0.100
[1587918936.110][SEVERE]: Timed out receiving message from renderer: 0.100
[1587918936.215][SEVERE]: Timed out receiving message from renderer: 0.100
[1587918936.319][SEVERE]: Timed out receiving message from renderer: 0.100
[1587918936.430][SEVERE]: Timed out receiving message from renderer: 0.100
[1587918936.535][SEVERE]: Timed out receiving message from renderer: 0.100
[1587918936.845][SEVERE]: Timed out receiving message from renderer: 0.100
[1587918936.954][SEVERE]: Timed out receiving message from renderer: 0.100
[1587918937.064][SEVERE]: Timed out receiving message from renderer: 0.100
[1587918937.172][SEVERE]: Timed out receiving message from renderer: 0.100
[1587918937.281][SEVERE]: Timed out receiving message from renderer: 0.100
[1587918937.389][SEVERE]: Timed out receiving message from renderer: 0.100
[1587918937.496][SEVERE]: Timed out receiving message from renderer: 0.100
[1587918937.606][SEVERE]: Timed out receiving message from renderer: 0.100
[1587918937.715][SEVERE]: Timed out receiving message from renderer: 0.100
[1587918937.831][SEVERE]: Timed out receiving message from renderer: 0.100
[1587918937.939][SEVERE]: Timed out receiving message from renderer: 0.100
[1587918938.052][SEVERE]: Timed out receiving message from renderer: 0.100
[1587918938.163][SEVERE]: Timed out receiving message from renderer: 0.100
[1587918938.271][SEVERE]: Timed out receiving message from renderer: 0.100
[1587918938.383][SEVERE]: Timed out receiving message from renderer: 0.100
[1587918938.491][SEVERE]: Timed out receiving message from renderer: 0.100
[1587918938.603][SEVERE]: Timed out receiving message from renderer: 0.100
[1587918938.712][SEVERE]: Timed out receiving message from renderer: 0.100
[1587918938.823][SEVERE]: Timed out receiving message from renderer: 0.100
[1587918938.933][SEVERE]: Timed out receiving message from renderer: 0.100
[1587918939.041][SEVERE]: Timed out receiving message from renderer: 0.100
[1587918939.153][SEVERE]: Timed out receiving message from renderer: 0.100
[1587918939.257][SEVERE]: Timed out receiving message from renderer: 0.100
[1587918939.363][SEVERE]: Timed out receiving message from renderer: 0.100
[1587918939.466][SEVERE]: Timed out receiving message from renderer: 0.100
[1587918939.569][SEVERE]: Timed out receiving message from renderer: 0.100
[1587918939.673][SEVERE]: Timed out receiving message from renderer: 0.100
[1587918939.777][SEVERE]: Timed out receiving message from renderer: 0.100
[1587918939.879][SEVERE]: Timed out receiving message from renderer: 0.100
[1587918939.983][SEVERE]: Timed out receiving message from renderer: 0.100
[1587918940.086][SEVERE]: Timed out receiving message from renderer: 0.100
[1587918940.194][SEVERE]: Timed out receiving message from renderer: 0.100
[1587918940.314][SEVERE]: Timed out receiving message from renderer: 0.100
[1587918940.421][SEVERE]: Timed out receiving message from renderer: 0.100
[1587918940.529][SEVERE]: Timed out receiving message from renderer: 0.100
[1587918940.640][SEVERE]: Timed out receiving message from renderer: 0.100
[1587918940.744][SEVERE]: Timed out receiving message from renderer: 0.100
[1587918940.862][SEVERE]: Timed out receiving message from renderer: 0.100
[1587918940.970][SEVERE]: Timed out receiving message from renderer: 0.100
[1587918941.092][SEVERE]: Timed out receiving message from renderer: 0.100
[1587918941.203][SEVERE]: Timed out receiving message from renderer: 0.100
[1587918941.318][SEVERE]: Timed out receiving message from renderer: 0.100
[1587918941.423][SEVERE]: Timed out receiving message from renderer: 0.100
[1587918941.527][SEVERE]: Timed out receiving message from renderer: 0.100
[1587918941.643][SEVERE]: Timed out receiving message from renderer: 0.100
[1587918941.751][SEVERE]: Timed out receiving message from renderer: 0.100
[1587918941.858][SEVERE]: Timed out receiving message from renderer: 0.100
[1587918942.012][SEVERE]: Timed out receiving message from renderer: 0.100
[1587918942.279][SEVERE]: Timed out receiving message from renderer: 0.100
[1587918942.383][SEVERE]: Timed out receiving message from renderer: 0.100
[1587918942.492][SEVERE]: Timed out receiving message from renderer: 0.100
[1587918942.601][SEVERE]: Timed out receiving message from renderer: 0.100
[1587918942.709][SEVERE]: Timed out receiving message from renderer: 0.100
[1587918942.818][SEVERE]: Timed out receiving message from renderer: 0.100
[1587918942.932][SEVERE]: Timed out receiving message from renderer: 0.100
[1587918943.044][SEVERE]: Timed out receiving message from renderer: 0.100
[1587918943.159][SEVERE]: Timed out receiving message from renderer: 0.100
[1587918943.270][SEVERE]: Timed out receiving message from renderer: 0.100
[1587918943.378][SEVERE]: Timed out receiving message from renderer: 0.100
[1587918943.491][SEVERE]: Timed out receiving message from renderer: 0.100
[1587918943.609][SEVERE]: Timed out receiving message from renderer: 0.100
[1587918943.717][SEVERE]: Timed out receiving message from renderer: 0.100
[1587918943.827][SEVERE]: Timed out receiving message from renderer: 0.100
[1587918943.942][SEVERE]: Timed out receiving message from renderer: 0.100
[1587918944.050][SEVERE]: Timed out receiving message from renderer: 0.100
[1587918944.159][SEVERE]: Timed out receiving message from renderer: 0.100
[1587918944.267][SEVERE]: Timed out receiving message from renderer: 0.100
[1587918944.374][SEVERE]: Timed out receiving message from renderer: 0.100
[1587918944.484][SEVERE]: Timed out receiving message from renderer: 0.100
[1587918944.627][SEVERE]: Timed out receiving message from renderer: 0.100
[1587918944.736][SEVERE]: Timed out receiving message from renderer: 0.100
[1587918944.842][SEVERE]: Timed out receiving message from renderer: 0.100
[1587918944.951][SEVERE]: Timed out receiving message from renderer: 0.100
[1587918945.074][SEVERE]: Timed out receiving message from renderer: 0.100
[1587918945.182][SEVERE]: Timed out receiving message from renderer: 0.100
[1587918945.470][SEVERE]: Timed out receiving message from renderer: 0.100
[1587918945.572][SEVERE]: Timed out receiving message from renderer: 0.100
[1587918945.681][SEVERE]: Timed out receiving message from renderer: 0.100
[1587918945.794][SEVERE]: Timed out receiving message from renderer: 0.100
[1587918945.943][SEVERE]: Timed out receiving message from renderer: 0.100
[1587918946.052][SEVERE]: Timed out receiving message from renderer: 0.100
[1587918946.169][SEVERE]: Timed out receiving message from renderer: 0.100
[1587918946.276][SEVERE]: Timed out receiving message from renderer: 0.100
[1587918946.390][SEVERE]: Timed out receiving message from renderer: 0.100
[1587918946.498][SEVERE]: Timed out receiving message from renderer: 0.100
[1587918946.605][SEVERE]: Timed out receiving message from renderer: 0.100
[1587918946.714][SEVERE]: Timed out receiving message from renderer: 0.100
[1587918946.825][SEVERE]: Timed out receiving message from renderer: 0.100
[1587918946.954][SEVERE]: Timed out receiving message from renderer: 0.100
[1587918947.062][SEVERE]: Timed out receiving message from renderer: 0.100
[1587918947.172][SEVERE]: Timed out receiving message from renderer: 0.100
[1587918947.278][SEVERE]: Timed out receiving message from renderer: 0.100
[1587918947.385][SEVERE]: Timed out receiving message from renderer: 0.100
[1587918947.492][SEVERE]: Timed out receiving message from renderer: 0.100
[1587918947.601][SEVERE]: Timed out receiving message from renderer: 0.100
[1587918947.711][SEVERE]: Timed out receiving message from renderer: 0.100
[1587918947.822][SEVERE]: Timed out receiving message from renderer: 0.100
[1587918947.943][SEVERE]: Timed out receiving message from renderer: 0.100
[1587918948.072][SEVERE]: Timed out receiving message from renderer: 0.100
[1587918948.179][SEVERE]: Timed out receiving message from renderer: 0.100
[1587918948.288][SEVERE]: Timed out receiving message from renderer: 0.100
[1587918948.397][SEVERE]: Timed out receiving message from renderer: 0.100
[1587918948.506][SEVERE]: Timed out receiving message from renderer: 0.100
[1587918948.641][SEVERE]: Timed out receiving message from renderer: 0.100
[1587918948.754][SEVERE]: Timed out receiving message from renderer: 0.100
[1587918948.869][SEVERE]: Timed out receiving message from renderer: 0.100
[1587918984.772][SEVERE]: Timed out receiving message from renderer: 0.100
[1587918984.876][SEVERE]: Timed out receiving message from renderer: 0.100
[1587918984.981][SEVERE]: Timed out receiving message from renderer: 0.100
[1587918985.092][SEVERE]: Timed out receiving message from renderer: 0.100
[1587918985.205][SEVERE]: Timed out receiving message from renderer: 0.100
[1587918985.313][SEVERE]: Timed out receiving message from renderer: 0.100
[1587918985.419][SEVERE]: Timed out receiving message from renderer: 0.100
[1587918985.529][SEVERE]: Timed out receiving message from renderer: 0.100
[1587918985.657][SEVERE]: Timed out receiving message from renderer: 0.100
[1587918985.765][SEVERE]: Timed out receiving message from renderer: 0.100
[1587918985.875][SEVERE]: Timed out receiving message from renderer: 0.100
[1587918985.983][SEVERE]: Timed out receiving message from renderer: 0.100
[1587918986.090][SEVERE]: Timed out receiving message from renderer: 0.100
[1587918986.202][SEVERE]: Timed out receiving message from renderer: 0.100
[1587918986.310][SEVERE]: Timed out receiving message from renderer: 0.100
[1587918986.417][SEVERE]: Timed out receiving message from renderer: 0.100
[1587918986.524][SEVERE]: Timed out receiving message from renderer: 0.100
[1587918986.631][SEVERE]: Timed out receiving message from renderer: 0.100
[1587918986.741][SEVERE]: Timed out receiving message from renderer: 0.100
[1587918986.935][SEVERE]: Timed out receiving message from renderer: 0.100
[1587918987.049][SEVERE]: Timed out receiving message from renderer: 0.100
[1587918987.159][SEVERE]: Timed out receiving message from renderer: 0.100
[1587918987.265][SEVERE]: Timed out receiving message from renderer: 0.100
[1587918987.372][SEVERE]: Timed out receiving message from renderer: 0.100
[1587918987.480][SEVERE]: Timed out receiving message from renderer: 0.100
[1587918987.589][SEVERE]: Timed out receiving message from renderer: 0.100
[1587918987.700][SEVERE]: Timed out receiving message from renderer: 0.100
[1587918987.811][SEVERE]: Timed out receiving message from renderer: 0.100
[1587918987.924][SEVERE]: Timed out receiving message from renderer: 0.100
[1587918988.033][SEVERE]: Timed out receiving message from renderer: 0.100
[1587918988.143][SEVERE]: Timed out receiving message from renderer: 0.100
[1587918988.250][SEVERE]: Timed out receiving message from renderer: 0.100
[1587918988.355][SEVERE]: Timed out receiving message from renderer: 0.100
[1587918988.457][SEVERE]: Timed out receiving message from renderer: 0.100
[1587918988.560][SEVERE]: Timed out receiving message from renderer: 0.100
[1587918988.663][SEVERE]: Timed out receiving message from renderer: 0.100
[1587918988.765][SEVERE]: Timed out receiving message from renderer: 0.100
[1587918988.869][SEVERE]: Timed out receiving message from renderer: 0.100
[1587918988.973][SEVERE]: Timed out receiving message from renderer: 0.100
[1587918989.075][SEVERE]: Timed out receiving message from renderer: 0.100
[1587918989.178][SEVERE]: Timed out receiving message from renderer: 0.100
[1587918989.283][SEVERE]: Timed out receiving message from renderer: 0.100
[1587918989.390][SEVERE]: Timed out receiving message from renderer: 0.100
[1587918989.496][SEVERE]: Timed out receiving message from renderer: 0.100
[1587918989.599][SEVERE]: Timed out receiving message from renderer: 0.100
[1587918989.709][SEVERE]: Timed out receiving message from renderer: 0.100
[1587918989.814][SEVERE]: Timed out receiving message from renderer: 0.100
[1587918989.921][SEVERE]: Timed out receiving message from renderer: 0.100
[1587918990.028][SEVERE]: Timed out receiving message from renderer: 0.100
[1587918990.136][SEVERE]: Timed out receiving message from renderer: 0.100
[1587918990.248][SEVERE]: Timed out receiving message from renderer: 0.100
[1587918990.367][SEVERE]: Timed out receiving message from renderer: 0.100
[1587918990.470][SEVERE]: Timed out receiving message from renderer: 0.100
[1587918990.575][SEVERE]: Timed out receiving message from renderer: 0.100
[1587918990.685][SEVERE]: Timed out receiving message from renderer: 0.100
[1587918990.792][SEVERE]: Timed out receiving message from renderer: 0.100
[1587918990.902][SEVERE]: Timed out receiving message from renderer: 0.100
[1587918991.021][SEVERE]: Timed out receiving message from renderer: 0.100
[1587918991.138][SEVERE]: Timed out receiving message from renderer: 0.100
[1587918991.248][SEVERE]: Timed out receiving message from renderer: 0.100
[1587918991.353][SEVERE]: Timed out receiving message from renderer: 0.100
[1587918991.455][SEVERE]: Timed out receiving message from renderer: 0.100
[1587918991.617][SEVERE]: Timed out receiving message from renderer: 0.100
[1587918991.723][SEVERE]: Timed out receiving message from renderer: 0.100
[1587918991.851][SEVERE]: Timed out receiving message from renderer: 0.100
[1587918991.959][SEVERE]: Timed out receiving message from renderer: 0.100
[1587918992.066][SEVERE]: Timed out receiving message from renderer: 0.100
[1587918992.174][SEVERE]: Timed out receiving message from renderer: 0.100
[1587918992.282][SEVERE]: Timed out receiving message from renderer: 0.100
[1587918992.390][SEVERE]: Timed out receiving message from renderer: 0.100
[1587918992.499][SEVERE]: Timed out receiving message from renderer: 0.100
[1587918992.606][SEVERE]: Timed out receiving message from renderer: 0.100
[1587918992.712][SEVERE]: Timed out receiving message from renderer: 0.100
[1587918992.820][SEVERE]: Timed out receiving message from renderer: 0.100
[1587918992.927][SEVERE]: Timed out receiving message from renderer: 0.100
[1587918993.033][SEVERE]: Timed out receiving message from renderer: 0.100
[1587918993.550][SEVERE]: Timed out receiving message from renderer: 0.100
[1587918993.656][SEVERE]: Timed out receiving message from renderer: 0.100
[1587918993.765][SEVERE]: Timed out receiving message from renderer: 0.100
[1587918993.874][SEVERE]: Timed out receiving message from renderer: 0.100
[1587918993.995][SEVERE]: Timed out receiving message from renderer: 0.100
[1587918994.103][SEVERE]: Timed out receiving message from renderer: 0.100
[1587918994.209][SEVERE]: Timed out receiving message from renderer: 0.100
[1587918994.423][SEVERE]: Timed out receiving message from renderer: 0.100
[1587918994.529][SEVERE]: Timed out receiving message from renderer: 0.100
[1587918994.671][SEVERE]: Timed out receiving message from renderer: 0.100
[1587918994.785][SEVERE]: Timed out receiving message from renderer: 0.100
[1587918995.049][SEVERE]: Timed out receiving message from renderer: 0.100
[1587918995.160][SEVERE]: Timed out receiving message from renderer: 0.100
[1587918995.273][SEVERE]: Timed out receiving message from renderer: 0.100
[1587918995.379][SEVERE]: Timed out receiving message from renderer: 0.100
[1587918995.488][SEVERE]: Timed out receiving message from renderer: 0.100
[1587918995.605][SEVERE]: Timed out receiving message from renderer: 0.100
[1587918996.170][SEVERE]: Timed out receiving message from renderer: 0.100
[1587918996.283][SEVERE]: Timed out receiving message from renderer: 0.100
[1587918996.389][SEVERE]: Timed out receiving message from renderer: 0.100
[1587918996.494][SEVERE]: Timed out receiving message from renderer: 0.100
[1587918996.596][SEVERE]: Timed out receiving message from renderer: 0.100
[1587918996.704][SEVERE]: Timed out receiving message from renderer: 0.100
[1587918996.835][SEVERE]: Timed out receiving message from renderer: 0.100
[1587918996.938][SEVERE]: Timed out receiving message from renderer: 0.100
[1587918997.054][SEVERE]: Timed out receiving message from renderer: 0.100
[1587918997.162][SEVERE]: Timed out receiving message from renderer: 0.100
[1587918997.296][SEVERE]: Timed out receiving message from renderer: 0.100
[1587919015.332][SEVERE]: Timed out receiving message from renderer: 0.100
[1587919015.434][SEVERE]: Timed out receiving message from renderer: 0.100
[1587919015.539][SEVERE]: Timed out receiving message from renderer: 0.100
[1587919015.650][SEVERE]: Timed out receiving message from renderer: 0.100
[1587919015.760][SEVERE]: Timed out receiving message from renderer: 0.100
[1587919015.867][SEVERE]: Timed out receiving message from renderer: 0.100
[1587919015.973][SEVERE]: Timed out receiving message from renderer: 0.100
[1587919016.102][SEVERE]: Timed out receiving message from renderer: 0.100
[1587919016.215][SEVERE]: Timed out receiving message from renderer: 0.100
[1587919016.321][SEVERE]: Timed out receiving message from renderer: 0.100
[1587919016.431][SEVERE]: Timed out receiving message from renderer: 0.100
[1587919016.547][SEVERE]: Timed out receiving message from renderer: 0.100
[1587919016.653][SEVERE]: Timed out receiving message from renderer: 0.100
[1587919016.768][SEVERE]: Timed out receiving message from renderer: 0.100
[1587919016.951][SEVERE]: Timed out receiving message from renderer: 0.100
[1587919017.054][SEVERE]: Timed out receiving message from renderer: 0.100
[1587919017.163][SEVERE]: Timed out receiving message from renderer: 0.100
[1587919017.270][SEVERE]: Timed out receiving message from renderer: 0.100
[1587919017.375][SEVERE]: Timed out receiving message from renderer: 0.100
[1587919017.484][SEVERE]: Timed out receiving message from renderer: 0.100
[1587919017.598][SEVERE]: Timed out receiving message from renderer: 0.100
[1587919017.719][SEVERE]: Timed out receiving message from renderer: 0.100
[1587919017.835][SEVERE]: Timed out receiving message from renderer: 0.100
[1587919017.947][SEVERE]: Timed out receiving message from renderer: 0.100
[1587919018.053][SEVERE]: Timed out receiving message from renderer: 0.100
[1587919018.161][SEVERE]: Timed out receiving message from renderer: 0.100
[1587919018.269][SEVERE]: Timed out receiving message from renderer: 0.100
[1587919018.372][SEVERE]: Timed out receiving message from renderer: 0.100
[1587919018.482][SEVERE]: Timed out receiving message from renderer: 0.100
[1587919018.589][SEVERE]: Timed out receiving message from renderer: 0.100
[1587919018.697][SEVERE]: Timed out receiving message from renderer: 0.100
[1587919018.809][SEVERE]: Timed out receiving message from renderer: 0.100
[1587919018.919][SEVERE]: Timed out receiving message from renderer: 0.100
[1587919019.032][SEVERE]: Timed out receiving message from renderer: 0.100
[1587919019.138][SEVERE]: Timed out receiving message from renderer: 0.100
[1587919019.251][SEVERE]: Timed out receiving message from renderer: 0.100
[1587919019.364][SEVERE]: Timed out receiving message from renderer: 0.100
[1587919019.470][SEVERE]: Timed out receiving message from renderer: 0.100
[1587919019.579][SEVERE]: Timed out receiving message from renderer: 0.100
[1587919019.684][SEVERE]: Timed out receiving message from renderer: 0.100
[1587919019.788][SEVERE]: Timed out receiving message from renderer: 0.100
[1587919019.896][SEVERE]: Timed out receiving message from renderer: 0.100
[1587919020.004][SEVERE]: Timed out receiving message from renderer: 0.100
[1587919020.143][SEVERE]: Timed out receiving message from renderer: 0.100
[1587919020.248][SEVERE]: Timed out receiving message from renderer: 0.100
[1587919020.353][SEVERE]: Timed out receiving message from renderer: 0.100
[1587919020.458][SEVERE]: Timed out receiving message from renderer: 0.100
[1587919020.573][SEVERE]: Timed out receiving message from renderer: 0.100
[1587919020.681][SEVERE]: Timed out receiving message from renderer: 0.100
[1587919020.788][SEVERE]: Timed out receiving message from renderer: 0.100
[1587919020.902][SEVERE]: Timed out receiving message from renderer: 0.100
[1587919021.025][SEVERE]: Timed out receiving message from renderer: 0.100
[1587919021.131][SEVERE]: Timed out receiving message from renderer: 0.100
[1587919021.259][SEVERE]: Timed out receiving message from renderer: 0.100
[1587919021.377][SEVERE]: Timed out receiving message from renderer: 0.100
[1587919021.483][SEVERE]: Timed out receiving message from renderer: 0.100
[1587919021.589][SEVERE]: Timed out receiving message from renderer: 0.100
[1587919021.698][SEVERE]: Timed out receiving message from renderer: 0.100
[1587919021.808][SEVERE]: Timed out receiving message from renderer: 0.100
[1587919021.921][SEVERE]: Timed out receiving message from renderer: 0.100
[1587919022.032][SEVERE]: Timed out receiving message from renderer: 0.100
[1587919022.140][SEVERE]: Timed out receiving message from renderer: 0.100
[1587919022.263][SEVERE]: Timed out receiving message from renderer: 0.100
[1587919022.375][SEVERE]: Timed out receiving message from renderer: 0.100
[1587919022.481][SEVERE]: Timed out receiving message from renderer: 0.100
[1587919022.590][SEVERE]: Timed out receiving message from renderer: 0.100
[1587919022.697][SEVERE]: Timed out receiving message from renderer: 0.100
[1587919022.807][SEVERE]: Timed out receiving message from renderer: 0.100
[1587919022.914][SEVERE]: Timed out receiving message from renderer: 0.100
[1587919023.028][SEVERE]: Timed out receiving message from renderer: 0.100
[1587919023.133][SEVERE]: Timed out receiving message from renderer: 0.100
[1587919023.241][SEVERE]: Timed out receiving message from renderer: 0.100
[1587919023.343][SEVERE]: Timed out receiving message from renderer: 0.100
[1587919023.447][SEVERE]: Timed out receiving message from renderer: 0.100
[1587919023.549][SEVERE]: Timed out receiving message from renderer: 0.100
[1587919023.655][SEVERE]: Timed out receiving message from renderer: 0.100
[1587919023.757][SEVERE]: Timed out receiving message from renderer: 0.100
[1587919023.859][SEVERE]: Timed out receiving message from renderer: 0.100
[1587919023.962][SEVERE]: Timed out receiving message from renderer: 0.100
[1587919024.065][SEVERE]: Timed out receiving message from renderer: 0.100
[1587919024.182][SEVERE]: Timed out receiving message from renderer: 0.100
[1587919024.289][SEVERE]: Timed out receiving message from renderer: 0.100
[1587919024.399][SEVERE]: Timed out receiving message from renderer: 0.100
[1587919024.512][SEVERE]: Timed out receiving message from renderer: 0.100
[1587919024.621][SEVERE]: Timed out receiving message from renderer: 0.100
[1587919024.731][SEVERE]: Timed out receiving message from renderer: 0.100
[1587919024.844][SEVERE]: Timed out receiving message from renderer: 0.100
[1587919024.954][SEVERE]: Timed out receiving message from renderer: 0.100
[1587919025.067][SEVERE]: Timed out receiving message from renderer: 0.100
[1587919025.182][SEVERE]: Timed out receiving message from renderer: 0.100
[1587919025.297][SEVERE]: Timed out receiving message from renderer: 0.100
[1587919026.963][SEVERE]: Timed out receiving message from renderer: 0.100
[1587919027.208][SEVERE]: Timed out receiving message from renderer: 0.100
[1587919028.042][SEVERE]: Timed out receiving message from renderer: 0.100
[1587919028.151][SEVERE]: Timed out receiving message from renderer: 0.100
]]></system-err>
</testsuite>
