<?xml version="1.0" encoding="UTF-8"?>
<testsuite name="com.qa.trello.tests.tests.TeamCreationTests" tests="3" skipped="0" failures="0" errors="0" timestamp="2020-05-18T19:48:05" hostname="DESKTOP-NPA4CH3" time="238.867">
  <properties/>
  <testcase name="testTeamCreation[0](kkkkkkkk, [data-test-id*=engineering-it])" classname="com.qa.trello.tests.tests.TeamCreationTests" time="152.408"/>
  <testcase name="testTeamCreation[1](1, [data-test-id*=engineering-it])" classname="com.qa.trello.tests.tests.TeamCreationTests" time="41.589"/>
  <testcase name="testTeamCreation[2](awsx okpopllk-ghjk, [data-test-id*=sales])" classname="com.qa.trello.tests.tests.TeamCreationTests" time="44.855"/>
  <system-out><![CDATA[22:48:05.623 [Test worker] INFO  com.qa.trello.tests.tests.TestBase - Start test testTeamCreation with parametrs [kkkkkkkk, [data-test-id*=engineering-it]]
was: 37 now:38
22:50:38.044 [Test worker] INFO  com.qa.trello.tests.tests.TestBase - Stop test testTeamCreation
22:50:38.045 [Test worker] INFO  com.qa.trello.tests.tests.TestBase - Start test testTeamCreation with parametrs [1, [data-test-id*=engineering-it]]
was: 38 now:39
22:51:19.636 [Test worker] INFO  com.qa.trello.tests.tests.TestBase - Stop test testTeamCreation
22:51:19.638 [Test worker] INFO  com.qa.trello.tests.tests.TestBase - Start test testTeamCreation with parametrs [awsx okpopllk-ghjk, [data-test-id*=sales]]
was: 39 now:40
22:52:04.498 [Test worker] INFO  com.qa.trello.tests.tests.TestBase - Stop test testTeamCreation
]]></system-out>
  <system-err><![CDATA[[1589831305.755][SEVERE]: Timed out receiving message from renderer: 0.100
[1589831305.857][SEVERE]: Timed out receiving message from renderer: 0.100
[1589831305.964][SEVERE]: Timed out receiving message from renderer: 0.100
[1589831306.080][SEVERE]: Timed out receiving message from renderer: 0.100
[1589831306.183][SEVERE]: Timed out receiving message from renderer: 0.100
[1589831306.287][SEVERE]: Timed out receiving message from renderer: 0.100
[1589831306.398][SEVERE]: Timed out receiving message from renderer: 0.100
[1589831306.523][SEVERE]: Timed out receiving message from renderer: 0.100
[1589831306.624][SEVERE]: Timed out receiving message from renderer: 0.100
[1589831306.729][SEVERE]: Timed out receiving message from renderer: 0.100
[1589831306.831][SEVERE]: Timed out receiving message from renderer: 0.100
[1589831306.944][SEVERE]: Timed out receiving message from renderer: 0.100
[1589831307.046][SEVERE]: Timed out receiving message from renderer: 0.100
[1589831307.153][SEVERE]: Timed out receiving message from renderer: 0.100
[1589831307.262][SEVERE]: Timed out receiving message from renderer: 0.100
[1589831307.370][SEVERE]: Timed out receiving message from renderer: 0.100
[1589831307.479][SEVERE]: Timed out receiving message from renderer: 0.100
[1589831307.581][SEVERE]: Timed out receiving message from renderer: 0.100
[1589831307.696][SEVERE]: Timed out receiving message from renderer: 0.100
[1589831307.808][SEVERE]: Timed out receiving message from renderer: 0.100
[1589831307.909][SEVERE]: Timed out receiving message from renderer: 0.100
[1589831308.011][SEVERE]: Timed out receiving message from renderer: 0.100
[1589831308.127][SEVERE]: Timed out receiving message from renderer: 0.100
[1589831308.229][SEVERE]: Timed out receiving message from renderer: 0.100
[1589831308.332][SEVERE]: Timed out receiving message from renderer: 0.100
[1589831308.437][SEVERE]: Timed out receiving message from renderer: 0.100
[1589831308.540][SEVERE]: Timed out receiving message from renderer: 0.100
[1589831308.644][SEVERE]: Timed out receiving message from renderer: 0.100
[1589831308.747][SEVERE]: Timed out receiving message from renderer: 0.100
[1589831308.855][SEVERE]: Timed out receiving message from renderer: 0.100
[1589831308.969][SEVERE]: Timed out receiving message from renderer: 0.100
[1589831309.075][SEVERE]: Timed out receiving message from renderer: 0.100
[1589831309.176][SEVERE]: Timed out receiving message from renderer: 0.100
[1589831309.284][SEVERE]: Timed out receiving message from renderer: 0.100
[1589831309.392][SEVERE]: Timed out receiving message from renderer: 0.100
[1589831309.503][SEVERE]: Timed out receiving message from renderer: 0.100
[1589831309.608][SEVERE]: Timed out receiving message from renderer: 0.100
[1589831309.713][SEVERE]: Timed out receiving message from renderer: 0.100
[1589831309.821][SEVERE]: Timed out receiving message from renderer: 0.100
[1589831309.927][SEVERE]: Timed out receiving message from renderer: 0.100
[1589831310.029][SEVERE]: Timed out receiving message from renderer: 0.100
[1589831310.134][SEVERE]: Timed out receiving message from renderer: 0.100
[1589831310.241][SEVERE]: Timed out receiving message from renderer: 0.100
[1589831310.347][SEVERE]: Timed out receiving message from renderer: 0.100
[1589831310.450][SEVERE]: Timed out receiving message from renderer: 0.100
[1589831310.556][SEVERE]: Timed out receiving message from renderer: 0.100
[1589831310.661][SEVERE]: Timed out receiving message from renderer: 0.100
[1589831310.770][SEVERE]: Timed out receiving message from renderer: 0.100
[1589831310.871][SEVERE]: Timed out receiving message from renderer: 0.100
[1589831310.976][SEVERE]: Timed out receiving message from renderer: 0.100
[1589831311.091][SEVERE]: Timed out receiving message from renderer: 0.100
[1589831311.207][SEVERE]: Timed out receiving message from renderer: 0.100
[1589831311.309][SEVERE]: Timed out receiving message from renderer: 0.100
[1589831311.420][SEVERE]: Timed out receiving message from renderer: 0.100
[1589831311.524][SEVERE]: Timed out receiving message from renderer: 0.100
[1589831311.627][SEVERE]: Timed out receiving message from renderer: 0.100
[1589831311.729][SEVERE]: Timed out receiving message from renderer: 0.100
[1589831311.839][SEVERE]: Timed out receiving message from renderer: 0.100
[1589831311.952][SEVERE]: Timed out receiving message from renderer: 0.100
[1589831312.059][SEVERE]: Timed out receiving message from renderer: 0.100
[1589831312.163][SEVERE]: Timed out receiving message from renderer: 0.100
[1589831312.273][SEVERE]: Timed out receiving message from renderer: 0.100
[1589831312.379][SEVERE]: Timed out receiving message from renderer: 0.100
[1589831312.486][SEVERE]: Timed out receiving message from renderer: 0.100
[1589831312.589][SEVERE]: Timed out receiving message from renderer: 0.100
[1589831312.702][SEVERE]: Timed out receiving message from renderer: 0.100
[1589831312.810][SEVERE]: Timed out receiving message from renderer: 0.100
[1589831312.912][SEVERE]: Timed out receiving message from renderer: 0.100
[1589831313.018][SEVERE]: Timed out receiving message from renderer: 0.100
[1589831313.125][SEVERE]: Timed out receiving message from renderer: 0.100
[1589831313.236][SEVERE]: Timed out receiving message from renderer: 0.100
[1589831313.337][SEVERE]: Timed out receiving message from renderer: 0.100
[1589831313.442][SEVERE]: Timed out receiving message from renderer: 0.100
[1589831313.550][SEVERE]: Timed out receiving message from renderer: 0.100
[1589831313.654][SEVERE]: Timed out receiving message from renderer: 0.100
[1589831313.759][SEVERE]: Timed out receiving message from renderer: 0.100
[1589831313.863][SEVERE]: Timed out receiving message from renderer: 0.100
[1589831313.967][SEVERE]: Timed out receiving message from renderer: 0.100
[1589831314.075][SEVERE]: Timed out receiving message from renderer: 0.100
[1589831314.179][SEVERE]: Timed out receiving message from renderer: 0.100
[1589831314.282][SEVERE]: Timed out receiving message from renderer: 0.100
[1589831314.389][SEVERE]: Timed out receiving message from renderer: 0.100
[1589831314.499][SEVERE]: Timed out receiving message from renderer: 0.100
[1589831314.607][SEVERE]: Timed out receiving message from renderer: 0.100
[1589831314.721][SEVERE]: Timed out receiving message from renderer: 0.100
[1589831314.825][SEVERE]: Timed out receiving message from renderer: 0.100
[1589831314.934][SEVERE]: Timed out receiving message from renderer: 0.100
[1589831315.035][SEVERE]: Timed out receiving message from renderer: 0.100
[1589831315.139][SEVERE]: Timed out receiving message from renderer: 0.100
[1589831315.243][SEVERE]: Timed out receiving message from renderer: 0.100
[1589831315.353][SEVERE]: Timed out receiving message from renderer: 0.100
[1589831315.487][SEVERE]: Timed out receiving message from renderer: 0.100
[1589831315.589][SEVERE]: Timed out receiving message from renderer: 0.100
[1589831315.704][SEVERE]: Timed out receiving message from renderer: 0.100
[1589831315.813][SEVERE]: Timed out receiving message from renderer: 0.100
[1589831315.915][SEVERE]: Timed out receiving message from renderer: 0.100
[1589831316.017][SEVERE]: Timed out receiving message from renderer: 0.100
[1589831316.127][SEVERE]: Timed out receiving message from renderer: 0.100
[1589831316.237][SEVERE]: Timed out receiving message from renderer: 0.100
[1589831316.338][SEVERE]: Timed out receiving message from renderer: 0.100
[1589831316.440][SEVERE]: Timed out receiving message from renderer: 0.100
[1589831316.553][SEVERE]: Timed out receiving message from renderer: 0.100
[1589831316.671][SEVERE]: Timed out receiving message from renderer: 0.100
[1589831316.791][SEVERE]: Timed out receiving message from renderer: 0.100
[1589831316.904][SEVERE]: Timed out receiving message from renderer: 0.100
[1589831317.009][SEVERE]: Timed out receiving message from renderer: 0.100
[1589831317.113][SEVERE]: Timed out receiving message from renderer: 0.100
[1589831317.214][SEVERE]: Timed out receiving message from renderer: 0.100
[1589831317.321][SEVERE]: Timed out receiving message from renderer: 0.100
[1589831317.428][SEVERE]: Timed out receiving message from renderer: 0.100
[1589831317.536][SEVERE]: Timed out receiving message from renderer: 0.100
[1589831317.638][SEVERE]: Timed out receiving message from renderer: 0.100
[1589831317.747][SEVERE]: Timed out receiving message from renderer: 0.100
[1589831317.853][SEVERE]: Timed out receiving message from renderer: 0.100
[1589831317.963][SEVERE]: Timed out receiving message from renderer: 0.100
[1589831318.073][SEVERE]: Timed out receiving message from renderer: 0.100
[1589831318.175][SEVERE]: Timed out receiving message from renderer: 0.100
[1589831318.281][SEVERE]: Timed out receiving message from renderer: 0.100
[1589831318.386][SEVERE]: Timed out receiving message from renderer: 0.100
[1589831318.502][SEVERE]: Timed out receiving message from renderer: 0.100
[1589831318.604][SEVERE]: Timed out receiving message from renderer: 0.100
[1589831318.715][SEVERE]: Timed out receiving message from renderer: 0.100
[1589831318.821][SEVERE]: Timed out receiving message from renderer: 0.100
[1589831318.929][SEVERE]: Timed out receiving message from renderer: 0.100
[1589831319.033][SEVERE]: Timed out receiving message from renderer: 0.100
[1589831319.135][SEVERE]: Timed out receiving message from renderer: 0.100
[1589831319.247][SEVERE]: Timed out receiving message from renderer: 0.100
[1589831319.350][SEVERE]: Timed out receiving message from renderer: 0.100
[1589831319.464][SEVERE]: Timed out receiving message from renderer: 0.100
[1589831319.593][SEVERE]: Timed out receiving message from renderer: 0.100
[1589831319.702][SEVERE]: Timed out receiving message from renderer: 0.100
[1589831319.807][SEVERE]: Timed out receiving message from renderer: 0.100
[1589831319.911][SEVERE]: Timed out receiving message from renderer: 0.100
[1589831320.017][SEVERE]: Timed out receiving message from renderer: 0.100
[1589831320.133][SEVERE]: Timed out receiving message from renderer: 0.100
[1589831320.235][SEVERE]: Timed out receiving message from renderer: 0.100
[1589831320.342][SEVERE]: Timed out receiving message from renderer: 0.100
[1589831320.450][SEVERE]: Timed out receiving message from renderer: 0.100
[1589831320.552][SEVERE]: Timed out receiving message from renderer: 0.100
[1589831320.657][SEVERE]: Timed out receiving message from renderer: 0.100
[1589831320.762][SEVERE]: Timed out receiving message from renderer: 0.100
[1589831320.865][SEVERE]: Timed out receiving message from renderer: 0.100
[1589831320.967][SEVERE]: Timed out receiving message from renderer: 0.100
[1589831321.069][SEVERE]: Timed out receiving message from renderer: 0.100
[1589831321.176][SEVERE]: Timed out receiving message from renderer: 0.100
[1589831321.282][SEVERE]: Timed out receiving message from renderer: 0.100
[1589831321.390][SEVERE]: Timed out receiving message from renderer: 0.100
[1589831321.497][SEVERE]: Timed out receiving message from renderer: 0.100
[1589831321.601][SEVERE]: Timed out receiving message from renderer: 0.100
[1589831321.707][SEVERE]: Timed out receiving message from renderer: 0.100
[1589831321.813][SEVERE]: Timed out receiving message from renderer: 0.100
[1589831321.915][SEVERE]: Timed out receiving message from renderer: 0.100
[1589831322.024][SEVERE]: Timed out receiving message from renderer: 0.100
[1589831322.128][SEVERE]: Timed out receiving message from renderer: 0.100
[1589831322.232][SEVERE]: Timed out receiving message from renderer: 0.100
[1589831322.335][SEVERE]: Timed out receiving message from renderer: 0.100
[1589831322.448][SEVERE]: Timed out receiving message from renderer: 0.100
[1589831322.628][SEVERE]: Timed out receiving message from renderer: 0.100
[1589831322.733][SEVERE]: Timed out receiving message from renderer: 0.100
[1589831322.841][SEVERE]: Timed out receiving message from renderer: 0.100
[1589831322.946][SEVERE]: Timed out receiving message from renderer: 0.100
[1589831323.051][SEVERE]: Timed out receiving message from renderer: 0.100
[1589831323.154][SEVERE]: Timed out receiving message from renderer: 0.100
[1589831323.260][SEVERE]: Timed out receiving message from renderer: 0.100
[1589831323.365][SEVERE]: Timed out receiving message from renderer: 0.100
[1589831323.470][SEVERE]: Timed out receiving message from renderer: 0.100
[1589831323.619][SEVERE]: Timed out receiving message from renderer: 0.100
[1589831323.727][SEVERE]: Timed out receiving message from renderer: 0.100
[1589831323.832][SEVERE]: Timed out receiving message from renderer: 0.100
[1589831323.942][SEVERE]: Timed out receiving message from renderer: 0.100
[1589831324.043][SEVERE]: Timed out receiving message from renderer: 0.100
[1589831324.146][SEVERE]: Timed out receiving message from renderer: 0.100
[1589831324.249][SEVERE]: Timed out receiving message from renderer: 0.100
[1589831324.361][SEVERE]: Timed out receiving message from renderer: 0.100
[1589831324.463][SEVERE]: Timed out receiving message from renderer: 0.100
[1589831324.570][SEVERE]: Timed out receiving message from renderer: 0.100
[1589831324.674][SEVERE]: Timed out receiving message from renderer: 0.100
[1589831324.783][SEVERE]: Timed out receiving message from renderer: 0.100
[1589831324.886][SEVERE]: Timed out receiving message from renderer: 0.100
[1589831324.994][SEVERE]: Timed out receiving message from renderer: 0.100
[1589831325.100][SEVERE]: Timed out receiving message from renderer: 0.100
[1589831325.205][SEVERE]: Timed out receiving message from renderer: 0.100
[1589831325.307][SEVERE]: Timed out receiving message from renderer: 0.100
[1589831325.410][SEVERE]: Timed out receiving message from renderer: 0.100
[1589831325.519][SEVERE]: Timed out receiving message from renderer: 0.100
[1589831325.630][SEVERE]: Timed out receiving message from renderer: 0.100
[1589831325.737][SEVERE]: Timed out receiving message from renderer: 0.100
[1589831325.839][SEVERE]: Timed out receiving message from renderer: 0.100
[1589831325.946][SEVERE]: Timed out receiving message from renderer: 0.100
[1589831326.053][SEVERE]: Timed out receiving message from renderer: 0.100
[1589831326.155][SEVERE]: Timed out receiving message from renderer: 0.100
[1589831326.257][SEVERE]: Timed out receiving message from renderer: 0.100
[1589831326.361][SEVERE]: Timed out receiving message from renderer: 0.100
[1589831326.473][SEVERE]: Timed out receiving message from renderer: 0.100
[1589831326.582][SEVERE]: Timed out receiving message from renderer: 0.100
[1589831326.693][SEVERE]: Timed out receiving message from renderer: 0.100
[1589831326.806][SEVERE]: Timed out receiving message from renderer: 0.100
[1589831326.909][SEVERE]: Timed out receiving message from renderer: 0.100
[1589831327.011][SEVERE]: Timed out receiving message from renderer: 0.100
[1589831327.113][SEVERE]: Timed out receiving message from renderer: 0.100
[1589831327.219][SEVERE]: Timed out receiving message from renderer: 0.100
[1589831327.326][SEVERE]: Timed out receiving message from renderer: 0.100
[1589831327.432][SEVERE]: Timed out receiving message from renderer: 0.100
[1589831327.535][SEVERE]: Timed out receiving message from renderer: 0.100
[1589831327.640][SEVERE]: Timed out receiving message from renderer: 0.100
[1589831327.745][SEVERE]: Timed out receiving message from renderer: 0.100
[1589831327.851][SEVERE]: Timed out receiving message from renderer: 0.100
[1589831327.953][SEVERE]: Timed out receiving message from renderer: 0.100
[1589831328.057][SEVERE]: Timed out receiving message from renderer: 0.100
[1589831328.163][SEVERE]: Timed out receiving message from renderer: 0.100
[1589831328.271][SEVERE]: Timed out receiving message from renderer: 0.100
[1589831328.375][SEVERE]: Timed out receiving message from renderer: 0.100
[1589831328.477][SEVERE]: Timed out receiving message from renderer: 0.100
[1589831328.584][SEVERE]: Timed out receiving message from renderer: 0.100
[1589831328.690][SEVERE]: Timed out receiving message from renderer: 0.100
[1589831328.799][SEVERE]: Timed out receiving message from renderer: 0.100
[1589831328.902][SEVERE]: Timed out receiving message from renderer: 0.100
[1589831329.024][SEVERE]: Timed out receiving message from renderer: 0.100
[1589831329.126][SEVERE]: Timed out receiving message from renderer: 0.100
[1589831329.230][SEVERE]: Timed out receiving message from renderer: 0.100
[1589831329.333][SEVERE]: Timed out receiving message from renderer: 0.100
[1589831329.438][SEVERE]: Timed out receiving message from renderer: 0.100
[1589831329.541][SEVERE]: Timed out receiving message from renderer: 0.100
[1589831329.644][SEVERE]: Timed out receiving message from renderer: 0.100
[1589831329.745][SEVERE]: Timed out receiving message from renderer: 0.100
[1589831329.850][SEVERE]: Timed out receiving message from renderer: 0.100
[1589831329.953][SEVERE]: Timed out receiving message from renderer: 0.100
[1589831330.055][SEVERE]: Timed out receiving message from renderer: 0.100
[1589831330.160][SEVERE]: Timed out receiving message from renderer: 0.100
[1589831330.266][SEVERE]: Timed out receiving message from renderer: 0.100
[1589831330.370][SEVERE]: Timed out receiving message from renderer: 0.100
[1589831330.472][SEVERE]: Timed out receiving message from renderer: 0.100
[1589831330.574][SEVERE]: Timed out receiving message from renderer: 0.100
[1589831330.686][SEVERE]: Timed out receiving message from renderer: 0.100
[1589831330.807][SEVERE]: Timed out receiving message from renderer: 0.100
[1589831330.910][SEVERE]: Timed out receiving message from renderer: 0.100
[1589831331.014][SEVERE]: Timed out receiving message from renderer: 0.100
[1589831331.116][SEVERE]: Timed out receiving message from renderer: 0.100
[1589831331.218][SEVERE]: Timed out receiving message from renderer: 0.100
[1589831331.320][SEVERE]: Timed out receiving message from renderer: 0.100
[1589831331.423][SEVERE]: Timed out receiving message from renderer: 0.100
[1589831331.526][SEVERE]: Timed out receiving message from renderer: 0.100
[1589831331.628][SEVERE]: Timed out receiving message from renderer: 0.100
[1589831331.730][SEVERE]: Timed out receiving message from renderer: 0.100
[1589831331.832][SEVERE]: Timed out receiving message from renderer: 0.100
[1589831331.937][SEVERE]: Timed out receiving message from renderer: 0.100
[1589831332.042][SEVERE]: Timed out receiving message from renderer: 0.100
[1589831332.143][SEVERE]: Timed out receiving message from renderer: 0.100
[1589831332.246][SEVERE]: Timed out receiving message from renderer: 0.100
[1589831332.351][SEVERE]: Timed out receiving message from renderer: 0.100
[1589831332.455][SEVERE]: Timed out receiving message from renderer: 0.100
[1589831332.557][SEVERE]: Timed out receiving message from renderer: 0.100
[1589831332.666][SEVERE]: Timed out receiving message from renderer: 0.100
[1589831332.772][SEVERE]: Timed out receiving message from renderer: 0.100
[1589831332.876][SEVERE]: Timed out receiving message from renderer: 0.100
[1589831332.983][SEVERE]: Timed out receiving message from renderer: 0.100
[1589831333.100][SEVERE]: Timed out receiving message from renderer: 0.100
[1589831333.205][SEVERE]: Timed out receiving message from renderer: 0.100
[1589831333.309][SEVERE]: Timed out receiving message from renderer: 0.100
[1589831333.414][SEVERE]: Timed out receiving message from renderer: 0.100
[1589831333.518][SEVERE]: Timed out receiving message from renderer: 0.100
[1589831333.623][SEVERE]: Timed out receiving message from renderer: 0.100
[1589831333.728][SEVERE]: Timed out receiving message from renderer: 0.100
[1589831333.834][SEVERE]: Timed out receiving message from renderer: 0.100
[1589831333.939][SEVERE]: Timed out receiving message from renderer: 0.100
[1589831334.045][SEVERE]: Timed out receiving message from renderer: 0.100
[1589831334.150][SEVERE]: Timed out receiving message from renderer: 0.100
[1589831334.256][SEVERE]: Timed out receiving message from renderer: 0.100
[1589831334.359][SEVERE]: Timed out receiving message from renderer: 0.100
[1589831334.468][SEVERE]: Timed out receiving message from renderer: 0.100
[1589831334.574][SEVERE]: Timed out receiving message from renderer: 0.100
[1589831334.679][SEVERE]: Timed out receiving message from renderer: 0.100
[1589831334.781][SEVERE]: Timed out receiving message from renderer: 0.100
[1589831334.883][SEVERE]: Timed out receiving message from renderer: 0.100
[1589831334.985][SEVERE]: Timed out receiving message from renderer: 0.100
[1589831335.088][SEVERE]: Timed out receiving message from renderer: 0.100
[1589831335.191][SEVERE]: Timed out receiving message from renderer: 0.100
[1589831335.300][SEVERE]: Timed out receiving message from renderer: 0.100
[1589831335.405][SEVERE]: Timed out receiving message from renderer: 0.100
[1589831335.518][SEVERE]: Timed out receiving message from renderer: 0.100
[1589831335.620][SEVERE]: Timed out receiving message from renderer: 0.100
[1589831335.727][SEVERE]: Timed out receiving message from renderer: 0.100
[1589831335.830][SEVERE]: Timed out receiving message from renderer: 0.100
[1589831335.932][SEVERE]: Timed out receiving message from renderer: 0.100
[1589831336.035][SEVERE]: Timed out receiving message from renderer: 0.100
[1589831336.140][SEVERE]: Timed out receiving message from renderer: 0.100
[1589831336.243][SEVERE]: Timed out receiving message from renderer: 0.100
[1589831336.346][SEVERE]: Timed out receiving message from renderer: 0.100
[1589831336.450][SEVERE]: Timed out receiving message from renderer: 0.100
[1589831336.557][SEVERE]: Timed out receiving message from renderer: 0.100
[1589831336.665][SEVERE]: Timed out receiving message from renderer: 0.100
[1589831336.767][SEVERE]: Timed out receiving message from renderer: 0.100
[1589831336.873][SEVERE]: Timed out receiving message from renderer: 0.100
[1589831336.981][SEVERE]: Timed out receiving message from renderer: 0.100
[1589831337.088][SEVERE]: Timed out receiving message from renderer: 0.100
[1589831337.196][SEVERE]: Timed out receiving message from renderer: 0.100
[1589831337.303][SEVERE]: Timed out receiving message from renderer: 0.100
[1589831337.409][SEVERE]: Timed out receiving message from renderer: 0.100
[1589831337.515][SEVERE]: Timed out receiving message from renderer: 0.100
[1589831337.617][SEVERE]: Timed out receiving message from renderer: 0.100
[1589831337.723][SEVERE]: Timed out receiving message from renderer: 0.100
[1589831337.836][SEVERE]: Timed out receiving message from renderer: 0.100
[1589831337.944][SEVERE]: Timed out receiving message from renderer: 0.100
[1589831338.045][SEVERE]: Timed out receiving message from renderer: 0.100
[1589831338.149][SEVERE]: Timed out receiving message from renderer: 0.100
[1589831338.256][SEVERE]: Timed out receiving message from renderer: 0.100
[1589831338.369][SEVERE]: Timed out receiving message from renderer: 0.100
[1589831338.471][SEVERE]: Timed out receiving message from renderer: 0.100
[1589831338.580][SEVERE]: Timed out receiving message from renderer: 0.100
[1589831338.684][SEVERE]: Timed out receiving message from renderer: 0.100
[1589831338.790][SEVERE]: Timed out receiving message from renderer: 0.100
[1589831338.896][SEVERE]: Timed out receiving message from renderer: 0.100
[1589831338.998][SEVERE]: Timed out receiving message from renderer: 0.100
[1589831339.100][SEVERE]: Timed out receiving message from renderer: 0.100
[1589831339.207][SEVERE]: Timed out receiving message from renderer: 0.100
[1589831339.314][SEVERE]: Timed out receiving message from renderer: 0.100
[1589831339.421][SEVERE]: Timed out receiving message from renderer: 0.100
[1589831339.531][SEVERE]: Timed out receiving message from renderer: 0.100
[1589831339.637][SEVERE]: Timed out receiving message from renderer: 0.100
[1589831339.746][SEVERE]: Timed out receiving message from renderer: 0.100
[1589831339.849][SEVERE]: Timed out receiving message from renderer: 0.100
[1589831339.954][SEVERE]: Timed out receiving message from renderer: 0.100
[1589831340.074][SEVERE]: Timed out receiving message from renderer: 0.100
[1589831340.177][SEVERE]: Timed out receiving message from renderer: 0.100
[1589831340.282][SEVERE]: Timed out receiving message from renderer: 0.100
[1589831340.384][SEVERE]: Timed out receiving message from renderer: 0.100
[1589831340.489][SEVERE]: Timed out receiving message from renderer: 0.100
[1589831340.597][SEVERE]: Timed out receiving message from renderer: 0.100
[1589831340.700][SEVERE]: Timed out receiving message from renderer: 0.100
[1589831340.810][SEVERE]: Timed out receiving message from renderer: 0.100
[1589831340.915][SEVERE]: Timed out receiving message from renderer: 0.100
[1589831341.018][SEVERE]: Timed out receiving message from renderer: 0.100
[1589831341.120][SEVERE]: Timed out receiving message from renderer: 0.100
[1589831341.231][SEVERE]: Timed out receiving message from renderer: 0.100
[1589831341.336][SEVERE]: Timed out receiving message from renderer: 0.100
[1589831341.444][SEVERE]: Timed out receiving message from renderer: 0.100
[1589831341.546][SEVERE]: Timed out receiving message from renderer: 0.100
[1589831341.653][SEVERE]: Timed out receiving message from renderer: 0.100
[1589831341.772][SEVERE]: Timed out receiving message from renderer: 0.100
[1589831341.874][SEVERE]: Timed out receiving message from renderer: 0.100
[1589831341.976][SEVERE]: Timed out receiving message from renderer: 0.100
[1589831342.077][SEVERE]: Timed out receiving message from renderer: 0.100
[1589831342.180][SEVERE]: Timed out receiving message from renderer: 0.100
[1589831342.282][SEVERE]: Timed out receiving message from renderer: 0.100
[1589831342.383][SEVERE]: Timed out receiving message from renderer: 0.100
[1589831342.492][SEVERE]: Timed out receiving message from renderer: 0.100
[1589831342.596][SEVERE]: Timed out receiving message from renderer: 0.100
[1589831342.699][SEVERE]: Timed out receiving message from renderer: 0.100
[1589831342.802][SEVERE]: Timed out receiving message from renderer: 0.100
[1589831342.906][SEVERE]: Timed out receiving message from renderer: 0.100
[1589831343.009][SEVERE]: Timed out receiving message from renderer: 0.100
[1589831343.112][SEVERE]: Timed out receiving message from renderer: 0.100
[1589831343.215][SEVERE]: Timed out receiving message from renderer: 0.100
[1589831343.327][SEVERE]: Timed out receiving message from renderer: 0.100
[1589831343.433][SEVERE]: Timed out receiving message from renderer: 0.100
[1589831343.541][SEVERE]: Timed out receiving message from renderer: 0.100
[1589831343.674][SEVERE]: Timed out receiving message from renderer: 0.100
[1589831343.779][SEVERE]: Timed out receiving message from renderer: 0.100
[1589831343.883][SEVERE]: Timed out receiving message from renderer: 0.100
[1589831343.987][SEVERE]: Timed out receiving message from renderer: 0.100
[1589831344.090][SEVERE]: Timed out receiving message from renderer: 0.100
[1589831344.197][SEVERE]: Timed out receiving message from renderer: 0.100
[1589831344.334][SEVERE]: Timed out receiving message from renderer: 0.100
[1589831344.437][SEVERE]: Timed out receiving message from renderer: 0.100
[1589831344.550][SEVERE]: Timed out receiving message from renderer: 0.100
[1589831344.659][SEVERE]: Timed out receiving message from renderer: 0.100
[1589831344.761][SEVERE]: Timed out receiving message from renderer: 0.100
[1589831344.865][SEVERE]: Timed out receiving message from renderer: 0.100
[1589831344.974][SEVERE]: Timed out receiving message from renderer: 0.100
[1589831345.079][SEVERE]: Timed out receiving message from renderer: 0.100
[1589831345.181][SEVERE]: Timed out receiving message from renderer: 0.100
[1589831345.306][SEVERE]: Timed out receiving message from renderer: 0.100
[1589831345.427][SEVERE]: Timed out receiving message from renderer: 0.100
[1589831345.529][SEVERE]: Timed out receiving message from renderer: 0.100
[1589831345.631][SEVERE]: Timed out receiving message from renderer: 0.100
[1589831345.737][SEVERE]: Timed out receiving message from renderer: 0.100
[1589831345.842][SEVERE]: Timed out receiving message from renderer: 0.100
[1589831345.947][SEVERE]: Timed out receiving message from renderer: 0.100
[1589831346.049][SEVERE]: Timed out receiving message from renderer: 0.100
[1589831346.159][SEVERE]: Timed out receiving message from renderer: 0.100
[1589831346.275][SEVERE]: Timed out receiving message from renderer: 0.100
[1589831346.378][SEVERE]: Timed out receiving message from renderer: 0.100
[1589831346.481][SEVERE]: Timed out receiving message from renderer: 0.100
[1589831346.586][SEVERE]: Timed out receiving message from renderer: 0.100
[1589831346.690][SEVERE]: Timed out receiving message from renderer: 0.100
[1589831346.798][SEVERE]: Timed out receiving message from renderer: 0.100
[1589831346.901][SEVERE]: Timed out receiving message from renderer: 0.100
[1589831347.008][SEVERE]: Timed out receiving message from renderer: 0.100
[1589831347.117][SEVERE]: Timed out receiving message from renderer: 0.100
[1589831347.223][SEVERE]: Timed out receiving message from renderer: 0.100
[1589831347.325][SEVERE]: Timed out receiving message from renderer: 0.100
[1589831347.431][SEVERE]: Timed out receiving message from renderer: 0.100
[1589831347.540][SEVERE]: Timed out receiving message from renderer: 0.100
[1589831347.649][SEVERE]: Timed out receiving message from renderer: 0.100
[1589831347.752][SEVERE]: Timed out receiving message from renderer: 0.100
[1589831347.863][SEVERE]: Timed out receiving message from renderer: 0.100
[1589831347.973][SEVERE]: Timed out receiving message from renderer: 0.100
[1589831348.076][SEVERE]: Timed out receiving message from renderer: 0.100
[1589831348.178][SEVERE]: Timed out receiving message from renderer: 0.100
[1589831348.280][SEVERE]: Timed out receiving message from renderer: 0.100
[1589831348.385][SEVERE]: Timed out receiving message from renderer: 0.100
[1589831348.490][SEVERE]: Timed out receiving message from renderer: 0.100
[1589831348.599][SEVERE]: Timed out receiving message from renderer: 0.100
[1589831348.707][SEVERE]: Timed out receiving message from renderer: 0.100
[1589831348.811][SEVERE]: Timed out receiving message from renderer: 0.100
[1589831348.913][SEVERE]: Timed out receiving message from renderer: 0.100
[1589831349.022][SEVERE]: Timed out receiving message from renderer: 0.100
[1589831349.135][SEVERE]: Timed out receiving message from renderer: 0.100
[1589831349.244][SEVERE]: Timed out receiving message from renderer: 0.100
[1589831349.346][SEVERE]: Timed out receiving message from renderer: 0.100
[1589831349.473][SEVERE]: Timed out receiving message from renderer: 0.100
[1589831349.580][SEVERE]: Timed out receiving message from renderer: 0.100
[1589831349.689][SEVERE]: Timed out receiving message from renderer: 0.100
[1589831349.790][SEVERE]: Timed out receiving message from renderer: 0.100
[1589831349.899][SEVERE]: Timed out receiving message from renderer: 0.100
[1589831350.001][SEVERE]: Timed out receiving message from renderer: 0.100
[1589831350.103][SEVERE]: Timed out receiving message from renderer: 0.100
[1589831350.208][SEVERE]: Timed out receiving message from renderer: 0.100
[1589831350.312][SEVERE]: Timed out receiving message from renderer: 0.100
[1589831350.420][SEVERE]: Timed out receiving message from renderer: 0.100
[1589831350.525][SEVERE]: Timed out receiving message from renderer: 0.100
[1589831350.628][SEVERE]: Timed out receiving message from renderer: 0.100
[1589831350.738][SEVERE]: Timed out receiving message from renderer: 0.100
[1589831350.843][SEVERE]: Timed out receiving message from renderer: 0.100
[1589831350.954][SEVERE]: Timed out receiving message from renderer: 0.100
[1589831351.055][SEVERE]: Timed out receiving message from renderer: 0.100
[1589831351.161][SEVERE]: Timed out receiving message from renderer: 0.100
[1589831351.274][SEVERE]: Timed out receiving message from renderer: 0.100
[1589831351.383][SEVERE]: Timed out receiving message from renderer: 0.100
[1589831351.484][SEVERE]: Timed out receiving message from renderer: 0.100
[1589831351.592][SEVERE]: Timed out receiving message from renderer: 0.100
[1589831351.705][SEVERE]: Timed out receiving message from renderer: 0.100
[1589831351.810][SEVERE]: Timed out receiving message from renderer: 0.100
[1589831351.912][SEVERE]: Timed out receiving message from renderer: 0.100
[1589831352.018][SEVERE]: Timed out receiving message from renderer: 0.100
[1589831352.125][SEVERE]: Timed out receiving message from renderer: 0.100
[1589831352.238][SEVERE]: Timed out receiving message from renderer: 0.100
[1589831352.345][SEVERE]: Timed out receiving message from renderer: 0.100
[1589831352.452][SEVERE]: Timed out receiving message from renderer: 0.100
[1589831352.558][SEVERE]: Timed out receiving message from renderer: 0.100
[1589831352.672][SEVERE]: Timed out receiving message from renderer: 0.100
[1589831352.781][SEVERE]: Timed out receiving message from renderer: 0.100
[1589831352.884][SEVERE]: Timed out receiving message from renderer: 0.100
[1589831352.988][SEVERE]: Timed out receiving message from renderer: 0.100
[1589831353.104][SEVERE]: Timed out receiving message from renderer: 0.100
[1589831353.212][SEVERE]: Timed out receiving message from renderer: 0.100
[1589831353.315][SEVERE]: Timed out receiving message from renderer: 0.100
[1589831353.423][SEVERE]: Timed out receiving message from renderer: 0.100
[1589831353.530][SEVERE]: Timed out receiving message from renderer: 0.100
[1589831353.638][SEVERE]: Timed out receiving message from renderer: 0.100
[1589831353.741][SEVERE]: Timed out receiving message from renderer: 0.100
[1589831353.851][SEVERE]: Timed out receiving message from renderer: 0.100
[1589831353.957][SEVERE]: Timed out receiving message from renderer: 0.100
[1589831354.076][SEVERE]: Timed out receiving message from renderer: 0.100
[1589831354.186][SEVERE]: Timed out receiving message from renderer: 0.100
[1589831354.299][SEVERE]: Timed out receiving message from renderer: 0.100
[1589831354.402][SEVERE]: Timed out receiving message from renderer: 0.100
[1589831354.503][SEVERE]: Timed out receiving message from renderer: 0.100
[1589831354.606][SEVERE]: Timed out receiving message from renderer: 0.100
[1589831354.716][SEVERE]: Timed out receiving message from renderer: 0.100
[1589831354.823][SEVERE]: Timed out receiving message from renderer: 0.100
[1589831354.931][SEVERE]: Timed out receiving message from renderer: 0.100
[1589831355.033][SEVERE]: Timed out receiving message from renderer: 0.100
[1589831355.137][SEVERE]: Timed out receiving message from renderer: 0.100
[1589831355.240][SEVERE]: Timed out receiving message from renderer: 0.100
[1589831355.346][SEVERE]: Timed out receiving message from renderer: 0.100
[1589831355.450][SEVERE]: Timed out receiving message from renderer: 0.100
[1589831355.554][SEVERE]: Timed out receiving message from renderer: 0.100
[1589831355.658][SEVERE]: Timed out receiving message from renderer: 0.100
[1589831355.764][SEVERE]: Timed out receiving message from renderer: 0.100
[1589831355.866][SEVERE]: Timed out receiving message from renderer: 0.100
[1589831355.972][SEVERE]: Timed out receiving message from renderer: 0.100
[1589831356.086][SEVERE]: Timed out receiving message from renderer: 0.100
[1589831356.187][SEVERE]: Timed out receiving message from renderer: 0.100
[1589831356.291][SEVERE]: Timed out receiving message from renderer: 0.100
[1589831356.406][SEVERE]: Timed out receiving message from renderer: 0.100
[1589831356.520][SEVERE]: Timed out receiving message from renderer: 0.100
[1589831356.623][SEVERE]: Timed out receiving message from renderer: 0.100
[1589831356.737][SEVERE]: Timed out receiving message from renderer: 0.100
[1589831356.845][SEVERE]: Timed out receiving message from renderer: 0.100
[1589831356.953][SEVERE]: Timed out receiving message from renderer: 0.100
[1589831357.055][SEVERE]: Timed out receiving message from renderer: 0.100
[1589831357.162][SEVERE]: Timed out receiving message from renderer: 0.100
[1589831357.272][SEVERE]: Timed out receiving message from renderer: 0.100
[1589831357.385][SEVERE]: Timed out receiving message from renderer: 0.100
[1589831357.487][SEVERE]: Timed out receiving message from renderer: 0.100
[1589831357.589][SEVERE]: Timed out receiving message from renderer: 0.100
[1589831357.699][SEVERE]: Timed out receiving message from renderer: 0.100
[1589831357.804][SEVERE]: Timed out receiving message from renderer: 0.100
[1589831357.907][SEVERE]: Timed out receiving message from renderer: 0.100
[1589831358.018][SEVERE]: Timed out receiving message from renderer: 0.100
[1589831358.131][SEVERE]: Timed out receiving message from renderer: 0.100
[1589831358.236][SEVERE]: Timed out receiving message from renderer: 0.100
[1589831358.338][SEVERE]: Timed out receiving message from renderer: 0.100
[1589831358.446][SEVERE]: Timed out receiving message from renderer: 0.100
[1589831358.551][SEVERE]: Timed out receiving message from renderer: 0.100
[1589831358.670][SEVERE]: Timed out receiving message from renderer: 0.100
[1589831358.785][SEVERE]: Timed out receiving message from renderer: 0.100
[1589831358.886][SEVERE]: Timed out receiving message from renderer: 0.100
[1589831359.000][SEVERE]: Timed out receiving message from renderer: 0.100
[1589831359.109][SEVERE]: Timed out receiving message from renderer: 0.100
[1589831359.211][SEVERE]: Timed out receiving message from renderer: 0.100
[1589831359.320][SEVERE]: Timed out receiving message from renderer: 0.100
[1589831359.424][SEVERE]: Timed out receiving message from renderer: 0.100
[1589831359.529][SEVERE]: Timed out receiving message from renderer: 0.100
[1589831359.631][SEVERE]: Timed out receiving message from renderer: 0.100
[1589831359.737][SEVERE]: Timed out receiving message from renderer: 0.100
[1589831359.846][SEVERE]: Timed out receiving message from renderer: 0.100
[1589831359.954][SEVERE]: Timed out receiving message from renderer: 0.100
[1589831360.057][SEVERE]: Timed out receiving message from renderer: 0.100
[1589831360.165][SEVERE]: Timed out receiving message from renderer: 0.100
[1589831360.280][SEVERE]: Timed out receiving message from renderer: 0.100
[1589831360.385][SEVERE]: Timed out receiving message from renderer: 0.100
[1589831360.487][SEVERE]: Timed out receiving message from renderer: 0.100
[1589831360.591][SEVERE]: Timed out receiving message from renderer: 0.100
[1589831360.697][SEVERE]: Timed out receiving message from renderer: 0.100
[1589831360.803][SEVERE]: Timed out receiving message from renderer: 0.100
[1589831360.907][SEVERE]: Timed out receiving message from renderer: 0.100
[1589831361.010][SEVERE]: Timed out receiving message from renderer: 0.100
[1589831361.117][SEVERE]: Timed out receiving message from renderer: 0.100
[1589831361.223][SEVERE]: Timed out receiving message from renderer: 0.100
[1589831361.334][SEVERE]: Timed out receiving message from renderer: 0.100
[1589831361.436][SEVERE]: Timed out receiving message from renderer: 0.100
[1589831361.551][SEVERE]: Timed out receiving message from renderer: 0.100
[1589831361.663][SEVERE]: Timed out receiving message from renderer: 0.100
[1589831361.769][SEVERE]: Timed out receiving message from renderer: 0.100
[1589831361.875][SEVERE]: Timed out receiving message from renderer: 0.100
[1589831361.984][SEVERE]: Timed out receiving message from renderer: 0.100
[1589831362.111][SEVERE]: Timed out receiving message from renderer: 0.100
[1589831362.213][SEVERE]: Timed out receiving message from renderer: 0.100
[1589831362.316][SEVERE]: Timed out receiving message from renderer: 0.100
[1589831362.427][SEVERE]: Timed out receiving message from renderer: 0.100
[1589831362.534][SEVERE]: Timed out receiving message from renderer: 0.100
[1589831362.642][SEVERE]: Timed out receiving message from renderer: 0.100
[1589831362.745][SEVERE]: Timed out receiving message from renderer: 0.100
[1589831362.852][SEVERE]: Timed out receiving message from renderer: 0.100
[1589831362.962][SEVERE]: Timed out receiving message from renderer: 0.100
[1589831363.069][SEVERE]: Timed out receiving message from renderer: 0.100
[1589831363.173][SEVERE]: Timed out receiving message from renderer: 0.100
[1589831363.281][SEVERE]: Timed out receiving message from renderer: 0.100
[1589831363.389][SEVERE]: Timed out receiving message from renderer: 0.100
[1589831363.495][SEVERE]: Timed out receiving message from renderer: 0.100
[1589831363.597][SEVERE]: Timed out receiving message from renderer: 0.100
[1589831363.704][SEVERE]: Timed out receiving message from renderer: 0.100
[1589831363.814][SEVERE]: Timed out receiving message from renderer: 0.100
[1589831363.922][SEVERE]: Timed out receiving message from renderer: 0.100
[1589831364.028][SEVERE]: Timed out receiving message from renderer: 0.100
[1589831364.133][SEVERE]: Timed out receiving message from renderer: 0.100
[1589831364.241][SEVERE]: Timed out receiving message from renderer: 0.100
[1589831364.345][SEVERE]: Timed out receiving message from renderer: 0.100
[1589831364.447][SEVERE]: Timed out receiving message from renderer: 0.100
[1589831364.554][SEVERE]: Timed out receiving message from renderer: 0.100
[1589831364.663][SEVERE]: Timed out receiving message from renderer: 0.100
[1589831364.771][SEVERE]: Timed out receiving message from renderer: 0.100
[1589831364.876][SEVERE]: Timed out receiving message from renderer: 0.100
[1589831364.982][SEVERE]: Timed out receiving message from renderer: 0.100
[1589831365.093][SEVERE]: Timed out receiving message from renderer: 0.100
[1589831365.198][SEVERE]: Timed out receiving message from renderer: 0.100
[1589831365.308][SEVERE]: Timed out receiving message from renderer: 0.100
[1589831365.411][SEVERE]: Timed out receiving message from renderer: 0.100
[1589831365.517][SEVERE]: Timed out receiving message from renderer: 0.100
[1589831365.626][SEVERE]: Timed out receiving message from renderer: 0.100
[1589831365.733][SEVERE]: Timed out receiving message from renderer: 0.100
[1589831365.836][SEVERE]: Timed out receiving message from renderer: 0.100
[1589831365.941][SEVERE]: Timed out receiving message from renderer: 0.100
[1589831366.049][SEVERE]: Timed out receiving message from renderer: 0.100
[1589831366.156][SEVERE]: Timed out receiving message from renderer: 0.100
[1589831366.260][SEVERE]: Timed out receiving message from renderer: 0.100
[1589831366.369][SEVERE]: Timed out receiving message from renderer: 0.100
[1589831366.476][SEVERE]: Timed out receiving message from renderer: 0.100
[1589831366.586][SEVERE]: Timed out receiving message from renderer: 0.100
[1589831366.688][SEVERE]: Timed out receiving message from renderer: 0.100
[1589831366.796][SEVERE]: Timed out receiving message from renderer: 0.100
[1589831366.905][SEVERE]: Timed out receiving message from renderer: 0.100
[1589831367.019][SEVERE]: Timed out receiving message from renderer: 0.100
[1589831367.121][SEVERE]: Timed out receiving message from renderer: 0.100
[1589831367.227][SEVERE]: Timed out receiving message from renderer: 0.100
[1589831367.363][SEVERE]: Timed out receiving message from renderer: 0.100
[1589831367.465][SEVERE]: Timed out receiving message from renderer: 0.100
[1589831367.568][SEVERE]: Timed out receiving message from renderer: 0.100
[1589831367.671][SEVERE]: Timed out receiving message from renderer: 0.100
[1589831367.777][SEVERE]: Timed out receiving message from renderer: 0.100
[1589831367.887][SEVERE]: Timed out receiving message from renderer: 0.100
[1589831367.989][SEVERE]: Timed out receiving message from renderer: 0.100
[1589831368.096][SEVERE]: Timed out receiving message from renderer: 0.100
[1589831368.204][SEVERE]: Timed out receiving message from renderer: 0.100
[1589831368.309][SEVERE]: Timed out receiving message from renderer: 0.100
[1589831368.411][SEVERE]: Timed out receiving message from renderer: 0.100
[1589831368.520][SEVERE]: Timed out receiving message from renderer: 0.100
[1589831368.628][SEVERE]: Timed out receiving message from renderer: 0.100
[1589831368.737][SEVERE]: Timed out receiving message from renderer: 0.100
[1589831368.839][SEVERE]: Timed out receiving message from renderer: 0.100
[1589831368.944][SEVERE]: Timed out receiving message from renderer: 0.100
[1589831369.053][SEVERE]: Timed out receiving message from renderer: 0.100
[1589831369.156][SEVERE]: Timed out receiving message from renderer: 0.100
[1589831369.259][SEVERE]: Timed out receiving message from renderer: 0.100
[1589831369.371][SEVERE]: Timed out receiving message from renderer: 0.100
[1589831369.477][SEVERE]: Timed out receiving message from renderer: 0.100
[1589831369.578][SEVERE]: Timed out receiving message from renderer: 0.100
[1589831369.685][SEVERE]: Timed out receiving message from renderer: 0.100
[1589831369.792][SEVERE]: Timed out receiving message from renderer: 0.100
[1589831369.901][SEVERE]: Timed out receiving message from renderer: 0.100
[1589831370.004][SEVERE]: Timed out receiving message from renderer: 0.100
[1589831370.107][SEVERE]: Timed out receiving message from renderer: 0.100
[1589831370.216][SEVERE]: Timed out receiving message from renderer: 0.100
[1589831370.328][SEVERE]: Timed out receiving message from renderer: 0.100
[1589831370.429][SEVERE]: Timed out receiving message from renderer: 0.100
[1589831370.536][SEVERE]: Timed out receiving message from renderer: 0.100
[1589831370.644][SEVERE]: Timed out receiving message from renderer: 0.100
[1589831370.748][SEVERE]: Timed out receiving message from renderer: 0.100
[1589831370.850][SEVERE]: Timed out receiving message from renderer: 0.100
[1589831370.952][SEVERE]: Timed out receiving message from renderer: 0.100
[1589831371.055][SEVERE]: Timed out receiving message from renderer: 0.100
[1589831371.159][SEVERE]: Timed out receiving message from renderer: 0.100
[1589831371.262][SEVERE]: Timed out receiving message from renderer: 0.100
[1589831371.370][SEVERE]: Timed out receiving message from renderer: 0.100
[1589831371.476][SEVERE]: Timed out receiving message from renderer: 0.100
[1589831371.585][SEVERE]: Timed out receiving message from renderer: 0.100
[1589831371.687][SEVERE]: Timed out receiving message from renderer: 0.100
[1589831371.799][SEVERE]: Timed out receiving message from renderer: 0.100
[1589831371.903][SEVERE]: Timed out receiving message from renderer: 0.100
[1589831372.008][SEVERE]: Timed out receiving message from renderer: 0.100
[1589831372.111][SEVERE]: Timed out receiving message from renderer: 0.100
[1589831372.214][SEVERE]: Timed out receiving message from renderer: 0.100
[1589831372.321][SEVERE]: Timed out receiving message from renderer: 0.100
[1589831372.426][SEVERE]: Timed out receiving message from renderer: 0.100
[1589831372.535][SEVERE]: Timed out receiving message from renderer: 0.100
[1589831372.637][SEVERE]: Timed out receiving message from renderer: 0.100
[1589831372.742][SEVERE]: Timed out receiving message from renderer: 0.100
[1589831372.850][SEVERE]: Timed out receiving message from renderer: 0.100
[1589831372.959][SEVERE]: Timed out receiving message from renderer: 0.100
[1589831373.067][SEVERE]: Timed out receiving message from renderer: 0.100
[1589831373.172][SEVERE]: Timed out receiving message from renderer: 0.100
[1589831373.276][SEVERE]: Timed out receiving message from renderer: 0.100
[1589831373.385][SEVERE]: Timed out receiving message from renderer: 0.100
[1589831373.488][SEVERE]: Timed out receiving message from renderer: 0.100
[1589831373.592][SEVERE]: Timed out receiving message from renderer: 0.100
[1589831373.696][SEVERE]: Timed out receiving message from renderer: 0.100
[1589831373.798][SEVERE]: Timed out receiving message from renderer: 0.100
[1589831373.902][SEVERE]: Timed out receiving message from renderer: 0.100
[1589831374.007][SEVERE]: Timed out receiving message from renderer: 0.100
[1589831374.117][SEVERE]: Timed out receiving message from renderer: 0.100
[1589831374.220][SEVERE]: Timed out receiving message from renderer: 0.100
[1589831374.323][SEVERE]: Timed out receiving message from renderer: 0.100
[1589831374.429][SEVERE]: Timed out receiving message from renderer: 0.100
[1589831374.532][SEVERE]: Timed out receiving message from renderer: 0.100
[1589831374.633][SEVERE]: Timed out receiving message from renderer: 0.100
[1589831374.738][SEVERE]: Timed out receiving message from renderer: 0.100
[1589831374.845][SEVERE]: Timed out receiving message from renderer: 0.100
[1589831374.947][SEVERE]: Timed out receiving message from renderer: 0.100
[1589831375.056][SEVERE]: Timed out receiving message from renderer: 0.100
[1589831375.166][SEVERE]: Timed out receiving message from renderer: 0.100
[1589831375.272][SEVERE]: Timed out receiving message from renderer: 0.100
[1589831375.382][SEVERE]: Timed out receiving message from renderer: 0.100
[1589831375.484][SEVERE]: Timed out receiving message from renderer: 0.100
[1589831375.590][SEVERE]: Timed out receiving message from renderer: 0.100
[1589831375.699][SEVERE]: Timed out receiving message from renderer: 0.100
[1589831375.806][SEVERE]: Timed out receiving message from renderer: 0.100
[1589831375.908][SEVERE]: Timed out receiving message from renderer: 0.100
[1589831376.018][SEVERE]: Timed out receiving message from renderer: 0.100
[1589831376.122][SEVERE]: Timed out receiving message from renderer: 0.100
[1589831376.233][SEVERE]: Timed out receiving message from renderer: 0.100
[1589831376.338][SEVERE]: Timed out receiving message from renderer: 0.100
[1589831376.440][SEVERE]: Timed out receiving message from renderer: 0.100
[1589831376.547][SEVERE]: Timed out receiving message from renderer: 0.100
[1589831376.653][SEVERE]: Timed out receiving message from renderer: 0.100
[1589831376.766][SEVERE]: Timed out receiving message from renderer: 0.100
[1589831376.872][SEVERE]: Timed out receiving message from renderer: 0.100
[1589831376.981][SEVERE]: Timed out receiving message from renderer: 0.100
[1589831377.086][SEVERE]: Timed out receiving message from renderer: 0.100
[1589831377.198][SEVERE]: Timed out receiving message from renderer: 0.100
[1589831377.299][SEVERE]: Timed out receiving message from renderer: 0.100
[1589831377.415][SEVERE]: Timed out receiving message from renderer: 0.100
[1589831377.521][SEVERE]: Timed out receiving message from renderer: 0.100
[1589831377.634][SEVERE]: Timed out receiving message from renderer: 0.100
[1589831377.736][SEVERE]: Timed out receiving message from renderer: 0.100
[1589831377.846][SEVERE]: Timed out receiving message from renderer: 0.100
[1589831377.953][SEVERE]: Timed out receiving message from renderer: 0.100
[1589831378.073][SEVERE]: Timed out receiving message from renderer: 0.100
[1589831378.176][SEVERE]: Timed out receiving message from renderer: 0.100
[1589831378.284][SEVERE]: Timed out receiving message from renderer: 0.100
[1589831378.392][SEVERE]: Timed out receiving message from renderer: 0.100
[1589831378.504][SEVERE]: Timed out receiving message from renderer: 0.100
[1589831378.606][SEVERE]: Timed out receiving message from renderer: 0.100
[1589831378.718][SEVERE]: Timed out receiving message from renderer: 0.100
[1589831378.828][SEVERE]: Timed out receiving message from renderer: 0.100
[1589831378.936][SEVERE]: Timed out receiving message from renderer: 0.100
[1589831379.038][SEVERE]: Timed out receiving message from renderer: 0.100
[1589831379.147][SEVERE]: Timed out receiving message from renderer: 0.100
[1589831379.253][SEVERE]: Timed out receiving message from renderer: 0.100
[1589831379.368][SEVERE]: Timed out receiving message from renderer: 0.100
[1589831379.470][SEVERE]: Timed out receiving message from renderer: 0.100
[1589831379.573][SEVERE]: Timed out receiving message from renderer: 0.100
[1589831379.683][SEVERE]: Timed out receiving message from renderer: 0.100
[1589831379.795][SEVERE]: Timed out receiving message from renderer: 0.100
[1589831379.897][SEVERE]: Timed out receiving message from renderer: 0.100
[1589831380.004][SEVERE]: Timed out receiving message from renderer: 0.100
[1589831380.115][SEVERE]: Timed out receiving message from renderer: 0.100
[1589831380.219][SEVERE]: Timed out receiving message from renderer: 0.100
[1589831380.321][SEVERE]: Timed out receiving message from renderer: 0.100
[1589831380.434][SEVERE]: Timed out receiving message from renderer: 0.100
[1589831380.539][SEVERE]: Timed out receiving message from renderer: 0.100
[1589831380.643][SEVERE]: Timed out receiving message from renderer: 0.100
[1589831380.746][SEVERE]: Timed out receiving message from renderer: 0.100
[1589831380.851][SEVERE]: Timed out receiving message from renderer: 0.100
[1589831380.955][SEVERE]: Timed out receiving message from renderer: 0.100
[1589831381.062][SEVERE]: Timed out receiving message from renderer: 0.100
[1589831381.165][SEVERE]: Timed out receiving message from renderer: 0.100
[1589831381.274][SEVERE]: Timed out receiving message from renderer: 0.100
[1589831381.384][SEVERE]: Timed out receiving message from renderer: 0.100
[1589831381.486][SEVERE]: Timed out receiving message from renderer: 0.100
[1589831381.589][SEVERE]: Timed out receiving message from renderer: 0.100
[1589831381.700][SEVERE]: Timed out receiving message from renderer: 0.100
[1589831381.806][SEVERE]: Timed out receiving message from renderer: 0.100
[1589831381.915][SEVERE]: Timed out receiving message from renderer: 0.100
[1589831382.016][SEVERE]: Timed out receiving message from renderer: 0.100
[1589831382.130][SEVERE]: Timed out receiving message from renderer: 0.100
[1589831382.237][SEVERE]: Timed out receiving message from renderer: 0.100
[1589831382.352][SEVERE]: Timed out receiving message from renderer: 0.100
[1589831382.462][SEVERE]: Timed out receiving message from renderer: 0.100
[1589831382.567][SEVERE]: Timed out receiving message from renderer: 0.100
[1589831382.673][SEVERE]: Timed out receiving message from renderer: 0.100
[1589831382.781][SEVERE]: Timed out receiving message from renderer: 0.100
[1589831382.882][SEVERE]: Timed out receiving message from renderer: 0.100
[1589831382.991][SEVERE]: Timed out receiving message from renderer: 0.100
[1589831383.101][SEVERE]: Timed out receiving message from renderer: 0.100
[1589831383.205][SEVERE]: Timed out receiving message from renderer: 0.100
[1589831383.311][SEVERE]: Timed out receiving message from renderer: 0.100
[1589831383.427][SEVERE]: Timed out receiving message from renderer: 0.100
[1589831383.532][SEVERE]: Timed out receiving message from renderer: 0.100
[1589831383.660][SEVERE]: Timed out receiving message from renderer: 0.100
[1589831383.765][SEVERE]: Timed out receiving message from renderer: 0.100
[1589831383.867][SEVERE]: Timed out receiving message from renderer: 0.100
[1589831383.974][SEVERE]: Timed out receiving message from renderer: 0.100
[1589831384.080][SEVERE]: Timed out receiving message from renderer: 0.100
[1589831384.182][SEVERE]: Timed out receiving message from renderer: 0.100
[1589831384.290][SEVERE]: Timed out receiving message from renderer: 0.100
[1589831384.396][SEVERE]: Timed out receiving message from renderer: 0.100
[1589831384.502][SEVERE]: Timed out receiving message from renderer: 0.100
[1589831384.604][SEVERE]: Timed out receiving message from renderer: 0.100
[1589831384.709][SEVERE]: Timed out receiving message from renderer: 0.100
[1589831384.814][SEVERE]: Timed out receiving message from renderer: 0.100
[1589831384.925][SEVERE]: Timed out receiving message from renderer: 0.100
[1589831385.029][SEVERE]: Timed out receiving message from renderer: 0.100
[1589831385.132][SEVERE]: Timed out receiving message from renderer: 0.100
[1589831386.657][SEVERE]: Timed out receiving message from renderer: 0.100
[1589831386.790][SEVERE]: Timed out receiving message from renderer: 0.100
[1589831387.536][SEVERE]: Timed out receiving message from renderer: 0.100
[1589831407.656][SEVERE]: Timed out receiving message from renderer: 0.100
[1589831407.758][SEVERE]: Timed out receiving message from renderer: 0.100
[1589831407.866][SEVERE]: Timed out receiving message from renderer: 0.100
[1589831407.987][SEVERE]: Timed out receiving message from renderer: 0.100
[1589831408.134][SEVERE]: Timed out receiving message from renderer: 0.100
[1589831408.242][SEVERE]: Timed out receiving message from renderer: 0.100
[1589831408.373][SEVERE]: Timed out receiving message from renderer: 0.100
[1589831408.477][SEVERE]: Timed out receiving message from renderer: 0.100
[1589831408.581][SEVERE]: Timed out receiving message from renderer: 0.100
[1589831408.688][SEVERE]: Timed out receiving message from renderer: 0.100
[1589831408.806][SEVERE]: Timed out receiving message from renderer: 0.100
[1589831408.909][SEVERE]: Timed out receiving message from renderer: 0.100
[1589831409.012][SEVERE]: Timed out receiving message from renderer: 0.100
[1589831409.115][SEVERE]: Timed out receiving message from renderer: 0.100
[1589831409.218][SEVERE]: Timed out receiving message from renderer: 0.100
[1589831409.326][SEVERE]: Timed out receiving message from renderer: 0.100
[1589831409.427][SEVERE]: Timed out receiving message from renderer: 0.100
[1589831409.532][SEVERE]: Timed out receiving message from renderer: 0.100
[1589831409.642][SEVERE]: Timed out receiving message from renderer: 0.100
[1589831409.749][SEVERE]: Timed out receiving message from renderer: 0.100
[1589831409.851][SEVERE]: Timed out receiving message from renderer: 0.100
[1589831409.953][SEVERE]: Timed out receiving message from renderer: 0.100
[1589831410.055][SEVERE]: Timed out receiving message from renderer: 0.100
[1589831410.159][SEVERE]: Timed out receiving message from renderer: 0.100
[1589831410.405][SEVERE]: Timed out receiving message from renderer: 0.100
[1589831410.785][SEVERE]: Timed out receiving message from renderer: 0.100
[1589831410.893][SEVERE]: Timed out receiving message from renderer: 0.100
[1589831410.995][SEVERE]: Timed out receiving message from renderer: 0.100
[1589831414.857][SEVERE]: Timed out receiving message from renderer: 0.100
[1589831416.749][SEVERE]: Timed out receiving message from renderer: 0.100
[1589831416.851][SEVERE]: Timed out receiving message from renderer: 0.100
[1589831416.963][SEVERE]: Timed out receiving message from renderer: 0.100
[1589831417.140][SEVERE]: Timed out receiving message from renderer: 0.100
[1589831417.243][SEVERE]: Timed out receiving message from renderer: 0.100
[1589831417.347][SEVERE]: Timed out receiving message from renderer: 0.100
[1589831417.462][SEVERE]: Timed out receiving message from renderer: 0.100
[1589831417.660][SEVERE]: Timed out receiving message from renderer: 0.100
[1589831417.761][SEVERE]: Timed out receiving message from renderer: 0.100
[1589831417.867][SEVERE]: Timed out receiving message from renderer: 0.100
[1589831418.016][SEVERE]: Timed out receiving message from renderer: 0.100
[1589831418.118][SEVERE]: Timed out receiving message from renderer: 0.100
[1589831418.234][SEVERE]: Timed out receiving message from renderer: 0.100
[1589831418.366][SEVERE]: Timed out receiving message from renderer: 0.100
[1589831418.703][SEVERE]: Timed out receiving message from renderer: 0.100
[1589831418.851][SEVERE]: Timed out receiving message from renderer: 0.100
[1589831418.962][SEVERE]: Timed out receiving message from renderer: 0.100
[1589831419.069][SEVERE]: Timed out receiving message from renderer: 0.100
[1589831419.292][SEVERE]: Timed out receiving message from renderer: 0.100
[1589831425.523][SEVERE]: Timed out receiving message from renderer: 0.100
[1589831425.625][SEVERE]: Timed out receiving message from renderer: 0.100
[1589831425.730][SEVERE]: Timed out receiving message from renderer: 0.100
[1589831425.835][SEVERE]: Timed out receiving message from renderer: 0.100
[1589831425.942][SEVERE]: Timed out receiving message from renderer: 0.100
[1589831426.049][SEVERE]: Timed out receiving message from renderer: 0.100
[1589831426.154][SEVERE]: Timed out receiving message from renderer: 0.100
[1589831426.259][SEVERE]: Timed out receiving message from renderer: 0.100
[1589831426.461][SEVERE]: Timed out receiving message from renderer: 0.100
[1589831426.563][SEVERE]: Timed out receiving message from renderer: 0.100
[1589831426.670][SEVERE]: Timed out receiving message from renderer: 0.100
[1589831426.774][SEVERE]: Timed out receiving message from renderer: 0.100
[1589831426.882][SEVERE]: Timed out receiving message from renderer: 0.100
[1589831426.986][SEVERE]: Timed out receiving message from renderer: 0.100
[1589831427.092][SEVERE]: Timed out receiving message from renderer: 0.100
[1589831427.209][SEVERE]: Timed out receiving message from renderer: 0.100
[1589831427.310][SEVERE]: Timed out receiving message from renderer: 0.100
[1589831427.413][SEVERE]: Timed out receiving message from renderer: 0.100
[1589831427.523][SEVERE]: Timed out receiving message from renderer: 0.100
[1589831427.630][SEVERE]: Timed out receiving message from renderer: 0.100
[1589831427.737][SEVERE]: Timed out receiving message from renderer: 0.100
[1589831427.840][SEVERE]: Timed out receiving message from renderer: 0.100
[1589831427.945][SEVERE]: Timed out receiving message from renderer: 0.100
[1589831428.053][SEVERE]: Timed out receiving message from renderer: 0.100
[1589831428.154][SEVERE]: Timed out receiving message from renderer: 0.100
[1589831428.259][SEVERE]: Timed out receiving message from renderer: 0.100
[1589831428.362][SEVERE]: Timed out receiving message from renderer: 0.100
[1589831428.473][SEVERE]: Timed out receiving message from renderer: 0.100
[1589831428.574][SEVERE]: Timed out receiving message from renderer: 0.100
[1589831428.679][SEVERE]: Timed out receiving message from renderer: 0.100
[1589831428.789][SEVERE]: Timed out receiving message from renderer: 0.100
[1589831428.896][SEVERE]: Timed out receiving message from renderer: 0.100
[1589831429.002][SEVERE]: Timed out receiving message from renderer: 0.100
[1589831429.103][SEVERE]: Timed out receiving message from renderer: 0.100
[1589831429.207][SEVERE]: Timed out receiving message from renderer: 0.100
[1589831429.312][SEVERE]: Timed out receiving message from renderer: 0.100
[1589831429.418][SEVERE]: Timed out receiving message from renderer: 0.100
[1589831429.520][SEVERE]: Timed out receiving message from renderer: 0.100
[1589831429.623][SEVERE]: Timed out receiving message from renderer: 0.100
[1589831429.728][SEVERE]: Timed out receiving message from renderer: 0.100
[1589831429.842][SEVERE]: Timed out receiving message from renderer: 0.100
[1589831429.952][SEVERE]: Timed out receiving message from renderer: 0.100
[1589831430.055][SEVERE]: Timed out receiving message from renderer: 0.100
[1589831430.157][SEVERE]: Timed out receiving message from renderer: 0.100
[1589831430.276][SEVERE]: Timed out receiving message from renderer: 0.100
[1589831430.379][SEVERE]: Timed out receiving message from renderer: 0.100
[1589831430.484][SEVERE]: Timed out receiving message from renderer: 0.100
[1589831430.596][SEVERE]: Timed out receiving message from renderer: 0.100
[1589831430.700][SEVERE]: Timed out receiving message from renderer: 0.100
[1589831430.801][SEVERE]: Timed out receiving message from renderer: 0.100
[1589831430.920][SEVERE]: Timed out receiving message from renderer: 0.100
[1589831431.025][SEVERE]: Timed out receiving message from renderer: 0.100
[1589831431.132][SEVERE]: Timed out receiving message from renderer: 0.100
[1589831431.233][SEVERE]: Timed out receiving message from renderer: 0.100
[1589831431.339][SEVERE]: Timed out receiving message from renderer: 0.100
[1589831431.445][SEVERE]: Timed out receiving message from renderer: 0.100
[1589831431.548][SEVERE]: Timed out receiving message from renderer: 0.100
[1589831431.650][SEVERE]: Timed out receiving message from renderer: 0.100
[1589831431.754][SEVERE]: Timed out receiving message from renderer: 0.100
[1589831431.856][SEVERE]: Timed out receiving message from renderer: 0.100
[1589831431.958][SEVERE]: Timed out receiving message from renderer: 0.100
[1589831432.076][SEVERE]: Timed out receiving message from renderer: 0.100
[1589831432.188][SEVERE]: Timed out receiving message from renderer: 0.100
[1589831432.294][SEVERE]: Timed out receiving message from renderer: 0.100
[1589831432.399][SEVERE]: Timed out receiving message from renderer: 0.100
[1589831432.503][SEVERE]: Timed out receiving message from renderer: 0.100
[1589831432.618][SEVERE]: Timed out receiving message from renderer: 0.100
[1589831432.720][SEVERE]: Timed out receiving message from renderer: 0.100
[1589831432.823][SEVERE]: Timed out receiving message from renderer: 0.100
[1589831432.925][SEVERE]: Timed out receiving message from renderer: 0.100
[1589831433.036][SEVERE]: Timed out receiving message from renderer: 0.100
[1589831433.143][SEVERE]: Timed out receiving message from renderer: 0.100
[1589831433.245][SEVERE]: Timed out receiving message from renderer: 0.100
[1589831433.348][SEVERE]: Timed out receiving message from renderer: 0.100
[1589831433.450][SEVERE]: Timed out receiving message from renderer: 0.100
[1589831433.553][SEVERE]: Timed out receiving message from renderer: 0.100
[1589831433.656][SEVERE]: Timed out receiving message from renderer: 0.100
[1589831433.758][SEVERE]: Timed out receiving message from renderer: 0.100
[1589831433.862][SEVERE]: Timed out receiving message from renderer: 0.100
[1589831433.967][SEVERE]: Timed out receiving message from renderer: 0.100
[1589831434.068][SEVERE]: Timed out receiving message from renderer: 0.100
[1589831434.171][SEVERE]: Timed out receiving message from renderer: 0.100
[1589831434.275][SEVERE]: Timed out receiving message from renderer: 0.100
[1589831434.381][SEVERE]: Timed out receiving message from renderer: 0.100
[1589831434.483][SEVERE]: Timed out receiving message from renderer: 0.100
[1589831434.589][SEVERE]: Timed out receiving message from renderer: 0.100
[1589831434.694][SEVERE]: Timed out receiving message from renderer: 0.100
[1589831434.797][SEVERE]: Timed out receiving message from renderer: 0.100
[1589831434.899][SEVERE]: Timed out receiving message from renderer: 0.100
[1589831435.004][SEVERE]: Timed out receiving message from renderer: 0.100
[1589831435.112][SEVERE]: Timed out receiving message from renderer: 0.100
[1589831435.219][SEVERE]: Timed out receiving message from renderer: 0.100
[1589831435.321][SEVERE]: Timed out receiving message from renderer: 0.100
[1589831435.427][SEVERE]: Timed out receiving message from renderer: 0.100
[1589831435.549][SEVERE]: Timed out receiving message from renderer: 0.100
[1589831435.651][SEVERE]: Timed out receiving message from renderer: 0.100
[1589831435.755][SEVERE]: Timed out receiving message from renderer: 0.100
[1589831435.861][SEVERE]: Timed out receiving message from renderer: 0.100
[1589831435.966][SEVERE]: Timed out receiving message from renderer: 0.100
[1589831436.072][SEVERE]: Timed out receiving message from renderer: 0.100
[1589831436.174][SEVERE]: Timed out receiving message from renderer: 0.100
[1589831436.352][SEVERE]: Timed out receiving message from renderer: 0.100
[1589831436.490][SEVERE]: Timed out receiving message from renderer: 0.100
[1589831436.593][SEVERE]: Timed out receiving message from renderer: 0.100
[1589831436.699][SEVERE]: Timed out receiving message from renderer: 0.100
[1589831436.804][SEVERE]: Timed out receiving message from renderer: 0.100
[1589831436.913][SEVERE]: Timed out receiving message from renderer: 0.100
[1589831437.014][SEVERE]: Timed out receiving message from renderer: 0.100
[1589831437.116][SEVERE]: Timed out receiving message from renderer: 0.100
[1589831437.220][SEVERE]: Timed out receiving message from renderer: 0.100
[1589831437.324][SEVERE]: Timed out receiving message from renderer: 0.100
[1589831437.426][SEVERE]: Timed out receiving message from renderer: 0.100
[1589831437.530][SEVERE]: Timed out receiving message from renderer: 0.100
[1589831437.633][SEVERE]: Timed out receiving message from renderer: 0.100
[1589831437.738][SEVERE]: Timed out receiving message from renderer: 0.100
[1589831437.840][SEVERE]: Timed out receiving message from renderer: 0.100
[1589831466.487][SEVERE]: Timed out receiving message from renderer: 0.100
[1589831467.413][SEVERE]: Timed out receiving message from renderer: 0.100
[1589831467.534][SEVERE]: Timed out receiving message from renderer: 0.100
[1589831467.639][SEVERE]: Timed out receiving message from renderer: 0.100
[1589831467.741][SEVERE]: Timed out receiving message from renderer: 0.100
[1589831467.897][SEVERE]: Timed out receiving message from renderer: 0.100
[1589831468.002][SEVERE]: Timed out receiving message from renderer: 0.100
[1589831468.107][SEVERE]: Timed out receiving message from renderer: 0.100
[1589831468.212][SEVERE]: Timed out receiving message from renderer: 0.100
[1589831468.315][SEVERE]: Timed out receiving message from renderer: 0.100
[1589831468.429][SEVERE]: Timed out receiving message from renderer: 0.100
[1589831468.531][SEVERE]: Timed out receiving message from renderer: 0.100
[1589831468.719][SEVERE]: Timed out receiving message from renderer: 0.100
[1589831468.820][SEVERE]: Timed out receiving message from renderer: 0.100
[1589831468.923][SEVERE]: Timed out receiving message from renderer: 0.100
[1589831469.029][SEVERE]: Timed out receiving message from renderer: 0.100
[1589831469.366][SEVERE]: Timed out receiving message from renderer: 0.100
[1589831469.517][SEVERE]: Timed out receiving message from renderer: 0.100
[1589831469.635][SEVERE]: Timed out receiving message from renderer: 0.100
[1589831469.745][SEVERE]: Timed out receiving message from renderer: 0.100
[1589831469.874][SEVERE]: Timed out receiving message from renderer: 0.100
[1589831469.977][SEVERE]: Timed out receiving message from renderer: 0.100
[1589831470.083][SEVERE]: Timed out receiving message from renderer: 0.100
[1589831470.185][SEVERE]: Timed out receiving message from renderer: 0.100
[1589831470.294][SEVERE]: Timed out receiving message from renderer: 0.100
[1589831470.408][SEVERE]: Timed out receiving message from renderer: 0.100
[1589831470.523][SEVERE]: Timed out receiving message from renderer: 0.100
[1589831470.627][SEVERE]: Timed out receiving message from renderer: 0.100
[1589831470.745][SEVERE]: Timed out receiving message from renderer: 0.100
[1589831470.857][SEVERE]: Timed out receiving message from renderer: 0.100
[1589831470.962][SEVERE]: Timed out receiving message from renderer: 0.100
[1589831471.067][SEVERE]: Timed out receiving message from renderer: 0.100
[1589831471.177][SEVERE]: Timed out receiving message from renderer: 0.100
[1589831471.288][SEVERE]: Timed out receiving message from renderer: 0.100
[1589831471.395][SEVERE]: Timed out receiving message from renderer: 0.100
[1589831471.499][SEVERE]: Timed out receiving message from renderer: 0.100
[1589831471.610][SEVERE]: Timed out receiving message from renderer: 0.100
[1589831471.759][SEVERE]: Timed out receiving message from renderer: 0.100
[1589831472.141][SEVERE]: Timed out receiving message from renderer: 0.100
[1589831472.243][SEVERE]: Timed out receiving message from renderer: 0.100
[1589831472.345][SEVERE]: Timed out receiving message from renderer: 0.100
[1589831472.455][SEVERE]: Timed out receiving message from renderer: 0.100
[1589831472.560][SEVERE]: Timed out receiving message from renderer: 0.100
[1589831472.661][SEVERE]: Timed out receiving message from renderer: 0.100
[1589831472.770][SEVERE]: Timed out receiving message from renderer: 0.100
[1589831472.874][SEVERE]: Timed out receiving message from renderer: 0.100
[1589831472.990][SEVERE]: Timed out receiving message from renderer: 0.100
[1589831473.097][SEVERE]: Timed out receiving message from renderer: 0.100
[1589831473.207][SEVERE]: Timed out receiving message from renderer: 0.100
[1589831473.424][SEVERE]: Timed out receiving message from renderer: 0.100
[1589831474.451][SEVERE]: Timed out receiving message from renderer: 0.100
[1589831478.955][SEVERE]: Timed out receiving message from renderer: 0.100
[1589831479.103][SEVERE]: Timed out receiving message from renderer: 0.100
[1589831479.217][SEVERE]: Timed out receiving message from renderer: 0.100
[1589831479.340][SEVERE]: Timed out receiving message from renderer: 0.100
[1589831479.442][SEVERE]: Timed out receiving message from renderer: 0.100
[1589831479.546][SEVERE]: Timed out receiving message from renderer: 0.100
[1589831506.904][SEVERE]: Timed out receiving message from renderer: 0.100
[1589831507.964][SEVERE]: Timed out receiving message from renderer: 0.100
[1589831508.074][SEVERE]: Timed out receiving message from renderer: 0.100
[1589831508.197][SEVERE]: Timed out receiving message from renderer: 0.100
[1589831508.303][SEVERE]: Timed out receiving message from renderer: 0.100
[1589831508.414][SEVERE]: Timed out receiving message from renderer: 0.100
[1589831508.519][SEVERE]: Timed out receiving message from renderer: 0.100
[1589831508.723][SEVERE]: Timed out receiving message from renderer: 0.100
[1589831508.828][SEVERE]: Timed out receiving message from renderer: 0.100
[1589831508.940][SEVERE]: Timed out receiving message from renderer: 0.100
[1589831509.046][SEVERE]: Timed out receiving message from renderer: 0.100
[1589831509.147][SEVERE]: Timed out receiving message from renderer: 0.100
[1589831509.252][SEVERE]: Timed out receiving message from renderer: 0.100
[1589831509.362][SEVERE]: Timed out receiving message from renderer: 0.100
[1589831509.471][SEVERE]: Timed out receiving message from renderer: 0.100
[1589831509.577][SEVERE]: Timed out receiving message from renderer: 0.100
[1589831509.678][SEVERE]: Timed out receiving message from renderer: 0.100
[1589831509.785][SEVERE]: Timed out receiving message from renderer: 0.100
[1589831509.921][SEVERE]: Timed out receiving message from renderer: 0.100
[1589831510.022][SEVERE]: Timed out receiving message from renderer: 0.100
[1589831510.126][SEVERE]: Timed out receiving message from renderer: 0.100
[1589831510.235][SEVERE]: Timed out receiving message from renderer: 0.100
[1589831510.341][SEVERE]: Timed out receiving message from renderer: 0.100
[1589831510.443][SEVERE]: Timed out receiving message from renderer: 0.100
[1589831510.552][SEVERE]: Timed out receiving message from renderer: 0.100
[1589831510.657][SEVERE]: Timed out receiving message from renderer: 0.100
[1589831510.759][SEVERE]: Timed out receiving message from renderer: 0.100
[1589831510.871][SEVERE]: Timed out receiving message from renderer: 0.100
[1589831511.204][SEVERE]: Timed out receiving message from renderer: 0.100
[1589831511.391][SEVERE]: Timed out receiving message from renderer: 0.100
[1589831511.500][SEVERE]: Timed out receiving message from renderer: 0.100
[1589831511.603][SEVERE]: Timed out receiving message from renderer: 0.100
[1589831511.706][SEVERE]: Timed out receiving message from renderer: 0.100
[1589831511.811][SEVERE]: Timed out receiving message from renderer: 0.100
[1589831511.926][SEVERE]: Timed out receiving message from renderer: 0.100
[1589831512.032][SEVERE]: Timed out receiving message from renderer: 0.100
[1589831512.135][SEVERE]: Timed out receiving message from renderer: 0.100
[1589831512.238][SEVERE]: Timed out receiving message from renderer: 0.100
[1589831512.341][SEVERE]: Timed out receiving message from renderer: 0.100
[1589831512.454][SEVERE]: Timed out receiving message from renderer: 0.100
[1589831512.556][SEVERE]: Timed out receiving message from renderer: 0.100
[1589831512.658][SEVERE]: Timed out receiving message from renderer: 0.100
[1589831512.768][SEVERE]: Timed out receiving message from renderer: 0.100
[1589831512.874][SEVERE]: Timed out receiving message from renderer: 0.100
[1589831512.976][SEVERE]: Timed out receiving message from renderer: 0.100
[1589831513.083][SEVERE]: Timed out receiving message from renderer: 0.100
[1589831513.187][SEVERE]: Timed out receiving message from renderer: 0.100
[1589831513.291][SEVERE]: Timed out receiving message from renderer: 0.100
[1589831513.394][SEVERE]: Timed out receiving message from renderer: 0.100
[1589831513.498][SEVERE]: Timed out receiving message from renderer: 0.100
[1589831513.603][SEVERE]: Timed out receiving message from renderer: 0.100
[1589831513.706][SEVERE]: Timed out receiving message from renderer: 0.100
[1589831513.813][SEVERE]: Timed out receiving message from renderer: 0.100
[1589831513.922][SEVERE]: Timed out receiving message from renderer: 0.100
[1589831514.027][SEVERE]: Timed out receiving message from renderer: 0.100
[1589831514.131][SEVERE]: Timed out receiving message from renderer: 0.100
[1589831514.233][SEVERE]: Timed out receiving message from renderer: 0.100
[1589831514.343][SEVERE]: Timed out receiving message from renderer: 0.100
[1589831514.454][SEVERE]: Timed out receiving message from renderer: 0.100
[1589831514.560][SEVERE]: Timed out receiving message from renderer: 0.100
[1589831514.664][SEVERE]: Timed out receiving message from renderer: 0.100
[1589831514.767][SEVERE]: Timed out receiving message from renderer: 0.100
[1589831514.879][SEVERE]: Timed out receiving message from renderer: 0.100
[1589831514.988][SEVERE]: Timed out receiving message from renderer: 0.100
[1589831515.090][SEVERE]: Timed out receiving message from renderer: 0.100
[1589831515.197][SEVERE]: Timed out receiving message from renderer: 0.100
[1589831515.351][SEVERE]: Timed out receiving message from renderer: 0.100
[1589831515.789][SEVERE]: Timed out receiving message from renderer: 0.100
[1589831516.049][SEVERE]: Timed out receiving message from renderer: 0.100
[1589831517.062][SEVERE]: Timed out receiving message from renderer: 0.100
[1589831517.246][SEVERE]: Timed out receiving message from renderer: 0.100
[1589831517.351][SEVERE]: Timed out receiving message from renderer: 0.100
[1589831517.453][SEVERE]: Timed out receiving message from renderer: 0.100
[1589831517.565][SEVERE]: Timed out receiving message from renderer: 0.100
[1589831517.707][SEVERE]: Timed out receiving message from renderer: 0.100
[1589831517.809][SEVERE]: Timed out receiving message from renderer: 0.100
[1589831517.916][SEVERE]: Timed out receiving message from renderer: 0.100
[1589831518.022][SEVERE]: Timed out receiving message from renderer: 0.100
[1589831518.124][SEVERE]: Timed out receiving message from renderer: 0.100
[1589831518.293][SEVERE]: Timed out receiving message from renderer: 0.100
[1589831518.395][SEVERE]: Timed out receiving message from renderer: 0.100
[1589831518.498][SEVERE]: Timed out receiving message from renderer: 0.100
[1589831518.599][SEVERE]: Timed out receiving message from renderer: 0.100
[1589831518.703][SEVERE]: Timed out receiving message from renderer: 0.100
[1589831518.826][SEVERE]: Timed out receiving message from renderer: 0.100
[1589831518.932][SEVERE]: Timed out receiving message from renderer: 0.100
[1589831523.228][SEVERE]: Timed out receiving message from renderer: 0.100
[1589831523.603][SEVERE]: Timed out receiving message from renderer: 0.100
[1589831523.716][SEVERE]: Timed out receiving message from renderer: 0.100
[1589831523.827][SEVERE]: Timed out receiving message from renderer: 0.100
[1589831523.967][SEVERE]: Timed out receiving message from renderer: 0.100
[1589831524.073][SEVERE]: Timed out receiving message from renderer: 0.100
[1589831524.175][SEVERE]: Timed out receiving message from renderer: 0.100
[1589831524.281][SEVERE]: Timed out receiving message from renderer: 0.100
[1589831524.392][SEVERE]: Timed out receiving message from renderer: 0.100
]]></system-err>
</testsuite>
