<?xml version="1.0" encoding="UTF-8"?>
<testsuite name="com.qa.trello.tests.tests.TeamCreationTests" tests="1" skipped="0" failures="1" errors="0" timestamp="2020-05-09T18:50:10" hostname="DESKTOP-NPA4CH3" time="117.998">
  <properties/>
  <testcase name="testTeamCreation" classname="com.qa.trello.tests.tests.TeamCreationTests" time="117.998">
    <failure message="java.lang.AssertionError: expected [27] but found [0]" type="java.lang.AssertionError">java.lang.AssertionError: expected [27] but found [0]
	at org.testng.Assert.fail(Assert.java:97)
	at org.testng.Assert.assertEqualsImpl(Assert.java:136)
	at org.testng.Assert.assertEquals(Assert.java:118)
	at org.testng.Assert.assertEquals(Assert.java:839)
	at org.testng.Assert.assertEquals(Assert.java:849)
	at com.qa.trello.tests.tests.TeamCreationTests.testTeamCreation(TeamCreationTests.java:34)
	at sun.reflect.NativeMethodAccessorImpl.invoke0(Native Method)
	at sun.reflect.NativeMethodAccessorImpl.invoke(NativeMethodAccessorImpl.java:62)
	at sun.reflect.DelegatingMethodAccessorImpl.invoke(DelegatingMethodAccessorImpl.java:43)
	at java.lang.reflect.Method.invoke(Method.java:498)
	at org.testng.internal.MethodInvocationHelper.invokeMethod(MethodInvocationHelper.java:134)
	at org.testng.internal.TestInvoker.invokeMethod(TestInvoker.java:597)
	at org.testng.internal.TestInvoker.invokeTestMethod(TestInvoker.java:173)
	at org.testng.internal.MethodRunner.runInSequence(MethodRunner.java:46)
	at org.testng.internal.TestInvoker$MethodInvocationAgent.invoke(TestInvoker.java:816)
	at org.testng.internal.TestInvoker.invokeTestMethods(TestInvoker.java:146)
	at org.testng.internal.TestMethodWorker.invokeTestMethods(TestMethodWorker.java:146)
	at org.testng.internal.TestMethodWorker.run(TestMethodWorker.java:128)
	at java.util.ArrayList.forEach(ArrayList.java:1257)
	at org.testng.TestRunner.privateRun(TestRunner.java:766)
	at org.testng.TestRunner.run(TestRunner.java:587)
	at org.testng.SuiteRunner.runTest(SuiteRunner.java:384)
	at org.testng.SuiteRunner.runSequentially(SuiteRunner.java:378)
	at org.testng.SuiteRunner.privateRun(SuiteRunner.java:337)
	at org.testng.SuiteRunner.run(SuiteRunner.java:286)
	at org.testng.SuiteRunnerWorker.runSuite(SuiteRunnerWorker.java:53)
	at org.testng.SuiteRunnerWorker.run(SuiteRunnerWorker.java:96)
	at org.testng.TestNG.runSuitesSequentially(TestNG.java:1187)
	at org.testng.TestNG.runSuitesLocally(TestNG.java:1109)
	at org.testng.TestNG.runSuites(TestNG.java:1039)
	at org.testng.TestNG.run(TestNG.java:1007)
	at org.gradle.api.internal.tasks.testing.testng.TestNGTestClassProcessor.runTests(TestNGTestClassProcessor.java:141)
	at org.gradle.api.internal.tasks.testing.testng.TestNGTestClassProcessor.stop(TestNGTestClassProcessor.java:90)
	at org.gradle.api.internal.tasks.testing.SuiteTestClassProcessor.stop(SuiteTestClassProcessor.java:61)
	at sun.reflect.NativeMethodAccessorImpl.invoke0(Native Method)
	at sun.reflect.NativeMethodAccessorImpl.invoke(NativeMethodAccessorImpl.java:62)
	at sun.reflect.DelegatingMethodAccessorImpl.invoke(DelegatingMethodAccessorImpl.java:43)
	at java.lang.reflect.Method.invoke(Method.java:498)
	at org.gradle.internal.dispatch.ReflectionDispatch.dispatch(ReflectionDispatch.java:35)
	at org.gradle.internal.dispatch.ReflectionDispatch.dispatch(ReflectionDispatch.java:24)
	at org.gradle.internal.dispatch.ContextClassLoaderDispatch.dispatch(ContextClassLoaderDispatch.java:32)
	at org.gradle.internal.dispatch.ProxyDispatchAdapter$DispatchingInvocationHandler.invoke(ProxyDispatchAdapter.java:93)
	at com.sun.proxy.$Proxy2.stop(Unknown Source)
	at org.gradle.api.internal.tasks.testing.worker.TestWorker.stop(TestWorker.java:132)
	at sun.reflect.NativeMethodAccessorImpl.invoke0(Native Method)
	at sun.reflect.NativeMethodAccessorImpl.invoke(NativeMethodAccessorImpl.java:62)
	at sun.reflect.DelegatingMethodAccessorImpl.invoke(DelegatingMethodAccessorImpl.java:43)
	at java.lang.reflect.Method.invoke(Method.java:498)
	at org.gradle.internal.dispatch.ReflectionDispatch.dispatch(ReflectionDispatch.java:35)
	at org.gradle.internal.dispatch.ReflectionDispatch.dispatch(ReflectionDispatch.java:24)
	at org.gradle.internal.remote.internal.hub.MessageHubBackedObjectConnection$DispatchWrapper.dispatch(MessageHubBackedObjectConnection.java:175)
	at org.gradle.internal.remote.internal.hub.MessageHubBackedObjectConnection$DispatchWrapper.dispatch(MessageHubBackedObjectConnection.java:157)
	at org.gradle.internal.remote.internal.hub.MessageHub$Handler.run(MessageHub.java:404)
	at org.gradle.internal.concurrent.ExecutorPolicy$CatchAndRecordFailures.onExecute(ExecutorPolicy.java:63)
	at org.gradle.internal.concurrent.ManagedExecutorImpl$1.run(ManagedExecutorImpl.java:46)
	at java.util.concurrent.ThreadPoolExecutor.runWorker(ThreadPoolExecutor.java:1149)
	at java.util.concurrent.ThreadPoolExecutor$Worker.run(ThreadPoolExecutor.java:624)
	at org.gradle.internal.concurrent.ThreadFactoryImpl$ManagedThreadRunnable.run(ThreadFactoryImpl.java:55)
	at java.lang.Thread.run(Thread.java:748)
</failure>
  </testcase>
  <system-out><![CDATA[was: 26 now:0
]]></system-out>
  <system-err><![CDATA[[1589050288.642][SEVERE]: Timed out receiving message from renderer: 0.100
[1589050288.744][SEVERE]: Timed out receiving message from renderer: 0.100
[1589050288.845][SEVERE]: Timed out receiving message from renderer: 0.100
[1589050288.951][SEVERE]: Timed out receiving message from renderer: 0.100
[1589050289.055][SEVERE]: Timed out receiving message from renderer: 0.100
[1589050289.157][SEVERE]: Timed out receiving message from renderer: 0.100
[1589050289.259][SEVERE]: Timed out receiving message from renderer: 0.100
[1589050289.361][SEVERE]: Timed out receiving message from renderer: 0.100
[1589050289.464][SEVERE]: Timed out receiving message from renderer: 0.100
[1589050289.566][SEVERE]: Timed out receiving message from renderer: 0.100
[1589050289.743][SEVERE]: Timed out receiving message from renderer: 0.100
[1589050289.845][SEVERE]: Timed out receiving message from renderer: 0.100
[1589050289.947][SEVERE]: Timed out receiving message from renderer: 0.100
[1589050290.050][SEVERE]: Timed out receiving message from renderer: 0.100
[1589050290.152][SEVERE]: Timed out receiving message from renderer: 0.100
[1589050290.263][SEVERE]: Timed out receiving message from renderer: 0.100
[1589050290.365][SEVERE]: Timed out receiving message from renderer: 0.100
[1589050290.468][SEVERE]: Timed out receiving message from renderer: 0.100
[1589050290.574][SEVERE]: Timed out receiving message from renderer: 0.100
[1589050290.675][SEVERE]: Timed out receiving message from renderer: 0.100
[1589050290.778][SEVERE]: Timed out receiving message from renderer: 0.100
[1589050290.881][SEVERE]: Timed out receiving message from renderer: 0.100
[1589050290.986][SEVERE]: Timed out receiving message from renderer: 0.100
[1589050291.087][SEVERE]: Timed out receiving message from renderer: 0.100
[1589050291.197][SEVERE]: Timed out receiving message from renderer: 0.100
[1589050291.299][SEVERE]: Timed out receiving message from renderer: 0.100
[1589050291.401][SEVERE]: Timed out receiving message from renderer: 0.100
[1589050291.502][SEVERE]: Timed out receiving message from renderer: 0.100
[1589050291.606][SEVERE]: Timed out receiving message from renderer: 0.100
[1589050291.709][SEVERE]: Timed out receiving message from renderer: 0.100
[1589050291.812][SEVERE]: Timed out receiving message from renderer: 0.100
[1589050291.919][SEVERE]: Timed out receiving message from renderer: 0.100
[1589050292.022][SEVERE]: Timed out receiving message from renderer: 0.100
[1589050292.124][SEVERE]: Timed out receiving message from renderer: 0.100
[1589050292.225][SEVERE]: Timed out receiving message from renderer: 0.100
[1589050292.374][SEVERE]: Timed out receiving message from renderer: 0.100
[1589050292.480][SEVERE]: Timed out receiving message from renderer: 0.100
[1589050292.583][SEVERE]: Timed out receiving message from renderer: 0.100
[1589050292.687][SEVERE]: Timed out receiving message from renderer: 0.100
[1589050292.789][SEVERE]: Timed out receiving message from renderer: 0.100
[1589050292.901][SEVERE]: Timed out receiving message from renderer: 0.100
[1589050293.006][SEVERE]: Timed out receiving message from renderer: 0.100
[1589050293.108][SEVERE]: Timed out receiving message from renderer: 0.100
[1589050293.210][SEVERE]: Timed out receiving message from renderer: 0.100
[1589050293.314][SEVERE]: Timed out receiving message from renderer: 0.100
[1589050293.416][SEVERE]: Timed out receiving message from renderer: 0.100
[1589050293.519][SEVERE]: Timed out receiving message from renderer: 0.100
[1589050293.622][SEVERE]: Timed out receiving message from renderer: 0.100
[1589050293.725][SEVERE]: Timed out receiving message from renderer: 0.100
[1589050293.828][SEVERE]: Timed out receiving message from renderer: 0.100
[1589050293.930][SEVERE]: Timed out receiving message from renderer: 0.100
[1589050294.037][SEVERE]: Timed out receiving message from renderer: 0.100
[1589050294.148][SEVERE]: Timed out receiving message from renderer: 0.100
[1589050294.251][SEVERE]: Timed out receiving message from renderer: 0.100
[1589050294.353][SEVERE]: Timed out receiving message from renderer: 0.100
[1589050294.462][SEVERE]: Timed out receiving message from renderer: 0.100
[1589050294.563][SEVERE]: Timed out receiving message from renderer: 0.100
[1589050294.668][SEVERE]: Timed out receiving message from renderer: 0.100
[1589050294.771][SEVERE]: Timed out receiving message from renderer: 0.100
[1589050294.874][SEVERE]: Timed out receiving message from renderer: 0.100
[1589050294.977][SEVERE]: Timed out receiving message from renderer: 0.100
[1589050295.078][SEVERE]: Timed out receiving message from renderer: 0.100
[1589050295.180][SEVERE]: Timed out receiving message from renderer: 0.100
[1589050295.282][SEVERE]: Timed out receiving message from renderer: 0.100
[1589050295.384][SEVERE]: Timed out receiving message from renderer: 0.100
[1589050295.486][SEVERE]: Timed out receiving message from renderer: 0.100
[1589050295.589][SEVERE]: Timed out receiving message from renderer: 0.100
[1589050295.692][SEVERE]: Timed out receiving message from renderer: 0.100
[1589050295.794][SEVERE]: Timed out receiving message from renderer: 0.100
[1589050295.895][SEVERE]: Timed out receiving message from renderer: 0.100
[1589050295.997][SEVERE]: Timed out receiving message from renderer: 0.100
[1589050296.098][SEVERE]: Timed out receiving message from renderer: 0.100
[1589050296.200][SEVERE]: Timed out receiving message from renderer: 0.100
[1589050296.303][SEVERE]: Timed out receiving message from renderer: 0.100
[1589050296.405][SEVERE]: Timed out receiving message from renderer: 0.100
[1589050296.507][SEVERE]: Timed out receiving message from renderer: 0.100
[1589050298.354][SEVERE]: Timed out receiving message from renderer: 0.100
[1589050298.546][SEVERE]: Timed out receiving message from renderer: 0.100
[1589050298.921][SEVERE]: Timed out receiving message from renderer: 0.100
[1589050300.126][SEVERE]: Timed out receiving message from renderer: 0.100
[1589050300.230][SEVERE]: Timed out receiving message from renderer: 0.100
[1589050300.332][SEVERE]: Timed out receiving message from renderer: 0.100
[1589050300.644][SEVERE]: Timed out receiving message from renderer: 0.100
[1589050300.748][SEVERE]: Timed out receiving message from renderer: 0.100
[1589050300.894][SEVERE]: Timed out receiving message from renderer: 0.100
[1589050300.996][SEVERE]: Timed out receiving message from renderer: 0.100
[1589050301.097][SEVERE]: Timed out receiving message from renderer: 0.100
[1589050301.200][SEVERE]: Timed out receiving message from renderer: 0.100
[1589050301.302][SEVERE]: Timed out receiving message from renderer: 0.100
[1589050301.508][SEVERE]: Timed out receiving message from renderer: 0.100
[1589050301.734][SEVERE]: Timed out receiving message from renderer: 0.100
[1589050301.835][SEVERE]: Timed out receiving message from renderer: 0.100
[1589050304.440][SEVERE]: Timed out receiving message from renderer: 0.100
]]></system-err>
</testsuite>
