<?xml version="1.0" encoding="UTF-8"?>
<testsuite name="com.qa.trello.tests.BoardCreationTests" tests="1" skipped="0" failures="0" errors="0" timestamp="2020-04-21T10:37:00" hostname="DESKTOP-NPA4CH3" time="12.023">
  <properties/>
  <testcase name="testBoardCreation" classname="com.qa.trello.tests.BoardCreationTests" time="12.023"/>
  <system-out><![CDATA[]]></system-out>
  <system-err><![CDATA[Starting ChromeDriver 81.0.4044.69 (6813546031a4bc83f717a2ef7cd4ac6ec1199132-refs/branch-heads/4044@{#776}) on port 22017
Only local connections are allowed.
Please protect ports used by ChromeDriver and related test frameworks to prevent access by malicious code.
апр 21, 2020 1:36:51 PM org.openqa.selenium.remote.ProtocolHandshake createSession
INFO: Detected dialect: W3C
[1587465415.104][SEVERE]: Timed out receiving message from renderer: 0.100
[1587465415.225][SEVERE]: Timed out receiving message from renderer: 0.100
[1587465415.332][SEVERE]: Timed out receiving message from renderer: 0.100
[1587465415.439][SEVERE]: Timed out receiving message from renderer: 0.100
[1587465415.548][SEVERE]: Timed out receiving message from renderer: 0.100
[1587465415.656][SEVERE]: Timed out receiving message from renderer: 0.100
[1587465415.766][SEVERE]: Timed out receiving message from renderer: 0.100
[1587465415.887][SEVERE]: Timed out receiving message from renderer: 0.100
[1587465416.783][SEVERE]: Timed out receiving message from renderer: 0.100
[1587465416.888][SEVERE]: Timed out receiving message from renderer: 0.100
[1587465417.002][SEVERE]: Timed out receiving message from renderer: 0.100
[1587465417.268][SEVERE]: Timed out receiving message from renderer: 0.100
[1587465417.445][SEVERE]: Timed out receiving message from renderer: 0.100
[1587465417.547][SEVERE]: Timed out receiving message from renderer: 0.100
[1587465417.651][SEVERE]: Timed out receiving message from renderer: 0.100
[1587465417.753][SEVERE]: Timed out receiving message from renderer: 0.100
[1587465417.921][SEVERE]: Timed out receiving message from renderer: 0.100
[1587465418.027][SEVERE]: Timed out receiving message from renderer: 0.100
[1587465418.139][SEVERE]: Timed out receiving message from renderer: 0.100
[1587465418.320][SEVERE]: Timed out receiving message from renderer: 0.100
[1587465418.468][SEVERE]: Timed out receiving message from renderer: 0.100
[1587465418.571][SEVERE]: Timed out receiving message from renderer: 0.100
[1587465418.676][SEVERE]: Timed out receiving message from renderer: 0.100
[1587465418.779][SEVERE]: Timed out receiving message from renderer: 0.100
[1587465418.952][SEVERE]: Timed out receiving message from renderer: 0.100
[1587465419.062][SEVERE]: Timed out receiving message from renderer: 0.100
[1587465419.166][SEVERE]: Timed out receiving message from renderer: 0.100
[1587465419.268][SEVERE]: Timed out receiving message from renderer: 0.100
[1587465419.372][SEVERE]: Timed out receiving message from renderer: 0.100
[1587465419.475][SEVERE]: Timed out receiving message from renderer: 0.100
[1587465419.576][SEVERE]: Timed out receiving message from renderer: 0.100
[1587465419.771][SEVERE]: Timed out receiving message from renderer: 0.100
[1587465419.875][SEVERE]: Timed out receiving message from renderer: 0.100
[1587465419.977][SEVERE]: Timed out receiving message from renderer: 0.100
[1587465420.079][SEVERE]: Timed out receiving message from renderer: 0.100
[1587465420.183][SEVERE]: Timed out receiving message from renderer: 0.100
[1587465420.285][SEVERE]: Timed out receiving message from renderer: 0.100
[1587465420.387][SEVERE]: Timed out receiving message from renderer: 0.100
[1587465420.491][SEVERE]: Timed out receiving message from renderer: 0.100
[1587465420.593][SEVERE]: Timed out receiving message from renderer: 0.100
[1587465428.768][SEVERE]: Timed out receiving message from renderer: 0.100
[1587465428.872][SEVERE]: Timed out receiving message from renderer: 0.100
[1587465428.979][SEVERE]: Timed out receiving message from renderer: 0.100
[1587465429.089][SEVERE]: Timed out receiving message from renderer: 0.100
[1587465429.196][SEVERE]: Timed out receiving message from renderer: 0.100
[1587465429.409][SEVERE]: Timed out receiving message from renderer: 0.100
[1587465429.513][SEVERE]: Timed out receiving message from renderer: 0.100
[1587465429.619][SEVERE]: Timed out receiving message from renderer: 0.100
[1587465429.725][SEVERE]: Timed out receiving message from renderer: 0.100
[1587465429.831][SEVERE]: Timed out receiving message from renderer: 0.100
[1587465429.960][SEVERE]: Timed out receiving message from renderer: 0.100
[1587465430.278][SEVERE]: Timed out receiving message from renderer: 0.100
[1587465430.386][SEVERE]: Timed out receiving message from renderer: 0.100
[1587465430.496][SEVERE]: Timed out receiving message from renderer: 0.100
[1587465430.607][SEVERE]: Timed out receiving message from renderer: 0.100
[1587465430.734][SEVERE]: Timed out receiving message from renderer: 0.100
[1587465431.226][SEVERE]: Timed out receiving message from renderer: 0.100
[1587465431.578][SEVERE]: Timed out receiving message from renderer: 0.100
[1587465431.691][SEVERE]: Timed out receiving message from renderer: 0.100
[1587465431.817][SEVERE]: Timed out receiving message from renderer: 0.100
[1587465431.927][SEVERE]: Timed out receiving message from renderer: 0.100
]]></system-err>
</testsuite>
