<?xml version="1.0" encoding="UTF-8"?>
<testsuite name="com.qa.trello.tests.BoardCreationTests" tests="1" skipped="0" failures="0" errors="0" timestamp="2020-04-23T21:09:13" hostname="DESKTOP-NPA4CH3" time="81.224">
  <properties/>
  <testcase name="testBoardCreation" classname="com.qa.trello.tests.BoardCreationTests" time="81.224"/>
  <system-out><![CDATA[]]></system-out>
  <system-err><![CDATA[Starting ChromeDriver 81.0.4044.69 (6813546031a4bc83f717a2ef7cd4ac6ec1199132-refs/branch-heads/4044@{#776}) on port 26716
Only local connections are allowed.
Please protect ports used by ChromeDriver and related test frameworks to prevent access by malicious code.
апр 24, 2020 12:09:01 AM org.openqa.selenium.remote.ProtocolHandshake createSession
INFO: Detected dialect: W3C
[1587676145.732][SEVERE]: Timed out receiving message from renderer: 0.100
[1587676145.839][SEVERE]: Timed out receiving message from renderer: 0.100
[1587676145.965][SEVERE]: Timed out receiving message from renderer: 0.100
[1587676146.072][SEVERE]: Timed out receiving message from renderer: 0.100
[1587676146.175][SEVERE]: Timed out receiving message from renderer: 0.100
[1587676146.704][SEVERE]: Timed out receiving message from renderer: 0.100
[1587676147.032][SEVERE]: Timed out receiving message from renderer: 0.100
[1587676147.224][SEVERE]: Timed out receiving message from renderer: 0.100
[1587676147.335][SEVERE]: Timed out receiving message from renderer: 0.100
[1587676147.446][SEVERE]: Timed out receiving message from renderer: 0.100
[1587676147.555][SEVERE]: Timed out receiving message from renderer: 0.100
[1587676147.660][SEVERE]: Timed out receiving message from renderer: 0.100
[1587676147.769][SEVERE]: Timed out receiving message from renderer: 0.100
[1587676147.930][SEVERE]: Timed out receiving message from renderer: 0.100
[1587676148.033][SEVERE]: Timed out receiving message from renderer: 0.100
[1587676148.137][SEVERE]: Timed out receiving message from renderer: 0.100
[1587676148.242][SEVERE]: Timed out receiving message from renderer: 0.100
[1587676148.345][SEVERE]: Timed out receiving message from renderer: 0.100
[1587676148.451][SEVERE]: Timed out receiving message from renderer: 0.100
[1587676148.559][SEVERE]: Timed out receiving message from renderer: 0.100
[1587676148.803][SEVERE]: Timed out receiving message from renderer: 0.100
[1587676148.905][SEVERE]: Timed out receiving message from renderer: 0.100
[1587676149.008][SEVERE]: Timed out receiving message from renderer: 0.100
[1587676149.115][SEVERE]: Timed out receiving message from renderer: 0.100
[1587676149.232][SEVERE]: Timed out receiving message from renderer: 0.100
[1587676149.340][SEVERE]: Timed out receiving message from renderer: 0.100
[1587676149.478][SEVERE]: Timed out receiving message from renderer: 0.100
[1587676149.580][SEVERE]: Timed out receiving message from renderer: 0.100
[1587676149.686][SEVERE]: Timed out receiving message from renderer: 0.100
[1587676149.790][SEVERE]: Timed out receiving message from renderer: 0.100
[1587676149.894][SEVERE]: Timed out receiving message from renderer: 0.100
[1587676150.151][SEVERE]: Timed out receiving message from renderer: 0.100
[1587676150.253][SEVERE]: Timed out receiving message from renderer: 0.100
[1587676150.609][SEVERE]: Timed out receiving message from renderer: 0.100
[1587676150.712][SEVERE]: Timed out receiving message from renderer: 0.100
[1587676150.814][SEVERE]: Timed out receiving message from renderer: 0.100
[1587676150.915][SEVERE]: Timed out receiving message from renderer: 0.100
[1587676151.019][SEVERE]: Timed out receiving message from renderer: 0.100
[1587676151.122][SEVERE]: Timed out receiving message from renderer: 0.100
[1587676151.224][SEVERE]: Timed out receiving message from renderer: 0.100
[1587676151.328][SEVERE]: Timed out receiving message from renderer: 0.100
[1587676151.430][SEVERE]: Timed out receiving message from renderer: 0.100
[1587676151.532][SEVERE]: Timed out receiving message from renderer: 0.100
[1587676151.635][SEVERE]: Timed out receiving message from renderer: 0.100
[1587676151.745][SEVERE]: Timed out receiving message from renderer: 0.100
[1587676151.860][SEVERE]: Timed out receiving message from renderer: 0.100
[1587676151.962][SEVERE]: Timed out receiving message from renderer: 0.100
[1587676152.178][SEVERE]: Timed out receiving message from renderer: 0.100
[1587676152.280][SEVERE]: Timed out receiving message from renderer: 0.100
[1587676152.383][SEVERE]: Timed out receiving message from renderer: 0.100
[1587676152.486][SEVERE]: Timed out receiving message from renderer: 0.100
[1587676152.589][SEVERE]: Timed out receiving message from renderer: 0.100
[1587676152.749][SEVERE]: Timed out receiving message from renderer: 0.100
[1587676152.851][SEVERE]: Timed out receiving message from renderer: 0.100
[1587676152.954][SEVERE]: Timed out receiving message from renderer: 0.100
[1587676153.055][SEVERE]: Timed out receiving message from renderer: 0.100
[1587676153.157][SEVERE]: Timed out receiving message from renderer: 0.100
[1587676153.259][SEVERE]: Timed out receiving message from renderer: 0.100
[1587676162.835][SEVERE]: Timed out receiving message from renderer: 0.100
[1587676162.938][SEVERE]: Timed out receiving message from renderer: 0.100
[1587676163.041][SEVERE]: Timed out receiving message from renderer: 0.100
[1587676163.148][SEVERE]: Timed out receiving message from renderer: 0.100
[1587676163.253][SEVERE]: Timed out receiving message from renderer: 0.100
[1587676163.355][SEVERE]: Timed out receiving message from renderer: 0.100
[1587676163.465][SEVERE]: Timed out receiving message from renderer: 0.100
[1587676163.567][SEVERE]: Timed out receiving message from renderer: 0.100
[1587676163.670][SEVERE]: Timed out receiving message from renderer: 0.100
[1587676163.772][SEVERE]: Timed out receiving message from renderer: 0.100
[1587676163.881][SEVERE]: Timed out receiving message from renderer: 0.100
[1587676163.983][SEVERE]: Timed out receiving message from renderer: 0.100
[1587676164.089][SEVERE]: Timed out receiving message from renderer: 0.100
[1587676164.195][SEVERE]: Timed out receiving message from renderer: 0.100
[1587676164.297][SEVERE]: Timed out receiving message from renderer: 0.100
[1587676164.399][SEVERE]: Timed out receiving message from renderer: 0.100
[1587676164.502][SEVERE]: Timed out receiving message from renderer: 0.100
[1587676164.604][SEVERE]: Timed out receiving message from renderer: 0.100
[1587676164.708][SEVERE]: Timed out receiving message from renderer: 0.100
[1587676164.810][SEVERE]: Timed out receiving message from renderer: 0.100
[1587676164.912][SEVERE]: Timed out receiving message from renderer: 0.100
[1587676165.072][SEVERE]: Timed out receiving message from renderer: 0.100
[1587676165.174][SEVERE]: Timed out receiving message from renderer: 0.100
[1587676165.278][SEVERE]: Timed out receiving message from renderer: 0.100
[1587676165.380][SEVERE]: Timed out receiving message from renderer: 0.100
[1587676165.482][SEVERE]: Timed out receiving message from renderer: 0.100
[1587676165.584][SEVERE]: Timed out receiving message from renderer: 0.100
[1587676165.685][SEVERE]: Timed out receiving message from renderer: 0.100
[1587676165.789][SEVERE]: Timed out receiving message from renderer: 0.100
[1587676165.891][SEVERE]: Timed out receiving message from renderer: 0.100
[1587676165.993][SEVERE]: Timed out receiving message from renderer: 0.100
[1587676166.095][SEVERE]: Timed out receiving message from renderer: 0.100
[1587676166.196][SEVERE]: Timed out receiving message from renderer: 0.100
[1587676166.298][SEVERE]: Timed out receiving message from renderer: 0.100
[1587676166.399][SEVERE]: Timed out receiving message from renderer: 0.100
[1587676166.502][SEVERE]: Timed out receiving message from renderer: 0.100
[1587676166.604][SEVERE]: Timed out receiving message from renderer: 0.100
[1587676166.706][SEVERE]: Timed out receiving message from renderer: 0.100
[1587676166.808][SEVERE]: Timed out receiving message from renderer: 0.100
[1587676166.909][SEVERE]: Timed out receiving message from renderer: 0.100
[1587676167.011][SEVERE]: Timed out receiving message from renderer: 0.100
[1587676167.112][SEVERE]: Timed out receiving message from renderer: 0.100
[1587676167.214][SEVERE]: Timed out receiving message from renderer: 0.100
[1587676167.316][SEVERE]: Timed out receiving message from renderer: 0.100
[1587676167.418][SEVERE]: Timed out receiving message from renderer: 0.100
[1587676167.520][SEVERE]: Timed out receiving message from renderer: 0.100
[1587676167.642][SEVERE]: Timed out receiving message from renderer: 0.100
[1587676167.744][SEVERE]: Timed out receiving message from renderer: 0.100
[1587676167.847][SEVERE]: Timed out receiving message from renderer: 0.100
[1587676167.950][SEVERE]: Timed out receiving message from renderer: 0.100
[1587676168.304][SEVERE]: Timed out receiving message from renderer: 0.100
[1587676168.406][SEVERE]: Timed out receiving message from renderer: 0.100
[1587676168.510][SEVERE]: Timed out receiving message from renderer: 0.100
[1587676168.613][SEVERE]: Timed out receiving message from renderer: 0.100
[1587676168.716][SEVERE]: Timed out receiving message from renderer: 0.100
[1587676168.819][SEVERE]: Timed out receiving message from renderer: 0.100
[1587676168.925][SEVERE]: Timed out receiving message from renderer: 0.100
[1587676169.027][SEVERE]: Timed out receiving message from renderer: 0.100
[1587676169.132][SEVERE]: Timed out receiving message from renderer: 0.100
[1587676169.234][SEVERE]: Timed out receiving message from renderer: 0.100
[1587676169.337][SEVERE]: Timed out receiving message from renderer: 0.100
[1587676169.440][SEVERE]: Timed out receiving message from renderer: 0.100
[1587676169.542][SEVERE]: Timed out receiving message from renderer: 0.100
[1587676169.644][SEVERE]: Timed out receiving message from renderer: 0.100
[1587676169.843][SEVERE]: Timed out receiving message from renderer: 0.100
[1587676170.394][SEVERE]: Timed out receiving message from renderer: 0.100
[1587676170.497][SEVERE]: Timed out receiving message from renderer: 0.100
[1587676170.662][SEVERE]: Timed out receiving message from renderer: 0.100
[1587676170.928][SEVERE]: Timed out receiving message from renderer: 0.100
[1587676171.034][SEVERE]: Timed out receiving message from renderer: 0.100
[1587676171.136][SEVERE]: Timed out receiving message from renderer: 0.100
[1587676171.241][SEVERE]: Timed out receiving message from renderer: 0.100
[1587676171.342][SEVERE]: Timed out receiving message from renderer: 0.100
[1587676171.444][SEVERE]: Timed out receiving message from renderer: 0.100
[1587676192.008][SEVERE]: Timed out receiving message from renderer: 0.100
[1587676192.109][SEVERE]: Timed out receiving message from renderer: 0.100
[1587676192.213][SEVERE]: Timed out receiving message from renderer: 0.100
[1587676192.316][SEVERE]: Timed out receiving message from renderer: 0.100
[1587676192.419][SEVERE]: Timed out receiving message from renderer: 0.100
[1587676192.522][SEVERE]: Timed out receiving message from renderer: 0.100
[1587676192.626][SEVERE]: Timed out receiving message from renderer: 0.100
[1587676192.730][SEVERE]: Timed out receiving message from renderer: 0.100
[1587676192.833][SEVERE]: Timed out receiving message from renderer: 0.100
[1587676192.941][SEVERE]: Timed out receiving message from renderer: 0.100
[1587676193.045][SEVERE]: Timed out receiving message from renderer: 0.100
[1587676193.149][SEVERE]: Timed out receiving message from renderer: 0.100
[1587676193.250][SEVERE]: Timed out receiving message from renderer: 0.100
[1587676193.353][SEVERE]: Timed out receiving message from renderer: 0.100
[1587676193.457][SEVERE]: Timed out receiving message from renderer: 0.100
[1587676193.559][SEVERE]: Timed out receiving message from renderer: 0.100
[1587676193.664][SEVERE]: Timed out receiving message from renderer: 0.100
[1587676193.767][SEVERE]: Timed out receiving message from renderer: 0.100
[1587676193.871][SEVERE]: Timed out receiving message from renderer: 0.100
[1587676193.973][SEVERE]: Timed out receiving message from renderer: 0.100
[1587676194.076][SEVERE]: Timed out receiving message from renderer: 0.100
[1587676194.178][SEVERE]: Timed out receiving message from renderer: 0.100
[1587676194.281][SEVERE]: Timed out receiving message from renderer: 0.100
[1587676194.385][SEVERE]: Timed out receiving message from renderer: 0.100
[1587676194.487][SEVERE]: Timed out receiving message from renderer: 0.100
[1587676194.590][SEVERE]: Timed out receiving message from renderer: 0.100
[1587676194.694][SEVERE]: Timed out receiving message from renderer: 0.100
[1587676194.796][SEVERE]: Timed out receiving message from renderer: 0.100
[1587676194.898][SEVERE]: Timed out receiving message from renderer: 0.100
[1587676195.002][SEVERE]: Timed out receiving message from renderer: 0.100
[1587676195.105][SEVERE]: Timed out receiving message from renderer: 0.100
[1587676195.206][SEVERE]: Timed out receiving message from renderer: 0.100
[1587676195.308][SEVERE]: Timed out receiving message from renderer: 0.100
[1587676195.410][SEVERE]: Timed out receiving message from renderer: 0.100
[1587676195.512][SEVERE]: Timed out receiving message from renderer: 0.100
[1587676195.614][SEVERE]: Timed out receiving message from renderer: 0.100
[1587676195.716][SEVERE]: Timed out receiving message from renderer: 0.100
[1587676195.818][SEVERE]: Timed out receiving message from renderer: 0.100
[1587676195.920][SEVERE]: Timed out receiving message from renderer: 0.100
[1587676196.022][SEVERE]: Timed out receiving message from renderer: 0.100
[1587676196.124][SEVERE]: Timed out receiving message from renderer: 0.100
[1587676196.227][SEVERE]: Timed out receiving message from renderer: 0.100
[1587676196.330][SEVERE]: Timed out receiving message from renderer: 0.100
[1587676196.432][SEVERE]: Timed out receiving message from renderer: 0.100
[1587676196.536][SEVERE]: Timed out receiving message from renderer: 0.100
[1587676196.639][SEVERE]: Timed out receiving message from renderer: 0.100
[1587676196.741][SEVERE]: Timed out receiving message from renderer: 0.100
[1587676196.843][SEVERE]: Timed out receiving message from renderer: 0.100
[1587676196.946][SEVERE]: Timed out receiving message from renderer: 0.100
[1587676197.047][SEVERE]: Timed out receiving message from renderer: 0.100
[1587676197.149][SEVERE]: Timed out receiving message from renderer: 0.100
[1587676197.252][SEVERE]: Timed out receiving message from renderer: 0.100
[1587676197.355][SEVERE]: Timed out receiving message from renderer: 0.100
[1587676197.458][SEVERE]: Timed out receiving message from renderer: 0.100
[1587676197.561][SEVERE]: Timed out receiving message from renderer: 0.100
[1587676197.662][SEVERE]: Timed out receiving message from renderer: 0.100
[1587676197.765][SEVERE]: Timed out receiving message from renderer: 0.100
[1587676197.867][SEVERE]: Timed out receiving message from renderer: 0.100
[1587676197.968][SEVERE]: Timed out receiving message from renderer: 0.100
[1587676198.070][SEVERE]: Timed out receiving message from renderer: 0.100
[1587676198.173][SEVERE]: Timed out receiving message from renderer: 0.100
[1587676198.275][SEVERE]: Timed out receiving message from renderer: 0.100
[1587676198.379][SEVERE]: Timed out receiving message from renderer: 0.100
[1587676198.482][SEVERE]: Timed out receiving message from renderer: 0.100
[1587676198.585][SEVERE]: Timed out receiving message from renderer: 0.100
[1587676198.687][SEVERE]: Timed out receiving message from renderer: 0.100
[1587676198.791][SEVERE]: Timed out receiving message from renderer: 0.100
[1587676198.899][SEVERE]: Timed out receiving message from renderer: 0.100
[1587676199.004][SEVERE]: Timed out receiving message from renderer: 0.100
[1587676199.107][SEVERE]: Timed out receiving message from renderer: 0.100
[1587676199.210][SEVERE]: Timed out receiving message from renderer: 0.100
[1587676199.312][SEVERE]: Timed out receiving message from renderer: 0.100
[1587676199.414][SEVERE]: Timed out receiving message from renderer: 0.100
[1587676199.518][SEVERE]: Timed out receiving message from renderer: 0.100
[1587676199.621][SEVERE]: Timed out receiving message from renderer: 0.100
[1587676199.723][SEVERE]: Timed out receiving message from renderer: 0.100
[1587676199.825][SEVERE]: Timed out receiving message from renderer: 0.100
[1587676199.927][SEVERE]: Timed out receiving message from renderer: 0.100
[1587676200.029][SEVERE]: Timed out receiving message from renderer: 0.100
[1587676200.132][SEVERE]: Timed out receiving message from renderer: 0.100
[1587676200.234][SEVERE]: Timed out receiving message from renderer: 0.100
[1587676200.336][SEVERE]: Timed out receiving message from renderer: 0.100
[1587676200.437][SEVERE]: Timed out receiving message from renderer: 0.100
[1587676200.540][SEVERE]: Timed out receiving message from renderer: 0.100
[1587676200.641][SEVERE]: Timed out receiving message from renderer: 0.100
[1587676200.743][SEVERE]: Timed out receiving message from renderer: 0.100
[1587676200.845][SEVERE]: Timed out receiving message from renderer: 0.100
[1587676200.948][SEVERE]: Timed out receiving message from renderer: 0.100
[1587676201.050][SEVERE]: Timed out receiving message from renderer: 0.100
[1587676201.151][SEVERE]: Timed out receiving message from renderer: 0.100
[1587676201.253][SEVERE]: Timed out receiving message from renderer: 0.100
[1587676201.355][SEVERE]: Timed out receiving message from renderer: 0.100
[1587676201.457][SEVERE]: Timed out receiving message from renderer: 0.100
[1587676201.558][SEVERE]: Timed out receiving message from renderer: 0.100
[1587676201.661][SEVERE]: Timed out receiving message from renderer: 0.100
[1587676201.766][SEVERE]: Timed out receiving message from renderer: 0.100
[1587676201.868][SEVERE]: Timed out receiving message from renderer: 0.100
[1587676201.970][SEVERE]: Timed out receiving message from renderer: 0.100
[1587676202.072][SEVERE]: Timed out receiving message from renderer: 0.100
[1587676202.175][SEVERE]: Timed out receiving message from renderer: 0.100
[1587676202.280][SEVERE]: Timed out receiving message from renderer: 0.100
[1587676202.389][SEVERE]: Timed out receiving message from renderer: 0.100
[1587676202.490][SEVERE]: Timed out receiving message from renderer: 0.100
[1587676202.592][SEVERE]: Timed out receiving message from renderer: 0.100
[1587676202.695][SEVERE]: Timed out receiving message from renderer: 0.100
[1587676202.796][SEVERE]: Timed out receiving message from renderer: 0.100
[1587676202.898][SEVERE]: Timed out receiving message from renderer: 0.100
[1587676203.000][SEVERE]: Timed out receiving message from renderer: 0.100
[1587676203.102][SEVERE]: Timed out receiving message from renderer: 0.100
[1587676203.203][SEVERE]: Timed out receiving message from renderer: 0.100
[1587676203.305][SEVERE]: Timed out receiving message from renderer: 0.100
[1587676203.408][SEVERE]: Timed out receiving message from renderer: 0.100
[1587676203.512][SEVERE]: Timed out receiving message from renderer: 0.100
[1587676203.614][SEVERE]: Timed out receiving message from renderer: 0.100
[1587676203.717][SEVERE]: Timed out receiving message from renderer: 0.100
[1587676203.819][SEVERE]: Timed out receiving message from renderer: 0.100
[1587676203.921][SEVERE]: Timed out receiving message from renderer: 0.100
[1587676204.074][SEVERE]: Timed out receiving message from renderer: 0.100
[1587676204.177][SEVERE]: Timed out receiving message from renderer: 0.100
[1587676204.292][SEVERE]: Timed out receiving message from renderer: 0.100
[1587676204.395][SEVERE]: Timed out receiving message from renderer: 0.100
[1587676204.498][SEVERE]: Timed out receiving message from renderer: 0.100
[1587676204.602][SEVERE]: Timed out receiving message from renderer: 0.100
[1587676204.706][SEVERE]: Timed out receiving message from renderer: 0.100
[1587676204.808][SEVERE]: Timed out receiving message from renderer: 0.100
[1587676204.912][SEVERE]: Timed out receiving message from renderer: 0.100
[1587676205.019][SEVERE]: Timed out receiving message from renderer: 0.100
[1587676205.121][SEVERE]: Timed out receiving message from renderer: 0.100
[1587676205.222][SEVERE]: Timed out receiving message from renderer: 0.100
[1587676205.326][SEVERE]: Timed out receiving message from renderer: 0.100
[1587676205.430][SEVERE]: Timed out receiving message from renderer: 0.100
[1587676205.534][SEVERE]: Timed out receiving message from renderer: 0.100
[1587676205.638][SEVERE]: Timed out receiving message from renderer: 0.100
[1587676205.739][SEVERE]: Timed out receiving message from renderer: 0.100
[1587676205.844][SEVERE]: Timed out receiving message from renderer: 0.100
[1587676205.952][SEVERE]: Timed out receiving message from renderer: 0.100
[1587676206.053][SEVERE]: Timed out receiving message from renderer: 0.100
[1587676206.163][SEVERE]: Timed out receiving message from renderer: 0.100
[1587676206.270][SEVERE]: Timed out receiving message from renderer: 0.100
[1587676206.372][SEVERE]: Timed out receiving message from renderer: 0.100
[1587676206.475][SEVERE]: Timed out receiving message from renderer: 0.100
[1587676206.580][SEVERE]: Timed out receiving message from renderer: 0.100
[1587676206.683][SEVERE]: Timed out receiving message from renderer: 0.100
[1587676206.787][SEVERE]: Timed out receiving message from renderer: 0.100
[1587676206.889][SEVERE]: Timed out receiving message from renderer: 0.100
[1587676206.998][SEVERE]: Timed out receiving message from renderer: 0.100
[1587676207.101][SEVERE]: Timed out receiving message from renderer: 0.100
[1587676207.203][SEVERE]: Timed out receiving message from renderer: 0.100
[1587676207.308][SEVERE]: Timed out receiving message from renderer: 0.100
[1587676207.411][SEVERE]: Timed out receiving message from renderer: 0.100
[1587676207.515][SEVERE]: Timed out receiving message from renderer: 0.100
[1587676207.618][SEVERE]: Timed out receiving message from renderer: 0.100
[1587676207.722][SEVERE]: Timed out receiving message from renderer: 0.100
[1587676207.842][SEVERE]: Timed out receiving message from renderer: 0.100
[1587676207.956][SEVERE]: Timed out receiving message from renderer: 0.100
[1587676208.058][SEVERE]: Timed out receiving message from renderer: 0.100
[1587676208.160][SEVERE]: Timed out receiving message from renderer: 0.100
[1587676208.263][SEVERE]: Timed out receiving message from renderer: 0.100
[1587676208.366][SEVERE]: Timed out receiving message from renderer: 0.100
[1587676208.469][SEVERE]: Timed out receiving message from renderer: 0.100
[1587676208.572][SEVERE]: Timed out receiving message from renderer: 0.100
[1587676208.676][SEVERE]: Timed out receiving message from renderer: 0.100
[1587676208.779][SEVERE]: Timed out receiving message from renderer: 0.100
[1587676208.882][SEVERE]: Timed out receiving message from renderer: 0.100
[1587676208.985][SEVERE]: Timed out receiving message from renderer: 0.100
[1587676209.089][SEVERE]: Timed out receiving message from renderer: 0.100
[1587676209.193][SEVERE]: Timed out receiving message from renderer: 0.100
[1587676209.295][SEVERE]: Timed out receiving message from renderer: 0.100
[1587676209.397][SEVERE]: Timed out receiving message from renderer: 0.100
[1587676209.499][SEVERE]: Timed out receiving message from renderer: 0.100
[1587676209.601][SEVERE]: Timed out receiving message from renderer: 0.100
[1587676209.706][SEVERE]: Timed out receiving message from renderer: 0.100
[1587676209.811][SEVERE]: Timed out receiving message from renderer: 0.100
[1587676209.913][SEVERE]: Timed out receiving message from renderer: 0.100
[1587676210.015][SEVERE]: Timed out receiving message from renderer: 0.100
[1587676210.117][SEVERE]: Timed out receiving message from renderer: 0.100
[1587676210.219][SEVERE]: Timed out receiving message from renderer: 0.100
[1587676210.323][SEVERE]: Timed out receiving message from renderer: 0.100
[1587676210.429][SEVERE]: Timed out receiving message from renderer: 0.100
[1587676210.531][SEVERE]: Timed out receiving message from renderer: 0.100
[1587676210.633][SEVERE]: Timed out receiving message from renderer: 0.100
[1587676210.737][SEVERE]: Timed out receiving message from renderer: 0.100
[1587676210.841][SEVERE]: Timed out receiving message from renderer: 0.100
[1587676210.944][SEVERE]: Timed out receiving message from renderer: 0.100
[1587676211.046][SEVERE]: Timed out receiving message from renderer: 0.100
[1587676211.149][SEVERE]: Timed out receiving message from renderer: 0.100
[1587676211.251][SEVERE]: Timed out receiving message from renderer: 0.100
[1587676211.353][SEVERE]: Timed out receiving message from renderer: 0.100
[1587676213.159][SEVERE]: Timed out receiving message from renderer: 0.100
]]></system-err>
</testsuite>
