<?xml version="1.0" encoding="UTF-8"?>
<testsuite name="com.qa.trello.tests.tests.BoardCreationTests" tests="1" skipped="0" failures="0" errors="0" timestamp="2020-05-06T21:04:02" hostname="DESKTOP-NPA4CH3" time="56.956">
  <properties/>
  <testcase name="testBoardCreation" classname="com.qa.trello.tests.tests.BoardCreationTests" time="56.956"/>
  <system-out><![CDATA[was: 8 now: 9
]]></system-out>
  <system-err><![CDATA[[1588799062.978][SEVERE]: Timed out receiving message from renderer: 0.100
[1588799063.080][SEVERE]: Timed out receiving message from renderer: 0.100
[1588799063.183][SEVERE]: Timed out receiving message from renderer: 0.100
[1588799063.286][SEVERE]: Timed out receiving message from renderer: 0.100
[1588799063.388][SEVERE]: Timed out receiving message from renderer: 0.100
[1588799063.491][SEVERE]: Timed out receiving message from renderer: 0.100
[1588799063.594][SEVERE]: Timed out receiving message from renderer: 0.100
[1588799063.697][SEVERE]: Timed out receiving message from renderer: 0.100
[1588799063.799][SEVERE]: Timed out receiving message from renderer: 0.100
[1588799063.901][SEVERE]: Timed out receiving message from renderer: 0.100
[1588799064.003][SEVERE]: Timed out receiving message from renderer: 0.100
[1588799064.104][SEVERE]: Timed out receiving message from renderer: 0.100
[1588799064.207][SEVERE]: Timed out receiving message from renderer: 0.100
[1588799064.309][SEVERE]: Timed out receiving message from renderer: 0.100
[1588799064.411][SEVERE]: Timed out receiving message from renderer: 0.100
[1588799064.512][SEVERE]: Timed out receiving message from renderer: 0.100
[1588799064.614][SEVERE]: Timed out receiving message from renderer: 0.100
[1588799064.716][SEVERE]: Timed out receiving message from renderer: 0.100
[1588799064.818][SEVERE]: Timed out receiving message from renderer: 0.100
[1588799064.919][SEVERE]: Timed out receiving message from renderer: 0.100
[1588799065.021][SEVERE]: Timed out receiving message from renderer: 0.100
[1588799065.124][SEVERE]: Timed out receiving message from renderer: 0.100
[1588799065.226][SEVERE]: Timed out receiving message from renderer: 0.100
[1588799065.327][SEVERE]: Timed out receiving message from renderer: 0.100
[1588799065.429][SEVERE]: Timed out receiving message from renderer: 0.100
[1588799065.531][SEVERE]: Timed out receiving message from renderer: 0.100
[1588799065.633][SEVERE]: Timed out receiving message from renderer: 0.100
[1588799065.735][SEVERE]: Timed out receiving message from renderer: 0.100
[1588799065.836][SEVERE]: Timed out receiving message from renderer: 0.100
[1588799065.938][SEVERE]: Timed out receiving message from renderer: 0.100
[1588799066.040][SEVERE]: Timed out receiving message from renderer: 0.100
[1588799066.142][SEVERE]: Timed out receiving message from renderer: 0.100
[1588799066.243][SEVERE]: Timed out receiving message from renderer: 0.100
[1588799066.346][SEVERE]: Timed out receiving message from renderer: 0.100
[1588799066.447][SEVERE]: Timed out receiving message from renderer: 0.100
[1588799066.549][SEVERE]: Timed out receiving message from renderer: 0.100
[1588799066.650][SEVERE]: Timed out receiving message from renderer: 0.100
[1588799066.754][SEVERE]: Timed out receiving message from renderer: 0.100
[1588799066.858][SEVERE]: Timed out receiving message from renderer: 0.100
[1588799066.961][SEVERE]: Timed out receiving message from renderer: 0.100
[1588799067.063][SEVERE]: Timed out receiving message from renderer: 0.100
[1588799067.164][SEVERE]: Timed out receiving message from renderer: 0.100
[1588799067.267][SEVERE]: Timed out receiving message from renderer: 0.100
[1588799067.369][SEVERE]: Timed out receiving message from renderer: 0.100
[1588799067.473][SEVERE]: Timed out receiving message from renderer: 0.100
[1588799067.575][SEVERE]: Timed out receiving message from renderer: 0.100
[1588799067.679][SEVERE]: Timed out receiving message from renderer: 0.100
[1588799067.780][SEVERE]: Timed out receiving message from renderer: 0.100
[1588799067.882][SEVERE]: Timed out receiving message from renderer: 0.100
[1588799067.984][SEVERE]: Timed out receiving message from renderer: 0.100
[1588799068.087][SEVERE]: Timed out receiving message from renderer: 0.100
[1588799068.188][SEVERE]: Timed out receiving message from renderer: 0.100
[1588799068.290][SEVERE]: Timed out receiving message from renderer: 0.100
[1588799068.392][SEVERE]: Timed out receiving message from renderer: 0.100
[1588799068.493][SEVERE]: Timed out receiving message from renderer: 0.100
[1588799068.595][SEVERE]: Timed out receiving message from renderer: 0.100
[1588799068.697][SEVERE]: Timed out receiving message from renderer: 0.100
[1588799070.249][SEVERE]: Timed out receiving message from renderer: 0.100
[1588799070.351][SEVERE]: Timed out receiving message from renderer: 0.100
[1588799070.453][SEVERE]: Timed out receiving message from renderer: 0.100
[1588799070.555][SEVERE]: Timed out receiving message from renderer: 0.100
[1588799070.819][SEVERE]: Timed out receiving message from renderer: 0.100
[1588799070.922][SEVERE]: Timed out receiving message from renderer: 0.100
[1588799071.023][SEVERE]: Timed out receiving message from renderer: 0.100
[1588799071.125][SEVERE]: Timed out receiving message from renderer: 0.100
[1588799071.227][SEVERE]: Timed out receiving message from renderer: 0.100
[1588799071.357][SEVERE]: Timed out receiving message from renderer: 0.100
]]></system-err>
</testsuite>
