<?xml version="1.0" encoding="UTF-8"?>
<testsuite name="com.qa.trello.tests.tests.BoardDeletionTests" tests="1" skipped="0" failures="0" errors="0" timestamp="2020-05-06T19:25:51" hostname="DESKTOP-NPA4CH3" time="15.037">
  <properties/>
  <testcase name="testBoardDeletion" classname="com.qa.trello.tests.tests.BoardDeletionTests" time="15.037"/>
  <system-out><![CDATA[10
was: 10now: 9
]]></system-out>
  <system-err><![CDATA[]]></system-err>
</testsuite>
