<?xml version="1.0" encoding="UTF-8"?>
<testsuite name="com.qa.trello.tests.tests.BoardChangeTests" tests="1" skipped="0" failures="0" errors="0" timestamp="2020-05-06T21:04:59" hostname="DESKTOP-NPA4CH3" time="8.613">
  <properties/>
  <testcase name="changeOfBoard" classname="com.qa.trello.tests.tests.BoardChangeTests" time="8.613"/>
  <system-out><![CDATA[]]></system-out>
  <system-err><![CDATA[]]></system-err>
</testsuite>
