<?xml version="1.0" encoding="UTF-8"?>
<testsuite name="com.qa.trello.tests.tests.TeamCreationTests" tests="1" skipped="0" failures="0" errors="0" timestamp="2020-05-06T19:26:09" hostname="DESKTOP-NPA4CH3" time="28.419">
  <properties/>
  <testcase name="testTeamCreation" classname="com.qa.trello.tests.tests.TeamCreationTests" time="28.419"/>
  <system-out><![CDATA[was: 21 now:22
]]></system-out>
  <system-err><![CDATA[]]></system-err>
</testsuite>
