<?xml version="1.0" encoding="UTF-8"?>
<testsuite name="com.qa.trello.tests.tests.TeamDeletionTests" tests="1" skipped="0" failures="0" errors="0" timestamp="2020-05-06T21:05:57" hostname="DESKTOP-NPA4CH3" time="14.69">
  <properties/>
  <testcase name="testTeamDeletion" classname="com.qa.trello.tests.tests.TeamDeletionTests" time="14.69"/>
  <system-out><![CDATA[was: 22 now: 21
]]></system-out>
  <system-err><![CDATA[]]></system-err>
</testsuite>
