<?xml version="1.0" encoding="UTF-8"?>
<testsuite name="com.qa.trello.tests.TeamCreationTests" tests="1" skipped="0" failures="0" errors="0" timestamp="2020-04-22T21:47:35" hostname="DESKTOP-NPA4CH3" time="41.621">
  <properties/>
  <testcase name="testTeamCreation" classname="com.qa.trello.tests.TeamCreationTests" time="41.621"/>
  <system-out><![CDATA[]]></system-out>
  <system-err><![CDATA[Starting ChromeDriver 81.0.4044.69 (6813546031a4bc83f717a2ef7cd4ac6ec1199132-refs/branch-heads/4044@{#776}) on port 9421
Only local connections are allowed.
Please protect ports used by ChromeDriver and related test frameworks to prevent access by malicious code.
апр 23, 2020 12:47:26 AM org.openqa.selenium.remote.ProtocolHandshake createSession
INFO: Detected dialect: W3C
[1587592049.086][SEVERE]: Timed out receiving message from renderer: 0.100
[1587592049.188][SEVERE]: Timed out receiving message from renderer: 0.100
[1587592049.298][SEVERE]: Timed out receiving message from renderer: 0.100
[1587592049.404][SEVERE]: Timed out receiving message from renderer: 0.100
[1587592050.214][SEVERE]: Timed out receiving message from renderer: 0.100
[1587592050.318][SEVERE]: Timed out receiving message from renderer: 0.100
[1587592050.428][SEVERE]: Timed out receiving message from renderer: 0.100
[1587592050.534][SEVERE]: Timed out receiving message from renderer: 0.100
[1587592050.639][SEVERE]: Timed out receiving message from renderer: 0.100
[1587592050.746][SEVERE]: Timed out receiving message from renderer: 0.100
[1587592050.979][SEVERE]: Timed out receiving message from renderer: 0.100
[1587592051.081][SEVERE]: Timed out receiving message from renderer: 0.100
[1587592051.195][SEVERE]: Timed out receiving message from renderer: 0.100
[1587592051.403][SEVERE]: Timed out receiving message from renderer: 0.100
[1587592051.505][SEVERE]: Timed out receiving message from renderer: 0.100
[1587592051.609][SEVERE]: Timed out receiving message from renderer: 0.100
[1587592051.712][SEVERE]: Timed out receiving message from renderer: 0.100
[1587592051.817][SEVERE]: Timed out receiving message from renderer: 0.100
[1587592051.947][SEVERE]: Timed out receiving message from renderer: 0.100
[1587592052.054][SEVERE]: Timed out receiving message from renderer: 0.100
[1587592052.180][SEVERE]: Timed out receiving message from renderer: 0.100
[1587592052.294][SEVERE]: Timed out receiving message from renderer: 0.100
[1587592052.411][SEVERE]: Timed out receiving message from renderer: 0.100
[1587592052.528][SEVERE]: Timed out receiving message from renderer: 0.100
[1587592052.985][SEVERE]: Timed out receiving message from renderer: 0.100
[1587592053.087][SEVERE]: Timed out receiving message from renderer: 0.100
[1587592053.201][SEVERE]: Timed out receiving message from renderer: 0.100
[1587592053.350][SEVERE]: Timed out receiving message from renderer: 0.100
[1587592053.457][SEVERE]: Timed out receiving message from renderer: 0.100
[1587592053.619][SEVERE]: Timed out receiving message from renderer: 0.100
[1587592053.721][SEVERE]: Timed out receiving message from renderer: 0.100
[1587592053.826][SEVERE]: Timed out receiving message from renderer: 0.100
[1587592053.929][SEVERE]: Timed out receiving message from renderer: 0.100
[1587592054.031][SEVERE]: Timed out receiving message from renderer: 0.100
[1587592054.133][SEVERE]: Timed out receiving message from renderer: 0.100
[1587592054.235][SEVERE]: Timed out receiving message from renderer: 0.100
[1587592054.369][SEVERE]: Timed out receiving message from renderer: 0.100
[1587592054.585][SEVERE]: Timed out receiving message from renderer: 0.100
[1587592054.689][SEVERE]: Timed out receiving message from renderer: 0.100
[1587592054.792][SEVERE]: Timed out receiving message from renderer: 0.100
[1587592054.894][SEVERE]: Timed out receiving message from renderer: 0.100
[1587592054.997][SEVERE]: Timed out receiving message from renderer: 0.100
[1587592055.102][SEVERE]: Timed out receiving message from renderer: 0.100
[1587592055.207][SEVERE]: Timed out receiving message from renderer: 0.100
[1587592064.142][SEVERE]: Timed out receiving message from renderer: 0.100
[1587592064.244][SEVERE]: Timed out receiving message from renderer: 0.100
[1587592064.366][SEVERE]: Timed out receiving message from renderer: 0.100
[1587592064.472][SEVERE]: Timed out receiving message from renderer: 0.100
[1587592064.577][SEVERE]: Timed out receiving message from renderer: 0.100
[1587592064.690][SEVERE]: Timed out receiving message from renderer: 0.100
[1587592064.804][SEVERE]: Timed out receiving message from renderer: 0.100
[1587592064.908][SEVERE]: Timed out receiving message from renderer: 0.100
[1587592065.019][SEVERE]: Timed out receiving message from renderer: 0.100
[1587592065.121][SEVERE]: Timed out receiving message from renderer: 0.100
[1587592065.225][SEVERE]: Timed out receiving message from renderer: 0.100
[1587592065.327][SEVERE]: Timed out receiving message from renderer: 0.100
[1587592065.431][SEVERE]: Timed out receiving message from renderer: 0.100
[1587592065.534][SEVERE]: Timed out receiving message from renderer: 0.100
[1587592065.636][SEVERE]: Timed out receiving message from renderer: 0.100
[1587592065.737][SEVERE]: Timed out receiving message from renderer: 0.100
[1587592065.839][SEVERE]: Timed out receiving message from renderer: 0.100
[1587592065.941][SEVERE]: Timed out receiving message from renderer: 0.100
[1587592066.046][SEVERE]: Timed out receiving message from renderer: 0.100
[1587592066.148][SEVERE]: Timed out receiving message from renderer: 0.100
[1587592066.250][SEVERE]: Timed out receiving message from renderer: 0.100
[1587592066.352][SEVERE]: Timed out receiving message from renderer: 0.100
[1587592066.453][SEVERE]: Timed out receiving message from renderer: 0.100
[1587592066.555][SEVERE]: Timed out receiving message from renderer: 0.100
[1587592066.656][SEVERE]: Timed out receiving message from renderer: 0.100
[1587592066.852][SEVERE]: Timed out receiving message from renderer: 0.100
[1587592067.189][SEVERE]: Timed out receiving message from renderer: 0.100
[1587592067.292][SEVERE]: Timed out receiving message from renderer: 0.100
[1587592067.395][SEVERE]: Timed out receiving message from renderer: 0.100
[1587592067.497][SEVERE]: Timed out receiving message from renderer: 0.100
[1587592067.601][SEVERE]: Timed out receiving message from renderer: 0.100
[1587592067.744][SEVERE]: Timed out receiving message from renderer: 0.100
[1587592067.848][SEVERE]: Timed out receiving message from renderer: 0.100
[1587592067.986][SEVERE]: Timed out receiving message from renderer: 0.100
[1587592068.504][SEVERE]: Timed out receiving message from renderer: 0.100
[1587592068.606][SEVERE]: Timed out receiving message from renderer: 0.100
[1587592068.808][SEVERE]: Timed out receiving message from renderer: 0.100
[1587592068.920][SEVERE]: Timed out receiving message from renderer: 0.100
[1587592069.023][SEVERE]: Timed out receiving message from renderer: 0.100
[1587592069.125][SEVERE]: Timed out receiving message from renderer: 0.100
[1587592069.231][SEVERE]: Timed out receiving message from renderer: 0.100
[1587592085.172][SEVERE]: Timed out receiving message from renderer: 0.100
[1587592085.274][SEVERE]: Timed out receiving message from renderer: 0.100
[1587592085.376][SEVERE]: Timed out receiving message from renderer: 0.100
[1587592085.478][SEVERE]: Timed out receiving message from renderer: 0.100
[1587592085.580][SEVERE]: Timed out receiving message from renderer: 0.100
[1587592085.682][SEVERE]: Timed out receiving message from renderer: 0.100
[1587592085.784][SEVERE]: Timed out receiving message from renderer: 0.100
[1587592085.886][SEVERE]: Timed out receiving message from renderer: 0.100
[1587592085.988][SEVERE]: Timed out receiving message from renderer: 0.100
[1587592086.090][SEVERE]: Timed out receiving message from renderer: 0.100
[1587592086.191][SEVERE]: Timed out receiving message from renderer: 0.100
[1587592086.293][SEVERE]: Timed out receiving message from renderer: 0.100
[1587592086.396][SEVERE]: Timed out receiving message from renderer: 0.100
[1587592086.498][SEVERE]: Timed out receiving message from renderer: 0.100
[1587592086.600][SEVERE]: Timed out receiving message from renderer: 0.100
[1587592086.703][SEVERE]: Timed out receiving message from renderer: 0.100
[1587592086.805][SEVERE]: Timed out receiving message from renderer: 0.100
[1587592086.907][SEVERE]: Timed out receiving message from renderer: 0.100
[1587592087.009][SEVERE]: Timed out receiving message from renderer: 0.100
[1587592087.111][SEVERE]: Timed out receiving message from renderer: 0.100
[1587592087.214][SEVERE]: Timed out receiving message from renderer: 0.100
[1587592087.315][SEVERE]: Timed out receiving message from renderer: 0.100
[1587592087.417][SEVERE]: Timed out receiving message from renderer: 0.100
[1587592087.519][SEVERE]: Timed out receiving message from renderer: 0.100
[1587592087.623][SEVERE]: Timed out receiving message from renderer: 0.100
[1587592087.725][SEVERE]: Timed out receiving message from renderer: 0.100
[1587592087.826][SEVERE]: Timed out receiving message from renderer: 0.100
[1587592087.928][SEVERE]: Timed out receiving message from renderer: 0.100
[1587592088.030][SEVERE]: Timed out receiving message from renderer: 0.100
[1587592088.131][SEVERE]: Timed out receiving message from renderer: 0.100
[1587592088.233][SEVERE]: Timed out receiving message from renderer: 0.100
[1587592088.336][SEVERE]: Timed out receiving message from renderer: 0.100
[1587592088.438][SEVERE]: Timed out receiving message from renderer: 0.100
[1587592088.540][SEVERE]: Timed out receiving message from renderer: 0.100
[1587592088.642][SEVERE]: Timed out receiving message from renderer: 0.100
[1587592088.743][SEVERE]: Timed out receiving message from renderer: 0.100
[1587592088.846][SEVERE]: Timed out receiving message from renderer: 0.100
[1587592088.949][SEVERE]: Timed out receiving message from renderer: 0.100
[1587592089.073][SEVERE]: Timed out receiving message from renderer: 0.100
[1587592089.177][SEVERE]: Timed out receiving message from renderer: 0.100
[1587592089.280][SEVERE]: Timed out receiving message from renderer: 0.100
[1587592089.382][SEVERE]: Timed out receiving message from renderer: 0.100
[1587592089.486][SEVERE]: Timed out receiving message from renderer: 0.100
[1587592089.587][SEVERE]: Timed out receiving message from renderer: 0.100
[1587592089.692][SEVERE]: Timed out receiving message from renderer: 0.100
[1587592092.476][SEVERE]: Timed out receiving message from renderer: 0.100
[1587592092.578][SEVERE]: Timed out receiving message from renderer: 0.100
[1587592092.679][SEVERE]: Timed out receiving message from renderer: 0.100
[1587592092.813][SEVERE]: Timed out receiving message from renderer: 0.100
[1587592092.918][SEVERE]: Timed out receiving message from renderer: 0.100
]]></system-err>
</testsuite>
