<?xml version="1.0" encoding="UTF-8"?>
<testsuite name="com.qa.trello.tests.TeamDeletionTests" tests="1" skipped="0" failures="0" errors="0" timestamp="2020-04-28T17:50:41" hostname="DESKTOP-NPA4CH3" time="14.701">
  <properties/>
  <testcase name="testTeamDeletion" classname="com.qa.trello.tests.TeamDeletionTests" time="14.701"/>
  <system-out><![CDATA[was: 12 now: 11
]]></system-out>
  <system-err><![CDATA[]]></system-err>
</testsuite>
