<?xml version="1.0" encoding="UTF-8"?>
<testsuite name="com.qa.trello.tests.BoardCreationTests" tests="1" skipped="1" failures="0" errors="0" timestamp="2020-04-29T12:50:58" hostname="DESKTOP-NPA4CH3" time="0.0">
  <properties/>
  <testcase name="testBoardCreation" classname="com.qa.trello.tests.BoardCreationTests" time="0.0">
    <skipped/>
  </testcase>
  <system-out><![CDATA[]]></system-out>
  <system-err><![CDATA[]]></system-err>
</testsuite>
