<?xml version="1.0" encoding="UTF-8"?>
<testsuite name="com.qa.trello.tests.tests.BoardCreationTests" tests="1" skipped="0" failures="0" errors="0" timestamp="2020-05-03T11:36:04" hostname="DESKTOP-NPA4CH3" time="48.96">
  <properties/>
  <testcase name="testBoardCreation" classname="com.qa.trello.tests.tests.BoardCreationTests" time="48.96"/>
  <system-out><![CDATA[was: 8 now: 9
]]></system-out>
  <system-err><![CDATA[]]></system-err>
</testsuite>
