<?xml version="1.0" encoding="UTF-8"?>
<testsuite name="com.qa.trello.tests.tests.BoardCreationTests" tests="3" skipped="0" failures="0" errors="0" timestamp="2020-05-15T22:11:51" hostname="DESKTOP-NPA4CH3" time="139.267">
  <properties/>
  <testcase name="testBoardCreation[0](aaaaaaaaaaaaa)" classname="com.qa.trello.tests.tests.BoardCreationTests" time="53.238"/>
  <testcase name="testBoardCreation[1](1111111111111)" classname="com.qa.trello.tests.tests.BoardCreationTests" time="42.266"/>
  <testcase name="testBoardCreation[2](awsx okpopllki vgyu-jhgfyhjkl)" classname="com.qa.trello.tests.tests.BoardCreationTests" time="43.756"/>
  <system-out><![CDATA[was: 23 now: 24
was: 24 now: 25
was: 25 now: 26
]]></system-out>
  <system-err><![CDATA[[1589580731.671][SEVERE]: Timed out receiving message from renderer: 0.100
[1589580731.775][SEVERE]: Timed out receiving message from renderer: 0.100
[1589580731.881][SEVERE]: Timed out receiving message from renderer: 0.100
[1589580732.082][SEVERE]: Timed out receiving message from renderer: 0.100
[1589580732.184][SEVERE]: Timed out receiving message from renderer: 0.100
[1589580732.299][SEVERE]: Timed out receiving message from renderer: 0.100
[1589580732.402][SEVERE]: Timed out receiving message from renderer: 0.100
[1589580732.505][SEVERE]: Timed out receiving message from renderer: 0.100
[1589580732.608][SEVERE]: Timed out receiving message from renderer: 0.100
[1589580732.716][SEVERE]: Timed out receiving message from renderer: 0.100
[1589580732.819][SEVERE]: Timed out receiving message from renderer: 0.100
[1589580732.922][SEVERE]: Timed out receiving message from renderer: 0.100
[1589580733.045][SEVERE]: Timed out receiving message from renderer: 0.100
[1589580733.153][SEVERE]: Timed out receiving message from renderer: 0.100
[1589580733.255][SEVERE]: Timed out receiving message from renderer: 0.100
[1589580733.364][SEVERE]: Timed out receiving message from renderer: 0.100
[1589580733.471][SEVERE]: Timed out receiving message from renderer: 0.100
[1589580733.579][SEVERE]: Timed out receiving message from renderer: 0.100
[1589580733.681][SEVERE]: Timed out receiving message from renderer: 0.100
[1589580733.785][SEVERE]: Timed out receiving message from renderer: 0.100
[1589580733.945][SEVERE]: Timed out receiving message from renderer: 0.100
[1589580734.048][SEVERE]: Timed out receiving message from renderer: 0.100
[1589580734.163][SEVERE]: Timed out receiving message from renderer: 0.100
[1589580734.266][SEVERE]: Timed out receiving message from renderer: 0.100
[1589580734.369][SEVERE]: Timed out receiving message from renderer: 0.100
[1589580734.473][SEVERE]: Timed out receiving message from renderer: 0.100
[1589580736.439][SEVERE]: Timed out receiving message from renderer: 0.100
[1589580760.003][SEVERE]: Timed out receiving message from renderer: 0.100
[1589580761.053][SEVERE]: Timed out receiving message from renderer: 0.100
[1589580802.940][SEVERE]: Timed out receiving message from renderer: 0.100
[1589580803.848][SEVERE]: Timed out receiving message from renderer: 0.100
[1589580803.957][SEVERE]: Timed out receiving message from renderer: 0.100
[1589580846.686][SEVERE]: Timed out receiving message from renderer: 0.100
]]></system-err>
</testsuite>
