<?xml version="1.0" encoding="UTF-8"?>
<testsuite name="com.qa.trello.tests.tests.TeamDeletionTests" tests="1" skipped="0" failures="0" errors="0" timestamp="2020-05-09T21:57:06" hostname="DESKTOP-NPA4CH3" time="23.657">
  <properties/>
  <testcase name="testTeamDeletion" classname="com.qa.trello.tests.tests.TeamDeletionTests" time="23.657"/>
  <system-out><![CDATA[was: 36 now: 35
]]></system-out>
  <system-err><![CDATA[[1589061362.269][SEVERE]: Timed out receiving message from renderer: 0.100
[1589061362.370][SEVERE]: Timed out receiving message from renderer: 0.100
[1589061362.472][SEVERE]: Timed out receiving message from renderer: 0.100
[1589061362.574][SEVERE]: Timed out receiving message from renderer: 0.100
[1589061362.676][SEVERE]: Timed out receiving message from renderer: 0.100
[1589061362.778][SEVERE]: Timed out receiving message from renderer: 0.100
[1589061362.879][SEVERE]: Timed out receiving message from renderer: 0.100
[1589061362.981][SEVERE]: Timed out receiving message from renderer: 0.100
[1589061363.083][SEVERE]: Timed out receiving message from renderer: 0.100
[1589061363.186][SEVERE]: Timed out receiving message from renderer: 0.100
[1589061363.288][SEVERE]: Timed out receiving message from renderer: 0.100
[1589061363.389][SEVERE]: Timed out receiving message from renderer: 0.100
[1589061363.491][SEVERE]: Timed out receiving message from renderer: 0.100
[1589061363.593][SEVERE]: Timed out receiving message from renderer: 0.100
[1589061363.694][SEVERE]: Timed out receiving message from renderer: 0.100
[1589061363.796][SEVERE]: Timed out receiving message from renderer: 0.100
[1589061363.898][SEVERE]: Timed out receiving message from renderer: 0.100
[1589061363.999][SEVERE]: Timed out receiving message from renderer: 0.100
[1589061364.101][SEVERE]: Timed out receiving message from renderer: 0.100
[1589061364.203][SEVERE]: Timed out receiving message from renderer: 0.100
[1589061364.305][SEVERE]: Timed out receiving message from renderer: 0.100
[1589061364.407][SEVERE]: Timed out receiving message from renderer: 0.100
[1589061364.510][SEVERE]: Timed out receiving message from renderer: 0.100
[1589061364.612][SEVERE]: Timed out receiving message from renderer: 0.100
[1589061364.713][SEVERE]: Timed out receiving message from renderer: 0.100
[1589061364.815][SEVERE]: Timed out receiving message from renderer: 0.100
[1589061364.917][SEVERE]: Timed out receiving message from renderer: 0.100
[1589061365.018][SEVERE]: Timed out receiving message from renderer: 0.100
[1589061365.120][SEVERE]: Timed out receiving message from renderer: 0.100
[1589061365.222][SEVERE]: Timed out receiving message from renderer: 0.100
[1589061365.324][SEVERE]: Timed out receiving message from renderer: 0.100
[1589061365.426][SEVERE]: Timed out receiving message from renderer: 0.100
[1589061365.527][SEVERE]: Timed out receiving message from renderer: 0.100
[1589061365.629][SEVERE]: Timed out receiving message from renderer: 0.100
[1589061365.731][SEVERE]: Timed out receiving message from renderer: 0.100
[1589061365.832][SEVERE]: Timed out receiving message from renderer: 0.100
[1589061365.934][SEVERE]: Timed out receiving message from renderer: 0.100
[1589061366.036][SEVERE]: Timed out receiving message from renderer: 0.100
[1589061366.137][SEVERE]: Timed out receiving message from renderer: 0.100
[1589061366.240][SEVERE]: Timed out receiving message from renderer: 0.100
[1589061366.342][SEVERE]: Timed out receiving message from renderer: 0.100
[1589061366.444][SEVERE]: Timed out receiving message from renderer: 0.100
[1589061366.547][SEVERE]: Timed out receiving message from renderer: 0.100
[1589061366.649][SEVERE]: Timed out receiving message from renderer: 0.100
[1589061366.750][SEVERE]: Timed out receiving message from renderer: 0.100
[1589061366.852][SEVERE]: Timed out receiving message from renderer: 0.100
[1589061366.953][SEVERE]: Timed out receiving message from renderer: 0.100
[1589061367.055][SEVERE]: Timed out receiving message from renderer: 0.100
[1589061367.157][SEVERE]: Timed out receiving message from renderer: 0.100
[1589061367.260][SEVERE]: Timed out receiving message from renderer: 0.100
[1589061367.363][SEVERE]: Timed out receiving message from renderer: 0.100
[1589061367.465][SEVERE]: Timed out receiving message from renderer: 0.100
[1589061367.567][SEVERE]: Timed out receiving message from renderer: 0.100
[1589061367.668][SEVERE]: Timed out receiving message from renderer: 0.100
[1589061367.772][SEVERE]: Timed out receiving message from renderer: 0.100
[1589061367.874][SEVERE]: Timed out receiving message from renderer: 0.100
[1589061367.976][SEVERE]: Timed out receiving message from renderer: 0.100
[1589061368.079][SEVERE]: Timed out receiving message from renderer: 0.100
[1589061368.181][SEVERE]: Timed out receiving message from renderer: 0.100
[1589061368.282][SEVERE]: Timed out receiving message from renderer: 0.100
[1589061368.384][SEVERE]: Timed out receiving message from renderer: 0.100
[1589061368.486][SEVERE]: Timed out receiving message from renderer: 0.100
[1589061368.589][SEVERE]: Timed out receiving message from renderer: 0.100
[1589061368.691][SEVERE]: Timed out receiving message from renderer: 0.100
[1589061368.793][SEVERE]: Timed out receiving message from renderer: 0.100
[1589061368.895][SEVERE]: Timed out receiving message from renderer: 0.100
[1589061368.997][SEVERE]: Timed out receiving message from renderer: 0.100
[1589061369.098][SEVERE]: Timed out receiving message from renderer: 0.100
[1589061369.200][SEVERE]: Timed out receiving message from renderer: 0.100
[1589061369.302][SEVERE]: Timed out receiving message from renderer: 0.100
[1589061369.404][SEVERE]: Timed out receiving message from renderer: 0.100
[1589061369.505][SEVERE]: Timed out receiving message from renderer: 0.100
[1589061369.610][SEVERE]: Timed out receiving message from renderer: 0.100
[1589061369.712][SEVERE]: Timed out receiving message from renderer: 0.100
[1589061369.814][SEVERE]: Timed out receiving message from renderer: 0.100
[1589061369.916][SEVERE]: Timed out receiving message from renderer: 0.100
[1589061370.017][SEVERE]: Timed out receiving message from renderer: 0.100
[1589061370.119][SEVERE]: Timed out receiving message from renderer: 0.100
[1589061370.221][SEVERE]: Timed out receiving message from renderer: 0.100
[1589061370.323][SEVERE]: Timed out receiving message from renderer: 0.100
[1589061370.424][SEVERE]: Timed out receiving message from renderer: 0.100
[1589061370.525][SEVERE]: Timed out receiving message from renderer: 0.100
[1589061370.627][SEVERE]: Timed out receiving message from renderer: 0.100
[1589061370.729][SEVERE]: Timed out receiving message from renderer: 0.100
[1589061370.831][SEVERE]: Timed out receiving message from renderer: 0.100
[1589061370.932][SEVERE]: Timed out receiving message from renderer: 0.100
[1589061371.034][SEVERE]: Timed out receiving message from renderer: 0.100
[1589061371.136][SEVERE]: Timed out receiving message from renderer: 0.100
[1589061371.238][SEVERE]: Timed out receiving message from renderer: 0.100
[1589061371.340][SEVERE]: Timed out receiving message from renderer: 0.100
[1589061371.442][SEVERE]: Timed out receiving message from renderer: 0.100
[1589061371.545][SEVERE]: Timed out receiving message from renderer: 0.100
[1589061371.646][SEVERE]: Timed out receiving message from renderer: 0.100
[1589061371.748][SEVERE]: Timed out receiving message from renderer: 0.100
[1589061371.850][SEVERE]: Timed out receiving message from renderer: 0.100
[1589061371.952][SEVERE]: Timed out receiving message from renderer: 0.100
[1589061372.054][SEVERE]: Timed out receiving message from renderer: 0.100
[1589061372.156][SEVERE]: Timed out receiving message from renderer: 0.100
[1589061372.258][SEVERE]: Timed out receiving message from renderer: 0.100
[1589061372.359][SEVERE]: Timed out receiving message from renderer: 0.100
[1589061372.461][SEVERE]: Timed out receiving message from renderer: 0.100
[1589061372.564][SEVERE]: Timed out receiving message from renderer: 0.100
[1589061372.665][SEVERE]: Timed out receiving message from renderer: 0.100
[1589061372.768][SEVERE]: Timed out receiving message from renderer: 0.100
[1589061372.870][SEVERE]: Timed out receiving message from renderer: 0.100
[1589061372.972][SEVERE]: Timed out receiving message from renderer: 0.100
[1589061373.073][SEVERE]: Timed out receiving message from renderer: 0.100
[1589061373.175][SEVERE]: Timed out receiving message from renderer: 0.100
[1589061373.277][SEVERE]: Timed out receiving message from renderer: 0.100
[1589061373.378][SEVERE]: Timed out receiving message from renderer: 0.100
[1589061373.480][SEVERE]: Timed out receiving message from renderer: 0.100
[1589061373.581][SEVERE]: Timed out receiving message from renderer: 0.100
[1589061373.684][SEVERE]: Timed out receiving message from renderer: 0.100
[1589061373.786][SEVERE]: Timed out receiving message from renderer: 0.100
[1589061373.887][SEVERE]: Timed out receiving message from renderer: 0.100
[1589061373.988][SEVERE]: Timed out receiving message from renderer: 0.100
[1589061374.090][SEVERE]: Timed out receiving message from renderer: 0.100
[1589061374.192][SEVERE]: Timed out receiving message from renderer: 0.100
[1589061374.293][SEVERE]: Timed out receiving message from renderer: 0.100
[1589061374.395][SEVERE]: Timed out receiving message from renderer: 0.100
[1589061374.497][SEVERE]: Timed out receiving message from renderer: 0.100
[1589061374.602][SEVERE]: Timed out receiving message from renderer: 0.100
[1589061374.705][SEVERE]: Timed out receiving message from renderer: 0.100
[1589061374.807][SEVERE]: Timed out receiving message from renderer: 0.100
[1589061374.909][SEVERE]: Timed out receiving message from renderer: 0.100
[1589061375.011][SEVERE]: Timed out receiving message from renderer: 0.100
[1589061375.113][SEVERE]: Timed out receiving message from renderer: 0.100
[1589061375.216][SEVERE]: Timed out receiving message from renderer: 0.100
[1589061375.318][SEVERE]: Timed out receiving message from renderer: 0.100
[1589061375.421][SEVERE]: Timed out receiving message from renderer: 0.100
[1589061375.522][SEVERE]: Timed out receiving message from renderer: 0.100
[1589061375.624][SEVERE]: Timed out receiving message from renderer: 0.100
[1589061375.725][SEVERE]: Timed out receiving message from renderer: 0.100
[1589061375.827][SEVERE]: Timed out receiving message from renderer: 0.100
[1589061375.929][SEVERE]: Timed out receiving message from renderer: 0.100
[1589061376.030][SEVERE]: Timed out receiving message from renderer: 0.100
[1589061376.132][SEVERE]: Timed out receiving message from renderer: 0.100
[1589061376.234][SEVERE]: Timed out receiving message from renderer: 0.100
[1589061376.336][SEVERE]: Timed out receiving message from renderer: 0.100
[1589061376.438][SEVERE]: Timed out receiving message from renderer: 0.100
[1589061376.540][SEVERE]: Timed out receiving message from renderer: 0.100
[1589061376.642][SEVERE]: Timed out receiving message from renderer: 0.100
[1589061376.745][SEVERE]: Timed out receiving message from renderer: 0.100
[1589061376.848][SEVERE]: Timed out receiving message from renderer: 0.100
[1589061376.950][SEVERE]: Timed out receiving message from renderer: 0.100
[1589061377.052][SEVERE]: Timed out receiving message from renderer: 0.100
[1589061377.154][SEVERE]: Timed out receiving message from renderer: 0.100
[1589061377.255][SEVERE]: Timed out receiving message from renderer: 0.100
[1589061377.357][SEVERE]: Timed out receiving message from renderer: 0.100
[1589061377.459][SEVERE]: Timed out receiving message from renderer: 0.100
[1589061377.649][SEVERE]: Timed out receiving message from renderer: 0.100
[1589061377.750][SEVERE]: Timed out receiving message from renderer: 0.100
[1589061377.853][SEVERE]: Timed out receiving message from renderer: 0.100
[1589061377.954][SEVERE]: Timed out receiving message from renderer: 0.100
[1589061378.056][SEVERE]: Timed out receiving message from renderer: 0.100
[1589061378.158][SEVERE]: Timed out receiving message from renderer: 0.100
[1589061378.260][SEVERE]: Timed out receiving message from renderer: 0.100
[1589061378.362][SEVERE]: Timed out receiving message from renderer: 0.100
[1589061378.464][SEVERE]: Timed out receiving message from renderer: 0.100
[1589061378.566][SEVERE]: Timed out receiving message from renderer: 0.100
[1589061378.669][SEVERE]: Timed out receiving message from renderer: 0.100
[1589061378.772][SEVERE]: Timed out receiving message from renderer: 0.100
[1589061378.873][SEVERE]: Timed out receiving message from renderer: 0.100
[1589061378.975][SEVERE]: Timed out receiving message from renderer: 0.100
[1589061379.077][SEVERE]: Timed out receiving message from renderer: 0.100
[1589061379.179][SEVERE]: Timed out receiving message from renderer: 0.100
[1589061379.282][SEVERE]: Timed out receiving message from renderer: 0.100
[1589061379.385][SEVERE]: Timed out receiving message from renderer: 0.100
[1589061379.486][SEVERE]: Timed out receiving message from renderer: 0.100
[1589061379.588][SEVERE]: Timed out receiving message from renderer: 0.100
[1589061379.691][SEVERE]: Timed out receiving message from renderer: 0.100
[1589061379.792][SEVERE]: Timed out receiving message from renderer: 0.100
[1589061379.894][SEVERE]: Timed out receiving message from renderer: 0.100
[1589061379.996][SEVERE]: Timed out receiving message from renderer: 0.100
[1589061380.099][SEVERE]: Timed out receiving message from renderer: 0.100
[1589061380.200][SEVERE]: Timed out receiving message from renderer: 0.100
[1589061380.301][SEVERE]: Timed out receiving message from renderer: 0.100
[1589061380.404][SEVERE]: Timed out receiving message from renderer: 0.100
[1589061380.506][SEVERE]: Timed out receiving message from renderer: 0.100
[1589061380.607][SEVERE]: Timed out receiving message from renderer: 0.100
[1589061380.709][SEVERE]: Timed out receiving message from renderer: 0.100
[1589061380.811][SEVERE]: Timed out receiving message from renderer: 0.100
[1589061380.913][SEVERE]: Timed out receiving message from renderer: 0.100
[1589061381.015][SEVERE]: Timed out receiving message from renderer: 0.100
[1589061381.116][SEVERE]: Timed out receiving message from renderer: 0.100
[1589061381.219][SEVERE]: Timed out receiving message from renderer: 0.100
[1589061381.320][SEVERE]: Timed out receiving message from renderer: 0.100
[1589061381.422][SEVERE]: Timed out receiving message from renderer: 0.100
[1589061381.524][SEVERE]: Timed out receiving message from renderer: 0.100
[1589061381.626][SEVERE]: Timed out receiving message from renderer: 0.100
[1589061381.728][SEVERE]: Timed out receiving message from renderer: 0.100
[1589061381.830][SEVERE]: Timed out receiving message from renderer: 0.100
[1589061381.932][SEVERE]: Timed out receiving message from renderer: 0.100
[1589061382.033][SEVERE]: Timed out receiving message from renderer: 0.100
[1589061382.162][SEVERE]: Timed out receiving message from renderer: 0.100
[1589061382.263][SEVERE]: Timed out receiving message from renderer: 0.100
[1589061382.365][SEVERE]: Timed out receiving message from renderer: 0.100
[1589061382.468][SEVERE]: Timed out receiving message from renderer: 0.100
[1589061382.573][SEVERE]: Timed out receiving message from renderer: 0.100
[1589061382.677][SEVERE]: Timed out receiving message from renderer: 0.100
[1589061382.779][SEVERE]: Timed out receiving message from renderer: 0.100
[1589061382.882][SEVERE]: Timed out receiving message from renderer: 0.100
[1589061382.985][SEVERE]: Timed out receiving message from renderer: 0.100
[1589061383.087][SEVERE]: Timed out receiving message from renderer: 0.100
[1589061383.189][SEVERE]: Timed out receiving message from renderer: 0.100
[1589061383.292][SEVERE]: Timed out receiving message from renderer: 0.100
[1589061383.393][SEVERE]: Timed out receiving message from renderer: 0.100
[1589061383.495][SEVERE]: Timed out receiving message from renderer: 0.100
[1589061383.597][SEVERE]: Timed out receiving message from renderer: 0.100
[1589061383.700][SEVERE]: Timed out receiving message from renderer: 0.100
[1589061383.802][SEVERE]: Timed out receiving message from renderer: 0.100
[1589061383.903][SEVERE]: Timed out receiving message from renderer: 0.100
[1589061384.005][SEVERE]: Timed out receiving message from renderer: 0.100
[1589061384.107][SEVERE]: Timed out receiving message from renderer: 0.100
[1589061384.209][SEVERE]: Timed out receiving message from renderer: 0.100
[1589061384.311][SEVERE]: Timed out receiving message from renderer: 0.100
[1589061384.415][SEVERE]: Timed out receiving message from renderer: 0.100
[1589061384.517][SEVERE]: Timed out receiving message from renderer: 0.100
[1589061384.618][SEVERE]: Timed out receiving message from renderer: 0.100
[1589061384.720][SEVERE]: Timed out receiving message from renderer: 0.100
[1589061384.821][SEVERE]: Timed out receiving message from renderer: 0.100
[1589061384.923][SEVERE]: Timed out receiving message from renderer: 0.100
[1589061385.025][SEVERE]: Timed out receiving message from renderer: 0.100
[1589061385.127][SEVERE]: Timed out receiving message from renderer: 0.100
[1589061385.229][SEVERE]: Timed out receiving message from renderer: 0.100
[1589061385.331][SEVERE]: Timed out receiving message from renderer: 0.100
[1589061385.432][SEVERE]: Timed out receiving message from renderer: 0.100
[1589061385.534][SEVERE]: Timed out receiving message from renderer: 0.100
[1589061385.635][SEVERE]: Timed out receiving message from renderer: 0.100
[1589061385.737][SEVERE]: Timed out receiving message from renderer: 0.100
[1589061385.839][SEVERE]: Timed out receiving message from renderer: 0.100
[1589061385.940][SEVERE]: Timed out receiving message from renderer: 0.100
[1589061386.042][SEVERE]: Timed out receiving message from renderer: 0.100
[1589061386.144][SEVERE]: Timed out receiving message from renderer: 0.100
[1589061386.246][SEVERE]: Timed out receiving message from renderer: 0.100
[1589061386.350][SEVERE]: Timed out receiving message from renderer: 0.100
[1589061386.452][SEVERE]: Timed out receiving message from renderer: 0.100
[1589061386.553][SEVERE]: Timed out receiving message from renderer: 0.100
[1589061386.655][SEVERE]: Timed out receiving message from renderer: 0.100
[1589061386.757][SEVERE]: Timed out receiving message from renderer: 0.100
[1589061386.858][SEVERE]: Timed out receiving message from renderer: 0.100
[1589061386.960][SEVERE]: Timed out receiving message from renderer: 0.100
[1589061387.062][SEVERE]: Timed out receiving message from renderer: 0.100
[1589061387.164][SEVERE]: Timed out receiving message from renderer: 0.100
[1589061387.267][SEVERE]: Timed out receiving message from renderer: 0.100
[1589061387.368][SEVERE]: Timed out receiving message from renderer: 0.100
[1589061387.470][SEVERE]: Timed out receiving message from renderer: 0.100
[1589061387.572][SEVERE]: Timed out receiving message from renderer: 0.100
[1589061387.674][SEVERE]: Timed out receiving message from renderer: 0.100
[1589061389.458][SEVERE]: Timed out receiving message from renderer: 0.100
[1589061389.561][SEVERE]: Timed out receiving message from renderer: 0.100
[1589061389.870][SEVERE]: Timed out receiving message from renderer: 0.100
[1589061410.420][SEVERE]: Timed out receiving message from renderer: 0.100
[1589061410.525][SEVERE]: Timed out receiving message from renderer: 0.100
[1589061410.628][SEVERE]: Timed out receiving message from renderer: 0.100
[1589061410.730][SEVERE]: Timed out receiving message from renderer: 0.100
[1589061410.837][SEVERE]: Timed out receiving message from renderer: 0.100
[1589061410.939][SEVERE]: Timed out receiving message from renderer: 0.100
[1589061411.042][SEVERE]: Timed out receiving message from renderer: 0.100
[1589061411.148][SEVERE]: Timed out receiving message from renderer: 0.100
[1589061411.269][SEVERE]: Timed out receiving message from renderer: 0.100
[1589061411.371][SEVERE]: Timed out receiving message from renderer: 0.100
[1589061411.473][SEVERE]: Timed out receiving message from renderer: 0.100
[1589061411.577][SEVERE]: Timed out receiving message from renderer: 0.100
[1589061411.679][SEVERE]: Timed out receiving message from renderer: 0.100
[1589061411.781][SEVERE]: Timed out receiving message from renderer: 0.100
[1589061411.884][SEVERE]: Timed out receiving message from renderer: 0.100
[1589061411.986][SEVERE]: Timed out receiving message from renderer: 0.100
[1589061412.093][SEVERE]: Timed out receiving message from renderer: 0.100
[1589061412.195][SEVERE]: Timed out receiving message from renderer: 0.100
[1589061412.296][SEVERE]: Timed out receiving message from renderer: 0.100
[1589061412.399][SEVERE]: Timed out receiving message from renderer: 0.100
[1589061412.502][SEVERE]: Timed out receiving message from renderer: 0.100
[1589061412.604][SEVERE]: Timed out receiving message from renderer: 0.100
[1589061412.706][SEVERE]: Timed out receiving message from renderer: 0.100
[1589061412.808][SEVERE]: Timed out receiving message from renderer: 0.100
[1589061412.983][SEVERE]: Timed out receiving message from renderer: 0.100
[1589061413.086][SEVERE]: Timed out receiving message from renderer: 0.100
[1589061413.189][SEVERE]: Timed out receiving message from renderer: 0.100
[1589061413.291][SEVERE]: Timed out receiving message from renderer: 0.100
[1589061413.393][SEVERE]: Timed out receiving message from renderer: 0.100
[1589061413.495][SEVERE]: Timed out receiving message from renderer: 0.100
[1589061413.597][SEVERE]: Timed out receiving message from renderer: 0.100
[1589061413.700][SEVERE]: Timed out receiving message from renderer: 0.100
[1589061413.810][SEVERE]: Timed out receiving message from renderer: 0.100
[1589061413.912][SEVERE]: Timed out receiving message from renderer: 0.100
[1589061414.013][SEVERE]: Timed out receiving message from renderer: 0.100
[1589061414.116][SEVERE]: Timed out receiving message from renderer: 0.100
[1589061414.219][SEVERE]: Timed out receiving message from renderer: 0.100
[1589061414.321][SEVERE]: Timed out receiving message from renderer: 0.100
[1589061414.422][SEVERE]: Timed out receiving message from renderer: 0.100
[1589061414.525][SEVERE]: Timed out receiving message from renderer: 0.100
[1589061414.628][SEVERE]: Timed out receiving message from renderer: 0.100
[1589061414.730][SEVERE]: Timed out receiving message from renderer: 0.100
[1589061414.832][SEVERE]: Timed out receiving message from renderer: 0.100
[1589061414.933][SEVERE]: Timed out receiving message from renderer: 0.100
[1589061415.036][SEVERE]: Timed out receiving message from renderer: 0.100
[1589061415.137][SEVERE]: Timed out receiving message from renderer: 0.100
[1589061415.239][SEVERE]: Timed out receiving message from renderer: 0.100
[1589061415.341][SEVERE]: Timed out receiving message from renderer: 0.100
[1589061415.612][SEVERE]: Timed out receiving message from renderer: 0.100
[1589061415.718][SEVERE]: Timed out receiving message from renderer: 0.100
[1589061415.821][SEVERE]: Timed out receiving message from renderer: 0.100
[1589061415.923][SEVERE]: Timed out receiving message from renderer: 0.100
[1589061416.026][SEVERE]: Timed out receiving message from renderer: 0.100
[1589061416.128][SEVERE]: Timed out receiving message from renderer: 0.100
[1589061416.230][SEVERE]: Timed out receiving message from renderer: 0.100
[1589061416.333][SEVERE]: Timed out receiving message from renderer: 0.100
[1589061416.434][SEVERE]: Timed out receiving message from renderer: 0.100
[1589061416.537][SEVERE]: Timed out receiving message from renderer: 0.100
[1589061416.639][SEVERE]: Timed out receiving message from renderer: 0.100
[1589061416.740][SEVERE]: Timed out receiving message from renderer: 0.100
[1589061417.068][SEVERE]: Timed out receiving message from renderer: 0.100
[1589061417.170][SEVERE]: Timed out receiving message from renderer: 0.100
[1589061417.274][SEVERE]: Timed out receiving message from renderer: 0.100
[1589061417.376][SEVERE]: Timed out receiving message from renderer: 0.100
[1589061417.478][SEVERE]: Timed out receiving message from renderer: 0.100
[1589061417.582][SEVERE]: Timed out receiving message from renderer: 0.100
[1589061417.687][SEVERE]: Timed out receiving message from renderer: 0.100
[1589061417.788][SEVERE]: Timed out receiving message from renderer: 0.100
[1589061417.890][SEVERE]: Timed out receiving message from renderer: 0.100
[1589061424.011][SEVERE]: Timed out receiving message from renderer: 0.100
[1589061424.112][SEVERE]: Timed out receiving message from renderer: 0.100
[1589061424.214][SEVERE]: Timed out receiving message from renderer: 0.100
[1589061424.318][SEVERE]: Timed out receiving message from renderer: 0.100
[1589061424.438][SEVERE]: Timed out receiving message from renderer: 0.100
[1589061424.542][SEVERE]: Timed out receiving message from renderer: 0.100
[1589061424.647][SEVERE]: Timed out receiving message from renderer: 0.100
[1589061424.749][SEVERE]: Timed out receiving message from renderer: 0.100
[1589061424.852][SEVERE]: Timed out receiving message from renderer: 0.100
[1589061425.093][SEVERE]: Timed out receiving message from renderer: 0.100
[1589061425.195][SEVERE]: Timed out receiving message from renderer: 0.100
[1589061425.370][SEVERE]: Timed out receiving message from renderer: 0.100
[1589061425.473][SEVERE]: Timed out receiving message from renderer: 0.100
[1589061425.575][SEVERE]: Timed out receiving message from renderer: 0.100
[1589061425.696][SEVERE]: Timed out receiving message from renderer: 0.100
[1589061428.529][SEVERE]: Timed out receiving message from renderer: 0.100
[1589061429.260][SEVERE]: Timed out receiving message from renderer: 0.100
[1589061429.476][SEVERE]: Timed out receiving message from renderer: 0.100
[1589061429.596][SEVERE]: Timed out receiving message from renderer: 0.100
[1589061429.698][SEVERE]: Timed out receiving message from renderer: 0.100
[1589061429.933][SEVERE]: Timed out receiving message from renderer: 0.100
[1589061444.731][SEVERE]: Timed out receiving message from renderer: 0.100
[1589061445.624][SEVERE]: Timed out receiving message from renderer: 0.100
[1589061445.726][SEVERE]: Timed out receiving message from renderer: 0.100
[1589061445.829][SEVERE]: Timed out receiving message from renderer: 0.100
[1589061445.930][SEVERE]: Timed out receiving message from renderer: 0.100
[1589061446.033][SEVERE]: Timed out receiving message from renderer: 0.100
[1589061446.136][SEVERE]: Timed out receiving message from renderer: 0.100
[1589061446.238][SEVERE]: Timed out receiving message from renderer: 0.100
[1589061446.340][SEVERE]: Timed out receiving message from renderer: 0.100
[1589061446.442][SEVERE]: Timed out receiving message from renderer: 0.100
[1589061446.544][SEVERE]: Timed out receiving message from renderer: 0.100
]]></system-err>
</testsuite>
