<?xml version="1.0" encoding="UTF-8"?>
<testsuite name="com.qa.trello.tests.TeamChangeTests" tests="1" skipped="0" failures="0" errors="0" timestamp="2020-04-28T17:50:06" hostname="DESKTOP-NPA4CH3" time="5.633">
  <properties/>
  <testcase name="changeTeamTests" classname="com.qa.trello.tests.TeamChangeTests" time="5.633"/>
  <system-out><![CDATA[]]></system-out>
  <system-err><![CDATA[]]></system-err>
</testsuite>
