<?xml version="1.0" encoding="UTF-8"?>
<testsuite name="com.qa.trello.tests.tests.BoardCreationTests" tests="1" skipped="0" failures="0" errors="0" timestamp="2020-05-06T19:25:09" hostname="DESKTOP-NPA4CH3" time="41.601">
  <properties/>
  <testcase name="testBoardCreation" classname="com.qa.trello.tests.tests.BoardCreationTests" time="41.601"/>
  <system-out><![CDATA[was: 9 now: 10
]]></system-out>
  <system-err><![CDATA[]]></system-err>
</testsuite>
