<?xml version="1.0" encoding="UTF-8"?>
<testsuite name="com.qa.trello.tests.BoardChangeTests" tests="1" skipped="0" failures="0" errors="0" timestamp="2020-04-26T14:27:05" hostname="DESKTOP-NPA4CH3" time="81.55">
  <properties/>
  <testcase name="changeOfBoard" classname="com.qa.trello.tests.BoardChangeTests" time="81.55"/>
  <system-out><![CDATA[]]></system-out>
  <system-err><![CDATA[Starting ChromeDriver 81.0.4044.69 (6813546031a4bc83f717a2ef7cd4ac6ec1199132-refs/branch-heads/4044@{#776}) on port 7210
Only local connections are allowed.
Please protect ports used by ChromeDriver and related test frameworks to prevent access by malicious code.
апр 26, 2020 5:25:17 PM org.openqa.selenium.remote.ProtocolHandshake createSession
INFO: Detected dialect: W3C
[1587911121.508][SEVERE]: Timed out receiving message from renderer: 0.100
[1587911121.613][SEVERE]: Timed out receiving message from renderer: 0.100
[1587911121.717][SEVERE]: Timed out receiving message from renderer: 0.100
[1587911121.821][SEVERE]: Timed out receiving message from renderer: 0.100
[1587911121.926][SEVERE]: Timed out receiving message from renderer: 0.100
[1587911122.028][SEVERE]: Timed out receiving message from renderer: 0.100
[1587911122.134][SEVERE]: Timed out receiving message from renderer: 0.100
[1587911122.238][SEVERE]: Timed out receiving message from renderer: 0.100
[1587911122.344][SEVERE]: Timed out receiving message from renderer: 0.100
[1587911122.451][SEVERE]: Timed out receiving message from renderer: 0.100
[1587911122.553][SEVERE]: Timed out receiving message from renderer: 0.100
[1587911122.655][SEVERE]: Timed out receiving message from renderer: 0.100
[1587911122.758][SEVERE]: Timed out receiving message from renderer: 0.100
[1587911122.867][SEVERE]: Timed out receiving message from renderer: 0.100
[1587911122.971][SEVERE]: Timed out receiving message from renderer: 0.100
[1587911123.076][SEVERE]: Timed out receiving message from renderer: 0.100
[1587911123.182][SEVERE]: Timed out receiving message from renderer: 0.100
[1587911123.286][SEVERE]: Timed out receiving message from renderer: 0.100
[1587911123.396][SEVERE]: Timed out receiving message from renderer: 0.100
[1587911123.498][SEVERE]: Timed out receiving message from renderer: 0.100
[1587911123.606][SEVERE]: Timed out receiving message from renderer: 0.100
[1587911123.710][SEVERE]: Timed out receiving message from renderer: 0.100
[1587911123.814][SEVERE]: Timed out receiving message from renderer: 0.100
[1587911123.918][SEVERE]: Timed out receiving message from renderer: 0.100
[1587911124.029][SEVERE]: Timed out receiving message from renderer: 0.100
[1587911124.140][SEVERE]: Timed out receiving message from renderer: 0.100
[1587911124.256][SEVERE]: Timed out receiving message from renderer: 0.100
[1587911124.816][SEVERE]: Timed out receiving message from renderer: 0.100
[1587911124.948][SEVERE]: Timed out receiving message from renderer: 0.100
[1587911125.055][SEVERE]: Timed out receiving message from renderer: 0.100
[1587911125.161][SEVERE]: Timed out receiving message from renderer: 0.100
[1587911125.280][SEVERE]: Timed out receiving message from renderer: 0.100
[1587911125.398][SEVERE]: Timed out receiving message from renderer: 0.100
[1587911125.710][SEVERE]: Timed out receiving message from renderer: 0.100
[1587911125.815][SEVERE]: Timed out receiving message from renderer: 0.100
[1587911125.927][SEVERE]: Timed out receiving message from renderer: 0.100
[1587911126.033][SEVERE]: Timed out receiving message from renderer: 0.100
[1587911126.142][SEVERE]: Timed out receiving message from renderer: 0.100
[1587911126.248][SEVERE]: Timed out receiving message from renderer: 0.100
[1587911126.357][SEVERE]: Timed out receiving message from renderer: 0.100
[1587911126.462][SEVERE]: Timed out receiving message from renderer: 0.100
[1587911126.571][SEVERE]: Timed out receiving message from renderer: 0.100
[1587911126.680][SEVERE]: Timed out receiving message from renderer: 0.100
[1587911126.791][SEVERE]: Timed out receiving message from renderer: 0.100
[1587911126.899][SEVERE]: Timed out receiving message from renderer: 0.100
[1587911127.008][SEVERE]: Timed out receiving message from renderer: 0.100
[1587911127.120][SEVERE]: Timed out receiving message from renderer: 0.100
[1587911127.231][SEVERE]: Timed out receiving message from renderer: 0.100
[1587911127.341][SEVERE]: Timed out receiving message from renderer: 0.100
[1587911127.446][SEVERE]: Timed out receiving message from renderer: 0.100
[1587911127.554][SEVERE]: Timed out receiving message from renderer: 0.100
[1587911127.716][SEVERE]: Timed out receiving message from renderer: 0.100
[1587911127.827][SEVERE]: Timed out receiving message from renderer: 0.100
[1587911127.931][SEVERE]: Timed out receiving message from renderer: 0.100
[1587911128.038][SEVERE]: Timed out receiving message from renderer: 0.100
[1587911128.145][SEVERE]: Timed out receiving message from renderer: 0.100
[1587911128.254][SEVERE]: Timed out receiving message from renderer: 0.100
[1587911128.359][SEVERE]: Timed out receiving message from renderer: 0.100
[1587911128.466][SEVERE]: Timed out receiving message from renderer: 0.100
[1587911128.584][SEVERE]: Timed out receiving message from renderer: 0.100
[1587911128.693][SEVERE]: Timed out receiving message from renderer: 0.100
[1587911128.806][SEVERE]: Timed out receiving message from renderer: 0.100
[1587911128.915][SEVERE]: Timed out receiving message from renderer: 0.100
[1587911129.024][SEVERE]: Timed out receiving message from renderer: 0.100
[1587911129.131][SEVERE]: Timed out receiving message from renderer: 0.100
[1587911129.241][SEVERE]: Timed out receiving message from renderer: 0.100
[1587911129.350][SEVERE]: Timed out receiving message from renderer: 0.100
[1587911129.466][SEVERE]: Timed out receiving message from renderer: 0.100
[1587911129.579][SEVERE]: Timed out receiving message from renderer: 0.100
[1587911129.689][SEVERE]: Timed out receiving message from renderer: 0.100
[1587911129.799][SEVERE]: Timed out receiving message from renderer: 0.100
[1587911129.903][SEVERE]: Timed out receiving message from renderer: 0.100
[1587911130.012][SEVERE]: Timed out receiving message from renderer: 0.100
[1587911130.123][SEVERE]: Timed out receiving message from renderer: 0.100
[1587911130.227][SEVERE]: Timed out receiving message from renderer: 0.100
[1587911130.335][SEVERE]: Timed out receiving message from renderer: 0.100
[1587911130.446][SEVERE]: Timed out receiving message from renderer: 0.100
[1587911130.556][SEVERE]: Timed out receiving message from renderer: 0.100
[1587911130.665][SEVERE]: Timed out receiving message from renderer: 0.100
[1587911130.774][SEVERE]: Timed out receiving message from renderer: 0.100
[1587911130.881][SEVERE]: Timed out receiving message from renderer: 0.100
[1587911130.993][SEVERE]: Timed out receiving message from renderer: 0.100
[1587911131.105][SEVERE]: Timed out receiving message from renderer: 0.100
[1587911131.214][SEVERE]: Timed out receiving message from renderer: 0.100
[1587911131.318][SEVERE]: Timed out receiving message from renderer: 0.100
[1587911131.427][SEVERE]: Timed out receiving message from renderer: 0.100
[1587911131.531][SEVERE]: Timed out receiving message from renderer: 0.100
[1587911131.639][SEVERE]: Timed out receiving message from renderer: 0.100
[1587911131.742][SEVERE]: Timed out receiving message from renderer: 0.100
[1587911131.856][SEVERE]: Timed out receiving message from renderer: 0.100
[1587911131.977][SEVERE]: Timed out receiving message from renderer: 0.100
[1587911132.087][SEVERE]: Timed out receiving message from renderer: 0.100
[1587911132.195][SEVERE]: Timed out receiving message from renderer: 0.100
[1587911132.305][SEVERE]: Timed out receiving message from renderer: 0.100
[1587911132.413][SEVERE]: Timed out receiving message from renderer: 0.100
[1587911132.527][SEVERE]: Timed out receiving message from renderer: 0.100
[1587911132.635][SEVERE]: Timed out receiving message from renderer: 0.100
[1587911132.740][SEVERE]: Timed out receiving message from renderer: 0.100
[1587911132.847][SEVERE]: Timed out receiving message from renderer: 0.100
[1587911132.955][SEVERE]: Timed out receiving message from renderer: 0.100
[1587911133.066][SEVERE]: Timed out receiving message from renderer: 0.100
[1587911133.176][SEVERE]: Timed out receiving message from renderer: 0.100
[1587911133.283][SEVERE]: Timed out receiving message from renderer: 0.100
[1587911133.393][SEVERE]: Timed out receiving message from renderer: 0.100
[1587911133.502][SEVERE]: Timed out receiving message from renderer: 0.100
[1587911133.610][SEVERE]: Timed out receiving message from renderer: 0.100
[1587911133.722][SEVERE]: Timed out receiving message from renderer: 0.100
[1587911133.836][SEVERE]: Timed out receiving message from renderer: 0.100
[1587911133.944][SEVERE]: Timed out receiving message from renderer: 0.100
[1587911134.055][SEVERE]: Timed out receiving message from renderer: 0.100
[1587911134.165][SEVERE]: Timed out receiving message from renderer: 0.100
[1587911134.334][SEVERE]: Timed out receiving message from renderer: 0.100
[1587911134.515][SEVERE]: Timed out receiving message from renderer: 0.100
[1587911134.617][SEVERE]: Timed out receiving message from renderer: 0.100
[1587911134.724][SEVERE]: Timed out receiving message from renderer: 0.100
[1587911134.829][SEVERE]: Timed out receiving message from renderer: 0.100
[1587911134.935][SEVERE]: Timed out receiving message from renderer: 0.100
[1587911135.044][SEVERE]: Timed out receiving message from renderer: 0.100
[1587911135.149][SEVERE]: Timed out receiving message from renderer: 0.100
[1587911135.255][SEVERE]: Timed out receiving message from renderer: 0.100
[1587911135.362][SEVERE]: Timed out receiving message from renderer: 0.100
[1587911135.479][SEVERE]: Timed out receiving message from renderer: 0.100
[1587911135.601][SEVERE]: Timed out receiving message from renderer: 0.100
[1587911135.707][SEVERE]: Timed out receiving message from renderer: 0.100
[1587911135.818][SEVERE]: Timed out receiving message from renderer: 0.100
[1587911135.927][SEVERE]: Timed out receiving message from renderer: 0.100
[1587911136.035][SEVERE]: Timed out receiving message from renderer: 0.100
[1587911136.144][SEVERE]: Timed out receiving message from renderer: 0.100
[1587911136.253][SEVERE]: Timed out receiving message from renderer: 0.100
[1587911136.361][SEVERE]: Timed out receiving message from renderer: 0.100
[1587911136.467][SEVERE]: Timed out receiving message from renderer: 0.100
[1587911136.574][SEVERE]: Timed out receiving message from renderer: 0.100
[1587911136.700][SEVERE]: Timed out receiving message from renderer: 0.100
[1587911136.914][SEVERE]: Timed out receiving message from renderer: 0.100
[1587911137.021][SEVERE]: Timed out receiving message from renderer: 0.100
[1587911137.130][SEVERE]: Timed out receiving message from renderer: 0.100
[1587911137.238][SEVERE]: Timed out receiving message from renderer: 0.100
[1587911137.345][SEVERE]: Timed out receiving message from renderer: 0.100
[1587911137.455][SEVERE]: Timed out receiving message from renderer: 0.100
[1587911137.564][SEVERE]: Timed out receiving message from renderer: 0.100
[1587911137.704][SEVERE]: Timed out receiving message from renderer: 0.100
[1587911137.810][SEVERE]: Timed out receiving message from renderer: 0.100
[1587911137.912][SEVERE]: Timed out receiving message from renderer: 0.100
[1587911138.017][SEVERE]: Timed out receiving message from renderer: 0.100
[1587911138.124][SEVERE]: Timed out receiving message from renderer: 0.100
[1587911138.238][SEVERE]: Timed out receiving message from renderer: 0.100
[1587911138.349][SEVERE]: Timed out receiving message from renderer: 0.100
[1587911138.459][SEVERE]: Timed out receiving message from renderer: 0.100
[1587911138.566][SEVERE]: Timed out receiving message from renderer: 0.100
[1587911138.675][SEVERE]: Timed out receiving message from renderer: 0.100
[1587911138.783][SEVERE]: Timed out receiving message from renderer: 0.100
[1587911138.899][SEVERE]: Timed out receiving message from renderer: 0.100
[1587911139.004][SEVERE]: Timed out receiving message from renderer: 0.100
[1587911139.106][SEVERE]: Timed out receiving message from renderer: 0.100
[1587911139.213][SEVERE]: Timed out receiving message from renderer: 0.100
[1587911139.320][SEVERE]: Timed out receiving message from renderer: 0.100
[1587911139.428][SEVERE]: Timed out receiving message from renderer: 0.100
[1587911139.535][SEVERE]: Timed out receiving message from renderer: 0.100
[1587911139.641][SEVERE]: Timed out receiving message from renderer: 0.100
[1587911139.747][SEVERE]: Timed out receiving message from renderer: 0.100
[1587911139.854][SEVERE]: Timed out receiving message from renderer: 0.100
[1587911139.972][SEVERE]: Timed out receiving message from renderer: 0.100
[1587911140.095][SEVERE]: Timed out receiving message from renderer: 0.100
[1587911140.205][SEVERE]: Timed out receiving message from renderer: 0.100
[1587911140.314][SEVERE]: Timed out receiving message from renderer: 0.100
[1587911140.448][SEVERE]: Timed out receiving message from renderer: 0.100
[1587911140.560][SEVERE]: Timed out receiving message from renderer: 0.100
[1587911140.664][SEVERE]: Timed out receiving message from renderer: 0.100
[1587911140.769][SEVERE]: Timed out receiving message from renderer: 0.100
[1587911140.879][SEVERE]: Timed out receiving message from renderer: 0.100
[1587911141.056][SEVERE]: Timed out receiving message from renderer: 0.100
[1587911141.160][SEVERE]: Timed out receiving message from renderer: 0.100
[1587911141.264][SEVERE]: Timed out receiving message from renderer: 0.100
[1587911141.371][SEVERE]: Timed out receiving message from renderer: 0.100
[1587911141.486][SEVERE]: Timed out receiving message from renderer: 0.100
[1587911141.597][SEVERE]: Timed out receiving message from renderer: 0.100
[1587911141.705][SEVERE]: Timed out receiving message from renderer: 0.100
[1587911141.813][SEVERE]: Timed out receiving message from renderer: 0.100
[1587911141.920][SEVERE]: Timed out receiving message from renderer: 0.100
[1587911142.030][SEVERE]: Timed out receiving message from renderer: 0.100
[1587911142.139][SEVERE]: Timed out receiving message from renderer: 0.100
[1587911142.247][SEVERE]: Timed out receiving message from renderer: 0.100
[1587911142.356][SEVERE]: Timed out receiving message from renderer: 0.100
[1587911142.466][SEVERE]: Timed out receiving message from renderer: 0.100
[1587911142.571][SEVERE]: Timed out receiving message from renderer: 0.100
[1587911142.679][SEVERE]: Timed out receiving message from renderer: 0.100
[1587911142.786][SEVERE]: Timed out receiving message from renderer: 0.100
[1587911142.897][SEVERE]: Timed out receiving message from renderer: 0.100
[1587911143.003][SEVERE]: Timed out receiving message from renderer: 0.100
[1587911143.114][SEVERE]: Timed out receiving message from renderer: 0.100
[1587911143.224][SEVERE]: Timed out receiving message from renderer: 0.100
[1587911143.346][SEVERE]: Timed out receiving message from renderer: 0.100
[1587911143.455][SEVERE]: Timed out receiving message from renderer: 0.100
[1587911143.564][SEVERE]: Timed out receiving message from renderer: 0.100
[1587911143.673][SEVERE]: Timed out receiving message from renderer: 0.100
[1587911143.779][SEVERE]: Timed out receiving message from renderer: 0.100
[1587911143.886][SEVERE]: Timed out receiving message from renderer: 0.100
[1587911143.996][SEVERE]: Timed out receiving message from renderer: 0.100
[1587911144.104][SEVERE]: Timed out receiving message from renderer: 0.100
[1587911144.216][SEVERE]: Timed out receiving message from renderer: 0.100
[1587911144.327][SEVERE]: Timed out receiving message from renderer: 0.100
[1587911144.432][SEVERE]: Timed out receiving message from renderer: 0.100
[1587911144.540][SEVERE]: Timed out receiving message from renderer: 0.100
[1587911144.649][SEVERE]: Timed out receiving message from renderer: 0.100
[1587911144.760][SEVERE]: Timed out receiving message from renderer: 0.100
[1587911144.867][SEVERE]: Timed out receiving message from renderer: 0.100
[1587911144.978][SEVERE]: Timed out receiving message from renderer: 0.100
[1587911145.084][SEVERE]: Timed out receiving message from renderer: 0.100
[1587911145.432][SEVERE]: Timed out receiving message from renderer: 0.100
[1587911145.538][SEVERE]: Timed out receiving message from renderer: 0.100
[1587911145.640][SEVERE]: Timed out receiving message from renderer: 0.100
[1587911145.746][SEVERE]: Timed out receiving message from renderer: 0.100
[1587911145.854][SEVERE]: Timed out receiving message from renderer: 0.100
[1587911145.966][SEVERE]: Timed out receiving message from renderer: 0.100
[1587911146.077][SEVERE]: Timed out receiving message from renderer: 0.100
[1587911146.185][SEVERE]: Timed out receiving message from renderer: 0.100
[1587911146.296][SEVERE]: Timed out receiving message from renderer: 0.100
[1587911146.403][SEVERE]: Timed out receiving message from renderer: 0.100
[1587911146.511][SEVERE]: Timed out receiving message from renderer: 0.100
[1587911146.621][SEVERE]: Timed out receiving message from renderer: 0.100
[1587911146.735][SEVERE]: Timed out receiving message from renderer: 0.100
[1587911146.843][SEVERE]: Timed out receiving message from renderer: 0.100
[1587911146.948][SEVERE]: Timed out receiving message from renderer: 0.100
[1587911147.059][SEVERE]: Timed out receiving message from renderer: 0.100
[1587911147.166][SEVERE]: Timed out receiving message from renderer: 0.100
[1587911147.274][SEVERE]: Timed out receiving message from renderer: 0.100
[1587911147.380][SEVERE]: Timed out receiving message from renderer: 0.100
[1587911147.487][SEVERE]: Timed out receiving message from renderer: 0.100
[1587911147.599][SEVERE]: Timed out receiving message from renderer: 0.100
[1587911147.742][SEVERE]: Timed out receiving message from renderer: 0.100
[1587911147.851][SEVERE]: Timed out receiving message from renderer: 0.100
[1587911147.959][SEVERE]: Timed out receiving message from renderer: 0.100
[1587911148.067][SEVERE]: Timed out receiving message from renderer: 0.100
[1587911148.174][SEVERE]: Timed out receiving message from renderer: 0.100
[1587911148.279][SEVERE]: Timed out receiving message from renderer: 0.100
[1587911148.387][SEVERE]: Timed out receiving message from renderer: 0.100
[1587911148.496][SEVERE]: Timed out receiving message from renderer: 0.100
[1587911148.617][SEVERE]: Timed out receiving message from renderer: 0.100
[1587911148.731][SEVERE]: Timed out receiving message from renderer: 0.100
[1587911148.844][SEVERE]: Timed out receiving message from renderer: 0.100
[1587911148.950][SEVERE]: Timed out receiving message from renderer: 0.100
[1587911149.060][SEVERE]: Timed out receiving message from renderer: 0.100
[1587911149.166][SEVERE]: Timed out receiving message from renderer: 0.100
[1587911149.276][SEVERE]: Timed out receiving message from renderer: 0.100
[1587911149.402][SEVERE]: Timed out receiving message from renderer: 0.100
[1587911149.511][SEVERE]: Timed out receiving message from renderer: 0.100
[1587911149.759][SEVERE]: Timed out receiving message from renderer: 0.100
[1587911149.866][SEVERE]: Timed out receiving message from renderer: 0.100
[1587911149.973][SEVERE]: Timed out receiving message from renderer: 0.100
[1587911150.082][SEVERE]: Timed out receiving message from renderer: 0.100
[1587911150.190][SEVERE]: Timed out receiving message from renderer: 0.100
[1587911150.302][SEVERE]: Timed out receiving message from renderer: 0.100
[1587911150.409][SEVERE]: Timed out receiving message from renderer: 0.100
[1587911150.517][SEVERE]: Timed out receiving message from renderer: 0.100
[1587911150.626][SEVERE]: Timed out receiving message from renderer: 0.100
[1587911150.742][SEVERE]: Timed out receiving message from renderer: 0.100
[1587911150.849][SEVERE]: Timed out receiving message from renderer: 0.100
[1587911150.990][SEVERE]: Timed out receiving message from renderer: 0.100
[1587911151.096][SEVERE]: Timed out receiving message from renderer: 0.100
[1587911151.208][SEVERE]: Timed out receiving message from renderer: 0.100
[1587911151.318][SEVERE]: Timed out receiving message from renderer: 0.100
[1587911151.428][SEVERE]: Timed out receiving message from renderer: 0.100
[1587911151.539][SEVERE]: Timed out receiving message from renderer: 0.100
[1587911151.645][SEVERE]: Timed out receiving message from renderer: 0.100
[1587911151.751][SEVERE]: Timed out receiving message from renderer: 0.100
[1587911151.859][SEVERE]: Timed out receiving message from renderer: 0.100
[1587911151.966][SEVERE]: Timed out receiving message from renderer: 0.100
[1587911152.077][SEVERE]: Timed out receiving message from renderer: 0.100
[1587911152.185][SEVERE]: Timed out receiving message from renderer: 0.100
[1587911152.291][SEVERE]: Timed out receiving message from renderer: 0.100
[1587911152.401][SEVERE]: Timed out receiving message from renderer: 0.100
[1587911152.509][SEVERE]: Timed out receiving message from renderer: 0.100
[1587911152.620][SEVERE]: Timed out receiving message from renderer: 0.100
[1587911152.727][SEVERE]: Timed out receiving message from renderer: 0.100
[1587911152.837][SEVERE]: Timed out receiving message from renderer: 0.100
[1587911152.945][SEVERE]: Timed out receiving message from renderer: 0.100
[1587911153.054][SEVERE]: Timed out receiving message from renderer: 0.100
[1587911153.164][SEVERE]: Timed out receiving message from renderer: 0.100
[1587911153.271][SEVERE]: Timed out receiving message from renderer: 0.100
[1587911153.377][SEVERE]: Timed out receiving message from renderer: 0.100
[1587911153.487][SEVERE]: Timed out receiving message from renderer: 0.100
[1587911153.604][SEVERE]: Timed out receiving message from renderer: 0.100
[1587911153.709][SEVERE]: Timed out receiving message from renderer: 0.100
[1587911176.534][SEVERE]: Timed out receiving message from renderer: 0.100
[1587911176.638][SEVERE]: Timed out receiving message from renderer: 0.100
[1587911176.742][SEVERE]: Timed out receiving message from renderer: 0.100
[1587911176.851][SEVERE]: Timed out receiving message from renderer: 0.100
[1587911176.965][SEVERE]: Timed out receiving message from renderer: 0.100
[1587911177.077][SEVERE]: Timed out receiving message from renderer: 0.100
[1587911177.185][SEVERE]: Timed out receiving message from renderer: 0.100
[1587911177.287][SEVERE]: Timed out receiving message from renderer: 0.100
[1587911177.390][SEVERE]: Timed out receiving message from renderer: 0.100
[1587911177.499][SEVERE]: Timed out receiving message from renderer: 0.100
[1587911177.606][SEVERE]: Timed out receiving message from renderer: 0.100
[1587911177.728][SEVERE]: Timed out receiving message from renderer: 0.100
[1587911177.842][SEVERE]: Timed out receiving message from renderer: 0.100
[1587911177.945][SEVERE]: Timed out receiving message from renderer: 0.100
[1587911178.048][SEVERE]: Timed out receiving message from renderer: 0.100
[1587911178.153][SEVERE]: Timed out receiving message from renderer: 0.100
[1587911178.261][SEVERE]: Timed out receiving message from renderer: 0.100
[1587911178.368][SEVERE]: Timed out receiving message from renderer: 0.100
[1587911178.478][SEVERE]: Timed out receiving message from renderer: 0.100
[1587911178.600][SEVERE]: Timed out receiving message from renderer: 0.100
[1587911178.708][SEVERE]: Timed out receiving message from renderer: 0.100
[1587911178.819][SEVERE]: Timed out receiving message from renderer: 0.100
[1587911178.930][SEVERE]: Timed out receiving message from renderer: 0.100
[1587911179.033][SEVERE]: Timed out receiving message from renderer: 0.100
[1587911179.141][SEVERE]: Timed out receiving message from renderer: 0.100
[1587911179.253][SEVERE]: Timed out receiving message from renderer: 0.100
[1587911179.364][SEVERE]: Timed out receiving message from renderer: 0.100
[1587911179.474][SEVERE]: Timed out receiving message from renderer: 0.100
[1587911179.598][SEVERE]: Timed out receiving message from renderer: 0.100
[1587911179.710][SEVERE]: Timed out receiving message from renderer: 0.100
[1587911179.824][SEVERE]: Timed out receiving message from renderer: 0.100
[1587911179.932][SEVERE]: Timed out receiving message from renderer: 0.100
[1587911180.040][SEVERE]: Timed out receiving message from renderer: 0.100
[1587911180.155][SEVERE]: Timed out receiving message from renderer: 0.100
[1587911180.265][SEVERE]: Timed out receiving message from renderer: 0.100
[1587911180.375][SEVERE]: Timed out receiving message from renderer: 0.100
[1587911180.488][SEVERE]: Timed out receiving message from renderer: 0.100
[1587911180.595][SEVERE]: Timed out receiving message from renderer: 0.100
[1587911180.704][SEVERE]: Timed out receiving message from renderer: 0.100
[1587911180.813][SEVERE]: Timed out receiving message from renderer: 0.100
[1587911180.920][SEVERE]: Timed out receiving message from renderer: 0.100
[1587911181.031][SEVERE]: Timed out receiving message from renderer: 0.100
[1587911181.137][SEVERE]: Timed out receiving message from renderer: 0.100
[1587911181.247][SEVERE]: Timed out receiving message from renderer: 0.100
[1587911181.356][SEVERE]: Timed out receiving message from renderer: 0.100
[1587911181.466][SEVERE]: Timed out receiving message from renderer: 0.100
[1587911181.575][SEVERE]: Timed out receiving message from renderer: 0.100
[1587911181.686][SEVERE]: Timed out receiving message from renderer: 0.100
[1587911181.794][SEVERE]: Timed out receiving message from renderer: 0.100
[1587911181.899][SEVERE]: Timed out receiving message from renderer: 0.100
[1587911182.009][SEVERE]: Timed out receiving message from renderer: 0.100
[1587911182.117][SEVERE]: Timed out receiving message from renderer: 0.100
[1587911182.230][SEVERE]: Timed out receiving message from renderer: 0.100
[1587911182.340][SEVERE]: Timed out receiving message from renderer: 0.100
[1587911182.449][SEVERE]: Timed out receiving message from renderer: 0.100
[1587911182.557][SEVERE]: Timed out receiving message from renderer: 0.100
[1587911182.664][SEVERE]: Timed out receiving message from renderer: 0.100
[1587911182.773][SEVERE]: Timed out receiving message from renderer: 0.100
[1587911182.884][SEVERE]: Timed out receiving message from renderer: 0.100
[1587911182.996][SEVERE]: Timed out receiving message from renderer: 0.100
[1587911183.103][SEVERE]: Timed out receiving message from renderer: 0.100
[1587911183.214][SEVERE]: Timed out receiving message from renderer: 0.100
[1587911183.325][SEVERE]: Timed out receiving message from renderer: 0.100
[1587911183.435][SEVERE]: Timed out receiving message from renderer: 0.100
[1587911183.543][SEVERE]: Timed out receiving message from renderer: 0.100
[1587911183.655][SEVERE]: Timed out receiving message from renderer: 0.100
[1587911183.765][SEVERE]: Timed out receiving message from renderer: 0.100
[1587911183.874][SEVERE]: Timed out receiving message from renderer: 0.100
[1587911183.985][SEVERE]: Timed out receiving message from renderer: 0.100
[1587911184.096][SEVERE]: Timed out receiving message from renderer: 0.100
[1587911184.204][SEVERE]: Timed out receiving message from renderer: 0.100
[1587911184.315][SEVERE]: Timed out receiving message from renderer: 0.100
[1587911184.423][SEVERE]: Timed out receiving message from renderer: 0.100
[1587911184.530][SEVERE]: Timed out receiving message from renderer: 0.100
[1587911184.635][SEVERE]: Timed out receiving message from renderer: 0.100
[1587911184.743][SEVERE]: Timed out receiving message from renderer: 0.100
[1587911184.853][SEVERE]: Timed out receiving message from renderer: 0.100
[1587911184.962][SEVERE]: Timed out receiving message from renderer: 0.100
[1587911185.070][SEVERE]: Timed out receiving message from renderer: 0.100
[1587911185.182][SEVERE]: Timed out receiving message from renderer: 0.100
[1587911185.290][SEVERE]: Timed out receiving message from renderer: 0.100
[1587911185.400][SEVERE]: Timed out receiving message from renderer: 0.100
[1587911185.508][SEVERE]: Timed out receiving message from renderer: 0.100
[1587911185.615][SEVERE]: Timed out receiving message from renderer: 0.100
[1587911185.736][SEVERE]: Timed out receiving message from renderer: 0.100
[1587911185.844][SEVERE]: Timed out receiving message from renderer: 0.100
[1587911185.950][SEVERE]: Timed out receiving message from renderer: 0.100
[1587911186.060][SEVERE]: Timed out receiving message from renderer: 0.100
[1587911186.169][SEVERE]: Timed out receiving message from renderer: 0.100
[1587911186.280][SEVERE]: Timed out receiving message from renderer: 0.100
[1587911186.387][SEVERE]: Timed out receiving message from renderer: 0.100
[1587911186.496][SEVERE]: Timed out receiving message from renderer: 0.100
[1587911186.630][SEVERE]: Timed out receiving message from renderer: 0.100
[1587911186.740][SEVERE]: Timed out receiving message from renderer: 0.100
[1587911186.846][SEVERE]: Timed out receiving message from renderer: 0.100
[1587911186.953][SEVERE]: Timed out receiving message from renderer: 0.100
[1587911187.060][SEVERE]: Timed out receiving message from renderer: 0.100
[1587911187.167][SEVERE]: Timed out receiving message from renderer: 0.100
[1587911187.275][SEVERE]: Timed out receiving message from renderer: 0.100
[1587911187.381][SEVERE]: Timed out receiving message from renderer: 0.100
[1587911187.488][SEVERE]: Timed out receiving message from renderer: 0.100
[1587911187.598][SEVERE]: Timed out receiving message from renderer: 0.100
[1587911187.709][SEVERE]: Timed out receiving message from renderer: 0.100
[1587911187.818][SEVERE]: Timed out receiving message from renderer: 0.100
[1587911187.931][SEVERE]: Timed out receiving message from renderer: 0.100
[1587911188.037][SEVERE]: Timed out receiving message from renderer: 0.100
[1587911188.146][SEVERE]: Timed out receiving message from renderer: 0.100
[1587911188.254][SEVERE]: Timed out receiving message from renderer: 0.100
[1587911188.365][SEVERE]: Timed out receiving message from renderer: 0.100
[1587911188.477][SEVERE]: Timed out receiving message from renderer: 0.100
[1587911188.586][SEVERE]: Timed out receiving message from renderer: 0.100
[1587911188.689][SEVERE]: Timed out receiving message from renderer: 0.100
[1587911188.801][SEVERE]: Timed out receiving message from renderer: 0.100
[1587911188.924][SEVERE]: Timed out receiving message from renderer: 0.100
[1587911189.033][SEVERE]: Timed out receiving message from renderer: 0.100
[1587911189.146][SEVERE]: Timed out receiving message from renderer: 0.100
[1587911189.255][SEVERE]: Timed out receiving message from renderer: 0.100
[1587911189.370][SEVERE]: Timed out receiving message from renderer: 0.100
[1587911189.479][SEVERE]: Timed out receiving message from renderer: 0.100
[1587911189.598][SEVERE]: Timed out receiving message from renderer: 0.100
[1587911189.706][SEVERE]: Timed out receiving message from renderer: 0.100
[1587911189.815][SEVERE]: Timed out receiving message from renderer: 0.100
[1587911189.924][SEVERE]: Timed out receiving message from renderer: 0.100
[1587911190.036][SEVERE]: Timed out receiving message from renderer: 0.100
[1587911190.144][SEVERE]: Timed out receiving message from renderer: 0.100
[1587911190.251][SEVERE]: Timed out receiving message from renderer: 0.100
[1587911190.361][SEVERE]: Timed out receiving message from renderer: 0.100
[1587911190.468][SEVERE]: Timed out receiving message from renderer: 0.100
[1587911190.588][SEVERE]: Timed out receiving message from renderer: 0.100
[1587911190.690][SEVERE]: Timed out receiving message from renderer: 0.100
[1587911190.796][SEVERE]: Timed out receiving message from renderer: 0.100
[1587911190.907][SEVERE]: Timed out receiving message from renderer: 0.100
[1587911191.015][SEVERE]: Timed out receiving message from renderer: 0.100
[1587911191.123][SEVERE]: Timed out receiving message from renderer: 0.100
[1587911191.229][SEVERE]: Timed out receiving message from renderer: 0.100
[1587911191.336][SEVERE]: Timed out receiving message from renderer: 0.100
[1587911191.447][SEVERE]: Timed out receiving message from renderer: 0.100
[1587911191.559][SEVERE]: Timed out receiving message from renderer: 0.100
[1587911191.665][SEVERE]: Timed out receiving message from renderer: 0.100
[1587911191.774][SEVERE]: Timed out receiving message from renderer: 0.100
[1587911191.895][SEVERE]: Timed out receiving message from renderer: 0.100
[1587911192.024][SEVERE]: Timed out receiving message from renderer: 0.100
[1587911192.132][SEVERE]: Timed out receiving message from renderer: 0.100
[1587911192.245][SEVERE]: Timed out receiving message from renderer: 0.100
[1587911192.355][SEVERE]: Timed out receiving message from renderer: 0.100
[1587911192.469][SEVERE]: Timed out receiving message from renderer: 0.100
[1587911192.585][SEVERE]: Timed out receiving message from renderer: 0.100
[1587911192.695][SEVERE]: Timed out receiving message from renderer: 0.100
[1587911192.798][SEVERE]: Timed out receiving message from renderer: 0.100
[1587911192.945][SEVERE]: Timed out receiving message from renderer: 0.100
[1587911193.049][SEVERE]: Timed out receiving message from renderer: 0.100
[1587911193.155][SEVERE]: Timed out receiving message from renderer: 0.100
[1587911193.263][SEVERE]: Timed out receiving message from renderer: 0.100
[1587911193.375][SEVERE]: Timed out receiving message from renderer: 0.100
[1587911193.487][SEVERE]: Timed out receiving message from renderer: 0.100
[1587911193.600][SEVERE]: Timed out receiving message from renderer: 0.100
[1587911193.709][SEVERE]: Timed out receiving message from renderer: 0.100
[1587911193.826][SEVERE]: Timed out receiving message from renderer: 0.100
[1587911193.935][SEVERE]: Timed out receiving message from renderer: 0.100
[1587911194.038][SEVERE]: Timed out receiving message from renderer: 0.100
[1587911194.142][SEVERE]: Timed out receiving message from renderer: 0.100
[1587911194.253][SEVERE]: Timed out receiving message from renderer: 0.100
[1587911194.363][SEVERE]: Timed out receiving message from renderer: 0.100
[1587911194.495][SEVERE]: Timed out receiving message from renderer: 0.100
[1587911194.970][SEVERE]: Timed out receiving message from renderer: 0.100
[1587911195.079][SEVERE]: Timed out receiving message from renderer: 0.100
[1587911195.191][SEVERE]: Timed out receiving message from renderer: 0.100
[1587911195.299][SEVERE]: Timed out receiving message from renderer: 0.100
[1587911195.412][SEVERE]: Timed out receiving message from renderer: 0.100
[1587911195.519][SEVERE]: Timed out receiving message from renderer: 0.100
[1587911195.628][SEVERE]: Timed out receiving message from renderer: 0.100
[1587911195.736][SEVERE]: Timed out receiving message from renderer: 0.100
[1587911195.841][SEVERE]: Timed out receiving message from renderer: 0.100
[1587911195.953][SEVERE]: Timed out receiving message from renderer: 0.100
[1587911196.065][SEVERE]: Timed out receiving message from renderer: 0.100
[1587911196.176][SEVERE]: Timed out receiving message from renderer: 0.100
[1587911196.291][SEVERE]: Timed out receiving message from renderer: 0.100
[1587911196.399][SEVERE]: Timed out receiving message from renderer: 0.100
[1587911196.517][SEVERE]: Timed out receiving message from renderer: 0.100
[1587911196.631][SEVERE]: Timed out receiving message from renderer: 0.100
[1587911196.735][SEVERE]: Timed out receiving message from renderer: 0.100
[1587911196.840][SEVERE]: Timed out receiving message from renderer: 0.100
[1587911196.949][SEVERE]: Timed out receiving message from renderer: 0.100
[1587911197.057][SEVERE]: Timed out receiving message from renderer: 0.100
[1587911197.170][SEVERE]: Timed out receiving message from renderer: 0.100
[1587911197.278][SEVERE]: Timed out receiving message from renderer: 0.100
[1587911197.389][SEVERE]: Timed out receiving message from renderer: 0.100
[1587911197.498][SEVERE]: Timed out receiving message from renderer: 0.100
[1587911197.606][SEVERE]: Timed out receiving message from renderer: 0.100
[1587911197.723][SEVERE]: Timed out receiving message from renderer: 0.100
[1587911197.832][SEVERE]: Timed out receiving message from renderer: 0.100
[1587911197.939][SEVERE]: Timed out receiving message from renderer: 0.100
[1587911198.047][SEVERE]: Timed out receiving message from renderer: 0.100
[1587911198.157][SEVERE]: Timed out receiving message from renderer: 0.100
[1587911198.266][SEVERE]: Timed out receiving message from renderer: 0.100
[1587911198.375][SEVERE]: Timed out receiving message from renderer: 0.100
[1587911198.486][SEVERE]: Timed out receiving message from renderer: 0.100
[1587911198.594][SEVERE]: Timed out receiving message from renderer: 0.100
[1587911198.700][SEVERE]: Timed out receiving message from renderer: 0.100
[1587911198.833][SEVERE]: Timed out receiving message from renderer: 0.100
[1587911198.949][SEVERE]: Timed out receiving message from renderer: 0.100
[1587911199.052][SEVERE]: Timed out receiving message from renderer: 0.100
[1587911199.229][SEVERE]: Timed out receiving message from renderer: 0.100
[1587911199.340][SEVERE]: Timed out receiving message from renderer: 0.100
[1587911199.496][SEVERE]: Timed out receiving message from renderer: 0.100
[1587911199.606][SEVERE]: Timed out receiving message from renderer: 0.100
[1587911199.717][SEVERE]: Timed out receiving message from renderer: 0.100
[1587911199.823][SEVERE]: Timed out receiving message from renderer: 0.100
[1587911199.929][SEVERE]: Timed out receiving message from renderer: 0.100
[1587911200.039][SEVERE]: Timed out receiving message from renderer: 0.100
[1587911200.150][SEVERE]: Timed out receiving message from renderer: 0.100
[1587911200.262][SEVERE]: Timed out receiving message from renderer: 0.100
[1587911200.369][SEVERE]: Timed out receiving message from renderer: 0.100
[1587911200.478][SEVERE]: Timed out receiving message from renderer: 0.100
[1587911200.593][SEVERE]: Timed out receiving message from renderer: 0.100
[1587911200.714][SEVERE]: Timed out receiving message from renderer: 0.100
[1587911201.197][SEVERE]: Timed out receiving message from renderer: 0.100
[1587911201.301][SEVERE]: Timed out receiving message from renderer: 0.100
[1587911201.409][SEVERE]: Timed out receiving message from renderer: 0.100
[1587911201.518][SEVERE]: Timed out receiving message from renderer: 0.100
[1587911201.634][SEVERE]: Timed out receiving message from renderer: 0.100
[1587911201.745][SEVERE]: Timed out receiving message from renderer: 0.100
[1587911201.857][SEVERE]: Timed out receiving message from renderer: 0.100
[1587911201.967][SEVERE]: Timed out receiving message from renderer: 0.100
[1587911202.084][SEVERE]: Timed out receiving message from renderer: 0.100
[1587911202.194][SEVERE]: Timed out receiving message from renderer: 0.100
[1587911202.301][SEVERE]: Timed out receiving message from renderer: 0.100
[1587911202.454][SEVERE]: Timed out receiving message from renderer: 0.100
[1587911202.597][SEVERE]: Timed out receiving message from renderer: 0.100
[1587911202.734][SEVERE]: Timed out receiving message from renderer: 0.100
[1587911203.059][SEVERE]: Timed out receiving message from renderer: 0.100
[1587911203.168][SEVERE]: Timed out receiving message from renderer: 0.100
[1587911203.272][SEVERE]: Timed out receiving message from renderer: 0.100
[1587911203.380][SEVERE]: Timed out receiving message from renderer: 0.100
[1587911203.491][SEVERE]: Timed out receiving message from renderer: 0.100
[1587911203.616][SEVERE]: Timed out receiving message from renderer: 0.100
[1587911203.729][SEVERE]: Timed out receiving message from renderer: 0.100
[1587911203.842][SEVERE]: Timed out receiving message from renderer: 0.100
[1587911203.981][SEVERE]: Timed out receiving message from renderer: 0.100
[1587911204.085][SEVERE]: Timed out receiving message from renderer: 0.100
[1587911204.190][SEVERE]: Timed out receiving message from renderer: 0.100
[1587911204.296][SEVERE]: Timed out receiving message from renderer: 0.100
[1587911204.404][SEVERE]: Timed out receiving message from renderer: 0.100
[1587911204.545][SEVERE]: Timed out receiving message from renderer: 0.100
[1587911204.664][SEVERE]: Timed out receiving message from renderer: 0.100
[1587911204.769][SEVERE]: Timed out receiving message from renderer: 0.100
[1587911204.878][SEVERE]: Timed out receiving message from renderer: 0.100
[1587911204.985][SEVERE]: Timed out receiving message from renderer: 0.100
[1587911205.116][SEVERE]: Timed out receiving message from renderer: 0.100
[1587911205.228][SEVERE]: Timed out receiving message from renderer: 0.100
[1587911205.335][SEVERE]: Timed out receiving message from renderer: 0.100
[1587911205.449][SEVERE]: Timed out receiving message from renderer: 0.100
[1587911205.561][SEVERE]: Timed out receiving message from renderer: 0.100
[1587911205.671][SEVERE]: Timed out receiving message from renderer: 0.100
[1587911205.786][SEVERE]: Timed out receiving message from renderer: 0.100
[1587911205.898][SEVERE]: Timed out receiving message from renderer: 0.100
[1587911221.775][SEVERE]: Timed out receiving message from renderer: 0.100
[1587911221.882][SEVERE]: Timed out receiving message from renderer: 0.100
[1587911221.991][SEVERE]: Timed out receiving message from renderer: 0.100
[1587911222.104][SEVERE]: Timed out receiving message from renderer: 0.100
[1587911222.217][SEVERE]: Timed out receiving message from renderer: 0.100
[1587911222.325][SEVERE]: Timed out receiving message from renderer: 0.100
[1587911222.434][SEVERE]: Timed out receiving message from renderer: 0.100
[1587911222.549][SEVERE]: Timed out receiving message from renderer: 0.100
[1587911222.655][SEVERE]: Timed out receiving message from renderer: 0.100
[1587911222.765][SEVERE]: Timed out receiving message from renderer: 0.100
[1587911222.873][SEVERE]: Timed out receiving message from renderer: 0.100
[1587911222.982][SEVERE]: Timed out receiving message from renderer: 0.100
[1587911223.090][SEVERE]: Timed out receiving message from renderer: 0.100
[1587911223.199][SEVERE]: Timed out receiving message from renderer: 0.100
[1587911223.305][SEVERE]: Timed out receiving message from renderer: 0.100
[1587911223.415][SEVERE]: Timed out receiving message from renderer: 0.100
[1587911223.523][SEVERE]: Timed out receiving message from renderer: 0.100
[1587911223.635][SEVERE]: Timed out receiving message from renderer: 0.100
[1587911223.745][SEVERE]: Timed out receiving message from renderer: 0.100
[1587911223.853][SEVERE]: Timed out receiving message from renderer: 0.100
[1587911223.959][SEVERE]: Timed out receiving message from renderer: 0.100
[1587911224.065][SEVERE]: Timed out receiving message from renderer: 0.100
[1587911224.172][SEVERE]: Timed out receiving message from renderer: 0.100
[1587911224.285][SEVERE]: Timed out receiving message from renderer: 0.100
[1587911224.396][SEVERE]: Timed out receiving message from renderer: 0.100
[1587911224.502][SEVERE]: Timed out receiving message from renderer: 0.100
[1587911224.617][SEVERE]: Timed out receiving message from renderer: 0.100
[1587911224.734][SEVERE]: Timed out receiving message from renderer: 0.100
[1587911224.840][SEVERE]: Timed out receiving message from renderer: 0.100
[1587911224.947][SEVERE]: Timed out receiving message from renderer: 0.100
[1587911225.052][SEVERE]: Timed out receiving message from renderer: 0.100
[1587911225.164][SEVERE]: Timed out receiving message from renderer: 0.100
[1587911225.275][SEVERE]: Timed out receiving message from renderer: 0.100
[1587911225.384][SEVERE]: Timed out receiving message from renderer: 0.100
[1587911225.494][SEVERE]: Timed out receiving message from renderer: 0.100
[1587911240.738][SEVERE]: Timed out receiving message from renderer: 0.100
[1587911240.845][SEVERE]: Timed out receiving message from renderer: 0.100
[1587911240.953][SEVERE]: Timed out receiving message from renderer: 0.100
[1587911241.058][SEVERE]: Timed out receiving message from renderer: 0.100
[1587911241.175][SEVERE]: Timed out receiving message from renderer: 0.100
[1587911241.280][SEVERE]: Timed out receiving message from renderer: 0.100
[1587911241.389][SEVERE]: Timed out receiving message from renderer: 0.100
[1587911241.494][SEVERE]: Timed out receiving message from renderer: 0.100
[1587911241.601][SEVERE]: Timed out receiving message from renderer: 0.100
[1587911241.706][SEVERE]: Timed out receiving message from renderer: 0.100
[1587911241.813][SEVERE]: Timed out receiving message from renderer: 0.100
[1587911241.919][SEVERE]: Timed out receiving message from renderer: 0.100
[1587911242.029][SEVERE]: Timed out receiving message from renderer: 0.100
[1587911242.133][SEVERE]: Timed out receiving message from renderer: 0.100
[1587911242.237][SEVERE]: Timed out receiving message from renderer: 0.100
[1587911242.341][SEVERE]: Timed out receiving message from renderer: 0.100
[1587911242.446][SEVERE]: Timed out receiving message from renderer: 0.100
[1587911242.550][SEVERE]: Timed out receiving message from renderer: 0.100
[1587911242.680][SEVERE]: Timed out receiving message from renderer: 0.100
[1587911242.787][SEVERE]: Timed out receiving message from renderer: 0.100
[1587911242.896][SEVERE]: Timed out receiving message from renderer: 0.100
[1587911243.005][SEVERE]: Timed out receiving message from renderer: 0.100
[1587911243.109][SEVERE]: Timed out receiving message from renderer: 0.100
[1587911243.216][SEVERE]: Timed out receiving message from renderer: 0.100
[1587911243.322][SEVERE]: Timed out receiving message from renderer: 0.100
[1587911243.428][SEVERE]: Timed out receiving message from renderer: 0.100
[1587911243.533][SEVERE]: Timed out receiving message from renderer: 0.100
[1587911243.639][SEVERE]: Timed out receiving message from renderer: 0.100
[1587911243.743][SEVERE]: Timed out receiving message from renderer: 0.100
[1587911243.847][SEVERE]: Timed out receiving message from renderer: 0.100
[1587911243.954][SEVERE]: Timed out receiving message from renderer: 0.100
[1587911244.060][SEVERE]: Timed out receiving message from renderer: 0.100
[1587911244.166][SEVERE]: Timed out receiving message from renderer: 0.100
[1587911244.273][SEVERE]: Timed out receiving message from renderer: 0.100
[1587911244.377][SEVERE]: Timed out receiving message from renderer: 0.100
[1587911244.481][SEVERE]: Timed out receiving message from renderer: 0.100
[1587911244.589][SEVERE]: Timed out receiving message from renderer: 0.100
[1587911244.695][SEVERE]: Timed out receiving message from renderer: 0.100
[1587911244.801][SEVERE]: Timed out receiving message from renderer: 0.100
[1587911244.909][SEVERE]: Timed out receiving message from renderer: 0.100
[1587911245.013][SEVERE]: Timed out receiving message from renderer: 0.100
[1587911245.119][SEVERE]: Timed out receiving message from renderer: 0.100
[1587911245.224][SEVERE]: Timed out receiving message from renderer: 0.100
[1587911245.337][SEVERE]: Timed out receiving message from renderer: 0.100
[1587911245.445][SEVERE]: Timed out receiving message from renderer: 0.100
[1587911245.548][SEVERE]: Timed out receiving message from renderer: 0.100
[1587911245.654][SEVERE]: Timed out receiving message from renderer: 0.100
[1587911245.759][SEVERE]: Timed out receiving message from renderer: 0.100
[1587911245.864][SEVERE]: Timed out receiving message from renderer: 0.100
[1587911245.968][SEVERE]: Timed out receiving message from renderer: 0.100
[1587911246.079][SEVERE]: Timed out receiving message from renderer: 0.100
[1587911246.187][SEVERE]: Timed out receiving message from renderer: 0.100
[1587911246.294][SEVERE]: Timed out receiving message from renderer: 0.100
[1587911246.403][SEVERE]: Timed out receiving message from renderer: 0.100
[1587911246.510][SEVERE]: Timed out receiving message from renderer: 0.100
[1587911246.618][SEVERE]: Timed out receiving message from renderer: 0.100
[1587911246.729][SEVERE]: Timed out receiving message from renderer: 0.100
[1587911246.833][SEVERE]: Timed out receiving message from renderer: 0.100
[1587911246.941][SEVERE]: Timed out receiving message from renderer: 0.100
[1587911247.045][SEVERE]: Timed out receiving message from renderer: 0.100
[1587911247.149][SEVERE]: Timed out receiving message from renderer: 0.100
[1587911247.253][SEVERE]: Timed out receiving message from renderer: 0.100
[1587911247.358][SEVERE]: Timed out receiving message from renderer: 0.100
[1587911247.462][SEVERE]: Timed out receiving message from renderer: 0.100
[1587911247.564][SEVERE]: Timed out receiving message from renderer: 0.100
[1587911247.674][SEVERE]: Timed out receiving message from renderer: 0.100
[1587911247.778][SEVERE]: Timed out receiving message from renderer: 0.100
[1587911247.961][SEVERE]: Timed out receiving message from renderer: 0.100
[1587911248.065][SEVERE]: Timed out receiving message from renderer: 0.100
[1587911248.174][SEVERE]: Timed out receiving message from renderer: 0.100
[1587911248.281][SEVERE]: Timed out receiving message from renderer: 0.100
[1587911248.391][SEVERE]: Timed out receiving message from renderer: 0.100
[1587911248.495][SEVERE]: Timed out receiving message from renderer: 0.100
[1587911248.618][SEVERE]: Timed out receiving message from renderer: 0.100
[1587911248.729][SEVERE]: Timed out receiving message from renderer: 0.100
[1587911248.835][SEVERE]: Timed out receiving message from renderer: 0.100
[1587911248.939][SEVERE]: Timed out receiving message from renderer: 0.100
[1587911249.043][SEVERE]: Timed out receiving message from renderer: 0.100
[1587911249.147][SEVERE]: Timed out receiving message from renderer: 0.100
[1587911249.254][SEVERE]: Timed out receiving message from renderer: 0.100
[1587911249.359][SEVERE]: Timed out receiving message from renderer: 0.100
[1587911249.463][SEVERE]: Timed out receiving message from renderer: 0.100
[1587911249.584][SEVERE]: Timed out receiving message from renderer: 0.100
[1587911249.700][SEVERE]: Timed out receiving message from renderer: 0.100
[1587911249.804][SEVERE]: Timed out receiving message from renderer: 0.100
[1587911249.909][SEVERE]: Timed out receiving message from renderer: 0.100
[1587911250.012][SEVERE]: Timed out receiving message from renderer: 0.100
[1587911250.115][SEVERE]: Timed out receiving message from renderer: 0.100
[1587911250.224][SEVERE]: Timed out receiving message from renderer: 0.100
[1587911250.327][SEVERE]: Timed out receiving message from renderer: 0.100
[1587911250.433][SEVERE]: Timed out receiving message from renderer: 0.100
[1587911250.539][SEVERE]: Timed out receiving message from renderer: 0.100
[1587911250.643][SEVERE]: Timed out receiving message from renderer: 0.100
[1587911250.760][SEVERE]: Timed out receiving message from renderer: 0.100
[1587911250.865][SEVERE]: Timed out receiving message from renderer: 0.100
[1587911250.971][SEVERE]: Timed out receiving message from renderer: 0.100
[1587911251.075][SEVERE]: Timed out receiving message from renderer: 0.100
[1587911251.183][SEVERE]: Timed out receiving message from renderer: 0.100
[1587911251.290][SEVERE]: Timed out receiving message from renderer: 0.100
[1587911251.394][SEVERE]: Timed out receiving message from renderer: 0.100
[1587911251.499][SEVERE]: Timed out receiving message from renderer: 0.100
[1587911251.604][SEVERE]: Timed out receiving message from renderer: 0.100
[1587911251.709][SEVERE]: Timed out receiving message from renderer: 0.100
[1587911251.819][SEVERE]: Timed out receiving message from renderer: 0.100
[1587911251.924][SEVERE]: Timed out receiving message from renderer: 0.100
[1587911252.029][SEVERE]: Timed out receiving message from renderer: 0.100
[1587911252.136][SEVERE]: Timed out receiving message from renderer: 0.100
[1587911252.242][SEVERE]: Timed out receiving message from renderer: 0.100
[1587911252.346][SEVERE]: Timed out receiving message from renderer: 0.100
[1587911252.454][SEVERE]: Timed out receiving message from renderer: 0.100
[1587911252.558][SEVERE]: Timed out receiving message from renderer: 0.100
[1587911252.664][SEVERE]: Timed out receiving message from renderer: 0.100
[1587911252.770][SEVERE]: Timed out receiving message from renderer: 0.100
[1587911252.874][SEVERE]: Timed out receiving message from renderer: 0.100
[1587911252.978][SEVERE]: Timed out receiving message from renderer: 0.100
[1587911253.082][SEVERE]: Timed out receiving message from renderer: 0.100
[1587911253.186][SEVERE]: Timed out receiving message from renderer: 0.100
[1587911253.291][SEVERE]: Timed out receiving message from renderer: 0.100
[1587911253.395][SEVERE]: Timed out receiving message from renderer: 0.100
[1587911253.499][SEVERE]: Timed out receiving message from renderer: 0.100
[1587911253.606][SEVERE]: Timed out receiving message from renderer: 0.100
[1587911253.714][SEVERE]: Timed out receiving message from renderer: 0.100
[1587911253.823][SEVERE]: Timed out receiving message from renderer: 0.100
[1587911253.925][SEVERE]: Timed out receiving message from renderer: 0.100
[1587911254.029][SEVERE]: Timed out receiving message from renderer: 0.100
[1587911254.133][SEVERE]: Timed out receiving message from renderer: 0.100
[1587911254.240][SEVERE]: Timed out receiving message from renderer: 0.100
[1587911254.346][SEVERE]: Timed out receiving message from renderer: 0.100
[1587911254.451][SEVERE]: Timed out receiving message from renderer: 0.100
[1587911254.555][SEVERE]: Timed out receiving message from renderer: 0.100
[1587911254.661][SEVERE]: Timed out receiving message from renderer: 0.100
[1587911254.769][SEVERE]: Timed out receiving message from renderer: 0.100
[1587911254.874][SEVERE]: Timed out receiving message from renderer: 0.100
[1587911254.979][SEVERE]: Timed out receiving message from renderer: 0.100
[1587911255.084][SEVERE]: Timed out receiving message from renderer: 0.100
[1587911255.191][SEVERE]: Timed out receiving message from renderer: 0.100
[1587911255.296][SEVERE]: Timed out receiving message from renderer: 0.100
[1587911255.401][SEVERE]: Timed out receiving message from renderer: 0.100
[1587911255.505][SEVERE]: Timed out receiving message from renderer: 0.100
[1587911255.609][SEVERE]: Timed out receiving message from renderer: 0.100
[1587911255.718][SEVERE]: Timed out receiving message from renderer: 0.100
[1587911255.825][SEVERE]: Timed out receiving message from renderer: 0.100
[1587911255.934][SEVERE]: Timed out receiving message from renderer: 0.100
[1587911256.039][SEVERE]: Timed out receiving message from renderer: 0.100
[1587911256.144][SEVERE]: Timed out receiving message from renderer: 0.100
[1587911256.251][SEVERE]: Timed out receiving message from renderer: 0.100
[1587911256.356][SEVERE]: Timed out receiving message from renderer: 0.100
[1587911256.478][SEVERE]: Timed out receiving message from renderer: 0.100
[1587911256.596][SEVERE]: Timed out receiving message from renderer: 0.100
[1587911256.701][SEVERE]: Timed out receiving message from renderer: 0.100
[1587911256.805][SEVERE]: Timed out receiving message from renderer: 0.100
[1587911256.916][SEVERE]: Timed out receiving message from renderer: 0.100
[1587911257.022][SEVERE]: Timed out receiving message from renderer: 0.100
[1587911257.128][SEVERE]: Timed out receiving message from renderer: 0.100
[1587911257.234][SEVERE]: Timed out receiving message from renderer: 0.100
[1587911257.338][SEVERE]: Timed out receiving message from renderer: 0.100
[1587911257.444][SEVERE]: Timed out receiving message from renderer: 0.100
[1587911257.549][SEVERE]: Timed out receiving message from renderer: 0.100
[1587911257.654][SEVERE]: Timed out receiving message from renderer: 0.100
[1587911257.759][SEVERE]: Timed out receiving message from renderer: 0.100
[1587911257.863][SEVERE]: Timed out receiving message from renderer: 0.100
[1587911257.969][SEVERE]: Timed out receiving message from renderer: 0.100
[1587911258.072][SEVERE]: Timed out receiving message from renderer: 0.100
[1587911258.194][SEVERE]: Timed out receiving message from renderer: 0.100
[1587911258.300][SEVERE]: Timed out receiving message from renderer: 0.100
[1587911258.408][SEVERE]: Timed out receiving message from renderer: 0.100
[1587911258.516][SEVERE]: Timed out receiving message from renderer: 0.100
[1587911258.622][SEVERE]: Timed out receiving message from renderer: 0.100
[1587911258.728][SEVERE]: Timed out receiving message from renderer: 0.100
[1587911258.835][SEVERE]: Timed out receiving message from renderer: 0.100
[1587911258.940][SEVERE]: Timed out receiving message from renderer: 0.100
[1587911259.047][SEVERE]: Timed out receiving message from renderer: 0.100
[1587911259.151][SEVERE]: Timed out receiving message from renderer: 0.100
[1587911259.255][SEVERE]: Timed out receiving message from renderer: 0.100
[1587911259.363][SEVERE]: Timed out receiving message from renderer: 0.100
[1587911259.468][SEVERE]: Timed out receiving message from renderer: 0.100
[1587911259.592][SEVERE]: Timed out receiving message from renderer: 0.100
[1587911259.699][SEVERE]: Timed out receiving message from renderer: 0.100
[1587911259.805][SEVERE]: Timed out receiving message from renderer: 0.100
[1587911259.913][SEVERE]: Timed out receiving message from renderer: 0.100
[1587911260.017][SEVERE]: Timed out receiving message from renderer: 0.100
[1587911260.125][SEVERE]: Timed out receiving message from renderer: 0.100
[1587911260.231][SEVERE]: Timed out receiving message from renderer: 0.100
[1587911260.342][SEVERE]: Timed out receiving message from renderer: 0.100
[1587911260.458][SEVERE]: Timed out receiving message from renderer: 0.100
[1587911260.565][SEVERE]: Timed out receiving message from renderer: 0.100
[1587911260.672][SEVERE]: Timed out receiving message from renderer: 0.100
[1587911260.780][SEVERE]: Timed out receiving message from renderer: 0.100
[1587911260.889][SEVERE]: Timed out receiving message from renderer: 0.100
[1587911260.993][SEVERE]: Timed out receiving message from renderer: 0.100
[1587911261.098][SEVERE]: Timed out receiving message from renderer: 0.100
[1587911261.229][SEVERE]: Timed out receiving message from renderer: 0.100
[1587911261.336][SEVERE]: Timed out receiving message from renderer: 0.100
[1587911261.442][SEVERE]: Timed out receiving message from renderer: 0.100
[1587911261.548][SEVERE]: Timed out receiving message from renderer: 0.100
[1587911261.654][SEVERE]: Timed out receiving message from renderer: 0.100
[1587911261.760][SEVERE]: Timed out receiving message from renderer: 0.100
[1587911261.865][SEVERE]: Timed out receiving message from renderer: 0.100
[1587911261.970][SEVERE]: Timed out receiving message from renderer: 0.100
[1587911262.077][SEVERE]: Timed out receiving message from renderer: 0.100
[1587911262.184][SEVERE]: Timed out receiving message from renderer: 0.100
[1587911262.295][SEVERE]: Timed out receiving message from renderer: 0.100
[1587911262.401][SEVERE]: Timed out receiving message from renderer: 0.100
[1587911262.507][SEVERE]: Timed out receiving message from renderer: 0.100
[1587911262.615][SEVERE]: Timed out receiving message from renderer: 0.100
[1587911262.722][SEVERE]: Timed out receiving message from renderer: 0.100
[1587911262.827][SEVERE]: Timed out receiving message from renderer: 0.100
[1587911262.929][SEVERE]: Timed out receiving message from renderer: 0.100
[1587911263.035][SEVERE]: Timed out receiving message from renderer: 0.100
[1587911263.144][SEVERE]: Timed out receiving message from renderer: 0.100
[1587911263.249][SEVERE]: Timed out receiving message from renderer: 0.100
[1587911263.354][SEVERE]: Timed out receiving message from renderer: 0.100
[1587911263.461][SEVERE]: Timed out receiving message from renderer: 0.100
[1587911263.567][SEVERE]: Timed out receiving message from renderer: 0.100
[1587911263.675][SEVERE]: Timed out receiving message from renderer: 0.100
[1587911263.779][SEVERE]: Timed out receiving message from renderer: 0.100
[1587911263.885][SEVERE]: Timed out receiving message from renderer: 0.100
[1587911263.990][SEVERE]: Timed out receiving message from renderer: 0.100
[1587911264.096][SEVERE]: Timed out receiving message from renderer: 0.100
[1587911264.204][SEVERE]: Timed out receiving message from renderer: 0.100
[1587911264.310][SEVERE]: Timed out receiving message from renderer: 0.100
[1587911264.414][SEVERE]: Timed out receiving message from renderer: 0.100
[1587911264.519][SEVERE]: Timed out receiving message from renderer: 0.100
[1587911264.622][SEVERE]: Timed out receiving message from renderer: 0.100
[1587911264.726][SEVERE]: Timed out receiving message from renderer: 0.100
[1587911264.834][SEVERE]: Timed out receiving message from renderer: 0.100
[1587911264.938][SEVERE]: Timed out receiving message from renderer: 0.100
[1587911265.043][SEVERE]: Timed out receiving message from renderer: 0.100
[1587911265.148][SEVERE]: Timed out receiving message from renderer: 0.100
[1587911265.254][SEVERE]: Timed out receiving message from renderer: 0.100
[1587911265.360][SEVERE]: Timed out receiving message from renderer: 0.100
[1587911265.465][SEVERE]: Timed out receiving message from renderer: 0.100
[1587911265.569][SEVERE]: Timed out receiving message from renderer: 0.100
[1587911265.675][SEVERE]: Timed out receiving message from renderer: 0.100
[1587911265.780][SEVERE]: Timed out receiving message from renderer: 0.100
[1587911265.885][SEVERE]: Timed out receiving message from renderer: 0.100
[1587911265.994][SEVERE]: Timed out receiving message from renderer: 0.100
[1587911266.100][SEVERE]: Timed out receiving message from renderer: 0.100
[1587911266.208][SEVERE]: Timed out receiving message from renderer: 0.100
[1587911266.312][SEVERE]: Timed out receiving message from renderer: 0.100
[1587911266.417][SEVERE]: Timed out receiving message from renderer: 0.100
[1587911266.525][SEVERE]: Timed out receiving message from renderer: 0.100
[1587911266.630][SEVERE]: Timed out receiving message from renderer: 0.100
[1587911266.738][SEVERE]: Timed out receiving message from renderer: 0.100
[1587911266.845][SEVERE]: Timed out receiving message from renderer: 0.100
[1587911266.950][SEVERE]: Timed out receiving message from renderer: 0.100
[1587911267.053][SEVERE]: Timed out receiving message from renderer: 0.100
[1587911267.157][SEVERE]: Timed out receiving message from renderer: 0.100
[1587911267.259][SEVERE]: Timed out receiving message from renderer: 0.100
[1587911267.366][SEVERE]: Timed out receiving message from renderer: 0.100
[1587911267.472][SEVERE]: Timed out receiving message from renderer: 0.100
[1587911267.578][SEVERE]: Timed out receiving message from renderer: 0.100
[1587911267.684][SEVERE]: Timed out receiving message from renderer: 0.100
[1587911267.791][SEVERE]: Timed out receiving message from renderer: 0.100
[1587911267.896][SEVERE]: Timed out receiving message from renderer: 0.100
[1587911268.004][SEVERE]: Timed out receiving message from renderer: 0.100
[1587911268.110][SEVERE]: Timed out receiving message from renderer: 0.100
[1587911268.216][SEVERE]: Timed out receiving message from renderer: 0.100
[1587911268.321][SEVERE]: Timed out receiving message from renderer: 0.100
[1587911268.426][SEVERE]: Timed out receiving message from renderer: 0.100
[1587911268.534][SEVERE]: Timed out receiving message from renderer: 0.100
[1587911268.641][SEVERE]: Timed out receiving message from renderer: 0.100
[1587911268.745][SEVERE]: Timed out receiving message from renderer: 0.100
[1587911268.849][SEVERE]: Timed out receiving message from renderer: 0.100
[1587911268.959][SEVERE]: Timed out receiving message from renderer: 0.100
[1587911269.068][SEVERE]: Timed out receiving message from renderer: 0.100
[1587911269.170][SEVERE]: Timed out receiving message from renderer: 0.100
[1587911269.274][SEVERE]: Timed out receiving message from renderer: 0.100
[1587911269.379][SEVERE]: Timed out receiving message from renderer: 0.100
[1587911269.484][SEVERE]: Timed out receiving message from renderer: 0.100
[1587911269.592][SEVERE]: Timed out receiving message from renderer: 0.100
[1587911269.696][SEVERE]: Timed out receiving message from renderer: 0.100
[1587911269.802][SEVERE]: Timed out receiving message from renderer: 0.100
[1587911269.955][SEVERE]: Timed out receiving message from renderer: 0.100
[1587911270.064][SEVERE]: Timed out receiving message from renderer: 0.100
[1587911270.173][SEVERE]: Timed out receiving message from renderer: 0.100
[1587911270.278][SEVERE]: Timed out receiving message from renderer: 0.100
[1587911270.383][SEVERE]: Timed out receiving message from renderer: 0.100
[1587911270.489][SEVERE]: Timed out receiving message from renderer: 0.100
[1587911270.594][SEVERE]: Timed out receiving message from renderer: 0.100
[1587911270.698][SEVERE]: Timed out receiving message from renderer: 0.100
[1587911270.803][SEVERE]: Timed out receiving message from renderer: 0.100
[1587911270.906][SEVERE]: Timed out receiving message from renderer: 0.100
[1587911271.017][SEVERE]: Timed out receiving message from renderer: 0.100
[1587911271.122][SEVERE]: Timed out receiving message from renderer: 0.100
[1587911271.227][SEVERE]: Timed out receiving message from renderer: 0.100
[1587911271.334][SEVERE]: Timed out receiving message from renderer: 0.100
[1587911271.438][SEVERE]: Timed out receiving message from renderer: 0.100
[1587911271.542][SEVERE]: Timed out receiving message from renderer: 0.100
[1587911271.646][SEVERE]: Timed out receiving message from renderer: 0.100
[1587911271.754][SEVERE]: Timed out receiving message from renderer: 0.100
[1587911271.859][SEVERE]: Timed out receiving message from renderer: 0.100
[1587911271.963][SEVERE]: Timed out receiving message from renderer: 0.100
[1587911272.070][SEVERE]: Timed out receiving message from renderer: 0.100
[1587911272.177][SEVERE]: Timed out receiving message from renderer: 0.100
[1587911272.293][SEVERE]: Timed out receiving message from renderer: 0.100
[1587911272.396][SEVERE]: Timed out receiving message from renderer: 0.100
[1587911272.498][SEVERE]: Timed out receiving message from renderer: 0.100
[1587911272.605][SEVERE]: Timed out receiving message from renderer: 0.100
[1587911272.710][SEVERE]: Timed out receiving message from renderer: 0.100
[1587911272.814][SEVERE]: Timed out receiving message from renderer: 0.100
[1587911272.920][SEVERE]: Timed out receiving message from renderer: 0.100
[1587911273.026][SEVERE]: Timed out receiving message from renderer: 0.100
[1587911273.130][SEVERE]: Timed out receiving message from renderer: 0.100
[1587911273.235][SEVERE]: Timed out receiving message from renderer: 0.100
[1587911273.342][SEVERE]: Timed out receiving message from renderer: 0.100
[1587911273.447][SEVERE]: Timed out receiving message from renderer: 0.100
[1587911273.553][SEVERE]: Timed out receiving message from renderer: 0.100
[1587911273.658][SEVERE]: Timed out receiving message from renderer: 0.100
[1587911273.765][SEVERE]: Timed out receiving message from renderer: 0.100
[1587911273.870][SEVERE]: Timed out receiving message from renderer: 0.100
[1587911273.978][SEVERE]: Timed out receiving message from renderer: 0.100
[1587911274.085][SEVERE]: Timed out receiving message from renderer: 0.100
[1587911274.192][SEVERE]: Timed out receiving message from renderer: 0.100
[1587911274.297][SEVERE]: Timed out receiving message from renderer: 0.100
[1587911274.402][SEVERE]: Timed out receiving message from renderer: 0.100
[1587911274.506][SEVERE]: Timed out receiving message from renderer: 0.100
[1587911274.610][SEVERE]: Timed out receiving message from renderer: 0.100
[1587911274.714][SEVERE]: Timed out receiving message from renderer: 0.100
[1587911274.818][SEVERE]: Timed out receiving message from renderer: 0.100
[1587911274.925][SEVERE]: Timed out receiving message from renderer: 0.100
[1587911275.030][SEVERE]: Timed out receiving message from renderer: 0.100
[1587911275.145][SEVERE]: Timed out receiving message from renderer: 0.100
[1587911275.251][SEVERE]: Timed out receiving message from renderer: 0.100
[1587911275.357][SEVERE]: Timed out receiving message from renderer: 0.100
[1587911275.463][SEVERE]: Timed out receiving message from renderer: 0.100
[1587911275.574][SEVERE]: Timed out receiving message from renderer: 0.100
[1587911275.679][SEVERE]: Timed out receiving message from renderer: 0.100
[1587911275.785][SEVERE]: Timed out receiving message from renderer: 0.100
[1587911275.894][SEVERE]: Timed out receiving message from renderer: 0.100
[1587911276.000][SEVERE]: Timed out receiving message from renderer: 0.100
[1587911276.106][SEVERE]: Timed out receiving message from renderer: 0.100
[1587911276.212][SEVERE]: Timed out receiving message from renderer: 0.100
[1587911276.319][SEVERE]: Timed out receiving message from renderer: 0.100
[1587911276.424][SEVERE]: Timed out receiving message from renderer: 0.100
[1587911276.529][SEVERE]: Timed out receiving message from renderer: 0.100
[1587911276.644][SEVERE]: Timed out receiving message from renderer: 0.100
[1587911276.750][SEVERE]: Timed out receiving message from renderer: 0.100
[1587911276.856][SEVERE]: Timed out receiving message from renderer: 0.100
[1587911276.959][SEVERE]: Timed out receiving message from renderer: 0.100
[1587911277.066][SEVERE]: Timed out receiving message from renderer: 0.100
[1587911277.168][SEVERE]: Timed out receiving message from renderer: 0.100
[1587911277.272][SEVERE]: Timed out receiving message from renderer: 0.100
[1587911277.373][SEVERE]: Timed out receiving message from renderer: 0.100
[1587911277.478][SEVERE]: Timed out receiving message from renderer: 0.100
[1587911277.583][SEVERE]: Timed out receiving message from renderer: 0.100
[1587911277.690][SEVERE]: Timed out receiving message from renderer: 0.100
[1587911277.798][SEVERE]: Timed out receiving message from renderer: 0.100
[1587911277.904][SEVERE]: Timed out receiving message from renderer: 0.100
[1587911278.010][SEVERE]: Timed out receiving message from renderer: 0.100
[1587911278.116][SEVERE]: Timed out receiving message from renderer: 0.100
[1587911278.222][SEVERE]: Timed out receiving message from renderer: 0.100
[1587911278.329][SEVERE]: Timed out receiving message from renderer: 0.100
[1587911278.435][SEVERE]: Timed out receiving message from renderer: 0.100
[1587911278.544][SEVERE]: Timed out receiving message from renderer: 0.100
[1587911278.649][SEVERE]: Timed out receiving message from renderer: 0.100
[1587911278.755][SEVERE]: Timed out receiving message from renderer: 0.100
[1587911278.859][SEVERE]: Timed out receiving message from renderer: 0.100
[1587911278.966][SEVERE]: Timed out receiving message from renderer: 0.100
[1587911279.082][SEVERE]: Timed out receiving message from renderer: 0.100
[1587911279.186][SEVERE]: Timed out receiving message from renderer: 0.100
[1587911279.290][SEVERE]: Timed out receiving message from renderer: 0.100
[1587911279.396][SEVERE]: Timed out receiving message from renderer: 0.100
[1587911279.500][SEVERE]: Timed out receiving message from renderer: 0.100
[1587911279.606][SEVERE]: Timed out receiving message from renderer: 0.100
[1587911279.714][SEVERE]: Timed out receiving message from renderer: 0.100
[1587911279.819][SEVERE]: Timed out receiving message from renderer: 0.100
[1587911279.923][SEVERE]: Timed out receiving message from renderer: 0.100
[1587911280.030][SEVERE]: Timed out receiving message from renderer: 0.100
[1587911280.138][SEVERE]: Timed out receiving message from renderer: 0.100
[1587911280.241][SEVERE]: Timed out receiving message from renderer: 0.100
[1587911280.346][SEVERE]: Timed out receiving message from renderer: 0.100
[1587911280.450][SEVERE]: Timed out receiving message from renderer: 0.100
[1587911280.554][SEVERE]: Timed out receiving message from renderer: 0.100
[1587911280.661][SEVERE]: Timed out receiving message from renderer: 0.100
[1587911280.766][SEVERE]: Timed out receiving message from renderer: 0.100
[1587911280.870][SEVERE]: Timed out receiving message from renderer: 0.100
[1587911280.975][SEVERE]: Timed out receiving message from renderer: 0.100
[1587911281.079][SEVERE]: Timed out receiving message from renderer: 0.100
[1587911281.185][SEVERE]: Timed out receiving message from renderer: 0.100
[1587911281.290][SEVERE]: Timed out receiving message from renderer: 0.100
[1587911281.394][SEVERE]: Timed out receiving message from renderer: 0.100
[1587911281.499][SEVERE]: Timed out receiving message from renderer: 0.100
[1587911281.605][SEVERE]: Timed out receiving message from renderer: 0.100
[1587911281.713][SEVERE]: Timed out receiving message from renderer: 0.100
[1587911281.818][SEVERE]: Timed out receiving message from renderer: 0.100
[1587911281.923][SEVERE]: Timed out receiving message from renderer: 0.100
[1587911282.029][SEVERE]: Timed out receiving message from renderer: 0.100
[1587911282.135][SEVERE]: Timed out receiving message from renderer: 0.100
[1587911282.239][SEVERE]: Timed out receiving message from renderer: 0.100
[1587911282.346][SEVERE]: Timed out receiving message from renderer: 0.100
[1587911282.454][SEVERE]: Timed out receiving message from renderer: 0.100
[1587911282.558][SEVERE]: Timed out receiving message from renderer: 0.100
[1587911282.662][SEVERE]: Timed out receiving message from renderer: 0.100
[1587911282.769][SEVERE]: Timed out receiving message from renderer: 0.100
[1587911282.874][SEVERE]: Timed out receiving message from renderer: 0.100
[1587911282.978][SEVERE]: Timed out receiving message from renderer: 0.100
[1587911283.084][SEVERE]: Timed out receiving message from renderer: 0.100
[1587911283.189][SEVERE]: Timed out receiving message from renderer: 0.100
[1587911283.294][SEVERE]: Timed out receiving message from renderer: 0.100
[1587911283.399][SEVERE]: Timed out receiving message from renderer: 0.100
[1587911283.510][SEVERE]: Timed out receiving message from renderer: 0.100
[1587911283.618][SEVERE]: Timed out receiving message from renderer: 0.100
[1587911283.723][SEVERE]: Timed out receiving message from renderer: 0.100
[1587911283.831][SEVERE]: Timed out receiving message from renderer: 0.100
[1587911283.934][SEVERE]: Timed out receiving message from renderer: 0.100
[1587911284.037][SEVERE]: Timed out receiving message from renderer: 0.100
[1587911284.145][SEVERE]: Timed out receiving message from renderer: 0.100
[1587911284.264][SEVERE]: Timed out receiving message from renderer: 0.100
[1587911284.396][SEVERE]: Timed out receiving message from renderer: 0.100
[1587911284.504][SEVERE]: Timed out receiving message from renderer: 0.100
[1587911284.654][SEVERE]: Timed out receiving message from renderer: 0.100
[1587911284.759][SEVERE]: Timed out receiving message from renderer: 0.100
[1587911284.864][SEVERE]: Timed out receiving message from renderer: 0.100
[1587911284.969][SEVERE]: Timed out receiving message from renderer: 0.100
[1587911285.079][SEVERE]: Timed out receiving message from renderer: 0.100
[1587911285.184][SEVERE]: Timed out receiving message from renderer: 0.100
[1587911285.292][SEVERE]: Timed out receiving message from renderer: 0.100
[1587911285.397][SEVERE]: Timed out receiving message from renderer: 0.100
[1587911285.501][SEVERE]: Timed out receiving message from renderer: 0.100
[1587911285.616][SEVERE]: Timed out receiving message from renderer: 0.100
[1587911285.721][SEVERE]: Timed out receiving message from renderer: 0.100
[1587911285.824][SEVERE]: Timed out receiving message from renderer: 0.100
[1587911285.930][SEVERE]: Timed out receiving message from renderer: 0.100
[1587911286.034][SEVERE]: Timed out receiving message from renderer: 0.100
[1587911286.143][SEVERE]: Timed out receiving message from renderer: 0.100
[1587911286.247][SEVERE]: Timed out receiving message from renderer: 0.100
[1587911286.356][SEVERE]: Timed out receiving message from renderer: 0.100
[1587911286.460][SEVERE]: Timed out receiving message from renderer: 0.100
[1587911286.566][SEVERE]: Timed out receiving message from renderer: 0.100
[1587911286.670][SEVERE]: Timed out receiving message from renderer: 0.100
[1587911286.774][SEVERE]: Timed out receiving message from renderer: 0.100
[1587911286.879][SEVERE]: Timed out receiving message from renderer: 0.100
[1587911286.983][SEVERE]: Timed out receiving message from renderer: 0.100
[1587911287.087][SEVERE]: Timed out receiving message from renderer: 0.100
[1587911287.195][SEVERE]: Timed out receiving message from renderer: 0.100
[1587911287.304][SEVERE]: Timed out receiving message from renderer: 0.100
[1587911287.413][SEVERE]: Timed out receiving message from renderer: 0.100
[1587911287.520][SEVERE]: Timed out receiving message from renderer: 0.100
[1587911287.626][SEVERE]: Timed out receiving message from renderer: 0.100
[1587911287.730][SEVERE]: Timed out receiving message from renderer: 0.100
[1587911287.835][SEVERE]: Timed out receiving message from renderer: 0.100
[1587911287.941][SEVERE]: Timed out receiving message from renderer: 0.100
[1587911288.045][SEVERE]: Timed out receiving message from renderer: 0.100
[1587911288.150][SEVERE]: Timed out receiving message from renderer: 0.100
[1587911288.258][SEVERE]: Timed out receiving message from renderer: 0.100
[1587911288.364][SEVERE]: Timed out receiving message from renderer: 0.100
[1587911288.467][SEVERE]: Timed out receiving message from renderer: 0.100
[1587911288.574][SEVERE]: Timed out receiving message from renderer: 0.100
[1587911288.679][SEVERE]: Timed out receiving message from renderer: 0.100
[1587911288.784][SEVERE]: Timed out receiving message from renderer: 0.100
[1587911288.889][SEVERE]: Timed out receiving message from renderer: 0.100
[1587911288.994][SEVERE]: Timed out receiving message from renderer: 0.100
[1587911289.099][SEVERE]: Timed out receiving message from renderer: 0.100
[1587911289.206][SEVERE]: Timed out receiving message from renderer: 0.100
[1587911289.310][SEVERE]: Timed out receiving message from renderer: 0.100
[1587911289.414][SEVERE]: Timed out receiving message from renderer: 0.100
[1587911289.519][SEVERE]: Timed out receiving message from renderer: 0.100
[1587911289.624][SEVERE]: Timed out receiving message from renderer: 0.100
[1587911289.731][SEVERE]: Timed out receiving message from renderer: 0.100
[1587911289.853][SEVERE]: Timed out receiving message from renderer: 0.100
[1587911289.957][SEVERE]: Timed out receiving message from renderer: 0.100
[1587911290.061][SEVERE]: Timed out receiving message from renderer: 0.100
[1587911290.167][SEVERE]: Timed out receiving message from renderer: 0.100
[1587911290.273][SEVERE]: Timed out receiving message from renderer: 0.100
[1587911290.378][SEVERE]: Timed out receiving message from renderer: 0.100
[1587911290.487][SEVERE]: Timed out receiving message from renderer: 0.100
[1587911290.594][SEVERE]: Timed out receiving message from renderer: 0.100
[1587911290.699][SEVERE]: Timed out receiving message from renderer: 0.100
[1587911290.806][SEVERE]: Timed out receiving message from renderer: 0.100
[1587911290.916][SEVERE]: Timed out receiving message from renderer: 0.100
[1587911291.023][SEVERE]: Timed out receiving message from renderer: 0.100
[1587911291.127][SEVERE]: Timed out receiving message from renderer: 0.100
[1587911291.232][SEVERE]: Timed out receiving message from renderer: 0.100
[1587911291.338][SEVERE]: Timed out receiving message from renderer: 0.100
[1587911291.445][SEVERE]: Timed out receiving message from renderer: 0.100
[1587911291.550][SEVERE]: Timed out receiving message from renderer: 0.100
[1587911291.655][SEVERE]: Timed out receiving message from renderer: 0.100
[1587911291.759][SEVERE]: Timed out receiving message from renderer: 0.100
[1587911291.869][SEVERE]: Timed out receiving message from renderer: 0.100
[1587911291.975][SEVERE]: Timed out receiving message from renderer: 0.100
[1587911292.080][SEVERE]: Timed out receiving message from renderer: 0.100
[1587911292.184][SEVERE]: Timed out receiving message from renderer: 0.100
[1587911292.294][SEVERE]: Timed out receiving message from renderer: 0.100
[1587911292.399][SEVERE]: Timed out receiving message from renderer: 0.100
[1587911292.505][SEVERE]: Timed out receiving message from renderer: 0.100
[1587911292.610][SEVERE]: Timed out receiving message from renderer: 0.100
[1587911292.714][SEVERE]: Timed out receiving message from renderer: 0.100
[1587911292.822][SEVERE]: Timed out receiving message from renderer: 0.100
[1587911292.928][SEVERE]: Timed out receiving message from renderer: 0.100
[1587911294.194][SEVERE]: Timed out receiving message from renderer: 0.100
[1587911294.297][SEVERE]: Timed out receiving message from renderer: 0.100
[1587911294.402][SEVERE]: Timed out receiving message from renderer: 0.100
[1587911294.509][SEVERE]: Timed out receiving message from renderer: 0.100
[1587911294.614][SEVERE]: Timed out receiving message from renderer: 0.100
[1587911294.720][SEVERE]: Timed out receiving message from renderer: 0.100
[1587911294.846][SEVERE]: Timed out receiving message from renderer: 0.100
[1587911294.955][SEVERE]: Timed out receiving message from renderer: 0.100
[1587911295.065][SEVERE]: Timed out receiving message from renderer: 0.100
[1587911295.171][SEVERE]: Timed out receiving message from renderer: 0.100
[1587911295.275][SEVERE]: Timed out receiving message from renderer: 0.100
[1587911295.380][SEVERE]: Timed out receiving message from renderer: 0.100
[1587911295.484][SEVERE]: Timed out receiving message from renderer: 0.100
[1587911295.588][SEVERE]: Timed out receiving message from renderer: 0.100
[1587911295.785][SEVERE]: Timed out receiving message from renderer: 0.100
[1587911295.967][SEVERE]: Timed out receiving message from renderer: 0.100
[1587911296.070][SEVERE]: Timed out receiving message from renderer: 0.100
[1587911296.175][SEVERE]: Timed out receiving message from renderer: 0.100
[1587911296.308][SEVERE]: Timed out receiving message from renderer: 0.100
[1587911296.420][SEVERE]: Timed out receiving message from renderer: 0.100
[1587911296.546][SEVERE]: Timed out receiving message from renderer: 0.100
[1587911297.091][SEVERE]: Timed out receiving message from renderer: 0.100
[1587911297.382][SEVERE]: Timed out receiving message from renderer: 0.100
[1587911297.487][SEVERE]: Timed out receiving message from renderer: 0.100
[1587911297.595][SEVERE]: Timed out receiving message from renderer: 0.100
[1587911297.705][SEVERE]: Timed out receiving message from renderer: 0.100
[1587911297.822][SEVERE]: Timed out receiving message from renderer: 0.100
[1587911297.938][SEVERE]: Timed out receiving message from renderer: 0.100
[1587911298.063][SEVERE]: Timed out receiving message from renderer: 0.100
]]></system-err>
</testsuite>
