<?xml version="1.0" encoding="UTF-8"?>
<testsuite name="com.qa.trello.tests.tests.TeamChangeTests" tests="1" skipped="0" failures="0" errors="0" timestamp="2020-05-03T11:37:07" hostname="DESKTOP-NPA4CH3" time="2.604">
  <properties/>
  <testcase name="changeTeamTests" classname="com.qa.trello.tests.tests.TeamChangeTests" time="2.604"/>
  <system-out><![CDATA[]]></system-out>
  <system-err><![CDATA[]]></system-err>
</testsuite>
