<?xml version="1.0" encoding="UTF-8"?>
<testsuite name="com.qa.trello.tests.TeamCreationTests" tests="1" skipped="0" failures="0" errors="0" timestamp="2020-04-22T21:43:57" hostname="DESKTOP-NPA4CH3" time="40.064">
  <properties/>
  <testcase name="testTeamCreation" classname="com.qa.trello.tests.TeamCreationTests" time="40.064"/>
  <system-out><![CDATA[]]></system-out>
  <system-err><![CDATA[Starting ChromeDriver 81.0.4044.69 (6813546031a4bc83f717a2ef7cd4ac6ec1199132-refs/branch-heads/4044@{#776}) on port 46361
Only local connections are allowed.
Please protect ports used by ChromeDriver and related test frameworks to prevent access by malicious code.
апр 23, 2020 12:43:49 AM org.openqa.selenium.remote.ProtocolHandshake createSession
INFO: Detected dialect: W3C
[1587591832.421][SEVERE]: Timed out receiving message from renderer: 0.100
[1587591832.523][SEVERE]: Timed out receiving message from renderer: 0.100
[1587591832.636][SEVERE]: Timed out receiving message from renderer: 0.100
[1587591832.738][SEVERE]: Timed out receiving message from renderer: 0.100
[1587591832.840][SEVERE]: Timed out receiving message from renderer: 0.100
[1587591833.546][SEVERE]: Timed out receiving message from renderer: 0.100
[1587591833.765][SEVERE]: Timed out receiving message from renderer: 0.100
[1587591833.938][SEVERE]: Timed out receiving message from renderer: 0.100
[1587591834.136][SEVERE]: Timed out receiving message from renderer: 0.100
[1587591834.253][SEVERE]: Timed out receiving message from renderer: 0.100
[1587591834.421][SEVERE]: Timed out receiving message from renderer: 0.100
[1587591834.526][SEVERE]: Timed out receiving message from renderer: 0.100
[1587591834.627][SEVERE]: Timed out receiving message from renderer: 0.100
[1587591834.730][SEVERE]: Timed out receiving message from renderer: 0.100
[1587591834.832][SEVERE]: Timed out receiving message from renderer: 0.100
[1587591835.186][SEVERE]: Timed out receiving message from renderer: 0.100
[1587591835.287][SEVERE]: Timed out receiving message from renderer: 0.100
[1587591835.389][SEVERE]: Timed out receiving message from renderer: 0.100
[1587591835.493][SEVERE]: Timed out receiving message from renderer: 0.100
[1587591835.594][SEVERE]: Timed out receiving message from renderer: 0.100
[1587591835.696][SEVERE]: Timed out receiving message from renderer: 0.100
[1587591835.798][SEVERE]: Timed out receiving message from renderer: 0.100
[1587591835.900][SEVERE]: Timed out receiving message from renderer: 0.100
[1587591836.001][SEVERE]: Timed out receiving message from renderer: 0.100
[1587591836.103][SEVERE]: Timed out receiving message from renderer: 0.100
[1587591836.204][SEVERE]: Timed out receiving message from renderer: 0.100
[1587591836.307][SEVERE]: Timed out receiving message from renderer: 0.100
[1587591836.409][SEVERE]: Timed out receiving message from renderer: 0.100
[1587591836.511][SEVERE]: Timed out receiving message from renderer: 0.100
[1587591836.672][SEVERE]: Timed out receiving message from renderer: 0.100
[1587591836.776][SEVERE]: Timed out receiving message from renderer: 0.100
[1587591836.878][SEVERE]: Timed out receiving message from renderer: 0.100
[1587591836.982][SEVERE]: Timed out receiving message from renderer: 0.100
[1587591837.112][SEVERE]: Timed out receiving message from renderer: 0.100
[1587591837.214][SEVERE]: Timed out receiving message from renderer: 0.100
[1587591837.315][SEVERE]: Timed out receiving message from renderer: 0.100
[1587591845.920][SEVERE]: Timed out receiving message from renderer: 0.100
[1587591846.022][SEVERE]: Timed out receiving message from renderer: 0.100
[1587591846.126][SEVERE]: Timed out receiving message from renderer: 0.100
[1587591846.231][SEVERE]: Timed out receiving message from renderer: 0.100
[1587591846.340][SEVERE]: Timed out receiving message from renderer: 0.100
[1587591846.444][SEVERE]: Timed out receiving message from renderer: 0.100
[1587591846.546][SEVERE]: Timed out receiving message from renderer: 0.100
[1587591846.658][SEVERE]: Timed out receiving message from renderer: 0.100
[1587591846.760][SEVERE]: Timed out receiving message from renderer: 0.100
[1587591846.865][SEVERE]: Timed out receiving message from renderer: 0.100
[1587591846.969][SEVERE]: Timed out receiving message from renderer: 0.100
[1587591847.179][SEVERE]: Timed out receiving message from renderer: 0.100
[1587591847.491][SEVERE]: Timed out receiving message from renderer: 0.100
[1587591847.593][SEVERE]: Timed out receiving message from renderer: 0.100
[1587591847.694][SEVERE]: Timed out receiving message from renderer: 0.100
[1587591847.798][SEVERE]: Timed out receiving message from renderer: 0.100
[1587591848.039][SEVERE]: Timed out receiving message from renderer: 0.100
[1587591848.141][SEVERE]: Timed out receiving message from renderer: 0.100
[1587591848.751][SEVERE]: Timed out receiving message from renderer: 0.100
[1587591849.076][SEVERE]: Timed out receiving message from renderer: 0.100
[1587591849.189][SEVERE]: Timed out receiving message from renderer: 0.100
[1587591849.303][SEVERE]: Timed out receiving message from renderer: 0.100
[1587591849.434][SEVERE]: Timed out receiving message from renderer: 0.100
[1587591849.541][SEVERE]: Timed out receiving message from renderer: 0.100
[1587591849.656][SEVERE]: Timed out receiving message from renderer: 0.100
[1587591865.521][SEVERE]: Timed out receiving message from renderer: 0.100
[1587591865.623][SEVERE]: Timed out receiving message from renderer: 0.100
[1587591865.725][SEVERE]: Timed out receiving message from renderer: 0.100
[1587591865.827][SEVERE]: Timed out receiving message from renderer: 0.100
[1587591865.929][SEVERE]: Timed out receiving message from renderer: 0.100
[1587591866.031][SEVERE]: Timed out receiving message from renderer: 0.100
[1587591866.134][SEVERE]: Timed out receiving message from renderer: 0.100
[1587591866.235][SEVERE]: Timed out receiving message from renderer: 0.100
[1587591866.337][SEVERE]: Timed out receiving message from renderer: 0.100
[1587591866.439][SEVERE]: Timed out receiving message from renderer: 0.100
[1587591866.610][SEVERE]: Timed out receiving message from renderer: 0.100
[1587591866.712][SEVERE]: Timed out receiving message from renderer: 0.100
[1587591866.814][SEVERE]: Timed out receiving message from renderer: 0.100
[1587591866.916][SEVERE]: Timed out receiving message from renderer: 0.100
[1587591867.018][SEVERE]: Timed out receiving message from renderer: 0.100
[1587591867.120][SEVERE]: Timed out receiving message from renderer: 0.100
[1587591867.222][SEVERE]: Timed out receiving message from renderer: 0.100
[1587591867.324][SEVERE]: Timed out receiving message from renderer: 0.100
[1587591867.426][SEVERE]: Timed out receiving message from renderer: 0.100
[1587591867.528][SEVERE]: Timed out receiving message from renderer: 0.100
[1587591867.630][SEVERE]: Timed out receiving message from renderer: 0.100
[1587591867.732][SEVERE]: Timed out receiving message from renderer: 0.100
[1587591867.833][SEVERE]: Timed out receiving message from renderer: 0.100
[1587591867.935][SEVERE]: Timed out receiving message from renderer: 0.100
[1587591868.039][SEVERE]: Timed out receiving message from renderer: 0.100
[1587591868.142][SEVERE]: Timed out receiving message from renderer: 0.100
[1587591868.244][SEVERE]: Timed out receiving message from renderer: 0.100
[1587591868.348][SEVERE]: Timed out receiving message from renderer: 0.100
[1587591868.450][SEVERE]: Timed out receiving message from renderer: 0.100
[1587591868.552][SEVERE]: Timed out receiving message from renderer: 0.100
[1587591868.654][SEVERE]: Timed out receiving message from renderer: 0.100
[1587591868.755][SEVERE]: Timed out receiving message from renderer: 0.100
[1587591868.857][SEVERE]: Timed out receiving message from renderer: 0.100
[1587591868.958][SEVERE]: Timed out receiving message from renderer: 0.100
[1587591869.060][SEVERE]: Timed out receiving message from renderer: 0.100
[1587591869.163][SEVERE]: Timed out receiving message from renderer: 0.100
[1587591869.266][SEVERE]: Timed out receiving message from renderer: 0.100
[1587591869.369][SEVERE]: Timed out receiving message from renderer: 0.100
[1587591869.472][SEVERE]: Timed out receiving message from renderer: 0.100
[1587591869.573][SEVERE]: Timed out receiving message from renderer: 0.100
[1587591869.675][SEVERE]: Timed out receiving message from renderer: 0.100
[1587591869.780][SEVERE]: Timed out receiving message from renderer: 0.100
[1587591869.881][SEVERE]: Timed out receiving message from renderer: 0.100
[1587591869.983][SEVERE]: Timed out receiving message from renderer: 0.100
[1587591870.084][SEVERE]: Timed out receiving message from renderer: 0.100
[1587591870.186][SEVERE]: Timed out receiving message from renderer: 0.100
]]></system-err>
</testsuite>
