<?xml version="1.0" encoding="UTF-8"?>
<testsuite name="com.qa.trello.tests.BoardCreationTests" tests="1" skipped="0" failures="0" errors="0" timestamp="2020-04-22T12:56:38" hostname="DESKTOP-NPA4CH3" time="49.28">
  <properties/>
  <testcase name="testBoardCreation" classname="com.qa.trello.tests.BoardCreationTests" time="49.28"/>
  <system-out><![CDATA[]]></system-out>
  <system-err><![CDATA[Starting ChromeDriver 81.0.4044.69 (6813546031a4bc83f717a2ef7cd4ac6ec1199132-refs/branch-heads/4044@{#776}) on port 24455
Only local connections are allowed.
Please protect ports used by ChromeDriver and related test frameworks to prevent access by malicious code.
апр 22, 2020 3:56:29 PM org.openqa.selenium.remote.ProtocolHandshake createSession
INFO: Detected dialect: W3C
[1587560192.893][SEVERE]: Timed out receiving message from renderer: 0.100
[1587560193.003][SEVERE]: Timed out receiving message from renderer: 0.100
[1587560193.111][SEVERE]: Timed out receiving message from renderer: 0.100
[1587560193.221][SEVERE]: Timed out receiving message from renderer: 0.100
[1587560193.329][SEVERE]: Timed out receiving message from renderer: 0.100
[1587560193.439][SEVERE]: Timed out receiving message from renderer: 0.100
[1587560193.564][SEVERE]: Timed out receiving message from renderer: 0.100
[1587560194.217][SEVERE]: Timed out receiving message from renderer: 0.100
[1587560194.406][SEVERE]: Timed out receiving message from renderer: 0.100
[1587560194.514][SEVERE]: Timed out receiving message from renderer: 0.100
[1587560194.628][SEVERE]: Timed out receiving message from renderer: 0.100
[1587560194.790][SEVERE]: Timed out receiving message from renderer: 0.100
[1587560194.967][SEVERE]: Timed out receiving message from renderer: 0.100
[1587560195.070][SEVERE]: Timed out receiving message from renderer: 0.100
[1587560195.174][SEVERE]: Timed out receiving message from renderer: 0.100
[1587560195.284][SEVERE]: Timed out receiving message from renderer: 0.100
[1587560195.390][SEVERE]: Timed out receiving message from renderer: 0.100
[1587560195.540][SEVERE]: Timed out receiving message from renderer: 0.100
[1587560195.652][SEVERE]: Timed out receiving message from renderer: 0.100
[1587560195.759][SEVERE]: Timed out receiving message from renderer: 0.100
[1587560195.863][SEVERE]: Timed out receiving message from renderer: 0.100
[1587560196.160][SEVERE]: Timed out receiving message from renderer: 0.100
[1587560196.264][SEVERE]: Timed out receiving message from renderer: 0.100
[1587560196.368][SEVERE]: Timed out receiving message from renderer: 0.100
[1587560196.484][SEVERE]: Timed out receiving message from renderer: 0.100
[1587560196.593][SEVERE]: Timed out receiving message from renderer: 0.100
[1587560196.696][SEVERE]: Timed out receiving message from renderer: 0.100
[1587560196.798][SEVERE]: Timed out receiving message from renderer: 0.100
[1587560196.903][SEVERE]: Timed out receiving message from renderer: 0.100
[1587560197.009][SEVERE]: Timed out receiving message from renderer: 0.100
[1587560197.219][SEVERE]: Timed out receiving message from renderer: 0.100
[1587560197.323][SEVERE]: Timed out receiving message from renderer: 0.100
[1587560197.425][SEVERE]: Timed out receiving message from renderer: 0.100
[1587560197.530][SEVERE]: Timed out receiving message from renderer: 0.100
[1587560197.632][SEVERE]: Timed out receiving message from renderer: 0.100
[1587560197.738][SEVERE]: Timed out receiving message from renderer: 0.100
[1587560197.841][SEVERE]: Timed out receiving message from renderer: 0.100
[1587560197.947][SEVERE]: Timed out receiving message from renderer: 0.100
[1587560198.049][SEVERE]: Timed out receiving message from renderer: 0.100
[1587560198.151][SEVERE]: Timed out receiving message from renderer: 0.100
[1587560198.254][SEVERE]: Timed out receiving message from renderer: 0.100
[1587560198.357][SEVERE]: Timed out receiving message from renderer: 0.100
[1587560207.512][SEVERE]: Timed out receiving message from renderer: 0.100
[1587560207.618][SEVERE]: Timed out receiving message from renderer: 0.100
[1587560207.730][SEVERE]: Timed out receiving message from renderer: 0.100
[1587560207.837][SEVERE]: Timed out receiving message from renderer: 0.100
[1587560207.944][SEVERE]: Timed out receiving message from renderer: 0.100
[1587560208.140][SEVERE]: Timed out receiving message from renderer: 0.100
[1587560208.246][SEVERE]: Timed out receiving message from renderer: 0.100
[1587560208.357][SEVERE]: Timed out receiving message from renderer: 0.100
[1587560208.467][SEVERE]: Timed out receiving message from renderer: 0.100
[1587560208.579][SEVERE]: Timed out receiving message from renderer: 0.100
[1587560208.690][SEVERE]: Timed out receiving message from renderer: 0.100
[1587560208.800][SEVERE]: Timed out receiving message from renderer: 0.100
[1587560208.910][SEVERE]: Timed out receiving message from renderer: 0.100
[1587560209.015][SEVERE]: Timed out receiving message from renderer: 0.100
[1587560209.128][SEVERE]: Timed out receiving message from renderer: 0.100
[1587560209.236][SEVERE]: Timed out receiving message from renderer: 0.100
[1587560209.343][SEVERE]: Timed out receiving message from renderer: 0.100
[1587560209.451][SEVERE]: Timed out receiving message from renderer: 0.100
[1587560209.590][SEVERE]: Timed out receiving message from renderer: 0.100
[1587560209.915][SEVERE]: Timed out receiving message from renderer: 0.100
[1587560210.027][SEVERE]: Timed out receiving message from renderer: 0.100
[1587560210.140][SEVERE]: Timed out receiving message from renderer: 0.100
[1587560210.684][SEVERE]: Timed out receiving message from renderer: 0.100
[1587560210.863][SEVERE]: Timed out receiving message from renderer: 0.100
[1587560211.169][SEVERE]: Timed out receiving message from renderer: 0.100
[1587560211.281][SEVERE]: Timed out receiving message from renderer: 0.100
[1587560211.384][SEVERE]: Timed out receiving message from renderer: 0.100
[1587560211.490][SEVERE]: Timed out receiving message from renderer: 0.100
[1587560211.600][SEVERE]: Timed out receiving message from renderer: 0.100
[1587560227.577][SEVERE]: Timed out receiving message from renderer: 0.100
[1587560227.685][SEVERE]: Timed out receiving message from renderer: 0.100
[1587560227.797][SEVERE]: Timed out receiving message from renderer: 0.100
[1587560227.906][SEVERE]: Timed out receiving message from renderer: 0.100
[1587560228.011][SEVERE]: Timed out receiving message from renderer: 0.100
[1587560228.120][SEVERE]: Timed out receiving message from renderer: 0.100
[1587560228.232][SEVERE]: Timed out receiving message from renderer: 0.100
[1587560228.343][SEVERE]: Timed out receiving message from renderer: 0.100
[1587560228.479][SEVERE]: Timed out receiving message from renderer: 0.100
[1587560228.587][SEVERE]: Timed out receiving message from renderer: 0.100
[1587560228.693][SEVERE]: Timed out receiving message from renderer: 0.100
[1587560228.805][SEVERE]: Timed out receiving message from renderer: 0.100
[1587560228.915][SEVERE]: Timed out receiving message from renderer: 0.100
[1587560229.027][SEVERE]: Timed out receiving message from renderer: 0.100
[1587560229.142][SEVERE]: Timed out receiving message from renderer: 0.100
[1587560229.250][SEVERE]: Timed out receiving message from renderer: 0.100
[1587560229.358][SEVERE]: Timed out receiving message from renderer: 0.100
[1587560229.475][SEVERE]: Timed out receiving message from renderer: 0.100
[1587560229.613][SEVERE]: Timed out receiving message from renderer: 0.100
[1587560229.723][SEVERE]: Timed out receiving message from renderer: 0.100
[1587560229.835][SEVERE]: Timed out receiving message from renderer: 0.100
[1587560229.948][SEVERE]: Timed out receiving message from renderer: 0.100
[1587560230.063][SEVERE]: Timed out receiving message from renderer: 0.100
[1587560230.177][SEVERE]: Timed out receiving message from renderer: 0.100
[1587560230.289][SEVERE]: Timed out receiving message from renderer: 0.100
[1587560230.409][SEVERE]: Timed out receiving message from renderer: 0.100
[1587560230.521][SEVERE]: Timed out receiving message from renderer: 0.100
[1587560230.629][SEVERE]: Timed out receiving message from renderer: 0.100
[1587560230.738][SEVERE]: Timed out receiving message from renderer: 0.100
[1587560230.849][SEVERE]: Timed out receiving message from renderer: 0.100
[1587560230.962][SEVERE]: Timed out receiving message from renderer: 0.100
[1587560231.074][SEVERE]: Timed out receiving message from renderer: 0.100
[1587560231.185][SEVERE]: Timed out receiving message from renderer: 0.100
[1587560231.294][SEVERE]: Timed out receiving message from renderer: 0.100
[1587560231.404][SEVERE]: Timed out receiving message from renderer: 0.100
[1587560231.511][SEVERE]: Timed out receiving message from renderer: 0.100
[1587560231.621][SEVERE]: Timed out receiving message from renderer: 0.100
[1587560231.737][SEVERE]: Timed out receiving message from renderer: 0.100
[1587560231.840][SEVERE]: Timed out receiving message from renderer: 0.100
[1587560231.944][SEVERE]: Timed out receiving message from renderer: 0.100
[1587560232.046][SEVERE]: Timed out receiving message from renderer: 0.100
[1587560232.150][SEVERE]: Timed out receiving message from renderer: 0.100
[1587560232.254][SEVERE]: Timed out receiving message from renderer: 0.100
[1587560232.359][SEVERE]: Timed out receiving message from renderer: 0.100
[1587560232.462][SEVERE]: Timed out receiving message from renderer: 0.100
[1587560232.567][SEVERE]: Timed out receiving message from renderer: 0.100
[1587560232.671][SEVERE]: Timed out receiving message from renderer: 0.100
[1587560232.778][SEVERE]: Timed out receiving message from renderer: 0.100
[1587560232.881][SEVERE]: Timed out receiving message from renderer: 0.100
[1587560232.986][SEVERE]: Timed out receiving message from renderer: 0.100
[1587560233.091][SEVERE]: Timed out receiving message from renderer: 0.100
[1587560233.199][SEVERE]: Timed out receiving message from renderer: 0.100
[1587560233.310][SEVERE]: Timed out receiving message from renderer: 0.100
[1587560233.421][SEVERE]: Timed out receiving message from renderer: 0.100
[1587560233.527][SEVERE]: Timed out receiving message from renderer: 0.100
[1587560233.638][SEVERE]: Timed out receiving message from renderer: 0.100
[1587560236.250][SEVERE]: Timed out receiving message from renderer: 0.100
[1587560236.359][SEVERE]: Timed out receiving message from renderer: 0.100
[1587560236.472][SEVERE]: Timed out receiving message from renderer: 0.100
[1587560236.582][SEVERE]: Timed out receiving message from renderer: 0.100
]]></system-err>
</testsuite>
