<?xml version="1.0" encoding="UTF-8"?>
<testsuite name="com.qa.trello.tests.TeamChangeTests" tests="1" skipped="0" failures="0" errors="0" timestamp="2020-04-27T20:33:42" hostname="DESKTOP-NPA4CH3" time="20.073">
  <properties/>
  <testcase name="changeTeamTests" classname="com.qa.trello.tests.TeamChangeTests" time="20.073"/>
  <system-out><![CDATA[]]></system-out>
  <system-err><![CDATA[Starting ChromeDriver 81.0.4044.69 (6813546031a4bc83f717a2ef7cd4ac6ec1199132-refs/branch-heads/4044@{#776}) on port 11267
Only local connections are allowed.
Please protect ports used by ChromeDriver and related test frameworks to prevent access by malicious code.
апр 27, 2020 11:31:03 PM org.openqa.selenium.remote.ProtocolHandshake createSession
INFO: Detected dialect: W3C
[1588019470.213][SEVERE]: Timed out receiving message from renderer: 0.100
[1588019470.341][SEVERE]: Timed out receiving message from renderer: 0.100
[1588019470.449][SEVERE]: Timed out receiving message from renderer: 0.100
[1588019470.550][SEVERE]: Timed out receiving message from renderer: 0.100
[1588019470.653][SEVERE]: Timed out receiving message from renderer: 0.100
[1588019470.755][SEVERE]: Timed out receiving message from renderer: 0.100
[1588019470.858][SEVERE]: Timed out receiving message from renderer: 0.100
[1588019470.961][SEVERE]: Timed out receiving message from renderer: 0.100
[1588019471.075][SEVERE]: Timed out receiving message from renderer: 0.100
[1588019471.179][SEVERE]: Timed out receiving message from renderer: 0.100
[1588019471.280][SEVERE]: Timed out receiving message from renderer: 0.100
[1588019471.384][SEVERE]: Timed out receiving message from renderer: 0.100
[1588019471.487][SEVERE]: Timed out receiving message from renderer: 0.100
[1588019471.589][SEVERE]: Timed out receiving message from renderer: 0.100
[1588019471.693][SEVERE]: Timed out receiving message from renderer: 0.100
[1588019471.795][SEVERE]: Timed out receiving message from renderer: 0.100
[1588019471.901][SEVERE]: Timed out receiving message from renderer: 0.100
[1588019472.008][SEVERE]: Timed out receiving message from renderer: 0.100
[1588019472.111][SEVERE]: Timed out receiving message from renderer: 0.100
[1588019472.214][SEVERE]: Timed out receiving message from renderer: 0.100
[1588019472.319][SEVERE]: Timed out receiving message from renderer: 0.100
[1588019472.420][SEVERE]: Timed out receiving message from renderer: 0.100
[1588019472.522][SEVERE]: Timed out receiving message from renderer: 0.100
[1588019472.625][SEVERE]: Timed out receiving message from renderer: 0.100
[1588019472.728][SEVERE]: Timed out receiving message from renderer: 0.100
[1588019472.829][SEVERE]: Timed out receiving message from renderer: 0.100
[1588019472.936][SEVERE]: Timed out receiving message from renderer: 0.100
[1588019473.039][SEVERE]: Timed out receiving message from renderer: 0.100
[1588019473.143][SEVERE]: Timed out receiving message from renderer: 0.100
[1588019473.245][SEVERE]: Timed out receiving message from renderer: 0.100
[1588019473.348][SEVERE]: Timed out receiving message from renderer: 0.100
[1588019473.453][SEVERE]: Timed out receiving message from renderer: 0.100
[1588019473.556][SEVERE]: Timed out receiving message from renderer: 0.100
[1588019473.657][SEVERE]: Timed out receiving message from renderer: 0.100
[1588019473.759][SEVERE]: Timed out receiving message from renderer: 0.100
[1588019473.860][SEVERE]: Timed out receiving message from renderer: 0.100
[1588019473.962][SEVERE]: Timed out receiving message from renderer: 0.100
[1588019474.066][SEVERE]: Timed out receiving message from renderer: 0.100
[1588019474.170][SEVERE]: Timed out receiving message from renderer: 0.100
[1588019474.276][SEVERE]: Timed out receiving message from renderer: 0.100
[1588019474.381][SEVERE]: Timed out receiving message from renderer: 0.100
[1588019474.483][SEVERE]: Timed out receiving message from renderer: 0.100
[1588019474.584][SEVERE]: Timed out receiving message from renderer: 0.100
[1588019474.686][SEVERE]: Timed out receiving message from renderer: 0.100
[1588019474.789][SEVERE]: Timed out receiving message from renderer: 0.100
[1588019474.892][SEVERE]: Timed out receiving message from renderer: 0.100
[1588019474.994][SEVERE]: Timed out receiving message from renderer: 0.100
[1588019475.096][SEVERE]: Timed out receiving message from renderer: 0.100
[1588019475.202][SEVERE]: Timed out receiving message from renderer: 0.100
[1588019475.305][SEVERE]: Timed out receiving message from renderer: 0.100
[1588019475.409][SEVERE]: Timed out receiving message from renderer: 0.100
[1588019475.513][SEVERE]: Timed out receiving message from renderer: 0.100
[1588019475.883][SEVERE]: Timed out receiving message from renderer: 0.100
[1588019475.987][SEVERE]: Timed out receiving message from renderer: 0.100
[1588019476.101][SEVERE]: Timed out receiving message from renderer: 0.100
[1588019476.206][SEVERE]: Timed out receiving message from renderer: 0.100
[1588019476.492][SEVERE]: Timed out receiving message from renderer: 0.100
[1588019476.594][SEVERE]: Timed out receiving message from renderer: 0.100
[1588019476.698][SEVERE]: Timed out receiving message from renderer: 0.100
[1588019476.800][SEVERE]: Timed out receiving message from renderer: 0.100
[1588019476.904][SEVERE]: Timed out receiving message from renderer: 0.100
[1588019477.007][SEVERE]: Timed out receiving message from renderer: 0.100
[1588019477.111][SEVERE]: Timed out receiving message from renderer: 0.100
[1588019477.215][SEVERE]: Timed out receiving message from renderer: 0.100
[1588019477.322][SEVERE]: Timed out receiving message from renderer: 0.100
[1588019477.429][SEVERE]: Timed out receiving message from renderer: 0.100
[1588019477.532][SEVERE]: Timed out receiving message from renderer: 0.100
[1588019477.639][SEVERE]: Timed out receiving message from renderer: 0.100
[1588019477.755][SEVERE]: Timed out receiving message from renderer: 0.100
[1588019477.866][SEVERE]: Timed out receiving message from renderer: 0.100
[1588019477.969][SEVERE]: Timed out receiving message from renderer: 0.100
[1588019478.071][SEVERE]: Timed out receiving message from renderer: 0.100
[1588019478.179][SEVERE]: Timed out receiving message from renderer: 0.100
[1588019478.281][SEVERE]: Timed out receiving message from renderer: 0.100
[1588019478.387][SEVERE]: Timed out receiving message from renderer: 0.100
[1588019478.497][SEVERE]: Timed out receiving message from renderer: 0.100
[1588019478.606][SEVERE]: Timed out receiving message from renderer: 0.100
[1588019478.712][SEVERE]: Timed out receiving message from renderer: 0.100
[1588019478.814][SEVERE]: Timed out receiving message from renderer: 0.100
[1588019478.922][SEVERE]: Timed out receiving message from renderer: 0.100
[1588019479.029][SEVERE]: Timed out receiving message from renderer: 0.100
[1588019479.140][SEVERE]: Timed out receiving message from renderer: 0.100
[1588019479.249][SEVERE]: Timed out receiving message from renderer: 0.100
[1588019479.416][SEVERE]: Timed out receiving message from renderer: 0.100
[1588019479.523][SEVERE]: Timed out receiving message from renderer: 0.100
[1588019479.634][SEVERE]: Timed out receiving message from renderer: 0.100
[1588019479.742][SEVERE]: Timed out receiving message from renderer: 0.100
[1588019479.850][SEVERE]: Timed out receiving message from renderer: 0.100
[1588019479.955][SEVERE]: Timed out receiving message from renderer: 0.100
[1588019480.066][SEVERE]: Timed out receiving message from renderer: 0.100
[1588019480.175][SEVERE]: Timed out receiving message from renderer: 0.100
[1588019480.283][SEVERE]: Timed out receiving message from renderer: 0.100
[1588019480.391][SEVERE]: Timed out receiving message from renderer: 0.100
[1588019480.500][SEVERE]: Timed out receiving message from renderer: 0.100
[1588019480.681][SEVERE]: Timed out receiving message from renderer: 0.100
[1588019480.786][SEVERE]: Timed out receiving message from renderer: 0.100
[1588019480.891][SEVERE]: Timed out receiving message from renderer: 0.100
[1588019480.996][SEVERE]: Timed out receiving message from renderer: 0.100
[1588019481.102][SEVERE]: Timed out receiving message from renderer: 0.100
[1588019481.209][SEVERE]: Timed out receiving message from renderer: 0.100
[1588019481.317][SEVERE]: Timed out receiving message from renderer: 0.100
[1588019481.711][SEVERE]: Timed out receiving message from renderer: 0.100
[1588019481.817][SEVERE]: Timed out receiving message from renderer: 0.100
[1588019481.927][SEVERE]: Timed out receiving message from renderer: 0.100
[1588019482.035][SEVERE]: Timed out receiving message from renderer: 0.100
[1588019482.140][SEVERE]: Timed out receiving message from renderer: 0.100
[1588019482.250][SEVERE]: Timed out receiving message from renderer: 0.100
[1588019482.374][SEVERE]: Timed out receiving message from renderer: 0.100
[1588019482.482][SEVERE]: Timed out receiving message from renderer: 0.100
[1588019482.586][SEVERE]: Timed out receiving message from renderer: 0.100
[1588019482.695][SEVERE]: Timed out receiving message from renderer: 0.100
[1588019482.804][SEVERE]: Timed out receiving message from renderer: 0.100
[1588019482.913][SEVERE]: Timed out receiving message from renderer: 0.100
[1588019483.018][SEVERE]: Timed out receiving message from renderer: 0.100
[1588019483.132][SEVERE]: Timed out receiving message from renderer: 0.100
[1588019483.239][SEVERE]: Timed out receiving message from renderer: 0.100
[1588019483.345][SEVERE]: Timed out receiving message from renderer: 0.100
[1588019483.460][SEVERE]: Timed out receiving message from renderer: 0.100
[1588019483.568][SEVERE]: Timed out receiving message from renderer: 0.100
[1588019483.676][SEVERE]: Timed out receiving message from renderer: 0.100
[1588019483.783][SEVERE]: Timed out receiving message from renderer: 0.100
[1588019483.889][SEVERE]: Timed out receiving message from renderer: 0.100
[1588019483.996][SEVERE]: Timed out receiving message from renderer: 0.100
[1588019484.103][SEVERE]: Timed out receiving message from renderer: 0.100
[1588019484.211][SEVERE]: Timed out receiving message from renderer: 0.100
[1588019484.319][SEVERE]: Timed out receiving message from renderer: 0.100
[1588019484.426][SEVERE]: Timed out receiving message from renderer: 0.100
[1588019484.533][SEVERE]: Timed out receiving message from renderer: 0.100
[1588019484.638][SEVERE]: Timed out receiving message from renderer: 0.100
[1588019484.747][SEVERE]: Timed out receiving message from renderer: 0.100
[1588019484.852][SEVERE]: Timed out receiving message from renderer: 0.100
[1588019484.961][SEVERE]: Timed out receiving message from renderer: 0.100
[1588019485.200][SEVERE]: Timed out receiving message from renderer: 0.100
[1588019485.416][SEVERE]: Timed out receiving message from renderer: 0.100
[1588019485.531][SEVERE]: Timed out receiving message from renderer: 0.100
[1588019485.637][SEVERE]: Timed out receiving message from renderer: 0.100
[1588019485.745][SEVERE]: Timed out receiving message from renderer: 0.100
[1588019485.852][SEVERE]: Timed out receiving message from renderer: 0.100
[1588019485.959][SEVERE]: Timed out receiving message from renderer: 0.100
[1588019486.066][SEVERE]: Timed out receiving message from renderer: 0.100
[1588019486.173][SEVERE]: Timed out receiving message from renderer: 0.100
[1588019486.279][SEVERE]: Timed out receiving message from renderer: 0.100
[1588019486.479][SEVERE]: Timed out receiving message from renderer: 0.100
[1588019486.593][SEVERE]: Timed out receiving message from renderer: 0.100
[1588019486.697][SEVERE]: Timed out receiving message from renderer: 0.100
[1588019486.802][SEVERE]: Timed out receiving message from renderer: 0.100
[1588019486.914][SEVERE]: Timed out receiving message from renderer: 0.100
[1588019487.023][SEVERE]: Timed out receiving message from renderer: 0.100
[1588019487.180][SEVERE]: Timed out receiving message from renderer: 0.100
[1588019487.285][SEVERE]: Timed out receiving message from renderer: 0.100
[1588019487.394][SEVERE]: Timed out receiving message from renderer: 0.100
[1588019487.502][SEVERE]: Timed out receiving message from renderer: 0.100
[1588019487.610][SEVERE]: Timed out receiving message from renderer: 0.100
[1588019487.717][SEVERE]: Timed out receiving message from renderer: 0.100
[1588019487.826][SEVERE]: Timed out receiving message from renderer: 0.100
[1588019487.943][SEVERE]: Timed out receiving message from renderer: 0.100
[1588019488.250][SEVERE]: Timed out receiving message from renderer: 0.100
[1588019488.366][SEVERE]: Timed out receiving message from renderer: 0.100
[1588019488.475][SEVERE]: Timed out receiving message from renderer: 0.100
[1588019488.579][SEVERE]: Timed out receiving message from renderer: 0.100
[1588019488.681][SEVERE]: Timed out receiving message from renderer: 0.100
[1588019488.783][SEVERE]: Timed out receiving message from renderer: 0.100
[1588019488.886][SEVERE]: Timed out receiving message from renderer: 0.100
[1588019488.992][SEVERE]: Timed out receiving message from renderer: 0.100
[1588019489.102][SEVERE]: Timed out receiving message from renderer: 0.100
[1588019489.212][SEVERE]: Timed out receiving message from renderer: 0.100
[1588019489.324][SEVERE]: Timed out receiving message from renderer: 0.100
[1588019489.426][SEVERE]: Timed out receiving message from renderer: 0.100
[1588019489.534][SEVERE]: Timed out receiving message from renderer: 0.100
[1588019489.640][SEVERE]: Timed out receiving message from renderer: 0.100
[1588019489.747][SEVERE]: Timed out receiving message from renderer: 0.100
[1588019489.853][SEVERE]: Timed out receiving message from renderer: 0.100
[1588019489.965][SEVERE]: Timed out receiving message from renderer: 0.100
[1588019490.077][SEVERE]: Timed out receiving message from renderer: 0.100
[1588019490.191][SEVERE]: Timed out receiving message from renderer: 0.100
[1588019490.295][SEVERE]: Timed out receiving message from renderer: 0.100
[1588019490.400][SEVERE]: Timed out receiving message from renderer: 0.100
[1588019490.506][SEVERE]: Timed out receiving message from renderer: 0.100
[1588019490.609][SEVERE]: Timed out receiving message from renderer: 0.100
[1588019490.716][SEVERE]: Timed out receiving message from renderer: 0.100
[1588019490.825][SEVERE]: Timed out receiving message from renderer: 0.100
[1588019490.931][SEVERE]: Timed out receiving message from renderer: 0.100
[1588019491.035][SEVERE]: Timed out receiving message from renderer: 0.100
[1588019491.140][SEVERE]: Timed out receiving message from renderer: 0.100
[1588019491.254][SEVERE]: Timed out receiving message from renderer: 0.100
[1588019491.360][SEVERE]: Timed out receiving message from renderer: 0.100
[1588019491.464][SEVERE]: Timed out receiving message from renderer: 0.100
[1588019491.568][SEVERE]: Timed out receiving message from renderer: 0.100
[1588019491.674][SEVERE]: Timed out receiving message from renderer: 0.100
[1588019491.780][SEVERE]: Timed out receiving message from renderer: 0.100
[1588019491.885][SEVERE]: Timed out receiving message from renderer: 0.100
[1588019491.994][SEVERE]: Timed out receiving message from renderer: 0.100
[1588019492.100][SEVERE]: Timed out receiving message from renderer: 0.100
[1588019492.209][SEVERE]: Timed out receiving message from renderer: 0.100
[1588019492.317][SEVERE]: Timed out receiving message from renderer: 0.100
[1588019492.422][SEVERE]: Timed out receiving message from renderer: 0.100
[1588019492.527][SEVERE]: Timed out receiving message from renderer: 0.100
[1588019492.630][SEVERE]: Timed out receiving message from renderer: 0.100
[1588019492.737][SEVERE]: Timed out receiving message from renderer: 0.100
[1588019492.842][SEVERE]: Timed out receiving message from renderer: 0.100
[1588019492.948][SEVERE]: Timed out receiving message from renderer: 0.100
[1588019493.051][SEVERE]: Timed out receiving message from renderer: 0.100
[1588019493.155][SEVERE]: Timed out receiving message from renderer: 0.100
[1588019493.262][SEVERE]: Timed out receiving message from renderer: 0.100
[1588019493.371][SEVERE]: Timed out receiving message from renderer: 0.100
[1588019493.474][SEVERE]: Timed out receiving message from renderer: 0.100
[1588019493.578][SEVERE]: Timed out receiving message from renderer: 0.100
[1588019493.684][SEVERE]: Timed out receiving message from renderer: 0.100
[1588019493.788][SEVERE]: Timed out receiving message from renderer: 0.100
[1588019493.891][SEVERE]: Timed out receiving message from renderer: 0.100
[1588019493.997][SEVERE]: Timed out receiving message from renderer: 0.100
[1588019494.105][SEVERE]: Timed out receiving message from renderer: 0.100
[1588019494.215][SEVERE]: Timed out receiving message from renderer: 0.100
[1588019494.326][SEVERE]: Timed out receiving message from renderer: 0.100
[1588019494.432][SEVERE]: Timed out receiving message from renderer: 0.100
[1588019494.538][SEVERE]: Timed out receiving message from renderer: 0.100
[1588019494.642][SEVERE]: Timed out receiving message from renderer: 0.100
[1588019494.757][SEVERE]: Timed out receiving message from renderer: 0.100
[1588019494.865][SEVERE]: Timed out receiving message from renderer: 0.100
[1588019494.970][SEVERE]: Timed out receiving message from renderer: 0.100
[1588019495.076][SEVERE]: Timed out receiving message from renderer: 0.100
[1588019495.181][SEVERE]: Timed out receiving message from renderer: 0.100
[1588019495.286][SEVERE]: Timed out receiving message from renderer: 0.100
[1588019495.393][SEVERE]: Timed out receiving message from renderer: 0.100
[1588019495.502][SEVERE]: Timed out receiving message from renderer: 0.100
[1588019495.605][SEVERE]: Timed out receiving message from renderer: 0.100
[1588019495.712][SEVERE]: Timed out receiving message from renderer: 0.100
[1588019495.821][SEVERE]: Timed out receiving message from renderer: 0.100
[1588019495.926][SEVERE]: Timed out receiving message from renderer: 0.100
[1588019496.035][SEVERE]: Timed out receiving message from renderer: 0.100
[1588019496.142][SEVERE]: Timed out receiving message from renderer: 0.100
[1588019496.248][SEVERE]: Timed out receiving message from renderer: 0.100
[1588019496.353][SEVERE]: Timed out receiving message from renderer: 0.100
[1588019496.456][SEVERE]: Timed out receiving message from renderer: 0.100
[1588019496.567][SEVERE]: Timed out receiving message from renderer: 0.100
[1588019496.674][SEVERE]: Timed out receiving message from renderer: 0.100
[1588019496.788][SEVERE]: Timed out receiving message from renderer: 0.100
[1588019496.896][SEVERE]: Timed out receiving message from renderer: 0.100
[1588019497.001][SEVERE]: Timed out receiving message from renderer: 0.100
[1588019497.108][SEVERE]: Timed out receiving message from renderer: 0.100
[1588019497.218][SEVERE]: Timed out receiving message from renderer: 0.100
[1588019497.328][SEVERE]: Timed out receiving message from renderer: 0.100
[1588019497.438][SEVERE]: Timed out receiving message from renderer: 0.100
[1588019497.544][SEVERE]: Timed out receiving message from renderer: 0.100
[1588019497.646][SEVERE]: Timed out receiving message from renderer: 0.100
[1588019497.767][SEVERE]: Timed out receiving message from renderer: 0.100
[1588019497.875][SEVERE]: Timed out receiving message from renderer: 0.100
[1588019497.986][SEVERE]: Timed out receiving message from renderer: 0.100
[1588019498.090][SEVERE]: Timed out receiving message from renderer: 0.100
[1588019498.195][SEVERE]: Timed out receiving message from renderer: 0.100
[1588019498.300][SEVERE]: Timed out receiving message from renderer: 0.100
[1588019498.404][SEVERE]: Timed out receiving message from renderer: 0.100
[1588019498.553][SEVERE]: Timed out receiving message from renderer: 0.100
[1588019498.656][SEVERE]: Timed out receiving message from renderer: 0.100
[1588019498.760][SEVERE]: Timed out receiving message from renderer: 0.100
[1588019498.868][SEVERE]: Timed out receiving message from renderer: 0.100
[1588019498.973][SEVERE]: Timed out receiving message from renderer: 0.100
[1588019499.079][SEVERE]: Timed out receiving message from renderer: 0.100
[1588019499.187][SEVERE]: Timed out receiving message from renderer: 0.100
[1588019499.293][SEVERE]: Timed out receiving message from renderer: 0.100
[1588019499.402][SEVERE]: Timed out receiving message from renderer: 0.100
[1588019499.509][SEVERE]: Timed out receiving message from renderer: 0.100
[1588019499.617][SEVERE]: Timed out receiving message from renderer: 0.100
[1588019499.725][SEVERE]: Timed out receiving message from renderer: 0.100
[1588019499.833][SEVERE]: Timed out receiving message from renderer: 0.100
[1588019500.097][SEVERE]: Timed out receiving message from renderer: 0.100
[1588019500.201][SEVERE]: Timed out receiving message from renderer: 0.100
[1588019500.309][SEVERE]: Timed out receiving message from renderer: 0.100
[1588019500.417][SEVERE]: Timed out receiving message from renderer: 0.100
[1588019500.528][SEVERE]: Timed out receiving message from renderer: 0.100
[1588019500.690][SEVERE]: Timed out receiving message from renderer: 0.100
[1588019500.793][SEVERE]: Timed out receiving message from renderer: 0.100
[1588019500.898][SEVERE]: Timed out receiving message from renderer: 0.100
[1588019501.020][SEVERE]: Timed out receiving message from renderer: 0.100
[1588019501.141][SEVERE]: Timed out receiving message from renderer: 0.100
[1588019501.248][SEVERE]: Timed out receiving message from renderer: 0.100
[1588019501.354][SEVERE]: Timed out receiving message from renderer: 0.100
[1588019501.467][SEVERE]: Timed out receiving message from renderer: 0.100
[1588019501.570][SEVERE]: Timed out receiving message from renderer: 0.100
[1588019501.673][SEVERE]: Timed out receiving message from renderer: 0.100
[1588019501.778][SEVERE]: Timed out receiving message from renderer: 0.100
[1588019501.885][SEVERE]: Timed out receiving message from renderer: 0.100
[1588019501.988][SEVERE]: Timed out receiving message from renderer: 0.100
[1588019502.098][SEVERE]: Timed out receiving message from renderer: 0.100
[1588019502.204][SEVERE]: Timed out receiving message from renderer: 0.100
[1588019502.313][SEVERE]: Timed out receiving message from renderer: 0.100
[1588019502.415][SEVERE]: Timed out receiving message from renderer: 0.100
[1588019502.518][SEVERE]: Timed out receiving message from renderer: 0.100
[1588019502.623][SEVERE]: Timed out receiving message from renderer: 0.100
[1588019502.731][SEVERE]: Timed out receiving message from renderer: 0.100
[1588019502.839][SEVERE]: Timed out receiving message from renderer: 0.100
[1588019502.943][SEVERE]: Timed out receiving message from renderer: 0.100
[1588019503.052][SEVERE]: Timed out receiving message from renderer: 0.100
[1588019503.157][SEVERE]: Timed out receiving message from renderer: 0.100
[1588019503.262][SEVERE]: Timed out receiving message from renderer: 0.100
[1588019503.372][SEVERE]: Timed out receiving message from renderer: 0.100
[1588019503.483][SEVERE]: Timed out receiving message from renderer: 0.100
[1588019503.587][SEVERE]: Timed out receiving message from renderer: 0.100
[1588019503.693][SEVERE]: Timed out receiving message from renderer: 0.100
[1588019503.802][SEVERE]: Timed out receiving message from renderer: 0.100
[1588019503.909][SEVERE]: Timed out receiving message from renderer: 0.100
[1588019504.019][SEVERE]: Timed out receiving message from renderer: 0.100
[1588019504.128][SEVERE]: Timed out receiving message from renderer: 0.100
[1588019504.236][SEVERE]: Timed out receiving message from renderer: 0.100
[1588019504.445][SEVERE]: Timed out receiving message from renderer: 0.100
[1588019504.575][SEVERE]: Timed out receiving message from renderer: 0.100
[1588019504.683][SEVERE]: Timed out receiving message from renderer: 0.100
[1588019504.792][SEVERE]: Timed out receiving message from renderer: 0.100
[1588019504.898][SEVERE]: Timed out receiving message from renderer: 0.100
[1588019505.003][SEVERE]: Timed out receiving message from renderer: 0.100
[1588019505.111][SEVERE]: Timed out receiving message from renderer: 0.100
[1588019505.312][SEVERE]: Timed out receiving message from renderer: 0.100
[1588019505.419][SEVERE]: Timed out receiving message from renderer: 0.100
[1588019505.524][SEVERE]: Timed out receiving message from renderer: 0.100
[1588019505.630][SEVERE]: Timed out receiving message from renderer: 0.100
[1588019505.735][SEVERE]: Timed out receiving message from renderer: 0.100
[1588019505.847][SEVERE]: Timed out receiving message from renderer: 0.100
[1588019529.664][SEVERE]: Timed out receiving message from renderer: 0.100
[1588019529.766][SEVERE]: Timed out receiving message from renderer: 0.100
[1588019529.881][SEVERE]: Timed out receiving message from renderer: 0.100
[1588019529.991][SEVERE]: Timed out receiving message from renderer: 0.100
[1588019530.094][SEVERE]: Timed out receiving message from renderer: 0.100
[1588019530.198][SEVERE]: Timed out receiving message from renderer: 0.100
[1588019530.307][SEVERE]: Timed out receiving message from renderer: 0.100
[1588019530.413][SEVERE]: Timed out receiving message from renderer: 0.100
[1588019530.519][SEVERE]: Timed out receiving message from renderer: 0.100
[1588019530.626][SEVERE]: Timed out receiving message from renderer: 0.100
[1588019530.733][SEVERE]: Timed out receiving message from renderer: 0.100
[1588019530.843][SEVERE]: Timed out receiving message from renderer: 0.100
[1588019530.945][SEVERE]: Timed out receiving message from renderer: 0.100
[1588019531.052][SEVERE]: Timed out receiving message from renderer: 0.100
[1588019531.161][SEVERE]: Timed out receiving message from renderer: 0.100
[1588019531.272][SEVERE]: Timed out receiving message from renderer: 0.100
[1588019531.382][SEVERE]: Timed out receiving message from renderer: 0.100
[1588019531.489][SEVERE]: Timed out receiving message from renderer: 0.100
[1588019531.594][SEVERE]: Timed out receiving message from renderer: 0.100
[1588019531.708][SEVERE]: Timed out receiving message from renderer: 0.100
[1588019531.810][SEVERE]: Timed out receiving message from renderer: 0.100
[1588019531.916][SEVERE]: Timed out receiving message from renderer: 0.100
[1588019532.023][SEVERE]: Timed out receiving message from renderer: 0.100
[1588019532.130][SEVERE]: Timed out receiving message from renderer: 0.100
[1588019532.233][SEVERE]: Timed out receiving message from renderer: 0.100
[1588019532.338][SEVERE]: Timed out receiving message from renderer: 0.100
[1588019532.442][SEVERE]: Timed out receiving message from renderer: 0.100
[1588019532.543][SEVERE]: Timed out receiving message from renderer: 0.100
[1588019532.648][SEVERE]: Timed out receiving message from renderer: 0.100
[1588019532.753][SEVERE]: Timed out receiving message from renderer: 0.100
[1588019532.863][SEVERE]: Timed out receiving message from renderer: 0.100
[1588019532.971][SEVERE]: Timed out receiving message from renderer: 0.100
[1588019533.073][SEVERE]: Timed out receiving message from renderer: 0.100
[1588019533.180][SEVERE]: Timed out receiving message from renderer: 0.100
[1588019533.288][SEVERE]: Timed out receiving message from renderer: 0.100
[1588019533.394][SEVERE]: Timed out receiving message from renderer: 0.100
[1588019533.498][SEVERE]: Timed out receiving message from renderer: 0.100
[1588019533.607][SEVERE]: Timed out receiving message from renderer: 0.100
[1588019533.717][SEVERE]: Timed out receiving message from renderer: 0.100
[1588019533.825][SEVERE]: Timed out receiving message from renderer: 0.100
[1588019533.927][SEVERE]: Timed out receiving message from renderer: 0.100
[1588019534.034][SEVERE]: Timed out receiving message from renderer: 0.100
[1588019534.143][SEVERE]: Timed out receiving message from renderer: 0.100
[1588019534.257][SEVERE]: Timed out receiving message from renderer: 0.100
[1588019534.364][SEVERE]: Timed out receiving message from renderer: 0.100
[1588019534.472][SEVERE]: Timed out receiving message from renderer: 0.100
[1588019534.580][SEVERE]: Timed out receiving message from renderer: 0.100
[1588019534.685][SEVERE]: Timed out receiving message from renderer: 0.100
[1588019534.796][SEVERE]: Timed out receiving message from renderer: 0.100
[1588019534.905][SEVERE]: Timed out receiving message from renderer: 0.100
[1588019535.013][SEVERE]: Timed out receiving message from renderer: 0.100
[1588019535.123][SEVERE]: Timed out receiving message from renderer: 0.100
[1588019535.230][SEVERE]: Timed out receiving message from renderer: 0.100
[1588019535.340][SEVERE]: Timed out receiving message from renderer: 0.100
[1588019535.447][SEVERE]: Timed out receiving message from renderer: 0.100
[1588019535.556][SEVERE]: Timed out receiving message from renderer: 0.100
[1588019535.664][SEVERE]: Timed out receiving message from renderer: 0.100
[1588019535.766][SEVERE]: Timed out receiving message from renderer: 0.100
[1588019535.877][SEVERE]: Timed out receiving message from renderer: 0.100
[1588019535.992][SEVERE]: Timed out receiving message from renderer: 0.100
[1588019536.101][SEVERE]: Timed out receiving message from renderer: 0.100
[1588019536.208][SEVERE]: Timed out receiving message from renderer: 0.100
[1588019536.317][SEVERE]: Timed out receiving message from renderer: 0.100
[1588019536.427][SEVERE]: Timed out receiving message from renderer: 0.100
[1588019536.537][SEVERE]: Timed out receiving message from renderer: 0.100
[1588019536.644][SEVERE]: Timed out receiving message from renderer: 0.100
[1588019536.751][SEVERE]: Timed out receiving message from renderer: 0.100
[1588019536.858][SEVERE]: Timed out receiving message from renderer: 0.100
[1588019536.964][SEVERE]: Timed out receiving message from renderer: 0.100
[1588019537.070][SEVERE]: Timed out receiving message from renderer: 0.100
[1588019537.173][SEVERE]: Timed out receiving message from renderer: 0.100
[1588019537.281][SEVERE]: Timed out receiving message from renderer: 0.100
[1588019537.408][SEVERE]: Timed out receiving message from renderer: 0.100
[1588019537.511][SEVERE]: Timed out receiving message from renderer: 0.100
[1588019537.621][SEVERE]: Timed out receiving message from renderer: 0.100
[1588019537.732][SEVERE]: Timed out receiving message from renderer: 0.100
[1588019537.840][SEVERE]: Timed out receiving message from renderer: 0.100
[1588019537.967][SEVERE]: Timed out receiving message from renderer: 0.100
[1588019538.084][SEVERE]: Timed out receiving message from renderer: 0.100
[1588019538.187][SEVERE]: Timed out receiving message from renderer: 0.100
[1588019538.291][SEVERE]: Timed out receiving message from renderer: 0.100
[1588019538.395][SEVERE]: Timed out receiving message from renderer: 0.100
[1588019538.502][SEVERE]: Timed out receiving message from renderer: 0.100
[1588019538.611][SEVERE]: Timed out receiving message from renderer: 0.100
[1588019538.718][SEVERE]: Timed out receiving message from renderer: 0.100
[1588019538.822][SEVERE]: Timed out receiving message from renderer: 0.100
[1588019538.935][SEVERE]: Timed out receiving message from renderer: 0.100
[1588019539.049][SEVERE]: Timed out receiving message from renderer: 0.100
[1588019539.157][SEVERE]: Timed out receiving message from renderer: 0.100
[1588019539.264][SEVERE]: Timed out receiving message from renderer: 0.100
[1588019539.372][SEVERE]: Timed out receiving message from renderer: 0.100
[1588019539.481][SEVERE]: Timed out receiving message from renderer: 0.100
[1588019539.589][SEVERE]: Timed out receiving message from renderer: 0.100
[1588019539.696][SEVERE]: Timed out receiving message from renderer: 0.100
[1588019539.802][SEVERE]: Timed out receiving message from renderer: 0.100
[1588019540.197][SEVERE]: Timed out receiving message from renderer: 0.100
[1588019540.301][SEVERE]: Timed out receiving message from renderer: 0.100
[1588019540.406][SEVERE]: Timed out receiving message from renderer: 0.100
[1588019540.513][SEVERE]: Timed out receiving message from renderer: 0.100
[1588019540.627][SEVERE]: Timed out receiving message from renderer: 0.100
[1588019540.735][SEVERE]: Timed out receiving message from renderer: 0.100
[1588019540.838][SEVERE]: Timed out receiving message from renderer: 0.100
[1588019540.942][SEVERE]: Timed out receiving message from renderer: 0.100
[1588019541.053][SEVERE]: Timed out receiving message from renderer: 0.100
[1588019541.161][SEVERE]: Timed out receiving message from renderer: 0.100
[1588019541.266][SEVERE]: Timed out receiving message from renderer: 0.100
[1588019541.377][SEVERE]: Timed out receiving message from renderer: 0.100
[1588019541.571][SEVERE]: Timed out receiving message from renderer: 0.100
[1588019541.679][SEVERE]: Timed out receiving message from renderer: 0.100
[1588019541.785][SEVERE]: Timed out receiving message from renderer: 0.100
[1588019541.890][SEVERE]: Timed out receiving message from renderer: 0.100
[1588019541.995][SEVERE]: Timed out receiving message from renderer: 0.100
[1588019542.114][SEVERE]: Timed out receiving message from renderer: 0.100
[1588019542.222][SEVERE]: Timed out receiving message from renderer: 0.100
[1588019542.331][SEVERE]: Timed out receiving message from renderer: 0.100
[1588019542.434][SEVERE]: Timed out receiving message from renderer: 0.100
[1588019542.557][SEVERE]: Timed out receiving message from renderer: 0.100
[1588019542.668][SEVERE]: Timed out receiving message from renderer: 0.100
[1588019542.780][SEVERE]: Timed out receiving message from renderer: 0.100
[1588019542.911][SEVERE]: Timed out receiving message from renderer: 0.100
[1588019543.610][SEVERE]: Timed out receiving message from renderer: 0.100
[1588019543.717][SEVERE]: Timed out receiving message from renderer: 0.100
[1588019543.840][SEVERE]: Timed out receiving message from renderer: 0.100
[1588019543.959][SEVERE]: Timed out receiving message from renderer: 0.100
[1588019544.064][SEVERE]: Timed out receiving message from renderer: 0.100
[1588019544.169][SEVERE]: Timed out receiving message from renderer: 0.100
[1588019544.275][SEVERE]: Timed out receiving message from renderer: 0.100
[1588019544.432][SEVERE]: Timed out receiving message from renderer: 0.100
[1588019544.537][SEVERE]: Timed out receiving message from renderer: 0.100
[1588019544.646][SEVERE]: Timed out receiving message from renderer: 0.100
[1588019544.751][SEVERE]: Timed out receiving message from renderer: 0.100
[1588019544.860][SEVERE]: Timed out receiving message from renderer: 0.100
[1588019544.965][SEVERE]: Timed out receiving message from renderer: 0.100
[1588019545.085][SEVERE]: Timed out receiving message from renderer: 0.100
[1588019545.189][SEVERE]: Timed out receiving message from renderer: 0.100
[1588019545.295][SEVERE]: Timed out receiving message from renderer: 0.100
[1588019576.305][SEVERE]: Timed out receiving message from renderer: 0.100
[1588019576.409][SEVERE]: Timed out receiving message from renderer: 0.100
[1588019576.514][SEVERE]: Timed out receiving message from renderer: 0.100
[1588019576.620][SEVERE]: Timed out receiving message from renderer: 0.100
[1588019576.724][SEVERE]: Timed out receiving message from renderer: 0.100
[1588019576.828][SEVERE]: Timed out receiving message from renderer: 0.100
[1588019576.935][SEVERE]: Timed out receiving message from renderer: 0.100
[1588019577.047][SEVERE]: Timed out receiving message from renderer: 0.100
[1588019577.151][SEVERE]: Timed out receiving message from renderer: 0.100
[1588019577.260][SEVERE]: Timed out receiving message from renderer: 0.100
[1588019577.374][SEVERE]: Timed out receiving message from renderer: 0.100
[1588019577.485][SEVERE]: Timed out receiving message from renderer: 0.100
[1588019577.593][SEVERE]: Timed out receiving message from renderer: 0.100
[1588019577.712][SEVERE]: Timed out receiving message from renderer: 0.100
[1588019577.860][SEVERE]: Timed out receiving message from renderer: 0.100
[1588019577.968][SEVERE]: Timed out receiving message from renderer: 0.100
[1588019578.152][SEVERE]: Timed out receiving message from renderer: 0.100
[1588019578.256][SEVERE]: Timed out receiving message from renderer: 0.100
[1588019578.369][SEVERE]: Timed out receiving message from renderer: 0.100
[1588019578.483][SEVERE]: Timed out receiving message from renderer: 0.100
[1588019578.590][SEVERE]: Timed out receiving message from renderer: 0.100
[1588019578.704][SEVERE]: Timed out receiving message from renderer: 0.100
[1588019578.811][SEVERE]: Timed out receiving message from renderer: 0.100
[1588019578.920][SEVERE]: Timed out receiving message from renderer: 0.100
[1588019579.026][SEVERE]: Timed out receiving message from renderer: 0.100
[1588019579.136][SEVERE]: Timed out receiving message from renderer: 0.100
[1588019579.238][SEVERE]: Timed out receiving message from renderer: 0.100
[1588019579.347][SEVERE]: Timed out receiving message from renderer: 0.100
[1588019579.456][SEVERE]: Timed out receiving message from renderer: 0.100
[1588019579.565][SEVERE]: Timed out receiving message from renderer: 0.100
[1588019579.668][SEVERE]: Timed out receiving message from renderer: 0.100
[1588019579.772][SEVERE]: Timed out receiving message from renderer: 0.100
[1588019579.882][SEVERE]: Timed out receiving message from renderer: 0.100
[1588019579.992][SEVERE]: Timed out receiving message from renderer: 0.100
[1588019580.098][SEVERE]: Timed out receiving message from renderer: 0.100
[1588019580.202][SEVERE]: Timed out receiving message from renderer: 0.100
[1588019580.308][SEVERE]: Timed out receiving message from renderer: 0.100
[1588019580.415][SEVERE]: Timed out receiving message from renderer: 0.100
[1588019580.521][SEVERE]: Timed out receiving message from renderer: 0.100
[1588019580.623][SEVERE]: Timed out receiving message from renderer: 0.100
[1588019580.726][SEVERE]: Timed out receiving message from renderer: 0.100
[1588019580.832][SEVERE]: Timed out receiving message from renderer: 0.100
[1588019580.934][SEVERE]: Timed out receiving message from renderer: 0.100
[1588019581.038][SEVERE]: Timed out receiving message from renderer: 0.100
[1588019581.143][SEVERE]: Timed out receiving message from renderer: 0.100
[1588019581.254][SEVERE]: Timed out receiving message from renderer: 0.100
[1588019581.358][SEVERE]: Timed out receiving message from renderer: 0.100
[1588019581.463][SEVERE]: Timed out receiving message from renderer: 0.100
[1588019581.576][SEVERE]: Timed out receiving message from renderer: 0.100
[1588019581.684][SEVERE]: Timed out receiving message from renderer: 0.100
[1588019581.787][SEVERE]: Timed out receiving message from renderer: 0.100
[1588019581.896][SEVERE]: Timed out receiving message from renderer: 0.100
[1588019582.010][SEVERE]: Timed out receiving message from renderer: 0.100
[1588019582.118][SEVERE]: Timed out receiving message from renderer: 0.100
[1588019582.223][SEVERE]: Timed out receiving message from renderer: 0.100
[1588019582.327][SEVERE]: Timed out receiving message from renderer: 0.100
[1588019582.434][SEVERE]: Timed out receiving message from renderer: 0.100
[1588019582.538][SEVERE]: Timed out receiving message from renderer: 0.100
[1588019582.640][SEVERE]: Timed out receiving message from renderer: 0.100
[1588019582.746][SEVERE]: Timed out receiving message from renderer: 0.100
[1588019582.855][SEVERE]: Timed out receiving message from renderer: 0.100
[1588019582.963][SEVERE]: Timed out receiving message from renderer: 0.100
[1588019583.068][SEVERE]: Timed out receiving message from renderer: 0.100
[1588019583.174][SEVERE]: Timed out receiving message from renderer: 0.100
[1588019583.282][SEVERE]: Timed out receiving message from renderer: 0.100
[1588019583.393][SEVERE]: Timed out receiving message from renderer: 0.100
[1588019583.495][SEVERE]: Timed out receiving message from renderer: 0.100
[1588019583.597][SEVERE]: Timed out receiving message from renderer: 0.100
[1588019583.704][SEVERE]: Timed out receiving message from renderer: 0.100
[1588019583.812][SEVERE]: Timed out receiving message from renderer: 0.100
[1588019583.920][SEVERE]: Timed out receiving message from renderer: 0.100
[1588019584.025][SEVERE]: Timed out receiving message from renderer: 0.100
[1588019584.131][SEVERE]: Timed out receiving message from renderer: 0.100
[1588019584.243][SEVERE]: Timed out receiving message from renderer: 0.100
[1588019584.355][SEVERE]: Timed out receiving message from renderer: 0.100
[1588019584.458][SEVERE]: Timed out receiving message from renderer: 0.100
[1588019584.563][SEVERE]: Timed out receiving message from renderer: 0.100
[1588019584.671][SEVERE]: Timed out receiving message from renderer: 0.100
[1588019584.780][SEVERE]: Timed out receiving message from renderer: 0.100
[1588019584.888][SEVERE]: Timed out receiving message from renderer: 0.100
[1588019584.997][SEVERE]: Timed out receiving message from renderer: 0.100
[1588019585.110][SEVERE]: Timed out receiving message from renderer: 0.100
[1588019585.217][SEVERE]: Timed out receiving message from renderer: 0.100
[1588019585.328][SEVERE]: Timed out receiving message from renderer: 0.100
[1588019585.434][SEVERE]: Timed out receiving message from renderer: 0.100
[1588019585.542][SEVERE]: Timed out receiving message from renderer: 0.100
[1588019585.648][SEVERE]: Timed out receiving message from renderer: 0.100
[1588019585.761][SEVERE]: Timed out receiving message from renderer: 0.100
[1588019585.869][SEVERE]: Timed out receiving message from renderer: 0.100
[1588019585.977][SEVERE]: Timed out receiving message from renderer: 0.100
[1588019586.083][SEVERE]: Timed out receiving message from renderer: 0.100
[1588019586.185][SEVERE]: Timed out receiving message from renderer: 0.100
[1588019586.297][SEVERE]: Timed out receiving message from renderer: 0.100
[1588019586.407][SEVERE]: Timed out receiving message from renderer: 0.100
[1588019586.516][SEVERE]: Timed out receiving message from renderer: 0.100
[1588019586.624][SEVERE]: Timed out receiving message from renderer: 0.100
[1588019586.735][SEVERE]: Timed out receiving message from renderer: 0.100
[1588019586.846][SEVERE]: Timed out receiving message from renderer: 0.100
[1588019586.956][SEVERE]: Timed out receiving message from renderer: 0.100
[1588019587.065][SEVERE]: Timed out receiving message from renderer: 0.100
[1588019587.170][SEVERE]: Timed out receiving message from renderer: 0.100
[1588019587.278][SEVERE]: Timed out receiving message from renderer: 0.100
[1588019587.386][SEVERE]: Timed out receiving message from renderer: 0.100
[1588019587.504][SEVERE]: Timed out receiving message from renderer: 0.100
[1588019587.607][SEVERE]: Timed out receiving message from renderer: 0.100
[1588019587.715][SEVERE]: Timed out receiving message from renderer: 0.100
[1588019587.826][SEVERE]: Timed out receiving message from renderer: 0.100
[1588019587.933][SEVERE]: Timed out receiving message from renderer: 0.100
[1588019588.038][SEVERE]: Timed out receiving message from renderer: 0.100
[1588019588.143][SEVERE]: Timed out receiving message from renderer: 0.100
[1588019588.252][SEVERE]: Timed out receiving message from renderer: 0.100
[1588019588.361][SEVERE]: Timed out receiving message from renderer: 0.100
[1588019588.469][SEVERE]: Timed out receiving message from renderer: 0.100
[1588019588.573][SEVERE]: Timed out receiving message from renderer: 0.100
[1588019588.680][SEVERE]: Timed out receiving message from renderer: 0.100
[1588019588.786][SEVERE]: Timed out receiving message from renderer: 0.100
[1588019588.898][SEVERE]: Timed out receiving message from renderer: 0.100
[1588019589.000][SEVERE]: Timed out receiving message from renderer: 0.100
[1588019589.111][SEVERE]: Timed out receiving message from renderer: 0.100
[1588019589.217][SEVERE]: Timed out receiving message from renderer: 0.100
[1588019589.326][SEVERE]: Timed out receiving message from renderer: 0.100
[1588019589.435][SEVERE]: Timed out receiving message from renderer: 0.100
[1588019589.542][SEVERE]: Timed out receiving message from renderer: 0.100
[1588019589.651][SEVERE]: Timed out receiving message from renderer: 0.100
[1588019589.760][SEVERE]: Timed out receiving message from renderer: 0.100
[1588019589.866][SEVERE]: Timed out receiving message from renderer: 0.100
[1588019589.972][SEVERE]: Timed out receiving message from renderer: 0.100
[1588019590.082][SEVERE]: Timed out receiving message from renderer: 0.100
[1588019590.191][SEVERE]: Timed out receiving message from renderer: 0.100
[1588019590.296][SEVERE]: Timed out receiving message from renderer: 0.100
[1588019590.402][SEVERE]: Timed out receiving message from renderer: 0.100
[1588019590.505][SEVERE]: Timed out receiving message from renderer: 0.100
[1588019590.620][SEVERE]: Timed out receiving message from renderer: 0.100
[1588019590.727][SEVERE]: Timed out receiving message from renderer: 0.100
[1588019590.829][SEVERE]: Timed out receiving message from renderer: 0.100
[1588019590.940][SEVERE]: Timed out receiving message from renderer: 0.100
[1588019591.050][SEVERE]: Timed out receiving message from renderer: 0.100
[1588019591.158][SEVERE]: Timed out receiving message from renderer: 0.100
[1588019591.262][SEVERE]: Timed out receiving message from renderer: 0.100
[1588019591.374][SEVERE]: Timed out receiving message from renderer: 0.100
[1588019591.479][SEVERE]: Timed out receiving message from renderer: 0.100
[1588019591.591][SEVERE]: Timed out receiving message from renderer: 0.100
[1588019591.694][SEVERE]: Timed out receiving message from renderer: 0.100
[1588019591.799][SEVERE]: Timed out receiving message from renderer: 0.100
[1588019591.908][SEVERE]: Timed out receiving message from renderer: 0.100
[1588019592.017][SEVERE]: Timed out receiving message from renderer: 0.100
[1588019592.123][SEVERE]: Timed out receiving message from renderer: 0.100
[1588019592.227][SEVERE]: Timed out receiving message from renderer: 0.100
[1588019592.334][SEVERE]: Timed out receiving message from renderer: 0.100
[1588019592.444][SEVERE]: Timed out receiving message from renderer: 0.100
[1588019592.547][SEVERE]: Timed out receiving message from renderer: 0.100
[1588019592.649][SEVERE]: Timed out receiving message from renderer: 0.100
[1588019592.757][SEVERE]: Timed out receiving message from renderer: 0.100
[1588019592.867][SEVERE]: Timed out receiving message from renderer: 0.100
[1588019592.976][SEVERE]: Timed out receiving message from renderer: 0.100
[1588019593.079][SEVERE]: Timed out receiving message from renderer: 0.100
[1588019593.188][SEVERE]: Timed out receiving message from renderer: 0.100
[1588019593.298][SEVERE]: Timed out receiving message from renderer: 0.100
[1588019593.406][SEVERE]: Timed out receiving message from renderer: 0.100
[1588019593.511][SEVERE]: Timed out receiving message from renderer: 0.100
[1588019593.619][SEVERE]: Timed out receiving message from renderer: 0.100
[1588019593.730][SEVERE]: Timed out receiving message from renderer: 0.100
[1588019593.840][SEVERE]: Timed out receiving message from renderer: 0.100
[1588019593.948][SEVERE]: Timed out receiving message from renderer: 0.100
[1588019594.061][SEVERE]: Timed out receiving message from renderer: 0.100
[1588019594.167][SEVERE]: Timed out receiving message from renderer: 0.100
[1588019594.275][SEVERE]: Timed out receiving message from renderer: 0.100
[1588019594.381][SEVERE]: Timed out receiving message from renderer: 0.100
[1588019594.485][SEVERE]: Timed out receiving message from renderer: 0.100
[1588019594.595][SEVERE]: Timed out receiving message from renderer: 0.100
[1588019594.711][SEVERE]: Timed out receiving message from renderer: 0.100
[1588019594.826][SEVERE]: Timed out receiving message from renderer: 0.100
[1588019594.930][SEVERE]: Timed out receiving message from renderer: 0.100
[1588019595.047][SEVERE]: Timed out receiving message from renderer: 0.100
[1588019595.158][SEVERE]: Timed out receiving message from renderer: 0.100
[1588019595.271][SEVERE]: Timed out receiving message from renderer: 0.100
[1588019595.373][SEVERE]: Timed out receiving message from renderer: 0.100
[1588019595.479][SEVERE]: Timed out receiving message from renderer: 0.100
[1588019595.587][SEVERE]: Timed out receiving message from renderer: 0.100
[1588019595.694][SEVERE]: Timed out receiving message from renderer: 0.100
[1588019595.803][SEVERE]: Timed out receiving message from renderer: 0.100
[1588019595.910][SEVERE]: Timed out receiving message from renderer: 0.100
[1588019596.019][SEVERE]: Timed out receiving message from renderer: 0.100
[1588019596.124][SEVERE]: Timed out receiving message from renderer: 0.100
[1588019596.232][SEVERE]: Timed out receiving message from renderer: 0.100
[1588019596.342][SEVERE]: Timed out receiving message from renderer: 0.100
[1588019596.449][SEVERE]: Timed out receiving message from renderer: 0.100
[1588019596.555][SEVERE]: Timed out receiving message from renderer: 0.100
[1588019596.664][SEVERE]: Timed out receiving message from renderer: 0.100
[1588019596.766][SEVERE]: Timed out receiving message from renderer: 0.100
[1588019596.872][SEVERE]: Timed out receiving message from renderer: 0.100
[1588019596.978][SEVERE]: Timed out receiving message from renderer: 0.100
[1588019597.090][SEVERE]: Timed out receiving message from renderer: 0.100
[1588019597.196][SEVERE]: Timed out receiving message from renderer: 0.100
[1588019597.307][SEVERE]: Timed out receiving message from renderer: 0.100
[1588019597.420][SEVERE]: Timed out receiving message from renderer: 0.100
[1588019597.529][SEVERE]: Timed out receiving message from renderer: 0.100
[1588019597.639][SEVERE]: Timed out receiving message from renderer: 0.100
[1588019597.751][SEVERE]: Timed out receiving message from renderer: 0.100
[1588019597.857][SEVERE]: Timed out receiving message from renderer: 0.100
[1588019597.968][SEVERE]: Timed out receiving message from renderer: 0.100
[1588019598.092][SEVERE]: Timed out receiving message from renderer: 0.100
[1588019598.200][SEVERE]: Timed out receiving message from renderer: 0.100
[1588019598.303][SEVERE]: Timed out receiving message from renderer: 0.100
[1588019598.406][SEVERE]: Timed out receiving message from renderer: 0.100
[1588019598.513][SEVERE]: Timed out receiving message from renderer: 0.100
[1588019598.620][SEVERE]: Timed out receiving message from renderer: 0.100
[1588019598.724][SEVERE]: Timed out receiving message from renderer: 0.100
[1588019598.827][SEVERE]: Timed out receiving message from renderer: 0.100
[1588019598.947][SEVERE]: Timed out receiving message from renderer: 0.100
[1588019599.058][SEVERE]: Timed out receiving message from renderer: 0.100
[1588019599.165][SEVERE]: Timed out receiving message from renderer: 0.100
[1588019599.268][SEVERE]: Timed out receiving message from renderer: 0.100
[1588019599.374][SEVERE]: Timed out receiving message from renderer: 0.100
[1588019599.490][SEVERE]: Timed out receiving message from renderer: 0.100
[1588019599.598][SEVERE]: Timed out receiving message from renderer: 0.100
[1588019599.707][SEVERE]: Timed out receiving message from renderer: 0.100
[1588019599.818][SEVERE]: Timed out receiving message from renderer: 0.100
[1588019599.926][SEVERE]: Timed out receiving message from renderer: 0.100
[1588019600.039][SEVERE]: Timed out receiving message from renderer: 0.100
[1588019600.172][SEVERE]: Timed out receiving message from renderer: 0.100
[1588019600.276][SEVERE]: Timed out receiving message from renderer: 0.100
[1588019600.386][SEVERE]: Timed out receiving message from renderer: 0.100
[1588019600.495][SEVERE]: Timed out receiving message from renderer: 0.100
[1588019600.604][SEVERE]: Timed out receiving message from renderer: 0.100
[1588019600.709][SEVERE]: Timed out receiving message from renderer: 0.100
[1588019600.816][SEVERE]: Timed out receiving message from renderer: 0.100
[1588019600.924][SEVERE]: Timed out receiving message from renderer: 0.100
[1588019601.036][SEVERE]: Timed out receiving message from renderer: 0.100
[1588019601.143][SEVERE]: Timed out receiving message from renderer: 0.100
[1588019601.246][SEVERE]: Timed out receiving message from renderer: 0.100
[1588019601.355][SEVERE]: Timed out receiving message from renderer: 0.100
[1588019601.465][SEVERE]: Timed out receiving message from renderer: 0.100
[1588019601.574][SEVERE]: Timed out receiving message from renderer: 0.100
[1588019601.678][SEVERE]: Timed out receiving message from renderer: 0.100
[1588019601.787][SEVERE]: Timed out receiving message from renderer: 0.100
[1588019601.894][SEVERE]: Timed out receiving message from renderer: 0.100
[1588019602.001][SEVERE]: Timed out receiving message from renderer: 0.100
[1588019602.104][SEVERE]: Timed out receiving message from renderer: 0.100
[1588019602.216][SEVERE]: Timed out receiving message from renderer: 0.100
[1588019602.327][SEVERE]: Timed out receiving message from renderer: 0.100
[1588019602.432][SEVERE]: Timed out receiving message from renderer: 0.100
[1588019602.541][SEVERE]: Timed out receiving message from renderer: 0.100
[1588019602.649][SEVERE]: Timed out receiving message from renderer: 0.100
[1588019602.758][SEVERE]: Timed out receiving message from renderer: 0.100
[1588019602.868][SEVERE]: Timed out receiving message from renderer: 0.100
[1588019602.977][SEVERE]: Timed out receiving message from renderer: 0.100
[1588019603.086][SEVERE]: Timed out receiving message from renderer: 0.100
[1588019603.196][SEVERE]: Timed out receiving message from renderer: 0.100
[1588019603.321][SEVERE]: Timed out receiving message from renderer: 0.100
[1588019603.429][SEVERE]: Timed out receiving message from renderer: 0.100
[1588019603.540][SEVERE]: Timed out receiving message from renderer: 0.100
[1588019603.647][SEVERE]: Timed out receiving message from renderer: 0.100
[1588019603.756][SEVERE]: Timed out receiving message from renderer: 0.100
[1588019603.859][SEVERE]: Timed out receiving message from renderer: 0.100
[1588019603.967][SEVERE]: Timed out receiving message from renderer: 0.100
[1588019604.081][SEVERE]: Timed out receiving message from renderer: 0.100
[1588019604.187][SEVERE]: Timed out receiving message from renderer: 0.100
[1588019604.297][SEVERE]: Timed out receiving message from renderer: 0.100
[1588019604.402][SEVERE]: Timed out receiving message from renderer: 0.100
[1588019604.509][SEVERE]: Timed out receiving message from renderer: 0.100
[1588019606.059][SEVERE]: Timed out receiving message from renderer: 0.100
[1588019606.252][SEVERE]: Timed out receiving message from renderer: 0.100
[1588019606.364][SEVERE]: Timed out receiving message from renderer: 0.100
[1588019606.470][SEVERE]: Timed out receiving message from renderer: 0.100
[1588019606.612][SEVERE]: Timed out receiving message from renderer: 0.100
[1588019606.724][SEVERE]: Timed out receiving message from renderer: 0.100
[1588019606.916][SEVERE]: Timed out receiving message from renderer: 0.100
[1588019607.215][SEVERE]: Timed out receiving message from renderer: 0.100
[1588019607.428][SEVERE]: Timed out receiving message from renderer: 0.100
[1588019607.541][SEVERE]: Timed out receiving message from renderer: 0.100
[1588019607.777][SEVERE]: Timed out receiving message from renderer: 0.100
[1588019607.884][SEVERE]: Timed out receiving message from renderer: 0.100
[1588019607.997][SEVERE]: Timed out receiving message from renderer: 0.100
[1588019608.118][SEVERE]: Timed out receiving message from renderer: 0.100
[1588019608.223][SEVERE]: Timed out receiving message from renderer: 0.100
[1588019608.351][SEVERE]: Timed out receiving message from renderer: 0.100
[1588019608.454][SEVERE]: Timed out receiving message from renderer: 0.100
[1588019608.557][SEVERE]: Timed out receiving message from renderer: 0.100
[1588019608.664][SEVERE]: Timed out receiving message from renderer: 0.100
[1588019608.773][SEVERE]: Timed out receiving message from renderer: 0.100
[1588019608.880][SEVERE]: Timed out receiving message from renderer: 0.100
[1588019608.983][SEVERE]: Timed out receiving message from renderer: 0.100
[1588019609.093][SEVERE]: Timed out receiving message from renderer: 0.100
[1588019609.202][SEVERE]: Timed out receiving message from renderer: 0.100
[1588019609.309][SEVERE]: Timed out receiving message from renderer: 0.100
[1588019609.422][SEVERE]: Timed out receiving message from renderer: 0.100
[1588019609.525][SEVERE]: Timed out receiving message from renderer: 0.100
[1588019609.627][SEVERE]: Timed out receiving message from renderer: 0.100
[1588019609.730][SEVERE]: Timed out receiving message from renderer: 0.100
[1588019609.835][SEVERE]: Timed out receiving message from renderer: 0.100
[1588019609.939][SEVERE]: Timed out receiving message from renderer: 0.100
[1588019610.042][SEVERE]: Timed out receiving message from renderer: 0.100
[1588019610.146][SEVERE]: Timed out receiving message from renderer: 0.100
[1588019610.251][SEVERE]: Timed out receiving message from renderer: 0.100
[1588019610.358][SEVERE]: Timed out receiving message from renderer: 0.100
[1588019610.462][SEVERE]: Timed out receiving message from renderer: 0.100
[1588019610.571][SEVERE]: Timed out receiving message from renderer: 0.100
[1588019610.674][SEVERE]: Timed out receiving message from renderer: 0.100
[1588019610.779][SEVERE]: Timed out receiving message from renderer: 0.100
[1588019610.944][SEVERE]: Timed out receiving message from renderer: 0.100
[1588019611.047][SEVERE]: Timed out receiving message from renderer: 0.100
[1588019611.152][SEVERE]: Timed out receiving message from renderer: 0.100
[1588019611.257][SEVERE]: Timed out receiving message from renderer: 0.100
[1588019611.364][SEVERE]: Timed out receiving message from renderer: 0.100
[1588019611.467][SEVERE]: Timed out receiving message from renderer: 0.100
[1588019611.574][SEVERE]: Timed out receiving message from renderer: 0.100
[1588019611.683][SEVERE]: Timed out receiving message from renderer: 0.100
[1588019611.796][SEVERE]: Timed out receiving message from renderer: 0.100
[1588019611.905][SEVERE]: Timed out receiving message from renderer: 0.100
[1588019612.017][SEVERE]: Timed out receiving message from renderer: 0.100
[1588019612.124][SEVERE]: Timed out receiving message from renderer: 0.100
[1588019612.234][SEVERE]: Timed out receiving message from renderer: 0.100
[1588019612.338][SEVERE]: Timed out receiving message from renderer: 0.100
[1588019612.442][SEVERE]: Timed out receiving message from renderer: 0.100
[1588019612.548][SEVERE]: Timed out receiving message from renderer: 0.100
[1588019612.657][SEVERE]: Timed out receiving message from renderer: 0.100
[1588019612.766][SEVERE]: Timed out receiving message from renderer: 0.100
[1588019612.874][SEVERE]: Timed out receiving message from renderer: 0.100
[1588019612.980][SEVERE]: Timed out receiving message from renderer: 0.100
[1588019613.086][SEVERE]: Timed out receiving message from renderer: 0.100
[1588019613.195][SEVERE]: Timed out receiving message from renderer: 0.100
[1588019613.306][SEVERE]: Timed out receiving message from renderer: 0.100
[1588019613.412][SEVERE]: Timed out receiving message from renderer: 0.100
[1588019613.521][SEVERE]: Timed out receiving message from renderer: 0.100
[1588019613.626][SEVERE]: Timed out receiving message from renderer: 0.100
[1588019613.730][SEVERE]: Timed out receiving message from renderer: 0.100
[1588019613.833][SEVERE]: Timed out receiving message from renderer: 0.100
[1588019613.937][SEVERE]: Timed out receiving message from renderer: 0.100
]]></system-err>
</testsuite>
