<?xml version="1.0" encoding="UTF-8"?>
<testsuite name="com.qa.trello.tests.tests.TeamChangeTests" tests="1" skipped="0" failures="0" errors="0" timestamp="2020-05-06T21:05:52" hostname="DESKTOP-NPA4CH3" time="3.173">
  <properties/>
  <testcase name="changeTeamTests" classname="com.qa.trello.tests.tests.TeamChangeTests" time="3.173"/>
  <system-out><![CDATA[]]></system-out>
  <system-err><![CDATA[]]></system-err>
</testsuite>
