<?xml version="1.0" encoding="UTF-8"?>
<testsuite name="com.qa.trello.tests.tests.BoardDeletionTests" tests="1" skipped="0" failures="0" errors="0" timestamp="2020-05-06T21:05:09" hostname="DESKTOP-NPA4CH3" time="14.55">
  <properties/>
  <testcase name="testBoardDeletion" classname="com.qa.trello.tests.tests.BoardDeletionTests" time="14.55"/>
  <system-out><![CDATA[9
was: 9now: 8
]]></system-out>
  <system-err><![CDATA[]]></system-err>
</testsuite>
